IBM XL C/C++ for Blue Gene, Version 12.1.0.12 bcdflt.c 07/08/15 15:49:00 (C)


>>>>> OPTIONS SECTION <<<<<

IBM XL C/C++ for Blue Gene, Version 12.1.0.12
***   Command Line Invocation ***
***   Options In Effect   ***

CPLUSCMT            LIST                REPORT              NOSTRICT           
THREADED           

64BIT
OPTIMIZE=3
ALIAS=ANSI:NOTYPEPTR:NOALLPTRS:NOADDRTAKEN:RESTRICT:NOGLOBAL
ARCH=QP
HOT=NOARRAYPAD:ARRAYPAD=0:NOVECTOR:FASTMATH:LEVEL=0
LANGLVL=EXTC99:UCS:NOTEXTAFTERENDIF
STRICT=NONE:NOPRECISION:NOEXCEPTIONS:NOIEEEFP:NONANS:NOINFINITIES:NOSUBNORMALS:NOZEROSIGNS:NOOPERATIONPRECISION:ORDER:NOLIBRARY:NOVECTORPRECISION
TLS=DEFAULT
TUNE=QP
cache=level=1:type=d:size=16:line=64:assoc=8:cost=6
cache=level=1:type=i:size=16:line=64:assoc=4:cost=6
cache=level=2:type=d:size=33554:line=128:assoc=16:cost=80
cache=level=2:type=i:size=33554:line=128:assoc=16:cost=80



>>>>> FILE TABLE SECTION <<<<<

                                       FILE CREATION        FROM
FILE NO   FILENAME                    DATE       TIME       FILE    LINE
     0    bcdflt.c                    07/06/15   10:27:37


>>>>> COMPILATION EPILOGUE SECTION <<<<<

IBM XL C/C++ Compilers Summary of Diagnosed Conditions

TOTAL   UNRECOVERABLE  SEVERE       ERROR     WARNING    INFORMATIONAL
               (U)       (S)         (E)        (W)          (I)
    0           0         0           0          0            0


Source records read.........................................     411

1501-008  Compilation successful for file bcdflt.c. Object file created.


>>>>> OBJECT SECTION, OPTIMIZATION <<<<<


    25 |  void bcdflt_(char * in, float *x, int *ioff, int *n)
    37 |  {
            strncpy(&buf,((char *)in  + (long long) *ioff),*n);
            $$RET0 = (float) atof(&buf);
    38 |    *x = $$RET0;
    39 |    return;
          } /* function */ 


    25 |  void bcdflt_(char * in, float *x, int *ioff, int *n)
    37 |  {
            strncpy(&buf,((char *)in  + (long long) *ioff),*n);
            $$RET0 = (float) atof(&buf);
    38 |    *x = $$RET0;
    39 |    return;
          } /* function */ 


 GPR's set/used:   ss-s ssss ssss s---  ---- ---- ---- ---s
 FPR's set/used:   ssss ssss ssss ss--  ---- ---- ---- ----
 CCR's set/used:   ss-- -sss
     | 000000                           PDEF     bcdflt_
   25|                                  PROC      in,x,ioff,n,gr3-gr6
    0| 000000 std      FBE1FFF8   1     ST8       #stack(gr1,-8)=gr31
    0| 000004 mfspr    7C0802A6   1     LFLR      gr0=lr
    0| 000008 std      F8010010   1     ST8       #stack(gr1,16)=gr0
    0| 00000C stdu     F821FF01   1     ST8U      gr1,#stack(gr1,-256)=gr1
   37| 000010 lwa      E8050002   1     L4A       gr0=(*)int.rns1.(gr5,0)
    0| 000014 or       7C9F2378   1     LR        gr31=gr4
   37| 000018 lwa      E8A60002   1     L4A       gr5=(*)int.rns0.(gr6,0)
   37| 00001C add      7C801A14   1     A         gr4=gr0,gr3
   37| 000020 addi     38610080   1     AI        gr3=gr1,128
   37| 000024 bl       48000001   1     CALL      gr3=strncpy,3,buf",gr3,(*)uchar.rns2.",gr4,gr5,#ProcAlias",strncpy",fcr",#MX_TEMP1",gr1,cr[01567]",gr0",gr4"-gr12",fp0"-fp13",mq",lr",xer",fsr",ca",ctr"
   37| 000028 ori      60000000   1
   37| 00002C addi     38610080   1     AI        gr3=gr1,128
   37| 000030 bl       48000001   1     CALL      fp1=atof,1,buf",gr3,#ProcAlias",atof",fcr",#MX_TEMP1",gr1,cr[01567]",gr0",gr3"-gr12",fp0",fp2"-fp13",mq",lr",xer",fsr",ca",ctr"
   37| 000034 ori      60000000   1
   37| 000038 frsp     FC000818   1     CVLS      fp0=fp1,fcr
   39| 00003C ld       E9810110   1     L8        gr12=#stack(gr1,272)
   39| 000040 addi     38210100   1     AI        gr1=gr1,256
   39| 000044 mtspr    7D8803A6   1     LLR       lr=gr12
   38| 000048 stfs     D01F0000   1     STFS      (*)float.rns3.(gr31,0)=fp0
   39| 00004C ld       EBE1FFF8   1     L8        gr31=#stack(gr1,-8)
   39| 000050 bclr     4E800020   1     BA        lr
     |               Tag Table
     | 000054        00000000 00002201 80010000 00000054
     |               Instruction count           21
     |               Straight-line exec time     21
