IBM XL Fortran for Blue Gene, V14.1 (5799-AH1) Version 14.01.0000.0012 --- clocks.f90 07/08/15 15:47:27
 
>>>>> OPTIONS SECTION <<<<<
***   Options In Effect   ***
  
         ==  On / Off Options  ==
         CR              NODIRECTSTORAG  ESCAPE          I4
         INLGLUE         NOLIBESSL       NOLIBPOSIX      OBJECT
         SWAPOMP         THREADED        UNWIND          ZEROSIZE
  
         ==  Options Of Integer Type ==
         ALIAS_SIZE(65536)     MAXMEM(-1)            OPTIMIZE(3)
         SPILLSIZE(512)        STACKTEMP(0)
  
         ==  Options of Integer and Character Type ==
         CACHE(LEVEL(1),TYPE(I),ASSOC(4),COST(6),LINE(64),SIZE(16))
         CACHE(LEVEL(2),TYPE(I),ASSOC(16),COST(80),LINE(128))
         CACHE(LEVEL(1),TYPE(D),ASSOC(8),COST(6),LINE(64),SIZE(16))
         CACHE(LEVEL(2),TYPE(D),ASSOC(16),COST(80),LINE(128))
         INLINE(NOAUTO,LEVEL(5))
         HOT(FASTMATH,LEVEL(0))
         SIMD(AUTO)
  
         ==  Options Of Character Type  ==
         64()                  ALIAS(STD,NOINTPTR)   ALIGN(BINDC(LINUXPPC),STRUCT(NATURAL))
         ARCH(QP)              AUTODBL(NONE)         DESCRIPTOR(V1)
         DIRECTIVE(IBM*,IBMT)  ENUM()                FLAG(I,I)
         FLOAT(MAF,FOLD,RSQRT,FLTINT)
         FREE(F90)             GNU_VERSION(DOT_TRIPLE)
         HALT(S)               IEEE(NEAR)            INTSIZE(4)
         LIST()                LANGLVL(EXTENDED)     REALSIZE(4)
         REPORT(HOTLIST)       STRICT(NONE,NOPRECISION,NOEXCEPTIONS,NOIEEEFP,NONANS,NOINFINITIES,NOSUBNORMALS,NOZEROSIGNS,NOOPERATIONPRECISION,ORDER,NOLIBRARY,NOCONSTRUCTCOPY,NOVECTORPRECISION)
         TUNE(QP)              UNROLL(AUTO)          XFLAG()
         XLF2003(NOPOLYMORPHIC,NOBOZLITARGS,NOSIGNDZEROINTR,NOSTOPEXCEPT,NOVOLATILE,NOAUTOREALLOC,OLDNANINF)
         XLF2008(NOCHECKPRESENCE)
         XLF77(LEADZERO,BLANKPAD)
         XLF90(SIGNEDZERO,AUTODEALLOC)
  
>>>>> SOURCE SECTION <<<<<
** clocks   === End of Compilation 1 ===
 
>>>>> LOOP TRANSFORMATION SECTION <<<<<



     3|         SUBROUTINE clocks (cputime, wclock)
    34|           wall = mpi_wtime()
    35|           wclock = real(wall) - wclock0
                  $$RET0 = etime_(tarray)
    47|           cputime = real(($$RET0 - real(cputime0)))
    49|           RETURN
                END SUBROUTINE clocks


     3|         SUBROUTINE clocks (cputime, wclock)
    34|           wall = mpi_wtime()
    35|           wclock = real(wall) - wclock0
                  $$RET0 = etime_(tarray)
    47|           cputime = real(($$RET0 - real(cputime0)))
    49|           RETURN
                END SUBROUTINE clocks

 
 
>>>>> OBJECT SECTION <<<<<
 GPR's set/used:   ssus ssss ssss s---  ---- ---- ---- -sss
 FPR's set/used:   ssss ssss ssss ss--  ---- ---- ---- ----
 CCR's set/used:   ss-- -sss
     | 000000                           PDEF     clocks
    3|                                  PROC      .cputime,.wclock,gr3,gr4
    0| 000000 std      FBE1FFF8   1     ST8       #stack(gr1,-8)=gr31
    0| 000004 std      FBC1FFF0   1     ST8       #stack(gr1,-16)=gr30
    0| 000008 std      FBA1FFE8   1     ST8       #stack(gr1,-24)=gr29
    0| 00000C mfspr    7C0802A6   1     LFLR      gr0=lr
    0| 000010 std      F8010010   1     ST8       #stack(gr1,16)=gr0
    0| 000014 stdu     F821FF61   1     ST8U      gr1,#stack(gr1,-160)=gr1
    0| 000018 or       7C7F1B78   1     LR        gr31=gr3
    0| 00001C or       7C9E2378   1     LR        gr30=gr4
   34| 000020 bl       48000001   1     CALL      fp1=mpi_wtime,0,#ProcAlias",mpi_wtime",fcr",gr1,cr[01567]",gr0",gr3"-gr12",fp0",fp2"-fp13",mq",lr",xer",fsr",ca",ctr"
   34| 000024 ori      60000000   1
   35| 000028 frsp     FC000818   1     CVLS      fp0=fp1,fcr
   35| 00002C ld       EBA20000   1     L8        gr29=.&&N&&clockmod(gr2,0)
   35| 000030 lfs      C03D0004   1     LFS       fp1=<s16:d4:l4>(gr29,4)
   35| 000034 addi     387D000C   1     AI        gr3=gr29,12
   35| 000038 fsubs    EC000828   1     SFS       fp0=fp0,fp1,fcr
   35| 00003C stfs     D01E0000   1     STFS      wclock(gr30,0)=fp0
   35| 000040 bl       48000001   1     CALL      fp1=etime_,1,tarray[]",gr3,etime_",fcr",#MX_TEMP1",gr1,cr[01567]",gr0",gr3"-gr12",fp0",fp2"-fp13",mq",lr",xer",fsr",ca",ctr"
   35| 000044 ori      60000000   1
   47| 000048 lfs      C01D0000   1     LFS       fp0=<s16:d0:l4>(gr29,0)
   49| 00004C ld       E98100B0   1     L8        gr12=#stack(gr1,176)
   49| 000050 addi     382100A0   1     AI        gr1=gr1,160
   49| 000054 ld       EBA1FFE8   1     L8        gr29=#stack(gr1,-24)
   49| 000058 ld       EBC1FFF0   1     L8        gr30=#stack(gr1,-16)
   47| 00005C fsub     FC010028   1     SFL       fp0=fp1,fp0,fcr
   49| 000060 mtspr    7D8803A6   1     LLR       lr=gr12
   47| 000064 frsp     FC000018   1     CVLS      fp0=fp0,fcr
   47| 000068 stfs     D01F0000   1     STFS      cputime(gr31,0)=fp0
   49| 00006C ld       EBE1FFF8   1     L8        gr31=#stack(gr1,-8)
   49| 000070 bclr     4E800020   1     BA        lr
     |               Tag Table
     | 000074        00000000 00012201 80030000 00000074
     |               Instruction count           29
     |               Straight-line exec time     29

 
 
>>>>> FILE TABLE SECTION <<<<<
 
 
                                       FILE CREATION        FROM
FILE NO   FILENAME                    DATE       TIME       FILE    LINE
     0    clocks.f90                  07/08/15   15:47:27
 
 
>>>>> COMPILATION EPILOGUE SECTION <<<<<
 
 
FORTRAN Summary of Diagnosed Conditions
 
TOTAL   UNRECOVERABLE  SEVERE       ERROR     WARNING    INFORMATIONAL
               (U)       (S)         (E)        (W)          (I)
    0           0         0           0          0            0
 
 
    Source records read.......................................      49
1501-510  Compilation successful for file clocks.f90.
1501-543  Object file created.
