IBM XL Fortran for Blue Gene, V14.1 (5799-AH1) Version 14.01.0000.0012 --- difco2.f90 07/08/15 15:47:32
 
>>>>> OPTIONS SECTION <<<<<
***   Options In Effect   ***
  
         ==  On / Off Options  ==
         CR              NODIRECTSTORAG  ESCAPE          I4
         INLGLUE         NOLIBESSL       NOLIBPOSIX      OBJECT
         SWAPOMP         THREADED        UNWIND          ZEROSIZE
  
         ==  Options Of Integer Type ==
         ALIAS_SIZE(65536)     MAXMEM(-1)            OPTIMIZE(3)
         SPILLSIZE(512)        STACKTEMP(0)
  
         ==  Options of Integer and Character Type ==
         CACHE(LEVEL(1),TYPE(I),ASSOC(4),COST(6),LINE(64),SIZE(16))
         CACHE(LEVEL(2),TYPE(I),ASSOC(16),COST(80),LINE(128))
         CACHE(LEVEL(1),TYPE(D),ASSOC(8),COST(6),LINE(64),SIZE(16))
         CACHE(LEVEL(2),TYPE(D),ASSOC(16),COST(80),LINE(128))
         INLINE(NOAUTO,LEVEL(5))
         HOT(FASTMATH,LEVEL(0))
         SIMD(AUTO)
  
         ==  Options Of Character Type  ==
         64()                  ALIAS(STD,NOINTPTR)   ALIGN(BINDC(LINUXPPC),STRUCT(NATURAL))
         ARCH(QP)              AUTODBL(NONE)         DESCRIPTOR(V1)
         DIRECTIVE(IBM*,IBMT)  ENUM()                FLAG(I,I)
         FLOAT(MAF,FOLD,RSQRT,FLTINT)
         FREE(F90)             GNU_VERSION(DOT_TRIPLE)
         HALT(S)               IEEE(NEAR)            INTSIZE(4)
         LIST()                LANGLVL(EXTENDED)     REALSIZE(4)
         REPORT(HOTLIST)       STRICT(NONE,NOPRECISION,NOEXCEPTIONS,NOIEEEFP,NONANS,NOINFINITIES,NOSUBNORMALS,NOZEROSIGNS,NOOPERATIONPRECISION,ORDER,NOLIBRARY,NOCONSTRUCTCOPY,NOVECTORPRECISION)
         TUNE(QP)              UNROLL(AUTO)          XFLAG()
         XLF2003(NOPOLYMORPHIC,NOBOZLITARGS,NOSIGNDZEROINTR,NOSTOPEXCEPT,NOVOLATILE,NOAUTOREALLOC,OLDNANINF)
         XLF2008(NOCHECKPRESENCE)
         XLF77(LEADZERO,BLANKPAD)
         XLF90(SIGNEDZERO,AUTODEALLOC)
  
>>>>> SOURCE SECTION <<<<<
** difco2   === End of Compilation 1 ===
 
>>>>> LOOP TRANSFORMATION SECTION <<<<<

1586-534 (I) Loop (loop index 1) at difco2.f90 <line 47> was not SIMD vectorized because the loop is not the innermost loop.
1586-534 (I) Loop (loop index 2) at difco2.f90 <line 48> was not SIMD vectorized because the loop is not the innermost loop.
1586-550 (I) Loop (loop index 3) at difco2.f90 <line 49> was not SIMD vectorized because it is not profitable to vectorize.
1586-554 (I) Loop (loop index 3) at difco2.f90 <line 50> was not SIMD vectorized because the floating point operation is not vectorizable under -qstrict.
1586-554 (I) Loop (loop index 3) at difco2.f90 <line 50> was not SIMD vectorized because the floating point operation is not vectorizable under -qstrict.
1586-554 (I) Loop (loop index 3) at difco2.f90 <line 50> was not SIMD vectorized because the floating point operation is not vectorizable under -qstrict.
1586-554 (I) Loop (loop index 3) at difco2.f90 <line 50> was not SIMD vectorized because the floating point operation is not vectorizable under -qstrict.
1586-534 (I) Loop (loop index 4) at difco2.f90 <line 56> was not SIMD vectorized because the loop is not the innermost loop.
1586-534 (I) Loop (loop index 5) at difco2.f90 <line 57> was not SIMD vectorized because the loop is not the innermost loop.
1586-538 (I) Loop (loop index 6) at difco2.f90 <line 58> was not SIMD vectorized because it contains unsupported loop structure.
1586-552 (I) Loop (loop index 6) at difco2.f90 <line 58> was not SIMD vectorized because it contains control flow.
1586-534 (I) Loop (loop index 10) at difco2.f90 <line 47> was not SIMD vectorized because the loop is not the innermost loop.
1586-534 (I) Loop (loop index 11) at difco2.f90 <line 48> was not SIMD vectorized because the loop is not the innermost loop.
1586-550 (I) Loop (loop index 12) at difco2.f90 <line 49> was not SIMD vectorized because it is not profitable to vectorize.
1586-554 (I) Loop (loop index 12) at difco2.f90 <line 50> was not SIMD vectorized because the floating point operation is not vectorizable under -qstrict.
1586-543 (I) <SIMD info> Total number of the innermost loops considered <"3">. Total number of the innermost loops SIMD vectorized <"0">.


    18|         SUBROUTINE difco2 (erold, dfc, ibeg, iend, jbeg, jend, kbeg, kend)
    18|           d-r%addr = _alloca((8 * (max(int(%VAL(kn)),0) * (max(int(%VAL(&
                &   jn)),0) * max(int(%VAL(in)),0)))))
    46|           IF ((ldimen == 1)) THEN
    47|             IF ((MOD((1 + (int(kend) - int(kbeg))), 4) > 0  .AND.  1 + (&
                &     int(kend) - int(kbeg)) > 0)) THEN
                      $$CIV2 = 0
       Id=10          DO $$CIV2 = $$CIV2, MOD((1 + (int(kend) - int(kbeg))), &
                &         int(4))-1
    48|                 IF ((1 + (int(jend) - int(jbeg)) > 0)) THEN
                          $$CIV1 = 0
       Id=11              DO $$CIV1 = $$CIV1, int((1 + (int(jend) - int(jbeg))&
                &             ))-1
    49|                     IF ((1 + (int(iend) - int(ibeg)) > 0)) THEN
                              $$CIV0 = 0
       Id=12                  DO $$CIV0 = $$CIV0, int((1 + (int(iend) - int(&
                &                 ibeg))))-1
    50|                         dfc(int(ibeg) + $$CIV0,int(jbeg) + $$CIV1,int(&
                &                 kbeg) + $$CIV2) =  0.0000000000000000E+000
    51|                       ENDDO
                            ENDIF
    52|                   ENDDO
                        ENDIF
    53|               ENDDO
                    ENDIF
    47|             IF ((1 + (int(kend) - int(kbeg)) > 0  .AND.  1 + (int(kend) &
                &     - int(kbeg)) > MOD((1 + (int(kend) - int(kbeg))), 4))) THEN
                      $$CIV6 = int(0)
       Id=1           DO $$CIV6 = $$CIV6, int(((int(kend) - (MOD((1 + (int(&
                &         kend) - int(kbeg))), 4) + int(kbeg))) / 4 + 1))-1
    48|                 IF ((1 + (int(jend) - int(jbeg)) > 0)) THEN
                          $$CIV1 = 0
       Id=2               DO $$CIV1 = $$CIV1, int((1 + (int(jend) - int(jbeg))&
                &             ))-1
    49|                     IF ((1 + (int(iend) - int(ibeg)) > 0)) THEN
                              $$CIV0 = 0
       Id=3                   DO $$CIV0 = $$CIV0, int((1 + (int(iend) - int(&
                &                 ibeg))))-1
    50|                         dfc(int(ibeg) + $$CIV0,int(jbeg) + $$CIV1,(&
                &                 $$CIV6 * 4 + MOD((1 + (int(kend) - int(kbeg))), &
                &                 4)) + int(kbeg)) =  0.0000000000000000E+000
                                dfc(int(ibeg) + $$CIV0,int(jbeg) + $$CIV1,1 + ((&
                &                 $$CIV6 * 4 + MOD((1 + (int(kend) - int(kbeg))), &
                &                 4)) + int(kbeg))) =  0.0000000000000000E+000
                                dfc(int(ibeg) + $$CIV0,int(jbeg) + $$CIV1,2 + ((&
                &                 $$CIV6 * 4 + MOD((1 + (int(kend) - int(kbeg))), &
                &                 4)) + int(kbeg))) =  0.0000000000000000E+000
                                dfc(int(ibeg) + $$CIV0,int(jbeg) + $$CIV1,3 + ((&
                &                 $$CIV6 * 4 + MOD((1 + (int(kend) - int(kbeg))), &
                &                 4)) + int(kbeg))) =  0.0000000000000000E+000
    51|                       ENDDO
                            ENDIF
    52|                   ENDDO
                        ENDIF
    53|               ENDDO
                    ENDIF
    54|           ELSE
    55|             lab_1
    56|             IF (.NOT.(1 + (int(kend) - int(kbeg)) > 0)) GOTO lab_38
                    $$CIV5 = 0
       Id=4         DO $$CIV5 = $$CIV5, int((1 + (int(kend) - int(kbeg))))-1
    57|               IF ((1 + (int(jend) - int(jbeg)) > 0)) THEN
                        $$CIV4 = 0
       Id=5             DO $$CIV4 = $$CIV4, int((1 + (int(jend) - int(jbeg))))&
                &           -1
    58|                   IF ((1 + (int(iend) - int(ibeg)) > 0)) THEN
                            $$CIV3 = 0
                            $$PRC0 = erold(int(ibeg) - 1,$$CIV4 + int(jbeg),&
                &             $$CIV5 + int(kbeg))
                            $$PRC2 = erold(int(ibeg) - 1,($$CIV4 + int(jbeg)) - &
                &             1,$$CIV5 + int(kbeg))
       Id=6                 DO $$CIV3 = $$CIV3, int((1 + (int(iend) - int(&
                &               ibeg))))-1
                              $$PRC1 = erold(int(ibeg) + $$CIV3,$$CIV4 + int(&
                &               jbeg),$$CIV5 + int(kbeg))
                              $$PRC3 = erold(int(ibeg) + $$CIV3,($$CIV4 + int(&
                &               jbeg)) - 1,$$CIV5 + int(kbeg))
    59|                       der1.rnn1 = ($$PRC3 - $$PRC2) * &
                &               d-dx1bi%addr%dx1bi(int(ibeg) + $$CIV3) + ($$PRC1 &
                &               - $$PRC0) * d-dx1bi%addr%dx1bi(int(ibeg) + $$CIV3)&
                &               
    62|                       der2 = (($$PRC1 - $$PRC3) * d-dx2bi%addr%dx2bi(&
                &               int(jbeg) + $$CIV4)) * d-g2bi%addr%g2bi(int(ibeg) &
                &               + $$CIV3)
    64|                       IF ((ldimen == 2)) THEN
    75|                         d-r%addr%r[].rns4.(int(ibeg) + $$CIV3,int(jbeg) &
                &                 + $$CIV4,int(kbeg) + $$CIV5) = (( &
                &                 2.0000000000000000E+000 * _sqrt((%VAL(der1.rnn1)&
                &                  *  5.0000000000000000E-001) * (%VAL(der1.rnn1) &
                &                 *  5.0000000000000000E-001) + %VAL(der2) * %VAL(&
                &                 der2))) * ( 2.0000000000000000E+000 / (&
                &                 d-kapr%addr%kapr(int(ibeg) + $$CIV3,($$CIV4 + &
                &                 int(jbeg)) - 1,int(kbeg) + $$CIV5) + &
                &                 d-kapr%addr%kapr(int(ibeg) + $$CIV3,int(jbeg) + &
                &                 $$CIV4,int(kbeg) + $$CIV5)))) / max($$PRC1 + &
                &                 $$PRC3, 1.0000000000000000E-099)
    81|                         IF (.NOT.(ifld == 1)) GOTO lab_19
                              ELSE
    67|                         der3.rnn0 = ($$PRC3 - erold(int(ibeg) + $$CIV3,(&
                &                 $$CIV4 + int(jbeg)) - 1,($$CIV5 + int(kbeg)) - &
                &                 1)) * d-dx3bi%addr%dx3bi(int(kbeg) + $$CIV5) + (&
                &                 $$PRC1 - erold(int(ibeg) + $$CIV3,int(jbeg) + &
                &                 $$CIV4,($$CIV5 + int(kbeg)) - 1)) * &
                &                 d-dx3bi%addr%dx3bi(int(kbeg) + $$CIV5)
    75|                         d-r%addr%r[].rns4.(int(ibeg) + $$CIV3,int(jbeg) &
                &                 + $$CIV4,int(kbeg) + $$CIV5) = (( &
                &                 2.0000000000000000E+000 * _sqrt(((%VAL(&
                &                 der1.rnn1) *  5.0000000000000000E-001) * (%VAL(&
                &                 der1.rnn1) *  5.0000000000000000E-001) + %VAL(&
                &                 der2) * %VAL(der2)) + (((%VAL(der3.rnn0) *  &
                &                 5.0000000000000000E-001) * d-g31bi%addr%g31bi(&
                &                 int(ibeg) + %VAL($$CIV3))) * d-g32ai%addr%g32ai(&
                &                 int(jbeg) + %VAL($$CIV4))) * (((%VAL(der3.rnn0) &
                &                 *  5.0000000000000000E-001) * &
                &                 d-g31bi%addr%g31bi(int(ibeg) + %VAL($$CIV3))) * &
                &                 d-g32ai%addr%g32ai(int(jbeg) + %VAL($$CIV4))))) &
                &                 * ( 2.0000000000000000E+000 / (d-kapr%addr%kapr(&
                &                 int(ibeg) + $$CIV3,($$CIV4 + int(jbeg)) - 1,int(&
                &                 kbeg) + $$CIV5) + d-kapr%addr%kapr(int(ibeg) + &
                &                 $$CIV3,int(jbeg) + $$CIV4,int(kbeg) + $$CIV5))))&
                &                  / max($$PRC1 + $$PRC3, 1.0000000000000000E-099)&
                &                 
    81|                         IF (.NOT.(ifld == 1)) GOTO lab_19
                              ENDIF
    82|                       lmda = ( 2.0000000000000000E+000 + &
                &               d-r%addr%r[].rns4.(int(ibeg) + $$CIV3,int(jbeg) + &
                &               $$CIV4,int(kbeg) + $$CIV5)) / (( &
                &               6.0000000000000000E+000 +  &
                &               3.0000000000000000E+000 * d-r%addr%r[].rns4.(int(&
                &               ibeg) + $$CIV3,int(jbeg) + $$CIV4,int(kbeg) + &
                &               $$CIV5)) + d-r%addr%r[].rns4.(int(ibeg) + $$CIV3,&
                &               int(jbeg) + $$CIV4,int(kbeg) + $$CIV5) * &
                &               d-r%addr%r[].rns4.(int(ibeg) + $$CIV3,int(jbeg) + &
                &               $$CIV4,int(kbeg) + $$CIV5))
    83|                       lab_19
    88|                       IF ((ifld == 2)) THEN
                                lmda = MERGE( 2.0000000000000000E+000 / ( 3.0000000000000000E+000 + _sqrt( 9.0000000000000000E+000 +  1.2000000000000000E+001 * (d-r%addr%r[].rns4.(int(ibeg) + %VAL($$CIV3),int(jbeg) + %VAL($$CIV4),int(kbeg) + %VAL($$CIV5)) * d-r%addr%r[].rns4.(int(ibeg) + %VAL($$CIV3),int(jbeg) + %VAL($$CIV4),int(kbeg) + %VAL($$CIV5))))),  1.0000000000000000E+000 / (( 1.0000000000000000E+000 + d-r%addr%r[].rns4.(int(ibeg) + $$CIV3,int(jbeg) + $$CIV4,int(kbeg) + $$CIV5)) + _sqrt( 1.0000000000000000E+000 +  2.0000000000000000E+000 * d-r%addr%r[].rns4.(int(ibeg) + %VAL($$CIV3),int(jbeg) + %VAL($$CIV4),int(kbeg) + %VAL($$CIV5)))), d-r%addr%r[].rns4.(int(ibeg) + $$CIV3,int(jbeg) + $$CIV4,int(kbeg) + $$CIV5) <=  1.5000000000000000E+000)
    96|                       ENDIF
    97|                       dfc(int(ibeg) + $$CIV3,int(jbeg) + $$CIV4,int(&
                &               kbeg) + $$CIV5) = ( 2.9979199488000000E+010 * &
                &               lmda) * ( 2.0000000000000000E+000 / (&
                &               d-kapr%addr%kapr(int(ibeg) + $$CIV3,($$CIV4 + int(&
                &               jbeg)) - 1,int(kbeg) + $$CIV5) + d-kapr%addr%kapr(&
                &               int(ibeg) + $$CIV3,int(jbeg) + $$CIV4,int(kbeg) + &
                &               $$CIV5)))
                              $$PRC2 = $$PRC3
                              $$PRC0 = $$PRC1
    99|                     ENDDO
                          ENDIF
   100|                 ENDDO
                      ENDIF
   101|             ENDDO
                    lab_38
   104|             lab_44
                    RETURN
                  END SUBROUTINE difco2


Source        Source        Loop Id       Action / Information                                      
File          Line                                                                                  
----------    ----------    ----------    ----------------------------------------------------------
         0            47            10    Loop was not SIMD vectorized because the loop is not 
                                          the innermost loop.
         0            48            11    Loop was not SIMD vectorized because the loop is not 
                                          the innermost loop.
         0            49            12    Loop was not SIMD vectorized because it is not 
                                          profitable to vectorize.
         0            50                  Loop was not SIMD vectorized because the floating 
                                          point operation is not  vectorizable under -qstrict.
         0            47             1    Outer loop has been unrolled 4 time(s).
         0            47             1    Loop was not SIMD vectorized because the loop is not 
                                          the innermost loop.
         0            48             2    Loop was not SIMD vectorized because the loop is not 
                                          the innermost loop.
         0            49             3    Loop was not SIMD vectorized because it is not 
                                          profitable to vectorize.
         0            50                  Loop was not SIMD vectorized because the floating 
                                          point operation is not  vectorizable under -qstrict.
         0            50                  Loop was not SIMD vectorized because the floating 
                                          point operation is not  vectorizable under -qstrict.
         0            50                  Loop was not SIMD vectorized because the floating 
                                          point operation is not  vectorizable under -qstrict.
         0            50                  Loop was not SIMD vectorized because the floating 
                                          point operation is not  vectorizable under -qstrict.
         0            56             4    Loop was not SIMD vectorized because the loop is not 
                                          the innermost loop.
         0            57             5    Loop was not SIMD vectorized because the loop is not 
                                          the innermost loop.
         0            58             6    Loop was not SIMD vectorized because it contains 
                                          unsupported loop structure.
         0            58             6    Loop was not SIMD vectorized because it contains 
                                          control flow.


    18|         SUBROUTINE difco2 (erold, dfc, ibeg, iend, jbeg, jend, kbeg, kend)
    18|           d-r%addr = _alloca(8 * (max(int(%VAL(kn)),0) * (max(int(%VAL(&
                &   jn)),0) * max(int(%VAL(in)),0))))
    46|           IF ((ldimen == 1)) THEN
    47|             IF ((MOD((1 + (int(kend) - int(kbeg))), 4) > 0  .AND.  1 + (&
                &     int(kend) - int(kbeg)) > 0)) THEN
                      $$CIV2 = 0
       Id=10          DO $$CIV2 = $$CIV2, MOD((1 + (int(kend) - int(kbeg))), &
                &         int(4))-1
    48|                 IF ((1 + (int(jend) - int(jbeg)) > 0)) THEN
                          $$CIV1 = 0
       Id=11              DO $$CIV1 = $$CIV1, int((1 + (int(jend) - int(jbeg))&
                &             ))-1
    49|                     IF ((1 + (int(iend) - int(ibeg)) > 0)) THEN
                              $$CIV0 = 0
       Id=12                  DO $$CIV0 = $$CIV0, int((1 + (int(iend) - int(&
                &                 ibeg))))-1
    50|                         dfc(int(ibeg) + $$CIV0,int(jbeg) + $$CIV1,int(&
                &                 kbeg) + $$CIV2) =  0.0000000000000000E+000
    51|                       ENDDO
                            ENDIF
    52|                   ENDDO
                        ENDIF
    53|               ENDDO
                    ENDIF
    47|             IF ((1 + (int(kend) - int(kbeg)) > 0  .AND.  1 + (int(kend) &
                &     - int(kbeg)) > MOD((1 + (int(kend) - int(kbeg))), 4))) THEN
                      $$CIV6 = int(0)
       Id=1           DO $$CIV6 = $$CIV6, int(((int(kend) - (MOD((1 + (int(&
                &         kend) - int(kbeg))), 4) + int(kbeg))) / 4 + 1))-1
    48|                 IF ((1 + (int(jend) - int(jbeg)) > 0)) THEN
                          $$CIV1 = 0
       Id=2               DO $$CIV1 = $$CIV1, int((1 + (int(jend) - int(jbeg))&
                &             ))-1
    49|                     IF ((1 + (int(iend) - int(ibeg)) > 0)) THEN
                              $$CIV0 = 0
       Id=3                   DO $$CIV0 = $$CIV0, int((1 + (int(iend) - int(&
                &                 ibeg))))-1
    50|                         dfc(int(ibeg) + $$CIV0,int(jbeg) + $$CIV1,(&
                &                 $$CIV6 * 4 + MOD((1 + (int(kend) - int(kbeg))), &
                &                 4)) + int(kbeg)) =  0.0000000000000000E+000
                                dfc(int(ibeg) + $$CIV0,int(jbeg) + $$CIV1,1 + ((&
                &                 $$CIV6 * 4 + MOD((1 + (int(kend) - int(kbeg))), &
                &                 4)) + int(kbeg))) =  0.0000000000000000E+000
                                dfc(int(ibeg) + $$CIV0,int(jbeg) + $$CIV1,2 + ((&
                &                 $$CIV6 * 4 + MOD((1 + (int(kend) - int(kbeg))), &
                &                 4)) + int(kbeg))) =  0.0000000000000000E+000
                                dfc(int(ibeg) + $$CIV0,int(jbeg) + $$CIV1,3 + ((&
                &                 $$CIV6 * 4 + MOD((1 + (int(kend) - int(kbeg))), &
                &                 4)) + int(kbeg))) =  0.0000000000000000E+000
    51|                       ENDDO
                            ENDIF
    52|                   ENDDO
                        ENDIF
    53|               ENDDO
                    ENDIF
    54|           ELSE
    55|             lab_1
    56|             IF (.NOT.(1 + (int(kend) - int(kbeg)) > 0)) GOTO lab_38
                    $$CIV5 = 0
       Id=4         DO $$CIV5 = $$CIV5, int((1 + (int(kend) - int(kbeg))))-1
    57|               IF ((1 + (int(jend) - int(jbeg)) > 0)) THEN
                        $$CIV4 = 0
       Id=5             DO $$CIV4 = $$CIV4, int((1 + (int(jend) - int(jbeg))))&
                &           -1
    58|                   IF ((1 + (int(iend) - int(ibeg)) > 0)) THEN
                            $$CIV3 = 0
                            $$PRC0 = erold(int(ibeg) - 1,$$CIV4 + int(jbeg),&
                &             $$CIV5 + int(kbeg))
                            $$PRC2 = erold(int(ibeg) - 1,($$CIV4 + int(jbeg)) - &
                &             1,$$CIV5 + int(kbeg))
                            $$ICM0 = $$CIV4 + int(jbeg)
    62|                     $$ICM1 = d-dx2bi%addr%dx2bi(int(jbeg) + $$CIV4)
    58|                     $$ICM2 = $$CIV5 + int(kbeg)
       Id=6                 DO $$CIV3 = $$CIV3, int((1 + (int(iend) - int(&
                &               ibeg))))-1
                              $$PRC1 = erold(int(ibeg) + $$CIV3,$$ICM0,$$ICM2)
                              $$PRC3 = erold(int(ibeg) + $$CIV3,($$CIV4 + int(&
                &               jbeg)) - 1,$$ICM2)
    59|                       der1.rnn1 = ($$PRC3 - $$PRC2) * &
                &               d-dx1bi%addr%dx1bi(int(ibeg) + $$CIV3) + ($$PRC1 &
                &               - $$PRC0) * d-dx1bi%addr%dx1bi(int(ibeg) + $$CIV3)&
                &               
    62|                       der2 = (($$PRC1 - $$PRC3) * $$ICM1) * &
                &               d-g2bi%addr%g2bi(int(ibeg) + $$CIV3)
    64|                       IF ((ldimen == 2)) THEN
    75|                         d-r%addr%r[].rns4.(int(ibeg) + $$CIV3,$$ICM0,&
                &                 $$ICM2) = (( 2.0000000000000000E+000 * _sqrt((&
                &                 %VAL(der1.rnn1) *  5.0000000000000000E-001) * (&
                &                 %VAL(der1.rnn1) *  5.0000000000000000E-001) + &
                &                 %VAL(der2) * %VAL(der2))) * ( &
                &                 2.0000000000000000E+000 / (d-kapr%addr%kapr(int(&
                &                 ibeg) + $$CIV3,($$CIV4 + int(jbeg)) - 1,$$ICM2) &
                &                 + d-kapr%addr%kapr(int(ibeg) + $$CIV3,$$ICM0,&
                &                 $$ICM2)))) / max($$PRC1 + $$PRC3, &
                &                 1.0000000000000000E-099)
    81|                         IF (.NOT.(ifld == 1)) GOTO lab_19
                              ELSE
    67|                         der3.rnn0 = ($$PRC3 - erold(int(ibeg) + $$CIV3,(&
                &                 $$CIV4 + int(jbeg)) - 1,$$ICM2 - 1)) * &
                &                 d-dx3bi%addr%dx3bi($$ICM2) + ($$PRC1 - erold(&
                &                 int(ibeg) + $$CIV3,$$ICM0,$$ICM2 - 1)) * &
                &                 d-dx3bi%addr%dx3bi($$ICM2)
    75|                         d-r%addr%r[].rns4.(int(ibeg) + $$CIV3,$$ICM0,&
                &                 $$ICM2) = (( 2.0000000000000000E+000 * _sqrt(((&
                &                 %VAL(der1.rnn1) *  5.0000000000000000E-001) * (&
                &                 %VAL(der1.rnn1) *  5.0000000000000000E-001) + &
                &                 %VAL(der2) * %VAL(der2)) + (((%VAL(der3.rnn0) * &
                &                  5.0000000000000000E-001) * d-g31bi%addr%g31bi(&
                &                 int(ibeg) + %VAL($$CIV3))) * d-g32ai%addr%g32ai(&
                &                 %VAL($$ICM0))) * (((%VAL(der3.rnn0) *  &
                &                 5.0000000000000000E-001) * d-g31bi%addr%g31bi(&
                &                 int(ibeg) + %VAL($$CIV3))) * d-g32ai%addr%g32ai(&
                &                 %VAL($$ICM0))))) * ( 2.0000000000000000E+000 / (&
                &                 d-kapr%addr%kapr(int(ibeg) + $$CIV3,($$CIV4 + &
                &                 int(jbeg)) - 1,$$ICM2) + d-kapr%addr%kapr(int(&
                &                 ibeg) + $$CIV3,$$ICM0,$$ICM2)))) / max($$PRC1 + &
                &                 $$PRC3, 1.0000000000000000E-099)
    81|                         IF (.NOT.(ifld == 1)) GOTO lab_19
                              ENDIF
    82|                       $$csx0 = d-r%addr%r[].rns4.(int(ibeg) + $$CIV3,&
                &               $$ICM0,$$ICM2)
                              lmda = ( 2.0000000000000000E+000 + $$csx0) / (( &
                &               6.0000000000000000E+000 +  &
                &               3.0000000000000000E+000 * $$csx0) + $$csx0 * &
                &               $$csx0)
    83|                       lab_19
    88|                       IF ((ifld == 2)) THEN
    92|                         $$csx1 = d-r%addr%r[].rns4.(int(ibeg) + $$CIV3,&
                &                 $$ICM0,$$ICM2)
                                lmda = MERGE( 2.0000000000000000E+000 / ( 3.0000000000000000E+000 + _sqrt( 9.0000000000000000E+000 +  1.2000000000000000E+001 * (%VAL($$csx1) * %VAL($$csx1)))),  1.0000000000000000E+000 / (( 1.0000000000000000E+000 + $$csx1) + _sqrt( 1.0000000000000000E+000 +  2.0000000000000000E+000 * %VAL($$csx1))), $$csx1 <=  1.5000000000000000E+000)
    96|                       ENDIF
    97|                       dfc(int(ibeg) + $$CIV3,$$ICM0,$$ICM2) = ( &
                &               2.9979199488000000E+010 * lmda) * ( &
                &               2.0000000000000000E+000 / (d-kapr%addr%kapr(int(&
                &               ibeg) + $$CIV3,($$CIV4 + int(jbeg)) - 1,$$ICM2) + &
                &               d-kapr%addr%kapr(int(ibeg) + $$CIV3,$$ICM0,$$ICM2)&
                &               ))
                              $$PRC2 = $$PRC3
                              $$PRC0 = $$PRC1
    99|                     ENDDO
                          ENDIF
   100|                 ENDDO
                      ENDIF
   101|             ENDDO
                    lab_38
   104|             lab_44
                    RETURN
                  END SUBROUTINE difco2

 
 
>>>>> OBJECT SECTION <<<<<
 GPR's set/used:   ssus ssss ssss s-ss  ssss ssss ssss ssss
 FPR's set/used:   ssss ssss ssss ssss  ssss ssss ssss ssss
 CCR's set/used:   ss-- -sss
     | 000000                           PDEF     difco2
   18|                                  PROC      .erold,.dfc,.ibeg,.iend,.jbeg,.jend,.kbeg,.kend,gr3-gr10
    0| 000000 stfd     DBE1FFF8   1     STFL      #stack(gr1,-8)=fp31
    0| 000004 stfd     DBC1FFF0   1     STFL      #stack(gr1,-16)=fp30
    0| 000008 stfd     DBA1FFE8   1     STFL      #stack(gr1,-24)=fp29
    0| 00000C stfd     DB81FFE0   1     STFL      #stack(gr1,-32)=fp28
    0| 000010 stfd     DB61FFD8   1     STFL      #stack(gr1,-40)=fp27
    0| 000014 stfd     DB41FFD0   1     STFL      #stack(gr1,-48)=fp26
    0| 000018 stfd     DB21FFC8   1     STFL      #stack(gr1,-56)=fp25
    0| 00001C stfd     DB01FFC0   1     STFL      #stack(gr1,-64)=fp24
    0| 000020 stfd     DAE1FFB8   1     STFL      #stack(gr1,-72)=fp23
    0| 000024 stfd     DAC1FFB0   1     STFL      #stack(gr1,-80)=fp22
    0| 000028 stfd     DAA1FFA8   1     STFL      #stack(gr1,-88)=fp21
    0| 00002C stfd     DA81FFA0   1     STFL      #stack(gr1,-96)=fp20
    0| 000030 stfd     DA61FF98   1     STFL      #stack(gr1,-104)=fp19
    0| 000034 stfd     DA41FF90   1     STFL      #stack(gr1,-112)=fp18
    0| 000038 stfd     DA21FF88   1     STFL      #stack(gr1,-120)=fp17
    0| 00003C stfd     DA01FF80   1     STFL      #stack(gr1,-128)=fp16
    0| 000040 stfd     D9E1FF78   1     STFL      #stack(gr1,-136)=fp15
    0| 000044 stfd     D9C1FF70   1     STFL      #stack(gr1,-144)=fp14
    0| 000048 std      FBE1FF68   1     ST8       #stack(gr1,-152)=gr31
    0| 00004C std      FBC1FF60   1     ST8       #stack(gr1,-160)=gr30
    0| 000050 std      FBA1FF58   1     ST8       #stack(gr1,-168)=gr29
    0| 000054 std      FB81FF50   1     ST8       #stack(gr1,-176)=gr28
    0| 000058 std      FB61FF48   1     ST8       #stack(gr1,-184)=gr27
    0| 00005C std      FB41FF40   1     ST8       #stack(gr1,-192)=gr26
    0| 000060 std      FB21FF38   1     ST8       #stack(gr1,-200)=gr25
    0| 000064 std      FB01FF30   1     ST8       #stack(gr1,-208)=gr24
    0| 000068 std      FAE1FF28   1     ST8       #stack(gr1,-216)=gr23
    0| 00006C std      FAC1FF20   1     ST8       #stack(gr1,-224)=gr22
    0| 000070 std      FAA1FF18   1     ST8       #stack(gr1,-232)=gr21
    0| 000074 std      FA81FF10   1     ST8       #stack(gr1,-240)=gr20
    0| 000078 std      FA61FF08   1     ST8       #stack(gr1,-248)=gr19
    0| 00007C std      FA41FF00   1     ST8       #stack(gr1,-256)=gr18
    0| 000080 std      FA21FEF8   1     ST8       #stack(gr1,-264)=gr17
    0| 000084 std      FA01FEF0   1     ST8       #stack(gr1,-272)=gr16
    0| 000088 std      F9E1FEE8   1     ST8       #stack(gr1,-280)=gr15
    0| 00008C std      F9C1FEE0   1     ST8       #stack(gr1,-288)=gr14
    0| 000090 stdu     F821FD01   1     ST8U      gr1,#stack(gr1,-768)=gr1
    0| 000094 or       7C3F0B78   1     LR        gr31=gr1
    0| 000098 ld       E9820000   1     L8        gr12=.&&N&&param(gr2,0)
   46| 00009C ld       E9620000   1     L8        gr11=.&&N&&config(gr2,0)
    0| 0000A0 lwa      EB890002   1     L4A       gr28=kbeg(gr9,0)
    0| 0000A4 lwa      EBCA0002   1     L4A       gr30=kend(gr10,0)
    0| 0000A8 ld       E8010000   1     L8        gr0=#stack(gr1,0)
    0| 0000AC lwa      E92C0002   1     L4A       gr9=<s17:d0:l4>(gr12,0)
    0| 0000B0 lwa      E94C0006   1     L4A       gr10=<s17:d4:l4>(gr12,4)
   46| 0000B4 lwa      EB6B0006   1     L4A       gr27=<s111:d4:l4>(gr11,4)
    0| 0000B8 subf     7D7CF050   1     S         gr11=gr30,gr28
    0| 0000BC lwa      E98C000A   1     L4A       gr12=<s17:d8:l4>(gr12,8)
    0| 0000C0 addic.   374B0001   1     AI_R      gr26,cr0=gr11,1,ca"
    0| 0000C4 sradi    7D3DFE76   1     SRA8      gr29=gr9,63,ca"
    0| 0000C8 std      FB5F00F8   1     ST8       #SPILL1(gr31,248)=gr26
    0| 0000CC sradi    7D5EFE76   1     SRA8      gr30=gr10,63,ca"
    0| 0000D0 andc     7D29E878   1     ANDC      gr9=gr9,gr29
    0| 0000D4 andc     7D4AF078   1     ANDC      gr10=gr10,gr30
    0| 0000D8 mulld    7FA951D2   1     M         gr29=gr9,gr10
    0| 0000DC sradi    7D9EFE76   1     SRA8      gr30=gr12,63,ca"
   46| 0000E0 cmpwi    2C9B0001   1     C4        cr1=gr27,1
    0| 0000E4 andc     7D8CF078   1     ANDC      gr12=gr12,gr30
    0| 0000E8 mulld    7D8CE9D2   1     M         gr12=gr12,gr29
    0| 0000EC std      FB9F00F0   1     ST8       #SPILL0(gr31,240)=gr28
    0| 0000F0 rldicr   798B1F24   1     SLL8      gr11=gr12,3
    0| 0000F4 mcrf     4F000000   1     LRCR      cr6=cr0
    0| 0000F8 neg      7D6B00D0   1     COMP      gr11=gr11
    0| 0000FC rldicr   796B06A4   1     RN8       gr11=gr11,0,0xFFFFFFFFFFFFFFE0
    0| 000100 stdux    7C01596A   1     ST8U      gr1,#stack(gr1,gr11,0)=gr0
    0| 000104 addi     3A010080   1     AI        gr16=gr1,128
   46| 000108 bc       40860240   1     BF        CL.1,cr1,0x4/eq,taken=50%(0,0)
   46| 00010C sradi    7F401674   1     SRA8CA    gr0,ca=gr26,2
   46| 000110 addze    7C000194   1     ADDE      gr0,ca=gr0,0,ca
   47| 000114 rldicr   78031764   1     SLL8      gr3=gr0,2
   47| 000118 subf     7C03D051   1     S_R       gr0,cr0=gr26,gr3
   47| 00011C crand    4C390A02   1     CR_N      cr0=cr[60],0x2/gt,0x2/gt,0x2/gt,cr0
   47| 000120 bc       408100B0   1     BF        CL.57,cr0,0x2/gt,taken=50%(0,0)
   47| 000124 lwa      EBC70002   1     L4A       gr30=jbeg(gr7,0)
   47| 000128 lwa      E9880002   1     L4A       gr12=jend(gr8,0)
   47| 00012C addi     39600000   1     LI        gr11=0
   47| 000130 subf     7D9E6050   1     S         gr12=gr12,gr30
   47| 000134 addic.   37AC0001   1     AI_R      gr29,cr0=gr12,1,ca"
    0| 000138 bc       408101FC   1     BF        CL.168,cr0,0x2/gt,taken=50%(0,0)
    0| 00013C rldicr   794C1F24   1     SLL8      gr12=gr10,3
    0| 000140 ld       EABF00F0   1     L8        gr21=#SPILL0(gr31,240)
    0| 000144 mulld    7F6961D2   1     M         gr27=gr9,gr12
    0| 000148 rldicr   793C1F24   1     SLL8      gr28=gr9,3
    0| 00014C mulld    7F15D9D2   1     M         gr24=gr21,gr27
    0| 000150 mulld    7FDEE1D2   1     M         gr30=gr30,gr28
    0| 000154 neg      7D8C00D0   1     COMP      gr12=gr12
    0| 000158 addi     3BDEFFF0   1     AI        gr30=gr30,-16
    0| 00015C lwa      EB450002   1     L4A       gr26=ibeg(gr5,0)
    0| 000160 lwa      EB260002   1     L4A       gr25=iend(gr6,0)
    0| 000164 add      7FD8F214   1     A         gr30=gr24,gr30
    0| 000168 mulld    7EE961D2   1     M         gr23=gr9,gr12
    0| 00016C ld       E9820000   1     L8        gr12=.+CONSTANT_AREA(gr2,0)
    0| 000170 subf     7F1CF050   1     S         gr24=gr30,gr28
    0| 000174 subf     7FDAC850   1     S         gr30=gr25,gr26
    0| 000178 add      7F04C214   1     A         gr24=gr4,gr24
    0| 00017C addic.   37DE0001   1     AI_R      gr30,cr0=gr30,1,ca"
    0| 000180 add      7ED7C214   1     A         gr22=gr23,gr24
    0| 000184 lfs      C00C0000   1     LFS       fp0=+CONSTANT_AREA(gr12,0)
   47|                              CL.52:
    0| 000188 rldicr   7B581F24   1     SLL8      gr24=gr26,3
   48| 00018C addi     39800000   1     LI        gr12=0
    0| 000190 bc       40810030   1     BF        CL.56,cr0,0x2/gt,taken=20%(20,80)
    0| 000194 subfic   23DA0001   1     SFI       gr30=1,gr26,ca"
    0| 000198 add      7F16C214   1     A         gr24=gr22,gr24
    0| 00019C add      7EF9F214   1     A         gr23=gr25,gr30
   48|                              CL.53:
   50| 0001A0 or       7F1EC378   1     LR        gr30=gr24
    0| 0001A4 mtspr    7EE903A6   1     LCTR      ctr=gr23
   49|                              CL.54:
   50| 0001A8 stfdu    DC1E0008   1     STFDU     gr30,dfc[](gr30,8)=fp0
   51| 0001AC bc       4200FFFC   1     BCT       ctr=CL.54,taken=100%(100,0)
   52| 0001B0 addi     398C0001   1     AI        gr12=gr12,1
    0| 0001B4 add      7F18E214   1     A         gr24=gr24,gr28
   52| 0001B8 cmpld    7CACE840   1     CL8       cr1=gr12,gr29
   52| 0001BC bc       4184FFE4   1     BT        CL.53,cr1,0x8/llt,taken=80%(80,20)
   52|                              CL.56:
   53| 0001C0 addi     396B0001   1     AI        gr11=gr11,1
    0| 0001C4 add      7ED6DA14   1     A         gr22=gr22,gr27
   53| 0001C8 cmpd     7CA05800   1     C8        cr1=gr0,gr11
   53| 0001CC bc       4185FFBC   1     BT        CL.52,cr1,0x2/gt,taken=80%(80,20)
   53|                              CL.57:
   47| 0001D0 ld       E97F00F8   1     L8        gr11=#SPILL1(gr31,248)
   47| 0001D4 cmpd     7CAB0000   1     C8        cr1=gr11,gr0
   47| 0001D8 crand    4C392A02   1     CR_N      cr0=cr[61],0x2/gt,0x2/gt,0x2/gt,cr0
   47| 0001DC bc       40810120   1     BF        CL.345,cr0,0x2/gt,taken=30%(30,70)
    0| 0001E0 rldicr   795E1F24   1     SLL8      gr30=gr10,3
   47| 0001E4 lwa      E9670002   1     L4A       gr11=jbeg(gr7,0)
    0| 0001E8 mulld    7D89F1D2   1     M         gr12=gr9,gr30
    0| 0001EC ld       EB5F00F0   1     L8        gr26=#SPILL0(gr31,240)
    0| 0001F0 rldicr   79271F24   1     SLL8      gr7=gr9,3
   47| 0001F4 lwa      E9080002   1     L4A       gr8=jend(gr8,0)
    0| 0001F8 mulld    7FA759D2   1     M         gr29=gr7,gr11
   53| 0001FC addi     3B83FFFF   1     AI        gr28=gr3,-1
    0| 000200 mulld    7C6CD1D2   1     M         gr3=gr12,gr26
   53| 000204 sradi    7F9C1674   1     SRA8CA    gr28,ca=gr28,2
   47| 000208 subf     7D0B4050   1     S         gr8=gr8,gr11
    0| 00020C addi     3B7DFFF0   1     AI        gr27=gr29,-16
   53| 000210 addze    7D7C0194   1     ADDE      gr11,ca=gr28,0,ca
    0| 000214 neg      7F9E00D0   1     COMP      gr28=gr30
    0| 000218 rldicr   795D26E4   1     SLL8      gr29=gr10,4
   47| 00021C addic.   35080001   1     AI_R      gr8,cr0=gr8,1,ca"
    0| 000220 add      7F63DA14   1     A         gr27=gr3,gr27
   47| 000224 addi     38600000   1     LI        gr3=0
    0| 000228 bc       408100D4   1     BF        CL.345,cr0,0x2/gt,taken=20%(20,80)
    0| 00022C mulld    7FC061D2   1     M         gr30=gr0,gr12
    0| 000230 lwa      E8050002   1     L4A       gr0=ibeg(gr5,0)
    0| 000234 lwa      E8A60002   1     L4A       gr5=iend(gr6,0)
    0| 000238 subf     7F27D850   1     S         gr25=gr27,gr7
    0| 00023C rldicr   795A2EA4   1     SLL8      gr26=gr10,5
    0| 000240 mulld    7F89E1D2   1     M         gr28=gr9,gr28
    0| 000244 mulld    7F69E9D2   1     M         gr27=gr9,gr29
    0| 000248 ld       E8C20000   1     L8        gr6=.+CONSTANT_AREA(gr2,0)
    0| 00024C add      7C84CA14   1     A         gr4=gr4,gr25
    0| 000250 subf     7D402850   1     S         gr10=gr5,gr0
    0| 000254 add      7C84F214   1     A         gr4=gr4,gr30
    0| 000258 mulld    7FC9D1D2   1     M         gr30=gr9,gr26
    0| 00025C add      7FA46214   1     A         gr29=gr4,gr12
    0| 000260 add      7F84E214   1     A         gr28=gr4,gr28
    0| 000264 add      7EA4DA14   1     A         gr21=gr4,gr27
    0| 000268 addi     3B6B0001   1     AI        gr27=gr11,1
    0| 00026C addic.   352A0001   1     AI_R      gr9,cr0=gr10,1,ca"
    0| 000270 lfs      C0060000   1     LFS       fp0=+CONSTANT_AREA(gr6,0)
   47|                              CL.33:
    0| 000274 rldicr   78091F24   1     SLL8      gr9=gr0,3
   48| 000278 addi     38C00000   1     LI        gr6=0
    0| 00027C bc       40810064   1     BF        CL.34,cr0,0x2/gt,taken=20%(20,80)
    0| 000280 subfic   21400001   1     SFI       gr10=1,gr0,ca"
    0| 000284 add      7F444A14   1     A         gr26=gr4,gr9
    0| 000288 add      7F255214   1     A         gr25=gr5,gr10
    0| 00028C add      7F09AA14   1     A         gr24=gr9,gr21
    0| 000290 add      7EE9E214   1     A         gr23=gr9,gr28
    0| 000294 add      7EC9EA14   1     A         gr22=gr9,gr29
    0| 000298 ori      60210000   1     XNOP      
   48|                              CL.35:
   50| 00029C or       7F09C378   1     LR        gr9=gr24
   50| 0002A0 or       7EEABB78   1     LR        gr10=gr23
   50| 0002A4 or       7ECBB378   1     LR        gr11=gr22
   50| 0002A8 or       7F4CD378   1     LR        gr12=gr26
    0| 0002AC mtspr    7F2903A6   1     LCTR      ctr=gr25
    0|                              CL.260:
   50| 0002B0 stfdu    DC0A0008   1     STFDU     gr10,dfc[](gr10,8)=fp0
   50| 0002B4 stfdu    DC0C0008   1     STFDU     gr12,dfc[](gr12,8)=fp0
   50| 0002B8 stfdu    DC0B0008   1     STFDU     gr11,dfc[](gr11,8)=fp0
   50| 0002BC stfdu    DC090008   1     STFDU     gr9,dfc[](gr9,8)=fp0
    0| 0002C0 bc       4200FFF0   1     BCT       ctr=CL.260,taken=100%(100,0)
   52| 0002C4 addi     38C60001   1     AI        gr6=gr6,1
    0| 0002C8 add      7F5A3A14   1     A         gr26=gr26,gr7
   52| 0002CC cmpld    7CA64040   1     CL8       cr1=gr6,gr8
    0| 0002D0 add      7F183A14   1     A         gr24=gr24,gr7
    0| 0002D4 add      7EF73A14   1     A         gr23=gr23,gr7
    0| 0002D8 add      7ED63A14   1     A         gr22=gr22,gr7
   52| 0002DC bc       4184FFC0   1     BT        CL.35,cr1,0x8/llt,taken=80%(80,20)
   52|                              CL.34:
   53| 0002E0 addi     38630001   1     AI        gr3=gr3,1
    0| 0002E4 add      7FBDF214   1     A         gr29=gr29,gr30
   53| 0002E8 cmpld    7CA3D840   1     CL8       cr1=gr3,gr27
    0| 0002EC add      7C84F214   1     A         gr4=gr4,gr30
    0| 0002F0 add      7F9CF214   1     A         gr28=gr28,gr30
    0| 0002F4 add      7EB5F214   1     A         gr21=gr21,gr30
   53| 0002F8 bc       4184FF7C   1     BT        CL.33,cr1,0x8/llt,taken=80%(80,20)
   47|                              CL.345:
  104| 0002FC ld       E8210000   1     L8        gr1=#stack(gr1,0),gr31"
  104| 000300 ld       EA01FEF0   1     L8        gr16=#stack(gr1,-272)
  104| 000304 ld       EAA1FF18   1     L8        gr21=#stack(gr1,-232)
  104| 000308 ld       EAC1FF20   1     L8        gr22=#stack(gr1,-224)
  104| 00030C ld       EAE1FF28   1     L8        gr23=#stack(gr1,-216)
  104| 000310 ld       EB01FF30   1     L8        gr24=#stack(gr1,-208)
  104| 000314 ld       EB21FF38   1     L8        gr25=#stack(gr1,-200)
  104| 000318 ld       EB41FF40   1     L8        gr26=#stack(gr1,-192)
  104| 00031C ld       EB61FF48   1     L8        gr27=#stack(gr1,-184)
  104| 000320 ld       EB81FF50   1     L8        gr28=#stack(gr1,-176)
  104| 000324 ld       EBA1FF58   1     L8        gr29=#stack(gr1,-168)
  104| 000328 ld       EBC1FF60   1     L8        gr30=#stack(gr1,-160)
  104| 00032C ld       EBE1FF68   1     L8        gr31=#stack(gr1,-152)
  104| 000330 bclr     4E800020   1     BA        lr
   52|                              CL.168:
    0| 000334 mtspr    7C0903A6   1     LCTR      ctr=gr0
   52|                              CL.157:
   53| 000338 addi     396B0001   1     AI        gr11=gr11,1
   53| 00033C cmpd     7CAB0000   1     C8        cr1=gr11,gr0
   53| 000340 bc       4104FFF8   1     BCTT      ctr=CL.157,cr1,0x1/lt,taken=80%(80,20)
    0| 000344 b        4BFFFE8C   1     B         CL.57,-1
   55|                              CL.1:
   56| 000348 bc       40990B7C   1     BF        CL.346,cr6,0x2/gt,taken=30%(30,70)
    0| 00034C rldicr   79401F24   1     SLL8      gr0=gr10,3
   75| 000350 ld       E9820000   1     L8        gr12=.&&N&opac(gr2,0)
   56| 000354 lwa      EA670002   1     L4A       gr19=jbeg(gr7,0)
    0| 000358 mulld    7DE049D2   1     M         gr15=gr0,gr9
   56| 00035C std      FA7F0100   1     ST8       #SPILL2(gr31,256)=gr19
    0| 000360 ld       EA3F00F0   1     L8        gr17=#SPILL0(gr31,240)
    0| 000364 rldicr   79271F24   1     SLL8      gr7=gr9,3
   56| 000368 lwa      EBC80002   1     L4A       gr30=jend(gr8,0)
   75| 00036C ld       E9CC03D8   1     L8        gr14=<s100:d984:l8>(gr12,984)
    0| 000370 std      F9FF0108   1     ST8       #SPILL3(gr31,264)=gr15
   75| 000374 ld       EA8C03F0   1     L8        gr20=<s100:d1008:l8>(gr12,1008)
    0| 000378 mulld    7FA799D2   1     M         gr29=gr7,gr19
   56| 00037C subf     7F93F050   1     S         gr28=gr30,gr19
   75| 000380 ld       E96C03A8   1     L8        gr11=<s100:d936:l8>(gr12,936)
   75| 000384 std      F9DF0110   1     ST8       #SPILL4(gr31,272)=gr14
   75| 000388 ld       E90C0408   1     L8        gr8=<s100:d1032:l8>(gr12,1032)
    0| 00038C mulld    7F4F89D2   1     M         gr26=gr15,gr17
   56| 000390 addic.   371C0001   1     AI_R      gr24,cr0=gr28,1,ca"
   70| 000394 ld       EB220000   1     L8        gr25=.&&N&grid(gr2,0)
   56| 000398 std      FB1F0120   1     ST8       #SPILL6(gr31,288)=gr24
    0| 00039C rldicr   794A26E4   1     SLL8      gr10=gr10,4
   75| 0003A0 ld       EBCC03C0   1     L8        gr30=<s100:d960:l8>(gr12,960)
    0| 0003A4 mulld    7D8E89D2   1     M         gr12=gr14,gr17
    0| 0003A8 mulld    7EF3A1D2   1     M         gr23=gr19,gr20
   75| 0003AC std      FA9F0118   1     ST8       #SPILL5(gr31,280)=gr20
    0| 0003B0 addi     3B1DFFF0   1     AI        gr24=gr29,-16
    0| 0003B4 rldicr   793C1764   1     SLL8      gr28=gr9,2
    0| 0003B8 neg      7ECA00D0   1     COMP      gr22=gr10
    0| 0003BC add      7F5AC214   1     A         gr26=gr26,gr24
    0| 0003C0 subf     7F1C4850   1     S         gr24=gr9,gr28
    0| 0003C4 subf     7F885850   1     S         gr28=gr11,gr8
    0| 0003C8 neg      7C0000D0   1     COMP      gr0=gr0
   62| 0003CC ld       E95908F8   1     L8        gr10=<s44:d2296:l8>(gr25,2296)
    0| 0003D0 add      7EF76214   1     A         gr23=gr23,gr12
    0| 0003D4 add      7FDEE214   1     A         gr30=gr30,gr28
   81| 0003D8 ld       EAA20000   1     L8        gr21=.&&N&&radiation(gr2,0)
   59| 0003DC ld       EBB908C0   1     L8        gr29=<s44:d2240:l8>(gr25,2240)
   62| 0003E0 ld       E9790C08   1     L8        gr11=<s44:d3080:l8>(gr25,3080)
    0| 0003E4 mulld    7E69B1D2   1     M         gr19=gr9,gr22
   70| 0003E8 ld       E9990C40   1     L8        gr12=<s44:d3136:l8>(gr25,3136)
    0| 0003EC add      7ED7F214   1     A         gr22=gr23,gr30
   62| 0003F0 ld       EBD90910   1     L8        gr30=<s44:d2320:l8>(gr25,2320)
    0| 0003F4 std      FADF0130   1     ST8       #SPILL8(gr31,304)=gr22
   56| 0003F8 addi     3A400000   1     LI        gr18=0
    0| 0003FC mulld    7C0049D2   1     M         gr0=gr0,gr9
   56| 000400 std      FA5F0128   1     ST8       #SPILL7(gr31,296)=gr18
   62| 000404 addi     394AFFF8   1     AI        gr10=gr10,-8
    0| 000408 rldicr   792926E4   1     SLL8      gr9=gr9,4
    0| 00040C add      7F83D214   1     A         gr28=gr3,gr26
    0| 000410 rldicr   7B171F24   1     SLL8      gr23=gr24,3
    0| 000414 subf     7F47D050   1     S         gr26=gr26,gr7
   70| 000418 ld       EA590620   1     L8        gr18=<s44:d1568:l8>(gr25,1568)
   81| 00041C lwa      EA35005A   1     L4A       gr17=<s122:d88:l4>(gr21,88)
   67| 000420 ld       EA990930   1     L8        gr20=<s44:d2352:l8>(gr25,2352)
   59| 000424 ld       EAB908D8   1     L8        gr21=<s44:d2264:l8>(gr25,2264)
    0| 000428 subf     7D29E050   1     S         gr9=gr28,gr9
   70| 00042C addi     398CFFF8   1     AI        gr12=gr12,-8
   62| 000430 add      7FDE5214   1     A         gr30=gr30,gr10
   62| 000434 ld       E9590C20   1     L8        gr10=<s44:d3104:l8>(gr25,3104)
   62| 000438 addi     396BFFF8   1     AI        gr11=gr11,-8
   59| 00043C addi     3B1DFFF8   1     AI        gr24=gr29,-8
    0| 000440 add      7EF7E214   1     A         gr23=gr23,gr28
   67| 000444 ld       EB990948   1     L8        gr28=<s44:d2376:l8>(gr25,2376)
    0| 000448 add      7EC4D214   1     A         gr22=gr4,gr26
   70| 00044C ld       EBB90C58   1     L8        gr29=<s44:d3160:l8>(gr25,3160)
   70| 000450 ld       EB390638   1     L8        gr25=<s44:d1592:l8>(gr25,1592)
    0| 000454 bc       40810A20   1     BF        CL.347,cr0,0x2/gt,taken=20%(20,80)
    0| 000458 lwa      E8A50002   1     L4A       gr5=ibeg(gr5,0)
    0| 00045C lwa      E8C60002   1     L4A       gr6=iend(gr6,0)
    0| 000460 cmpwi    2C9B0002   1     C4        cr1=gr27,2
   62| 000464 ld       EB7F0100   1     L8        gr27=#SPILL2(gr31,256)
    0| 000468 ld       E8820000   1     L8        gr4=.+CONSTANT_AREA(gr2,0)
    0| 00046C std      F8BF0138   1     ST8       #SPILL9(gr31,312)=gr5
    0| 000470 std      F8DF0140   1     ST8       #SPILL10(gr31,320)=gr6
    0| 000474 add      7CC0D214   1     A         gr6=gr0,gr26
   62| 000478 rldicr   7B651F24   1     SLL8      gr5=gr27,3
    0| 00047C add      7F63D214   1     A         gr27=gr3,gr26
   70| 000480 add      7F52CA14   1     A         gr26=gr18,gr25
   67| 000484 add      7F34E214   1     A         gr25=gr20,gr28
   70| 000488 std      FB5F0148   1     ST8       #SPILL11(gr31,328)=gr26
   67| 00048C std      FB3F0150   1     ST8       #SPILL12(gr31,336)=gr25
    0| 000490 ld       EA5F0138   1     L8        gr18=#SPILL9(gr31,312)
    0| 000494 ld       EA9F0140   1     L8        gr20=#SPILL10(gr31,320)
   62| 000498 add      7CA5F214   1     A         gr5=gr5,gr30
   70| 00049C add      7FCCEA14   1     A         gr30=gr12,gr29
   62| 0004A0 std      F8BF0158   1     ST8       #SPILL13(gr31,344)=gr5
   70| 0004A4 std      FBDF0160   1     ST8       #SPILL14(gr31,352)=gr30
   62| 0004A8 add      7D8A5A14   1     A         gr12=gr10,gr11
   59| 0004AC add      7D55C214   1     A         gr10=gr21,gr24
   62| 0004B0 std      F99F0168   1     ST8       #SPILL15(gr31,360)=gr12
   59| 0004B4 std      F95F0170   1     ST8       #SPILL16(gr31,368)=gr10
    0| 0004B8 add      7D604A14   1     A         gr11=gr0,gr9
    0| 0004BC add      7FA0BA14   1     A         gr29=gr0,gr23
    0| 0004C0 std      F97F0178   1     ST8       #SPILL17(gr31,376)=gr11
    0| 0004C4 std      FBBF0180   1     ST8       #SPILL18(gr31,384)=gr29
    0| 0004C8 add      7F033214   1     A         gr24=gr3,gr6
    0| 0004CC add      7C699A14   1     A         gr3=gr9,gr19
    0| 0004D0 std      FB1F0188   1     ST8       #SPILL19(gr31,392)=gr24
    0| 0004D4 std      F87F0190   1     ST8       #SPILL20(gr31,400)=gr3
    0| 0004D8 subf     7F92A050   1     S         gr28=gr20,gr18
    0| 0004DC add      7D33DA14   1     A         gr9=gr19,gr27
    0| 0004E0 add      7EA0B214   1     A         gr21=gr0,gr22
    0| 0004E4 ld       EADF0130   1     L8        gr22=#SPILL8(gr31,304)
    0| 0004E8 ld       EA7F0118   1     L8        gr19=#SPILL5(gr31,280)
    0| 0004EC std      FABF01A8   1     ST8       #SPILL23(gr31,424)=gr21
    0| 0004F0 add      7EE68214   1     A         gr23=gr6,gr16
    0| 0004F4 std      F93F0198   1     ST8       #SPILL21(gr31,408)=gr9
    0| 0004F8 std      FAFF01A0   1     ST8       #SPILL22(gr31,416)=gr23
    0| 0004FC addic.   341C0001   1     AI_R      gr0,cr0=gr28,1,ca"
    0| 000500 subf     7E13B050   1     S         gr16=gr22,gr19
    0| 000504 cmpwi    2F110001   1     C4        cr6=gr17,1
    0| 000508 std      FA1F01B0   1     ST8       #SPILL24(gr31,432)=gr16
    0| 00050C lfs      C1440004   1     LFS       fp10=+CONSTANT_AREA(gr4,4)
    0| 000510 lfs      C1640008   1     LFS       fp11=+CONSTANT_AREA(gr4,8)
    0| 000514 lfs      C004000C   1     LFS       fp0=+CONSTANT_AREA(gr4,12)
    0| 000518 lfd      C9840010   1     LFL       fp12=+CONSTANT_AREA(gr4,16)
    0| 00051C lfs      C1A40018   1     LFS       fp13=+CONSTANT_AREA(gr4,24)
    0| 000520 lfs      C3E4001C   1     LFS       fp31=+CONSTANT_AREA(gr4,28)
    0| 000524 lfs      C3C40020   1     LFS       fp30=+CONSTANT_AREA(gr4,32)
    0| 000528 lfs      C0240024   1     LFS       fp1=+CONSTANT_AREA(gr4,36)
    0| 00052C lfs      C044002C   1     LFS       fp2=+CONSTANT_AREA(gr4,44)
    0| 000530 lfs      C0640034   1     LFS       fp3=+CONSTANT_AREA(gr4,52)
    0| 000534 lfs      C0840038   1     LFS       fp4=+CONSTANT_AREA(gr4,56)
    0| 000538 lfs      C3A4003C   1     LFS       fp29=+CONSTANT_AREA(gr4,60)
    0| 00053C cmpwi    2E910002   1     C4        cr5=gr17,2
   56|                              CL.39:
    0| 000540 ld       E81F0138   1     L8        gr0=#SPILL9(gr31,312)
   57| 000544 addi     38600000   1     LI        gr3=0
    0| 000548 mulld    7D6041D2   1     M         gr11=gr0,gr8
   59| 00054C rldicr   780A1F24   1     SLL8      gr10=gr0,3
    0| 000550 bc       40810300   1     BF        CL.40,cr0,0x2/gt,taken=20%(20,80)
    0| 000554 ld       EA5F0188   1     L8        gr18=#SPILL19(gr31,392)
    0| 000558 ld       EA3F01A8   1     L8        gr17=#SPILL23(gr31,424)
    0| 00055C ld       EA1F01B0   1     L8        gr16=#SPILL24(gr31,432)
    0| 000560 ld       E9FF0130   1     L8        gr15=#SPILL8(gr31,304)
   58| 000564 ld       E99F0178   1     L8        gr12=#SPILL17(gr31,376)
   59| 000568 ld       EBDF0170   1     L8        gr30=#SPILL16(gr31,368)
   62| 00056C ld       EB9F0168   1     L8        gr28=#SPILL15(gr31,360)
   70| 000570 ld       EB5F0160   1     L8        gr26=#SPILL14(gr31,352)
   58| 000574 ld       EB1F0180   1     L8        gr24=#SPILL18(gr31,384)
    0| 000578 ld       EAFF01A0   1     L8        gr23=#SPILL22(gr31,416)
    0| 00057C add      7E6A9214   1     A         gr19=gr10,gr18
    0| 000580 add      7E4A8A14   1     A         gr18=gr10,gr17
    0| 000584 add      7E2B8214   1     A         gr17=gr11,gr16
    0| 000588 add      7E0B7A14   1     A         gr16=gr11,gr15
    0| 00058C ld       E97F0198   1     L8        gr11=#SPILL21(gr31,408)
    0| 000590 ld       E9DF0190   1     L8        gr14=#SPILL20(gr31,400)
    0| 000594 subfic   20C00001   1     SFI       gr6=1,gr0,ca"
   58| 000598 add      7CAA6214   1     A         gr5=gr10,gr12
   59| 00059C add      7FAAF214   1     A         gr29=gr10,gr30
   62| 0005A0 add      7C0AE214   1     A         gr0=gr10,gr28
   59| 0005A4 std      FBBF01B8   1     ST8       #SPILL25(gr31,440)=gr29
   70| 0005A8 add      7F2AD214   1     A         gr25=gr10,gr26
   58| 0005AC add      7D2AC214   1     A         gr9=gr10,gr24
   70| 0005B0 std      FB3F01C0   1     ST8       #SPILL26(gr31,448)=gr25
    0| 0005B4 add      7E8ABA14   1     A         gr20=gr10,gr23
    0| 0005B8 add      7DEA5A14   1     A         gr15=gr10,gr11
    0| 0005BC add      7DCE5214   1     A         gr14=gr14,gr10
    0| 0005C0 ld       E95F00F0   1     L8        gr10=#SPILL0(gr31,240)
    0| 0005C4 ld       E97F0128   1     L8        gr11=#SPILL7(gr31,296)
    0| 0005C8 ld       EB7F0140   1     L8        gr27=#SPILL10(gr31,320)
    0| 0005CC or       7CB52B78   1     LR        gr21=gr5
    0| 0005D0 add      7D8A5A14   1     A         gr12=gr10,gr11
    0| 0005D4 add      7EC6DA14   1     A         gr22=gr6,gr27
    0| 0005D8 std      F99F01C8   1     ST8       #SPILL27(gr31,456)=gr12
   62| 0005DC ld       E8DF0158   1     L8        gr6=#SPILL13(gr31,344)
    0| 0005E0 ori      60210000   1     XNOP      
    0| 0005E4 ori      60210000   1     XNOP      
    0| 0005E8 ori      60210000   1     XNOP      
   57|                              CL.41:
   58| 0005EC ld       E95F0100   1     L8        gr10=#SPILL2(gr31,256)
   58| 0005F0 lfdux    7CE53CEE   1     LFDU      fp7,gr5=erold[](gr5,gr7,0)
   58| 0005F4 lfdux    7D093CEE   1     LFDU      fp8,gr9=erold[](gr9,gr7,0)
   62| 0005F8 lfdu     CF860008   1     LFDU      fp28,gr6=dx2bi(gr6,8)
   58| 0005FC add      7F435214   1     A         gr26=gr3,gr10
    0| 000600 bc       40860374   1     BF        CL.175,cr1,0x4/eq,taken=50%(0,0)
   97| 000604 or       7E4A9378   1     LR        gr10=gr18
   75| 000608 or       7E8BA378   1     LR        gr11=gr20
   58| 00060C or       7E6C9B78   1     LR        gr12=gr19
    0| 000610 or       7E1E8378   1     LR        gr30=gr16
    0| 000614 or       7E3D8B78   1     LR        gr29=gr17
   58| 000618 or       7EBCAB78   1     LR        gr28=gr21
   62| 00061C or       7C1B0378   1     LR        gr27=gr0
   59| 000620 ld       EB5F01B8   1     L8        gr26=#SPILL25(gr31,440)
    0| 000624 mtspr    7EC903A6   1     LCTR      ctr=gr22
    0| 000628 lfs      C1E40028   1     LFS       fp15=+CONSTANT_AREA(gr4,40)
    0| 00062C lfs      C1C40030   1     LFS       fp14=+CONSTANT_AREA(gr4,48)
   58|                              CL.43:
   58| 000630 lfdu     CCAC0008   1     LFDU      fp5,gr12=erold[](gr12,8)
   58| 000634 lfdu     CF1C0008   1     LFDU      fp24,gr28=erold[](gr28,8)
   59| 000638 lfdu     CCDA0008   1     LFDU      fp6,gr26=dx1bi(gr26,8)
    0| 00063C lfdux    7EFD44EE   1     LFDU      fp23,gr29=kapr(gr29,gr8,0)
    0| 000640 lfdux    7EDE44EE   1     LFDU      fp22,gr30=kapr(gr30,gr8,0)
   62| 000644 lfdu     CD3B0008   1     LFDU      fp9,gr27=g2bi(gr27,8)
   59| 000648 fsub     FCE53828   1     SFL       fp7=fp5,fp7,fcr
   62| 00064C fsub     FE85C028   2     SFL       fp20=fp5,fp24,fcr
   59| 000650 fsub     FF584028   2     SFL       fp26=fp24,fp8,fcr
    0| 000654 fadd     FF38282A   2     AFL       fp25=fp24,fp5,fcr
   97| 000658 fmr      FD00C090   2     LRFL      fp8=fp24
    0| 00065C fadd     FEB7B02A   2     AFL       fp21=fp23,fp22,fcr
   59| 000660 fmul     FF0601F2   2     MFL       fp24=fp6,fp7,fcr
   62| 000664 fmul     FEF40732   2     MFL       fp23=fp20,fp28,fcr
   97| 000668 fmr      FCE02890   2     LRFL      fp7=fp5
    0| 00066C fsub     FECCC828   2     SFL       fp22=fp12,fp25,fcr
    0| 000670 qvfre    10A0A830   1     QVFRE     fp5=fp21
   59| 000674 fmadd    FF5AC1BA   1     FMA       fp26=fp24,fp26,fp6,fcr
   62| 000678 fmul     FD370272   2     MFL       fp9=fp23,fp9,fcr
    0| 00067C fsel     FCD6CB2E   2     FSEL      fp6=fp22,fp25,fp12
    0| 000680 fmsub    FF350178   2     FMS       fp25=fp0,fp21,fp5,fcr
    0| 000684 fmul     FF5A02B2   2     MFL       fp26=fp26,fp10,fcr
    0| 000688 fmul     FD290272   2     MFL       fp9=fp9,fp9,fcr
   75| 00068C qvfre    12C03030   1     QVFRE     fp22=fp6
    0| 000690 fnmsub   FCA52E7C   1     FNMS      fp5=fp5,fp5,fp25,fcr
    0| 000694 fmadd    FD3A4EBA   2     FMA       fp9=fp9,fp26,fp26,fcr
   75| 000698 fmsub    FEE605B8   2     FMS       fp23=fp0,fp6,fp22,fcr
    0| 00069C fmsub    FF150178   2     FMS       fp24=fp0,fp21,fp5,fcr
   75| 0006A0 frsqrte  FF404834   2     FRSQRE    fp26=fp9
   75| 0006A4 fnabs    FF204910   2     NABSFL    fp25=fp9
   75| 0006A8 fnmsub   FE96B5FC   2     FNMS      fp20=fp22,fp22,fp23,fcr
    0| 0006AC fnmsub   FCA52E3C   2     FNMS      fp5=fp5,fp5,fp24,fcr
   75| 0006B0 fmul     FF0906B2   2     MFL       fp24=fp9,fp26,fcr
   75| 0006B4 fmsub    FEC60538   2     FMS       fp22=fp0,fp6,fp20,fcr
    0| 0006B8 fadd     FE65282A   2     AFL       fp19=fp5,fp5,fcr
   75| 0006BC fmadd    FEFA6E3A   2     FMA       fp23=fp13,fp26,fp24,fcr
   75| 0006C0 fnmsub   FED4A5BC   2     FNMS      fp22=fp20,fp20,fp22,fcr
    0| 0006C4 fmsub    FE955CF8   2     FMS       fp20=fp11,fp21,fp19,fcr
   75| 0006C8 fmadd    FEB7F7FA   2     FMA       fp21=fp30,fp23,fp31,fcr
    0| 0006CC fnmsub   FCA59D3C   2     FNMS      fp5=fp19,fp5,fp20,fcr
   75| 0006D0 fmadd    FEB70D7A   2     FMA       fp21=fp1,fp23,fp21,fcr
   75| 0006D4 fmul     FEF70572   2     MFL       fp23=fp23,fp21,fcr
   75| 0006D8 fmul     FF1805F2   2     MFL       fp24=fp24,fp23,fcr
   75| 0006DC fmadd    FEFAD5FA   2     FMA       fp23=fp26,fp26,fp23,fcr
   75| 0006E0 fmadd    FF49C6BA   2     FMA       fp26=fp24,fp9,fp26,fcr
   75| 0006E4 fmul     FF1702B2   2     MFL       fp24=fp23,fp10,fcr
   75| 0006E8 fmsub    FEFA4EB8   2     FMS       fp23=fp9,fp26,fp26,fcr
   75| 0006EC fnmsub   FF57D63C   2     FNMS      fp26=fp26,fp23,fp24,fcr
   75| 0006F0 fsel     FD39D26E   2     FSEL      fp9=fp25,fp26,fp9
   75| 0006F4 fadd     FD29482A   2     AFL       fp9=fp9,fp9,fcr
   75| 0006F8 fmul     FD290172   2     MFL       fp9=fp9,fp5,fcr
   75| 0006FC fmul     FF4905B2   2     MFL       fp26=fp9,fp22,fcr
   75| 000700 fmsub    FCC64EB8   2     FMS       fp6=fp9,fp6,fp26,fcr
   75| 000704 fnmsub   FF56D1BC   2     FNMS      fp26=fp26,fp22,fp6,fcr
   75| 000708 stfdu    DF4B0008   2     STFDU     gr11,r[].rns4.(gr11,8)=fp26
   81| 00070C bc       409A0030   1     BF        CL.19,cr6,0x4/eq,taken=50%(0,0)
   82| 000710 fmadd    FD3A78BA   1     FMA       fp9=fp15,fp26,fp2,fcr
   82| 000714 fadd     FCDA582A   2     AFL       fp6=fp26,fp11,fcr
   82| 000718 fmadd    FF3A4EBA   2     FMA       fp25=fp9,fp26,fp26,fcr
   82| 00071C qvfre    1120C830   1     QVFRE     fp9=fp25
   82| 000720 fmsub    FF790278   1     FMS       fp27=fp0,fp25,fp9,fcr
   82| 000724 fnmsub   FD294EFC   2     FNMS      fp9=fp9,fp9,fp27,fcr
   82| 000728 fmsub    FF790278   2     FMS       fp27=fp0,fp25,fp9,fcr
   82| 00072C fnmsub   FD294EFC   2     FNMS      fp9=fp9,fp9,fp27,fcr
   82| 000730 fmul     FF660272   2     MFL       fp27=fp6,fp9,fcr
   82| 000734 fmsub    FCD936F8   2     FMS       fp6=fp6,fp25,fp27,fcr
   82| 000738 fnmsub   FF69D9BC   2     FNMS      fp27=fp27,fp9,fp6,fcr
   83|                              CL.19:
   88| 00073C bc       409600D0   1     BF        CL.20,cr5,0x4/eq,taken=50%(0,0)
   92| 000740 fmul     FF3A06B2   1     MFL       fp25=fp26,fp26,fcr
   92| 000744 fmadd    FCDA02FA   2     FMA       fp6=fp0,fp26,fp11,fcr
   92| 000748 fadd     FD3A002A   2     AFL       fp9=fp26,fp0,fcr
   92| 00074C fsub     FF64D028   2     SFL       fp27=fp4,fp26,fcr
   92| 000750 fmadd    FF5970FA   2     FMA       fp26=fp14,fp25,fp3,fcr
   92| 000754 frsqrte  FF203034   2     FRSQRE    fp25=fp6
   92| 000758 fnabs    FF003110   2     NABSFL    fp24=fp6
   92| 00075C frsqrte  FEE0D034   2     FRSQRE    fp23=fp26
   92| 000760 fmul     FEC60672   2     MFL       fp22=fp6,fp25,fcr
   92| 000764 fnabs    FEA0D110   2     NABSFL    fp21=fp26
   92| 000768 fmul     FE9A05F2   2     MFL       fp20=fp26,fp23,fcr
   92| 00076C fmadd    FE796DBA   2     FMA       fp19=fp13,fp25,fp22,fcr
   92| 000770 fmadd    FE576D3A   2     FMA       fp18=fp13,fp23,fp20,fcr
   92| 000774 fmadd    FE33F7FA   2     FMA       fp17=fp30,fp19,fp31,fcr
   92| 000778 fmadd    FE12F7FA   2     FMA       fp16=fp30,fp18,fp31,fcr
   92| 00077C fmadd    FE330C7A   2     FMA       fp17=fp1,fp19,fp17,fcr
   92| 000780 fmadd    FE120C3A   2     FMA       fp16=fp1,fp18,fp16,fcr
   92| 000784 fmul     FE730472   2     MFL       fp19=fp19,fp17,fcr
   92| 000788 fmul     FE520432   2     MFL       fp18=fp18,fp16,fcr
   92| 00078C fmul     FED604F2   2     MFL       fp22=fp22,fp19,fcr
   92| 000790 fmadd    FE79CCFA   2     FMA       fp19=fp25,fp25,fp19,fcr
   92| 000794 fmul     FE9404B2   2     MFL       fp20=fp20,fp18,fcr
   92| 000798 fmadd    FE57BCBA   2     FMA       fp18=fp23,fp23,fp18,fcr
   92| 00079C fmadd    FF26B67A   2     FMA       fp25=fp22,fp6,fp25,fcr
   92| 0007A0 fmul     FED302B2   2     MFL       fp22=fp19,fp10,fcr
   92| 0007A4 fmadd    FEFAA5FA   2     FMA       fp23=fp20,fp26,fp23,fcr
   92| 0007A8 fmul     FE9202B2   2     MFL       fp20=fp18,fp10,fcr
   92| 0007AC fmsub    FE793678   2     FMS       fp19=fp6,fp25,fp25,fcr
   92| 0007B0 fmsub    FE57D5F8   2     FMS       fp18=fp26,fp23,fp23,fcr
   92| 0007B4 fnmsub   FF33CDBC   2     FNMS      fp25=fp25,fp19,fp22,fcr
   92| 0007B8 fnmsub   FEF2BD3C   2     FNMS      fp23=fp23,fp18,fp20,fcr
   92| 0007BC fsel     FCD8C9AE   2     FSEL      fp6=fp24,fp25,fp6
   92| 0007C0 fsel     FF55BEAE   2     FSEL      fp26=fp21,fp23,fp26
   92| 0007C4 fadd     FCC9302A   2     AFL       fp6=fp9,fp6,fcr
   92| 0007C8 fadd     FD3A102A   2     AFL       fp9=fp26,fp2,fcr
   92| 0007CC qvfre    13403030   1     QVFRE     fp26=fp6
   92| 0007D0 qvfre    13204830   1     QVFRE     fp25=fp9
   92| 0007D4 fmsub    FF0606B8   1     FMS       fp24=fp0,fp6,fp26,fcr
   92| 0007D8 fmsub    FEE90678   2     FMS       fp23=fp0,fp9,fp25,fcr
   92| 0007DC fnmsub   FF5AD63C   2     FNMS      fp26=fp26,fp26,fp24,fcr
   92| 0007E0 fnmsub   FF39CDFC   2     FNMS      fp25=fp25,fp25,fp23,fcr
   92| 0007E4 fmsub    FF0606B8   2     FMS       fp24=fp0,fp6,fp26,fcr
   92| 0007E8 fmsub    FEE90678   2     FMS       fp23=fp0,fp9,fp25,fcr
   92| 0007EC fnmsub   FF5AD63C   2     FNMS      fp26=fp26,fp26,fp24,fcr
   92| 0007F0 fnmsub   FF39CDFC   2     FNMS      fp25=fp25,fp25,fp23,fcr
   92| 0007F4 fmsub    FCC606B8   2     FMS       fp6=fp0,fp6,fp26,fcr
   92| 0007F8 fadd     FF19C82A   2     AFL       fp24=fp25,fp25,fcr
   92| 0007FC fnmsub   FCDAD1BC   2     FNMS      fp6=fp26,fp26,fp6,fcr
   92| 000800 fmsub    FD295E38   2     FMS       fp9=fp11,fp9,fp24,fcr
   92| 000804 fnmsub   FD39C27C   2     FNMS      fp9=fp24,fp25,fp9,fcr
   92| 000808 fsel     FF7B326E   2     FSEL      fp27=fp27,fp6,fp9
   96|                              CL.20:
   97| 00080C fmul     FCDB0772   1     MFL       fp6=fp27,fp29,fcr
   97| 000810 fmul     FCA501B2   2     MFL       fp5=fp5,fp6,fcr
   97| 000814 stfdu    DCAA0008   2     STFDU     gr10,dfc[](gr10,8)=fp5
   99| 000818 bc       4200FE18   1     BCT       ctr=CL.43,taken=100%(100,0)
   99|                              CL.42:
  100| 00081C ld       E95F0120   1     L8        gr10=#SPILL6(gr31,288)
    0| 000820 ld       E97F0118   1     L8        gr11=#SPILL5(gr31,280)
  100| 000824 addi     38630001   1     AI        gr3=gr3,1
    0| 000828 add      7EB53A14   1     A         gr21=gr21,gr7
    0| 00082C add      7E943A14   1     A         gr20=gr20,gr7
    0| 000830 add      7E733A14   1     A         gr19=gr19,gr7
  100| 000834 cmpld    7FA35040   1     CL8       cr7=gr3,gr10
    0| 000838 add      7E523A14   1     A         gr18=gr18,gr7
    0| 00083C add      7E2B8A14   1     A         gr17=gr11,gr17
    0| 000840 add      7E0B8214   1     A         gr16=gr11,gr16
    0| 000844 add      7DEF3A14   1     A         gr15=gr15,gr7
    0| 000848 add      7DCE3A14   1     A         gr14=gr14,gr7
  100| 00084C bc       419CFDA0   1     BT        CL.41,cr7,0x8/llt,taken=80%(80,20)
  100|                              CL.40:
  101| 000850 ld       E87F0128   1     L8        gr3=#SPILL7(gr31,296)
    0| 000854 ld       E81F0108   1     L8        gr0=#SPILL3(gr31,264)
    0| 000858 ld       E8BF0178   1     L8        gr5=#SPILL17(gr31,376)
  101| 00085C ld       E8DF00F8   1     L8        gr6=#SPILL1(gr31,248)
    0| 000860 ld       E93F0180   1     L8        gr9=#SPILL18(gr31,384)
    0| 000864 ld       E95F0188   1     L8        gr10=#SPILL19(gr31,392)
    0| 000868 ld       E97F0190   1     L8        gr11=#SPILL20(gr31,400)
    0| 00086C ld       E99F0198   1     L8        gr12=#SPILL21(gr31,408)
    0| 000870 ld       EBDF01A0   1     L8        gr30=#SPILL22(gr31,416)
    0| 000874 ld       EBBF01A8   1     L8        gr29=#SPILL23(gr31,424)
    0| 000878 ld       EB9F0110   1     L8        gr28=#SPILL4(gr31,272)
    0| 00087C ld       EB7F0130   1     L8        gr27=#SPILL8(gr31,304)
    0| 000880 ld       EB5F01B0   1     L8        gr26=#SPILL24(gr31,432)
  101| 000884 addi     38630001   1     AI        gr3=gr3,1
    0| 000888 add      7CA02A14   1     A         gr5=gr0,gr5
  101| 00088C std      F87F0128   1     ST8       #SPILL7(gr31,296)=gr3
    0| 000890 std      F8BF0178   1     ST8       #SPILL17(gr31,376)=gr5
  101| 000894 cmpld    7FA33040   1     CL8       cr7=gr3,gr6
    0| 000898 add      7D204A14   1     A         gr9=gr0,gr9
    0| 00089C add      7D405214   1     A         gr10=gr0,gr10
    0| 0008A0 std      F93F0180   1     ST8       #SPILL18(gr31,384)=gr9
    0| 0008A4 std      F95F0188   1     ST8       #SPILL19(gr31,392)=gr10
    0| 0008A8 add      7D605A14   1     A         gr11=gr0,gr11
    0| 0008AC add      7D806214   1     A         gr12=gr0,gr12
    0| 0008B0 std      F97F0190   1     ST8       #SPILL20(gr31,400)=gr11
    0| 0008B4 std      F99F0198   1     ST8       #SPILL21(gr31,408)=gr12
    0| 0008B8 add      7FC0F214   1     A         gr30=gr0,gr30
    0| 0008BC add      7FA0EA14   1     A         gr29=gr0,gr29
    0| 0008C0 std      FBDF01A0   1     ST8       #SPILL22(gr31,416)=gr30
    0| 0008C4 std      FBBF01A8   1     ST8       #SPILL23(gr31,424)=gr29
    0| 0008C8 add      7F7BE214   1     A         gr27=gr27,gr28
    0| 0008CC add      7F5AE214   1     A         gr26=gr26,gr28
    0| 0008D0 std      FB7F0130   1     ST8       #SPILL8(gr31,304)=gr27
    0| 0008D4 std      FB5F01B0   1     ST8       #SPILL24(gr31,432)=gr26
  101| 0008D8 bc       419CFC68   1     BT        CL.39,cr7,0x8/llt,taken=80%(80,20)
  104|                              CL.58:
  104| 0008DC ld       E8210000   1     L8        gr1=#stack(gr1,0),gr31"
  104| 0008E0 ld       E9C1FEE0   1     L8        gr14=#stack(gr1,-288)
  104| 0008E4 ld       E9E1FEE8   1     L8        gr15=#stack(gr1,-280)
  104| 0008E8 ld       EA01FEF0   1     L8        gr16=#stack(gr1,-272)
  104| 0008EC ld       EA21FEF8   1     L8        gr17=#stack(gr1,-264)
  104| 0008F0 ld       EA41FF00   1     L8        gr18=#stack(gr1,-256)
  104| 0008F4 ld       EA61FF08   1     L8        gr19=#stack(gr1,-248)
  104| 0008F8 ld       EA81FF10   1     L8        gr20=#stack(gr1,-240)
  104| 0008FC ld       EAA1FF18   1     L8        gr21=#stack(gr1,-232)
  104| 000900 ld       EAC1FF20   1     L8        gr22=#stack(gr1,-224)
  104| 000904 ld       EAE1FF28   1     L8        gr23=#stack(gr1,-216)
  104| 000908 ld       EB01FF30   1     L8        gr24=#stack(gr1,-208)
  104| 00090C ld       EB21FF38   1     L8        gr25=#stack(gr1,-200)
  104| 000910 ld       EB41FF40   1     L8        gr26=#stack(gr1,-192)
  104| 000914 ld       EB61FF48   1     L8        gr27=#stack(gr1,-184)
  104| 000918 ld       EB81FF50   1     L8        gr28=#stack(gr1,-176)
  104| 00091C ld       EBA1FF58   1     L8        gr29=#stack(gr1,-168)
  104| 000920 ld       EBC1FF60   1     L8        gr30=#stack(gr1,-160)
  104| 000924 ld       EBE1FF68   1     L8        gr31=#stack(gr1,-152)
  104| 000928 lfd      CBE1FFF8   1     LFL       fp31=#stack(gr1,-8)
  104| 00092C lfd      CBC1FFF0   1     LFL       fp30=#stack(gr1,-16)
  104| 000930 lfd      CBA1FFE8   1     LFL       fp29=#stack(gr1,-24)
  104| 000934 lfd      CB81FFE0   1     LFL       fp28=#stack(gr1,-32)
  104| 000938 lfd      CB61FFD8   1     LFL       fp27=#stack(gr1,-40)
  104| 00093C lfd      CB41FFD0   1     LFL       fp26=#stack(gr1,-48)
  104| 000940 lfd      CB21FFC8   1     LFL       fp25=#stack(gr1,-56)
  104| 000944 lfd      CB01FFC0   1     LFL       fp24=#stack(gr1,-64)
  104| 000948 lfd      CAE1FFB8   1     LFL       fp23=#stack(gr1,-72)
  104| 00094C lfd      CAC1FFB0   1     LFL       fp22=#stack(gr1,-80)
  104| 000950 lfd      CAA1FFA8   1     LFL       fp21=#stack(gr1,-88)
  104| 000954 lfd      CA81FFA0   1     LFL       fp20=#stack(gr1,-96)
  104| 000958 lfd      CA61FF98   1     LFL       fp19=#stack(gr1,-104)
  104| 00095C lfd      CA41FF90   1     LFL       fp18=#stack(gr1,-112)
  104| 000960 lfd      CA21FF88   1     LFL       fp17=#stack(gr1,-120)
  104| 000964 lfd      CA01FF80   1     LFL       fp16=#stack(gr1,-128)
  104| 000968 lfd      C9E1FF78   1     LFL       fp15=#stack(gr1,-136)
  104| 00096C lfd      C9C1FF70   1     LFL       fp14=#stack(gr1,-144)
  104| 000970 bclr     4E800020   1     BA        lr
    0|                              CL.175:
    0| 000974 stfd     DB9F00E0   1     STFL      #SPILL39(gr31,224)=fp28
   58| 000978 or       7E6A9B78   1     LR        gr10=gr19
   67| 00097C or       7DEB7B78   1     LR        gr11=gr15
    0| 000980 ld       EB1F01C8   1     L8        gr24=#SPILL27(gr31,456)
   58| 000984 lfdu     CCAA0008   1     LFDU      fp5,gr10=erold[](gr10,8)
    0| 000988 stfd     D83F0088   1     STFL      #SPILL28(gr31,136)=fp1
   67| 00098C lfdu     CF2B0008   1     LFDU      fp25,gr11=erold[](gr11,8)
    0| 000990 ld       EAFF0150   1     L8        gr23=#SPILL12(gr31,336)
   58| 000994 or       7EACAB78   1     LR        gr12=gr21
    0| 000998 rldicr   7B1D1F24   1     SLL8      gr29=gr24,3
    0| 00099C stfd     D81F0090   1     STFL      #SPILL29(gr31,144)=fp0
   59| 0009A0 fsub     FD253828   1     SFL       fp9=fp5,fp7,fcr
   67| 0009A4 or       7DDE7378   1     LR        gr30=gr14
   67| 0009A8 fsub     FEE5C828   1     SFL       fp23=fp5,fp25,fcr
   58| 0009AC lfdu     CCCC0008   1     LFDU      fp6,gr12=erold[](gr12,8)
    0| 0009B0 stfd     D95F0098   1     STFL      #SPILL30(gr31,152)=fp10
    0| 0009B4 lfdx     7F57ECAE   1     LFL       fp26=dx3bi(gr23,gr29,0)
   67| 0009B8 lfdu     CEDE0008   1     LFDU      fp22,gr30=erold[](gr30,8)
   59| 0009BC ld       EBBF01B8   1     L8        gr29=#SPILL25(gr31,440)
   62| 0009C0 or       7C1C0378   1     LR        gr28=gr0
   70| 0009C4 ld       EB7F01C0   1     L8        gr27=#SPILL26(gr31,448)
   62| 0009C8 fsub     FF253028   1     SFL       fp25=fp5,fp6,fcr
    0| 0009CC stfd     D97F00A0   1     STFL      #SPILL31(gr31,160)=fp11
   67| 0009D0 fmul     FEBA05F2   1     MFL       fp21=fp26,fp23,fcr
   59| 0009D4 lfdu     CCFD0008   1     LFDU      fp7,gr29=dx1bi(gr29,8)
   67| 0009D8 fsub     FEC6B028   1     SFL       fp22=fp6,fp22,fcr
   62| 0009DC lfdu     CF1C0008   1     LFDU      fp24,gr28=g2bi(gr28,8)
   59| 0009E0 fsub     FD064028   1     SFL       fp8=fp6,fp8,fcr
    0| 0009E4 stfd     DB5F00D0   1     STFL      #SPILL37(gr31,208)=fp26
   62| 0009E8 fmul     FF390732   1     MFL       fp25=fp25,fp28,fcr
   70| 0009EC lfdu     CE9B0008   1     LFDU      fp20,gr27=g31bi(gr27,8)
   59| 0009F0 fmul     FD270272   1     MFL       fp9=fp7,fp9,fcr
    0| 0009F4 ld       EB3F0148   1     L8        gr25=#SPILL11(gr31,328)
   67| 0009F8 fmadd    FED6AEBA   1     FMA       fp22=fp21,fp22,fp26,fcr
    0| 0009FC stfd     D9BF00A8   1     STFL      #SPILL32(gr31,168)=fp13
   62| 000A00 fmul     FF390632   1     MFL       fp25=fp25,fp24,fcr
    0| 000A04 rldicr   7B5A1F24   2     SLL8      gr26=gr26,3
   59| 000A08 fmadd    FCE849FA   1     FMA       fp7=fp9,fp8,fp7,fcr
    0| 000A0C lfdx     7EF9D4AE   1     LFL       fp23=g32ai(gr25,gr26,0)
   70| 000A10 fmul     FD3602B2   1     MFL       fp9=fp22,fp10,fcr
    0| 000A14 stfd     DBDF00B0   1     STFL      #SPILL33(gr31,176)=fp30
    0| 000A18 fmul     FF390672   1     MFL       fp25=fp25,fp25,fcr
    0| 000A1C or       7E3A8B78   2     LR        gr26=gr17
    0| 000A20 fmul     FCE702B2   1     MFL       fp7=fp7,fp10,fcr
    0| 000A24 or       7E198378   2     LR        gr25=gr16
   70| 000A28 fmul     FEC90532   1     MFL       fp22=fp9,fp20,fcr
    0| 000A2C stfd     DBFF00B8   1     STFL      #SPILL34(gr31,184)=fp31
    0| 000A30 fadd     FD26282A   1     AFL       fp9=fp6,fp5,fcr
    0| 000A34 lfdux    7D1A44EE   1     LFDU      fp8,gr26=kapr(gr26,gr8,0)
    0| 000A38 fmadd    FCE7C9FA   1     FMA       fp7=fp25,fp7,fp7,fcr
    0| 000A3C lfdux    7F1944EE   1     LFDU      fp24,gr25=kapr(gr25,gr8,0)
   70| 000A40 fmul     FED605F2   1     MFL       fp22=fp22,fp23,fcr
    0| 000A44 stfd     DBBF00C0   1     STFL      #SPILL35(gr31,192)=fp29
    0| 000A48 fsub     FF2C4828   1     SFL       fp25=fp12,fp9,fcr
    0| 000A4C mtspr    7EC903A6   1     LCTR      ctr=gr22
   75| 000A50 or       7E98A378   1     LR        gr24=gr20
   97| 000A54 or       7E579378   1     LR        gr23=gr18
   75| 000A58 fmadd    FCF63DBA   1     FMA       fp7=fp7,fp22,fp22,fcr
    0| 000A5C stfd     D99F00C8   1     STFL      #SPILL36(gr31,200)=fp12
    0| 000A60 fadd     FF08C02A   1     AFL       fp24=fp8,fp24,fcr
    0| 000A64 stfd     DAFF00D8   1     STFL      #SPILL38(gr31,216)=fp23
    0| 000A68 fsel     FD194B2E   1     FSEL      fp8=fp25,fp9,fp12
   75| 000A6C frsqrte  FD203834   2     FRSQRE    fp9=fp7
   75| 000A70 qvfre    13204030   1     QVFRE     fp25=fp8
   75| 000A74 fmul     FF470272   1     MFL       fp26=fp7,fp9,fcr
   75| 000A78 fmsub    FEE80678   2     FMS       fp23=fp0,fp8,fp25,fcr
   75| 000A7C fmadd    FF896EBA   2     FMA       fp28=fp13,fp9,fp26,fcr
   75| 000A80 fmadd    FEBCF7FA   2     FMA       fp21=fp30,fp28,fp31,fcr
    0| 000A84 bc       4240026C   1     BCF       ctr=CL.261,taken=0%(0,100)
    0|                              CL.264:
    0| 000A88 lfd      C95F0098   1     LFL       fp10=#SPILL30(gr31,152)
    0| 000A8C qvfre    1280C030   1     QVFRE     fp20=fp24
   75| 000A90 fnmsub   FED9CDFC   1     FNMS      fp22=fp25,fp25,fp23,fcr
   75| 000A94 fmadd    FFFC0D7A   2     FMA       fp31=fp1,fp28,fp21,fcr
    0| 000A98 lfd      C97F00A0   1     LFL       fp11=#SPILL31(gr31,160)
    0| 000A9C lfd      C99F00D0   1     LFL       fp12=#SPILL37(gr31,208)
    0| 000AA0 lfd      C9BF00E0   1     LFL       fp13=#SPILL39(gr31,224)
    0| 000AA4 fmsub    FF380538   1     FMS       fp25=fp0,fp24,fp20,fcr
   75| 000AA8 fmsub    FE6805B8   2     FMS       fp19=fp0,fp8,fp22,fcr
   75| 000AAC fmul     FEBC07F2   2     MFL       fp21=fp28,fp31,fcr
   75| 000AB0 fnabs    FFE03910   2     NABSFL    fp31=fp7
   62| 000AB4 lfdu     CFDC0008   1     LFDU      fp30,gr28=g2bi(gr28,8)
   58| 000AB8 lfdu     CFAA0008   1     LFDU      fp29,gr10=erold[](gr10,8)
    0| 000ABC fnmsub   FF34A67C   1     FNMS      fp25=fp20,fp20,fp25,fcr
   67| 000AC0 lfdu     CEEB0008   1     LFDU      fp23,gr11=erold[](gr11,8)
   75| 000AC4 fmul     FE9A0572   1     MFL       fp20=fp26,fp21,fcr
   75| 000AC8 fnmsub   FF96B4FC   2     FNMS      fp28=fp22,fp22,fp19,fcr
   58| 000ACC lfdu     CF4C0008   1     LFDU      fp26,gr12=erold[](gr12,8)
   67| 000AD0 lfdu     CEDE0008   1     LFDU      fp22,gr30=erold[](gr30,8)
    0| 000AD4 fmsub    FC180678   1     FMS       fp0=fp0,fp24,fp25,fcr
   75| 000AD8 fmadd    FEA94D7A   2     FMA       fp21=fp9,fp9,fp21,fcr
   75| 000ADC fmadd    FD27A27A   2     FMA       fp9=fp20,fp7,fp9,fcr
   59| 000AE0 lfdu     CE9D0008   1     LFDU      fp20,gr29=dx1bi(gr29,8)
   67| 000AE4 fsub     FEFDB828   1     SFL       fp23=fp29,fp23,fcr
   62| 000AE8 fsub     FE7DD028   2     SFL       fp19=fp29,fp26,fcr
    0| 000AEC fnmsub   FC19C83C   2     FNMS      fp0=fp25,fp25,fp0,fcr
   75| 000AF0 fmul     FF3502B2   2     MFL       fp25=fp21,fp10,fcr
   75| 000AF4 fmsub    FEA93A78   2     FMS       fp21=fp7,fp9,fp9,fcr
   67| 000AF8 fsub     FEDAB028   2     SFL       fp22=fp26,fp22,fcr
   67| 000AFC fmul     FEEC05F2   2     MFL       fp23=fp12,fp23,fcr
   59| 000B00 fsub     FCBD2828   2     SFL       fp5=fp29,fp5,fcr
   59| 000B04 fsub     FCDA3028   2     SFL       fp6=fp26,fp6,fcr
    0| 000B08 fadd     FE40002A   2     AFL       fp18=fp0,fp0,fcr
   75| 000B0C fnmsub   FD354E7C   2     FNMS      fp9=fp9,fp21,fp25,fcr
   62| 000B10 fmul     FDB30372   2     MFL       fp13=fp19,fp13,fcr
   67| 000B14 fmadd    FD96BB3A   2     FMA       fp12=fp23,fp22,fp12,fcr
   59| 000B18 fmul     FF340172   2     MFL       fp25=fp20,fp5,fcr
   70| 000B1C lfdu     CCBB0008   1     LFDU      fp5,gr27=g31bi(gr27,8)
    0| 000B20 fmsub    FF185CB8   1     FMS       fp24=fp11,fp24,fp18,fcr
   75| 000B24 fsel     FCFF49EE   2     FSEL      fp7=fp31,fp9,fp7
   62| 000B28 fmul     FD2D07B2   2     MFL       fp9=fp13,fp30,fcr
   70| 000B2C fmul     FDAC02B2   2     MFL       fp13=fp12,fp10,fcr
   59| 000B30 fmadd    FFE6CD3A   2     FMA       fp31=fp25,fp6,fp20,fcr
    0| 000B34 lfd      C8DF00D8   1     LFL       fp6=#SPILL38(gr31,216)
    0| 000B38 fnmsub   FD80963C   1     FNMS      fp12=fp18,fp0,fp24,fcr
   75| 000B3C fadd     FCE7382A   2     AFL       fp7=fp7,fp7,fcr
    0| 000B40 fmul     FD290272   2     MFL       fp9=fp9,fp9,fcr
   70| 000B44 fmul     FFCD0172   2     MFL       fp30=fp13,fp5,fcr
    0| 000B48 fmul     FFFF02B2   2     MFL       fp31=fp31,fp10,fcr
    0| 000B4C lfd      C81F0090   1     LFL       fp0=#SPILL29(gr31,144)
   75| 000B50 fmul     FCAC01F2   1     MFL       fp5=fp12,fp7,fcr
    0| 000B54 lfd      C9BF00A8   1     LFL       fp13=#SPILL32(gr31,168)
   70| 000B58 fmul     FCFE01B2   1     MFL       fp7=fp30,fp6,fcr
    0| 000B5C fmadd    FCDF4FFA   2     FMA       fp6=fp9,fp31,fp31,fcr
    0| 000B60 lfd      CB3F00C8   1     LFL       fp25=#SPILL36(gr31,200)
    0| 000B64 fadd     FF1AE82A   1     AFL       fp24=fp26,fp29,fcr
   75| 000B68 fmul     FEE50732   2     MFL       fp23=fp5,fp28,fcr
    0| 000B6C lfd      CBFF00B8   1     LFL       fp31=#SPILL34(gr31,184)
    0| 000B70 lfd      CBDF00B0   1     LFL       fp30=#SPILL33(gr31,176)
   75| 000B74 fmadd    FCE731FA   1     FMA       fp7=fp6,fp7,fp7,fcr
    0| 000B78 lfd      CA3F00C0   1     LFL       fp17=#SPILL35(gr31,192)
    0| 000B7C stfd     DA3F00E8   1     STFL      #SPILL40(gr31,232)=fp17
    0| 000B80 fsub     FEB9C028   1     SFL       fp21=fp25,fp24,fcr
   75| 000B84 fmsub    FEC82DF8   2     FMS       fp22=fp5,fp8,fp23,fcr
   97| 000B88 fmr      FCA0E890   2     LRFL      fp5=fp29
   97| 000B8C fmr      FCC0D090   2     LRFL      fp6=fp26
   75| 000B90 frsqrte  FD203834   2     FRSQRE    fp9=fp7
    0| 000B94 lfdux    7FBA44EE   1     LFDU      fp29,gr26=kapr(gr26,gr8,0)
    0| 000B98 fsel     FD15C66E   1     FSEL      fp8=fp21,fp24,fp25
   75| 000B9C fnmsub   FF9CBDBC   2     FNMS      fp28=fp23,fp28,fp22,fcr
   81| 000BA0 bc       409A0034   1     BF        CL.265,cr6,0x4/eq,taken=50%(0,0)
   82| 000BA4 lfs      C2E40028   1     LFS       fp23=+CONSTANT_AREA(gr4,40)
   82| 000BA8 fadd     FF7C582A   1     AFL       fp27=fp28,fp11,fcr
   82| 000BAC fmadd    FF5CB8BA   2     FMA       fp26=fp23,fp28,fp2,fcr
   82| 000BB0 fmadd    FF1CD73A   2     FMA       fp24=fp26,fp28,fp28,fcr
   82| 000BB4 qvfre    1340C030   1     QVFRE     fp26=fp24
   82| 000BB8 fmsub    FF3806B8   1     FMS       fp25=fp0,fp24,fp26,fcr
   82| 000BBC fnmsub   FF5AD67C   2     FNMS      fp26=fp26,fp26,fp25,fcr
   82| 000BC0 fmsub    FF3806B8   2     FMS       fp25=fp0,fp24,fp26,fcr
   82| 000BC4 fnmsub   FF5AD67C   2     FNMS      fp26=fp26,fp26,fp25,fcr
   82| 000BC8 fmul     FF3B06B2   2     MFL       fp25=fp27,fp26,fcr
   82| 000BCC fmsub    FF78DE78   2     FMS       fp27=fp27,fp24,fp25,fcr
   82| 000BD0 fnmsub   FF7ACEFC   2     FNMS      fp27=fp25-fp27,fcr
   83|                              CL.265:
   88| 000BD4 bc       409600D4   1     BF        CL.266,cr5,0x4/eq,taken=50%(0,0)
   92| 000BD8 lfs      C2E40030   1     LFS       fp23=+CONSTANT_AREA(gr4,48)
   92| 000BDC fmul     FF1C0732   1     MFL       fp24=fp28,fp28,fcr
   92| 000BE0 fmadd    FF7C02FA   2     FMA       fp27=fp0,fp28,fp11,fcr
   92| 000BE4 fadd     FF5C002A   2     AFL       fp26=fp28,fp0,fcr
   92| 000BE8 fsub     FF24E028   2     SFL       fp25=fp4,fp28,fcr
   92| 000BEC fmadd    FF18B8FA   2     FMA       fp24=fp23,fp24,fp3,fcr
   92| 000BF0 frsqrte  FEE0D834   2     FRSQRE    fp23=fp27
   92| 000BF4 fnabs    FEC0D910   2     NABSFL    fp22=fp27
   92| 000BF8 frsqrte  FEA0C034   2     FRSQRE    fp21=fp24
   92| 000BFC fmul     FE9B05F2   2     MFL       fp20=fp27,fp23,fcr
   92| 000C00 fnabs    FE60C110   2     NABSFL    fp19=fp24
   92| 000C04 fmul     FE580572   2     MFL       fp18=fp24,fp21,fcr
   92| 000C08 fmadd    FE376D3A   2     FMA       fp17=fp13,fp23,fp20,fcr
   92| 000C0C fmadd    FE156CBA   2     FMA       fp16=fp13,fp21,fp18,fcr
   92| 000C10 fmadd    FDF1F7FA   2     FMA       fp15=fp30,fp17,fp31,fcr
   92| 000C14 fmadd    FDD0F7FA   2     FMA       fp14=fp30,fp16,fp31,fcr
   92| 000C18 fmadd    FDF10BFA   2     FMA       fp15=fp1,fp17,fp15,fcr
   92| 000C1C fmadd    FC300BBA   2     FMA       fp1=fp1,fp16,fp14,fcr
   92| 000C20 fmul     FE3103F2   2     MFL       fp17=fp17,fp15,fcr
   92| 000C24 fmul     FC300072   2     MFL       fp1=fp16,fp1,fcr
   92| 000C28 fmul     FE940472   2     MFL       fp20=fp20,fp17,fcr
   92| 000C2C fmadd    FE37BC7A   2     FMA       fp17=fp23,fp23,fp17,fcr
   92| 000C30 fmul     FE520072   2     MFL       fp18=fp18,fp1,fcr
   92| 000C34 fmadd    FC35A87A   2     FMA       fp1=fp21,fp21,fp1,fcr
   92| 000C38 fmadd    FEFBA5FA   2     FMA       fp23=fp20,fp27,fp23,fcr
   92| 000C3C fmul     FE9102B2   2     MFL       fp20=fp17,fp10,fcr
   92| 000C40 fmadd    FEB8957A   2     FMA       fp21=fp18,fp24,fp21,fcr
   92| 000C44 fmul     FC2102B2   2     MFL       fp1=fp1,fp10,fcr
   92| 000C48 fmsub    FD57DDF8   2     FMS       fp10=fp27,fp23,fp23,fcr
   92| 000C4C fmsub    FE55C578   2     FMS       fp18=fp24,fp21,fp21,fcr
   92| 000C50 fnmsub   FD4ABD3C   2     FNMS      fp10=fp23,fp10,fp20,fcr
   92| 000C54 fnmsub   FC32A87C   2     FNMS      fp1=fp21,fp18,fp1,fcr
   92| 000C58 fsel     FD5656EE   2     FSEL      fp10=fp22,fp10,fp27
   92| 000C5C fsel     FF730E2E   2     FSEL      fp27=fp19,fp1,fp24
   92| 000C60 fadd     FC3A502A   2     AFL       fp1=fp26,fp10,fcr
   92| 000C64 fadd     FD5B102A   2     AFL       fp10=fp27,fp2,fcr
   92| 000C68 qvfre    13600830   1     QVFRE     fp27=fp1
   92| 000C6C qvfre    13405030   1     QVFRE     fp26=fp10
   92| 000C70 fmsub    FF0106F8   1     FMS       fp24=fp0,fp1,fp27,fcr
   92| 000C74 fmsub    FEEA06B8   2     FMS       fp23=fp0,fp10,fp26,fcr
   92| 000C78 fnmsub   FF7BDE3C   2     FNMS      fp27=fp27,fp27,fp24,fcr
   92| 000C7C fnmsub   FF5AD5FC   2     FNMS      fp26=fp26,fp26,fp23,fcr
   92| 000C80 fmsub    FF0106F8   2     FMS       fp24=fp0,fp1,fp27,fcr
   92| 000C84 fmsub    FEEA06B8   2     FMS       fp23=fp0,fp10,fp26,fcr
   92| 000C88 fnmsub   FF7BDE3C   2     FNMS      fp27=fp27,fp27,fp24,fcr
   92| 000C8C fnmsub   FF5AD5FC   2     FNMS      fp26=fp26,fp26,fp23,fcr
   92| 000C90 fmsub    FC2106F8   2     FMS       fp1=fp0,fp1,fp27,fcr
   92| 000C94 fadd     FF1AD02A   2     AFL       fp24=fp26,fp26,fcr
   92| 000C98 fnmsub   FC3BD87C   2     FNMS      fp1=fp27,fp27,fp1,fcr
   92| 000C9C fmsub    FD4A5E38   2     FMS       fp10=fp11,fp10,fp24,fcr
   92| 000CA0 fnmsub   FD5AC2BC   2     FNMS      fp10=fp24,fp26,fp10,fcr
   92| 000CA4 fsel     FF790AAE   2     FSEL      fp27=fp25,fp1,fp10
   96|                              CL.266:
   75| 000CA8 fmul     FF470272   1     MFL       fp26=fp7,fp9,fcr
   97| 000CAC lfd      CADF00E8   1     LFL       fp22=#SPILL40(gr31,232)
   97| 000CB0 fmul     FC3B05B2   1     MFL       fp1=fp27,fp22,fcr
    0| 000CB4 lfdux    7D7944EE   1     LFDU      fp11,gr25=kapr(gr25,gr8,0)
   75| 000CB8 stfdu    DF980008   1     STFDU     gr24,r[].rns4.(gr24,8)=fp28
   75| 000CBC qvfre    13204030   1     QVFRE     fp25=fp8
   75| 000CC0 fmadd    FF896EBA   1     FMA       fp28=fp13,fp9,fp26,fcr
   97| 000CC4 fmul     FD4C0072   2     MFL       fp10=fp12,fp1,fcr
    0| 000CC8 lfd      C83F0088   1     LFL       fp1=#SPILL28(gr31,136)
    0| 000CCC fadd     FF1D582A   1     AFL       fp24=fp29,fp11,fcr
   75| 000CD0 fmsub    FEE80678   2     FMS       fp23=fp0,fp8,fp25,fcr
   75| 000CD4 fmadd    FEBCF7FA   2     FMA       fp21=fp30,fp28,fp31,fcr
   97| 000CD8 stfdu    DD570008   2     STFDU     gr23,dfc[](gr23,8)=fp10
    0| 000CDC bc       4200FDAC   1     BCT       ctr=CL.264,taken=100%(100,0)
    0| 000CE0 lfd      C95F0098   1     LFL       fp10=#SPILL30(gr31,152)
    0| 000CE4 lfd      C97F00A0   1     LFL       fp11=#SPILL31(gr31,160)
    0| 000CE8 lfd      CBBF00C0   1     LFL       fp29=#SPILL35(gr31,192)
    0| 000CEC lfd      C99F00C8   1     LFL       fp12=#SPILL36(gr31,200)
    0|                              CL.261:
    0| 000CF0 qvfre    10A0C030   1     QVFRE     fp5=fp24
   75| 000CF4 fmadd    FCDC0D7A   1     FMA       fp6=fp1,fp28,fp21,fcr
   75| 000CF8 fnmsub   FF39CDFC   2     FNMS      fp25=fp25,fp25,fp23,fcr
   75| 000CFC fnabs    FEC03910   2     NABSFL    fp22=fp7
    0| 000D00 fmsub    FEF80178   2     FMS       fp23=fp0,fp24,fp5,fcr
   75| 000D04 fmul     FCDC01B2   2     MFL       fp6=fp28,fp6,fcr
   75| 000D08 fmsub    FF880678   2     FMS       fp28=fp0,fp8,fp25,fcr
    0| 000D0C fnmsub   FCA52DFC   2     FNMS      fp5=fp5,fp5,fp23,fcr
   75| 000D10 fmul     FF5A01B2   2     MFL       fp26=fp26,fp6,fcr
   75| 000D14 fmadd    FCC949BA   2     FMA       fp6=fp9,fp9,fp6,fcr
   75| 000D18 fnmsub   FF99CF3C   2     FNMS      fp28=fp25,fp25,fp28,fcr
    0| 000D1C fmsub    FF380178   2     FMS       fp25=fp0,fp24,fp5,fcr
   75| 000D20 fmadd    FD27D27A   2     FMA       fp9=fp26,fp7,fp9,fcr
   75| 000D24 fmul     FCC602B2   2     MFL       fp6=fp6,fp10,fcr
    0| 000D28 fnmsub   FCA52E7C   2     FNMS      fp5=fp5,fp5,fp25,fcr
   75| 000D2C fmsub    FF493A78   2     FMS       fp26=fp7,fp9,fp9,fcr
    0| 000D30 fadd     FF25282A   2     AFL       fp25=fp5,fp5,fcr
   75| 000D34 fnmsub   FCDA49BC   2     FNMS      fp6=fp9,fp26,fp6,fcr
    0| 000D38 fmsub    FD385E78   2     FMS       fp9=fp11,fp24,fp25,fcr
   75| 000D3C fsel     FCD631EE   2     FSEL      fp6=fp22,fp6,fp7
    0| 000D40 fnmsub   FCA5CA7C   2     FNMS      fp5=fp25,fp5,fp9,fcr
   75| 000D44 fadd     FCC6302A   2     AFL       fp6=fp6,fp6,fcr
   75| 000D48 fmul     FCC501B2   2     MFL       fp6=fp5,fp6,fcr
   75| 000D4C fmul     FCE60732   2     MFL       fp7=fp6,fp28,fcr
   75| 000D50 fmsub    FCC831F8   2     FMS       fp6=fp6,fp8,fp7,fcr
   75| 000D54 fnmsub   FCDC39BC   2     FNMS      fp6=fp7,fp28,fp6,fcr
   81| 000D58 bc       409A0034   1     BF        CL.262,cr6,0x4/eq,taken=50%(0,0)
   82| 000D5C lfs      C3440028   1     LFS       fp26=+CONSTANT_AREA(gr4,40)
   82| 000D60 fadd     FCE6582A   1     AFL       fp7=fp6,fp11,fcr
   82| 000D64 fmadd    FD06D0BA   2     FMA       fp8=fp26,fp6,fp2,fcr
   82| 000D68 fmadd    FF8641BA   2     FMA       fp28=fp8,fp6,fp6,fcr
   82| 000D6C qvfre    1100E030   1     QVFRE     fp8=fp28
   82| 000D70 fmsub    FD3C0238   1     FMS       fp9=fp0,fp28,fp8,fcr
   82| 000D74 fnmsub   FD08427C   2     FNMS      fp8=fp8,fp8,fp9,fcr
   82| 000D78 fmsub    FD3C0238   2     FMS       fp9=fp0,fp28,fp8,fcr
   82| 000D7C fnmsub   FD08427C   2     FNMS      fp8=fp8,fp8,fp9,fcr
   82| 000D80 fmul     FD270232   2     MFL       fp9=fp7,fp8,fcr
   82| 000D84 fmsub    FCFC3A78   2     FMS       fp7=fp7,fp28,fp9,fcr
   82| 000D88 fnmsub   FF6849FC   2     FNMS      fp27=fp9,fp8,fp7,fcr
   83|                              CL.262:
   88| 000D8C bc       409600D4   1     BF        CL.263,cr5,0x4/eq,taken=50%(0,0)
   92| 000D90 fmul     FF8601B2   1     MFL       fp28=fp6,fp6,fcr
   92| 000D94 lfs      C2240030   1     LFS       fp17=+CONSTANT_AREA(gr4,48)
   92| 000D98 fmadd    FCE602FA   1     FMA       fp7=fp0,fp6,fp11,fcr
   92| 000D9C fadd     FD06002A   2     AFL       fp8=fp6,fp0,fcr
   92| 000DA0 fsub     FD243028   2     SFL       fp9=fp4,fp6,fcr
   92| 000DA4 fmadd    FF9C88FA   2     FMA       fp28=fp17,fp28,fp3,fcr
   92| 000DA8 frsqrte  FF603834   2     FRSQRE    fp27=fp7
   92| 000DAC fnabs    FF403910   2     NABSFL    fp26=fp7
   92| 000DB0 frsqrte  FF20E034   2     FRSQRE    fp25=fp28
   92| 000DB4 fmul     FF0706F2   2     MFL       fp24=fp7,fp27,fcr
   92| 000DB8 fnabs    FEE0E110   2     NABSFL    fp23=fp28
   92| 000DBC fmul     FEDC0672   2     MFL       fp22=fp28,fp25,fcr
   92| 000DC0 fmadd    FEBB6E3A   2     FMA       fp21=fp13,fp27,fp24,fcr
   92| 000DC4 fmadd    FE996DBA   2     FMA       fp20=fp13,fp25,fp22,fcr
   92| 000DC8 fmadd    FE75F7FA   2     FMA       fp19=fp30,fp21,fp31,fcr
   92| 000DCC fmadd    FE54F7FA   2     FMA       fp18=fp30,fp20,fp31,fcr
   92| 000DD0 fmadd    FE750CFA   2     FMA       fp19=fp1,fp21,fp19,fcr
   92| 000DD4 fmadd    FE540CBA   2     FMA       fp18=fp1,fp20,fp18,fcr
   92| 000DD8 fmul     FEB504F2   2     MFL       fp21=fp21,fp19,fcr
   92| 000DDC fmul     FE9404B2   2     MFL       fp20=fp20,fp18,fcr
   92| 000DE0 fmul     FF180572   2     MFL       fp24=fp24,fp21,fcr
   92| 000DE4 fmadd    FEBBDD7A   2     FMA       fp21=fp27,fp27,fp21,fcr
   92| 000DE8 fmul     FED60532   2     MFL       fp22=fp22,fp20,fcr
   92| 000DEC fmadd    FE99CD3A   2     FMA       fp20=fp25,fp25,fp20,fcr
   92| 000DF0 fmadd    FF67C6FA   2     FMA       fp27=fp24,fp7,fp27,fcr
   92| 000DF4 fmul     FF1502B2   2     MFL       fp24=fp21,fp10,fcr
   92| 000DF8 fmadd    FF3CB67A   2     FMA       fp25=fp22,fp28,fp25,fcr
   92| 000DFC fmul     FED402B2   2     MFL       fp22=fp20,fp10,fcr
   92| 000E00 fmsub    FEBB3EF8   2     FMS       fp21=fp7,fp27,fp27,fcr
   92| 000E04 fmsub    FE99E678   2     FMS       fp20=fp28,fp25,fp25,fcr
   92| 000E08 fnmsub   FF75DE3C   2     FNMS      fp27=fp27,fp21,fp24,fcr
   92| 000E0C fnmsub   FF34CDBC   2     FNMS      fp25=fp25,fp20,fp22,fcr
   92| 000E10 fsel     FCFAD9EE   2     FSEL      fp7=fp26,fp27,fp7
   92| 000E14 fsel     FF97CF2E   2     FSEL      fp28=fp23,fp25,fp28
   92| 000E18 fadd     FCE8382A   2     AFL       fp7=fp8,fp7,fcr
   92| 000E1C fadd     FD1C102A   2     AFL       fp8=fp28,fp2,fcr
   92| 000E20 qvfre    13803830   1     QVFRE     fp28=fp7
   92| 000E24 qvfre    13604030   1     QVFRE     fp27=fp8
   92| 000E28 fmsub    FF470738   1     FMS       fp26=fp0,fp7,fp28,fcr
   92| 000E2C fmsub    FF2806F8   2     FMS       fp25=fp0,fp8,fp27,fcr
   92| 000E30 fnmsub   FF9CE6BC   2     FNMS      fp28=fp28,fp28,fp26,fcr
   92| 000E34 fnmsub   FF7BDE7C   2     FNMS      fp27=fp27,fp27,fp25,fcr
   92| 000E38 fmsub    FF470738   2     FMS       fp26=fp0,fp7,fp28,fcr
   92| 000E3C fmsub    FF2806F8   2     FMS       fp25=fp0,fp8,fp27,fcr
   92| 000E40 fnmsub   FF9CE6BC   2     FNMS      fp28=fp28,fp28,fp26,fcr
   92| 000E44 fnmsub   FF7BDE7C   2     FNMS      fp27=fp27,fp27,fp25,fcr
   92| 000E48 fmsub    FCE70738   2     FMS       fp7=fp0,fp7,fp28,fcr
   92| 000E4C fadd     FF5BD82A   2     AFL       fp26=fp27,fp27,fcr
   92| 000E50 fnmsub   FCFCE1FC   2     FNMS      fp7=fp28,fp28,fp7,fcr
   92| 000E54 fmsub    FD085EB8   2     FMS       fp8=fp11,fp8,fp26,fcr
   92| 000E58 fnmsub   FD1BD23C   2     FNMS      fp8=fp26,fp27,fp8,fcr
   92| 000E5C fsel     FF693A2E   2     FSEL      fp27=fp9,fp7,fp8
   96|                              CL.263:
   75| 000E60 stfdu    DCD80008   1     STFDU     gr24,r[].rns4.(gr24,8)=fp6
   97| 000E64 fmul     FCFB0772   1     MFL       fp7=fp27,fp29,fcr
   97| 000E68 fmul     FCA501F2   2     MFL       fp5=fp5,fp7,fcr
   97| 000E6C stfdu    DCB70008   2     STFDU     gr23,dfc[](gr23,8)=fp5
    0| 000E70 b        4BFFF9AC   1     B         CL.42,-1
    0|                              CL.347:
  104| 000E74 ld       E8210000   1     L8        gr1=#stack(gr1,0),gr31"
  104| 000E78 ld       E9C1FEE0   1     L8        gr14=#stack(gr1,-288)
  104| 000E7C ld       E9E1FEE8   1     L8        gr15=#stack(gr1,-280)
  104| 000E80 ld       EA01FEF0   1     L8        gr16=#stack(gr1,-272)
  104| 000E84 ld       EA21FEF8   1     L8        gr17=#stack(gr1,-264)
  104| 000E88 ld       EA41FF00   1     L8        gr18=#stack(gr1,-256)
  104| 000E8C ld       EA61FF08   1     L8        gr19=#stack(gr1,-248)
  104| 000E90 ld       EA81FF10   1     L8        gr20=#stack(gr1,-240)
  104| 000E94 ld       EAA1FF18   1     L8        gr21=#stack(gr1,-232)
  104| 000E98 ld       EAC1FF20   1     L8        gr22=#stack(gr1,-224)
  104| 000E9C ld       EAE1FF28   1     L8        gr23=#stack(gr1,-216)
  104| 000EA0 ld       EB01FF30   1     L8        gr24=#stack(gr1,-208)
  104| 000EA4 ld       EB21FF38   1     L8        gr25=#stack(gr1,-200)
  104| 000EA8 ld       EB41FF40   1     L8        gr26=#stack(gr1,-192)
  104| 000EAC ld       EB61FF48   1     L8        gr27=#stack(gr1,-184)
  104| 000EB0 ld       EB81FF50   1     L8        gr28=#stack(gr1,-176)
  104| 000EB4 ld       EBA1FF58   1     L8        gr29=#stack(gr1,-168)
  104| 000EB8 ld       EBC1FF60   1     L8        gr30=#stack(gr1,-160)
  104| 000EBC ld       EBE1FF68   1     L8        gr31=#stack(gr1,-152)
  104| 000EC0 bclr     4E800020   1     BA        lr
   56|                              CL.346:
  104| 000EC4 ld       E8210000   1     L8        gr1=#stack(gr1,0),gr31"
  104| 000EC8 ld       EA01FEF0   1     L8        gr16=#stack(gr1,-272)
  104| 000ECC ld       EB41FF40   1     L8        gr26=#stack(gr1,-192)
  104| 000ED0 ld       EB61FF48   1     L8        gr27=#stack(gr1,-184)
  104| 000ED4 ld       EB81FF50   1     L8        gr28=#stack(gr1,-176)
  104| 000ED8 ld       EBA1FF58   1     L8        gr29=#stack(gr1,-168)
  104| 000EDC ld       EBC1FF60   1     L8        gr30=#stack(gr1,-160)
  104| 000EE0 ld       EBE1FF68   1     L8        gr31=#stack(gr1,-152)
  104| 000EE4 bclr     4E800020   1     BA        lr
     |               Tag Table
     | 000EE8        00000000 00012220 92120000 00000EE8 1F
     |               Instruction count          954
     |               Straight-line exec time   1236
     |               Constant Area
     | 000000        00000000 3F000000 40000000 3F800000 2B617F7D 4ED8C33E
     | 000018        BF800000 BEA00000 3EC00000 BF000000 40C00000 40400000
     | 000030        41100000 41400000 3FC00000 50DF5CC9

 
 
>>>>> COMPILATION UNIT EPILOGUE SECTION <<<<<
 
 
TOTAL   UNRECOVERABLE  SEVERE       ERROR     WARNING    INFORMATIONAL
               (U)       (S)         (E)        (W)          (I)
    0           0         0           0          0            0
 
>>>>> OPTIONS SECTION <<<<<
***   Options In Effect   ***
  
         ==  On / Off Options  ==
         CR              NODIRECTSTORAG  ESCAPE          I4
         INLGLUE         NOLIBESSL       NOLIBPOSIX      OBJECT
         SWAPOMP         THREADED        UNWIND          ZEROSIZE
  
         ==  Options Of Integer Type ==
         ALIAS_SIZE(65536)     MAXMEM(-1)            OPTIMIZE(3)
         SPILLSIZE(512)        STACKTEMP(0)
  
         ==  Options of Integer and Character Type ==
         CACHE(LEVEL(1),TYPE(I),ASSOC(4),COST(6),LINE(64),SIZE(16))
         CACHE(LEVEL(2),TYPE(I),ASSOC(16),COST(80),LINE(128))
         CACHE(LEVEL(1),TYPE(D),ASSOC(8),COST(6),LINE(64),SIZE(16))
         CACHE(LEVEL(2),TYPE(D),ASSOC(16),COST(80),LINE(128))
         INLINE(NOAUTO,LEVEL(5))
         HOT(FASTMATH,LEVEL(0))
         SIMD(AUTO)
  
         ==  Options Of Character Type  ==
         64()                  ALIAS(STD,NOINTPTR)   ALIGN(BINDC(LINUXPPC),STRUCT(NATURAL))
         ARCH(QP)              AUTODBL(NONE)         DESCRIPTOR(V1)
         DIRECTIVE(IBM*,IBMT)  ENUM()                FLAG(I,I)
         FLOAT(MAF,FOLD,RSQRT,FLTINT)
         FREE(F90)             GNU_VERSION(DOT_TRIPLE)
         HALT(S)               IEEE(NEAR)            INTSIZE(4)
         LIST()                LANGLVL(EXTENDED)     REALSIZE(4)
         REPORT(HOTLIST)       STRICT(NONE,NOPRECISION,NOEXCEPTIONS,NOIEEEFP,NONANS,NOINFINITIES,NOSUBNORMALS,NOZEROSIGNS,NOOPERATIONPRECISION,ORDER,NOLIBRARY,NOCONSTRUCTCOPY,NOVECTORPRECISION)
         TUNE(QP)              UNROLL(AUTO)          XFLAG()
         XLF2003(NOPOLYMORPHIC,NOBOZLITARGS,NOSIGNDZEROINTR,NOSTOPEXCEPT,NOVOLATILE,NOAUTOREALLOC,OLDNANINF)
         XLF2008(NOCHECKPRESENCE)
         XLF77(LEADZERO,BLANKPAD)
         XLF90(SIGNEDZERO,AUTODEALLOC)
  
>>>>> SOURCE SECTION <<<<<
 
>>>>> FILE TABLE SECTION <<<<<
 
 
                                       FILE CREATION        FROM
FILE NO   FILENAME                    DATE       TIME       FILE    LINE
     0    difco2.f90                  07/08/15   15:47:32
 
 
>>>>> COMPILATION EPILOGUE SECTION <<<<<
 
 
FORTRAN Summary of Diagnosed Conditions
 
TOTAL   UNRECOVERABLE  SEVERE       ERROR     WARNING    INFORMATIONAL
               (U)       (S)         (E)        (W)          (I)
    0           0         0           0          0            0
 
 
    Source records read.......................................     111
1501-510  Compilation successful for file difco2.f90.
1501-543  Object file created.
