IBM XL Fortran for Blue Gene, V14.1 (5799-AH1) Version 14.01.0000.0012 --- dprd.f90 07/08/15 15:47:34
 
>>>>> OPTIONS SECTION <<<<<
***   Options In Effect   ***
  
         ==  On / Off Options  ==
         CR              NODIRECTSTORAG  ESCAPE          I4
         INLGLUE         NOLIBESSL       NOLIBPOSIX      OBJECT
         SWAPOMP         THREADED        UNWIND          ZEROSIZE
  
         ==  Options Of Integer Type ==
         ALIAS_SIZE(65536)     MAXMEM(-1)            OPTIMIZE(3)
         SPILLSIZE(512)        STACKTEMP(0)
  
         ==  Options of Integer and Character Type ==
         CACHE(LEVEL(1),TYPE(I),ASSOC(4),COST(6),LINE(64),SIZE(16))
         CACHE(LEVEL(2),TYPE(I),ASSOC(16),COST(80),LINE(128))
         CACHE(LEVEL(1),TYPE(D),ASSOC(8),COST(6),LINE(64),SIZE(16))
         CACHE(LEVEL(2),TYPE(D),ASSOC(16),COST(80),LINE(128))
         INLINE(NOAUTO,LEVEL(5))
         HOT(FASTMATH,LEVEL(0))
         SIMD(AUTO)
  
         ==  Options Of Character Type  ==
         64()                  ALIAS(STD,NOINTPTR)   ALIGN(BINDC(LINUXPPC),STRUCT(NATURAL))
         ARCH(QP)              AUTODBL(NONE)         DESCRIPTOR(V1)
         DIRECTIVE(IBM*,IBMT)  ENUM()                FLAG(I,I)
         FLOAT(MAF,FOLD,RSQRT,FLTINT)
         FREE(F90)             GNU_VERSION(DOT_TRIPLE)
         HALT(S)               IEEE(NEAR)            INTSIZE(4)
         LIST()                LANGLVL(EXTENDED)     REALSIZE(4)
         REPORT(HOTLIST)       STRICT(NONE,NOPRECISION,NOEXCEPTIONS,NOIEEEFP,NONANS,NOINFINITIES,NOSUBNORMALS,NOZEROSIGNS,NOOPERATIONPRECISION,ORDER,NOLIBRARY,NOCONSTRUCTCOPY,NOVECTORPRECISION)
         TUNE(QP)              UNROLL(AUTO)          XFLAG()
         XLF2003(NOPOLYMORPHIC,NOBOZLITARGS,NOSIGNDZEROINTR,NOSTOPEXCEPT,NOVOLATILE,NOAUTOREALLOC,OLDNANINF)
         XLF2008(NOCHECKPRESENCE)
         XLF77(LEADZERO,BLANKPAD)
         XLF90(SIGNEDZERO,AUTODEALLOC)
  
>>>>> SOURCE SECTION <<<<<
** ls_dprd   === End of Compilation 1 ===
 
>>>>> LOOP TRANSFORMATION SECTION <<<<<

1586-534 (I) Loop (loop index 1) at dprd.f90 <line 33> was not SIMD vectorized because the loop is not the innermost loop.
1586-534 (I) Loop (loop index 2) at dprd.f90 <line 34> was not SIMD vectorized because the loop is not the innermost loop.
1586-534 (I) Loop (loop index 3) at dprd.f90 <line 35> was not SIMD vectorized because the loop is not the innermost loop.
1586-533 (I) Loop (loop index 4) at dprd.f90 <line 36> was not SIMD vectorized because its number of iterations is too small.
1586-537 (I) Loop (loop index 4) at dprd.f90 <line 37> was not SIMD vectorized because it contains operation in psum + ((double *)((char *).v1  + -16ll - (max((long long) in,0ll) * 8ll + 8ll * (max((long long) jn,0ll) * max((long long) in,0ll)))))->v1[][(long long) .isz->isz + $$CIV3][(long long) .isy->isy + $$CIV2][(long long) .isx->isx + $$CIV1][$$CIV0 + 1ll] * ((double *)((char *).v2  + -16ll - (max((long long) in,0ll) * 8ll + 8ll * (max((long long) jn,0ll) * max((long long) in,0ll)))))->v2[][(long long) .isz->isz + $$CIV3][(long long) .isy->isy + $$CIV2][(long long) .isx->isx + $$CIV1][$$CIV0 + 1ll] which is not suitable for SIMD vectorization.
1586-549 (I) Loop (loop index 4) at dprd.f90 <line 37> was not SIMD vectorized because a data dependence  prevents SIMD vectorization.
1586-554 (I) Loop (loop index 4) at dprd.f90 <line 37> was not SIMD vectorized because the floating point operation is not vectorizable under -qstrict.
1586-543 (I) <SIMD info> Total number of the innermost loops considered <"1">. Total number of the innermost loops SIMD vectorized <"0">.


    14|         REAL*8 FUNCTION ls_dprd (isx, iex, isy, iey, isz, iez, v1, v2)
    32|           psum =  0.0000000000000000E+000
    33|           IF ((1 + (int(iez) - int(isz)) > 0)) THEN
                    $$CIV3 = 0
       Id=1         DO $$CIV3 = $$CIV3, int((1 + (int(iez) - int(isz))))-1
    34|               IF ((1 + (int(iey) - int(isy)) > 0)) THEN
                        $$CIV2 = 0
       Id=2             DO $$CIV2 = $$CIV2, int((1 + (int(iey) - int(isy))))&
                &           -1
    35|                   IF ((1 + (int(iex) - int(isx)) > 0)) THEN
                            $$CIV1 = 0
       Id=3                 DO $$CIV1 = $$CIV1, int((1 + (int(iex) - int(isx))&
                &               ))-1
    36|                       IF (.FALSE.) GOTO lab_23
                              $$CIV0 = 0
       Id=4                   DO $$CIV0 = $$CIV0, 0
    37|                         psum = psum + v1($$CIV0 + 1,int(isx) + $$CIV1,&
                &                 int(isy) + $$CIV2,int(isz) + $$CIV3) * v2(&
                &                 $$CIV0 + 1,int(isx) + $$CIV1,int(isy) + $$CIV2,&
                &                 int(isz) + $$CIV3)
    38|                       ENDDO
                              lab_23
    39|                     ENDDO
                          ENDIF
    40|                 ENDDO
                      ENDIF
    41|             ENDDO
                  ENDIF
    43|           T_2 = 1
                  T_3 = 1275070495
                  T_4 = 1476395011
                  CALL mpi_allreduce(psum,dotprd,T_2,T_3,T_4,comm3d,ierror)
    48|           RETURN
    49|         END FUNCTION ls_dprd


Source        Source        Loop Id       Action / Information                                      
File          Line                                                                                  
----------    ----------    ----------    ----------------------------------------------------------
         0            33             1    Loop was not SIMD vectorized because the loop is not 
                                          the innermost loop.
         0            34             2    Loop was not SIMD vectorized because the loop is not 
                                          the innermost loop.
         0            35             3    Loop was not SIMD vectorized because the loop is not 
                                          the innermost loop.
         0            36             4    Loop was not SIMD vectorized because its number of 
                                          iterations is too small.
         0            37                  Loop was not SIMD vectorized because it contains 
                                          operation in psum + ((double *)((char *).v1  + -16ll 
                                          - (max((long long) in,0ll) * 8ll + 8ll * (max((long 
                                          long) jn,0ll) * max((long long) 
                                          in,0ll)))))->v1[][(long long) .isz->isz + 
                                          $$CIV3][(long long) .isy->isy + $$CIV2][(long long) 
                                          .isx->isx + $$CIV1][$$CIV0 + 1ll] * ((double *)((char 
                                          *).v2  + -16ll - (max((long long) in,0ll) * 8ll + 8ll 
                                          * (max((long long) jn,0ll) * max((long long) 
                                          in,0ll)))))->v2[][(long long) .isz->isz + 
                                          $$CIV3][(long long) .isy->isy + $$CIV2][(long long) 
                                          .isx->isx + $$CIV1][$$CIV0 + 1ll] which is not  
                                          suitable for SIMD vectorization.
         0            37                  Loop was not SIMD vectorized because a data 
                                          dependence  prevents SIMD  vectorization.
         0            37                  Loop was not SIMD vectorized because the floating 
                                          point operation is not  vectorizable under -qstrict.


    14|         REAL*8 FUNCTION ls_dprd (isx, iex, isy, iey, isz, iez, v1, v2)
    32|           psum =  0.0000000000000000E+000
    33|           IF ((1 + (int(iez) - int(isz)) > 0)) THEN
                    $$CIV3 = 0
    37|             $$ICM.psum0 = psum
    33|Id=1         DO $$CIV3 = $$CIV3, int((1 + (int(iez) - int(isz))))-1
    34|               IF ((1 + (int(iey) - int(isy)) > 0)) THEN
                        $$CIV2 = 0
       Id=2             DO $$CIV2 = $$CIV2, int((1 + (int(iey) - int(isy))))&
                &           -1
    35|                   IF ((1 + (int(iex) - int(isx)) > 0)) THEN
                            $$CIV1 = 0
       Id=3                 DO $$CIV1 = $$CIV1, int((1 + (int(iex) - int(isx))&
                &               ))-1
    36|                       IF (.FALSE.) GOTO lab_23
                              $$CIV0 = 0
       Id=4                   DO $$CIV0 = $$CIV0, 0
    37|                         $$ICM.psum0 = $$ICM.psum0 + v1($$CIV0 + 1,int(&
                &                 isx) + $$CIV1,int(isy) + $$CIV2,int(isz) + &
                &                 $$CIV3) * v2($$CIV0 + 1,int(isx) + $$CIV1,int(&
                &                 isy) + $$CIV2,int(isz) + $$CIV3)
    38|                       ENDDO
                              lab_23
    39|                     ENDDO
                          ENDIF
    40|                 ENDDO
                      ENDIF
    41|             ENDDO
                    psum = $$ICM.psum0
                  ENDIF
    43|           T_2 = 1
                  T_3 = 1275070495
                  T_4 = 1476395011
                  CALL mpi_allreduce(psum,dotprd,T_2,T_3,T_4,comm3d,ierror)
    48|           RETURN
    49|         END FUNCTION ls_dprd

 
 
>>>>> OBJECT SECTION <<<<<
 GPR's set/used:   ssus ssss ssss s---  ---- ---- ---s ssss
 FPR's set/used:   ssss ssss ssss ss--  ---- ---- ---- ----
 CCR's set/used:   ss-- -sss
     | 000000                           PDEF     ls_dprd
   14|                                  PROC      .isx,.iex,.isy,.iey,.isz,.iez,.v1,.v2,gr3-gr10
    0| 000000 std      FBE1FFF8   1     ST8       #stack(gr1,-8)=gr31
    0| 000004 std      FBC1FFF0   1     ST8       #stack(gr1,-16)=gr30
    0| 000008 std      FBA1FFE8   1     ST8       #stack(gr1,-24)=gr29
    0| 00000C std      FB81FFE0   1     ST8       #stack(gr1,-32)=gr28
    0| 000010 std      FB61FFD8   1     ST8       #stack(gr1,-40)=gr27
    0| 000014 mfspr    7C0802A6   1     LFLR      gr0=lr
    0| 000018 std      F8010010   1     ST8       #stack(gr1,16)=gr0
    0| 00001C stdu     F821FF21   1     ST8U      gr1,#stack(gr1,-224)=gr1
    0| 000020 ld       E9820000   1     L8        gr12=.&&N&&param(gr2,0)
   32| 000024 lwa      E9670002   1     L4A       gr11=isz(gr7,0)
   32| 000028 lwa      E8080002   1     L4A       gr0=iez(gr8,0)
   32| 00002C addi     39000000   1     LI        gr8=0
   32| 000030 ld       E8E20000   1     L8        gr7=.+CONSTANT_AREA(gr2,0)
   32| 000034 std      F9010090   1     ST8       psum(gr1,144)=gr8
    0| 000038 lwa      E90C0006   1     L4A       gr8=<s17:d4:l4>(gr12,4)
    0| 00003C lwa      E98C0002   1     L4A       gr12=<s17:d0:l4>(gr12,0)
   32| 000040 subf     7FEB0050   1     S         gr31=gr0,gr11
   32| 000044 lfs      C0070000   1     LFS       fp0=+CONSTANT_AREA(gr7,0)
   32| 000048 addic.   341F0001   1     AI_R      gr0,cr0=gr31,1,ca"
    0| 00004C sradi    7D07FE76   1     SRA8      gr7=gr8,63,ca"
    0| 000050 sradi    7D9FFE76   1     SRA8      gr31=gr12,63,ca"
    0| 000054 andc     7D073878   1     ANDC      gr7=gr8,gr7
    0| 000058 andc     7D9FF878   1     ANDC      gr31=gr12,gr31
   33| 00005C bc       40810114   1     BF        CL.17,cr0,0x2/gt,taken=50%(0,0)
   33| 000060 lwa      E9850002   1     L4A       gr12=isy(gr5,0)
   33| 000064 lwa      E8C60002   1     L4A       gr6=iey(gr6,0)
   33| 000068 addi     38A00000   1     LI        gr5=0
   33| 00006C subf     7CCC3050   1     S         gr6=gr6,gr12
   33| 000070 addic.   34C60001   1     AI_R      gr6,cr0=gr6,1,ca"
    0| 000074 bc       408100F8   1     BF        CL.50,cr0,0x2/gt,taken=50%(0,0)
    0| 000078 rldicr   78FE1F24   1     SLL8      gr30=gr7,3
    0| 00007C rldicr   7BE71F24   1     SLL8      gr7=gr31,3
    0| 000080 mulld    7D1EF9D2   1     M         gr8=gr30,gr31
    0| 000084 neg      7FDE00D0   1     COMP      gr30=gr30
    0| 000088 mulld    7D8C39D2   1     M         gr12=gr12,gr7
    0| 00008C mulld    7FFFF1D2   1     M         gr31=gr31,gr30
    0| 000090 mulld    7D6B41D2   1     M         gr11=gr11,gr8
    0| 000094 lwa      E8630002   1     L4A       gr3=isx(gr3,0)
    0| 000098 lwa      E8840002   1     L4A       gr4=iex(gr4,0)
    0| 00009C subfic   23C7FFF0   1     SFI       gr30=-16,gr7,ca"
    0| 0000A0 add      7D8CFA14   1     A         gr12=gr12,gr31
    0| 0000A4 add      7D6BF214   1     A         gr11=gr11,gr30
    0| 0000A8 add      7D8C5A14   1     A         gr12=gr12,gr11
    0| 0000AC subf     7D632050   1     S         gr11=gr4,gr3
    0| 0000B0 add      7D4A6214   1     A         gr10=gr10,gr12
    0| 0000B4 addic.   356B0001   1     AI_R      gr11,cr0=gr11,1,ca"
    0| 0000B8 add      7FE96214   1     A         gr31=gr9,gr12
    0| 0000BC mcrf     4C800000   1     LRCR      cr1=cr0
   41| 0000C0 b        48000018   1     B         CL.163,-1
    0|                              CL.66:
   41| 0000C4 addi     38A50001   1     AI        gr5=gr5,1
    0| 0000C8 add      7D485214   1     A         gr10=gr8,gr10
   41| 0000CC cmpld    7C250040   1     CL8       cr0=gr5,gr0
    0| 0000D0 add      7FE8FA14   1     A         gr31=gr8,gr31
   41| 0000D4 bc       40800098   1     BF        CL.50,cr0,0x8/llt,taken=20%(20,80)
   33|                              CL.163:
   33|                              CL.18:
   34| 0000D8 addi     39200000   1     LI        gr9=0
    0| 0000DC bc       4085FFE8   1     BF        CL.66,cr1,0x2/gt,taken=50%(0,0)
    0| 0000E0 subfic   21630001   1     SFI       gr11=1,gr3,ca"
    0| 0000E4 rldicr   786C1F24   1     SLL8      gr12=gr3,3
    0| 0000E8 add      7D645A14   1     A         gr11=gr4,gr11
    0| 0000EC add      7FCCFA14   1     A         gr30=gr12,gr31
    0| 0000F0 rldicl   797DF082   1     SRL8      gr29=gr11,2
    0| 0000F4 add      7F6A6214   1     A         gr27=gr10,gr12
    0| 0000F8 andi.    717C0003   1     RN4_R     gr28,cr0=gr11,0,0x3
    0| 0000FC cmpdi    2FBD0000   1     C8        cr7=gr29,0
    0| 000100 ori      60210000   1     XNOP      
   34|                              CL.20:
   37| 000104 or       7FCBF378   1     LR        gr11=gr30
   37| 000108 or       7F6CDB78   1     LR        gr12=gr27
    0| 00010C bc       418200D4   1     BT        CL.85,cr0,0x4/eq,taken=50%(0,0)
    0| 000110 mtspr    7F8903A6   1     LCTR      ctr=gr28
   37| 000114 lfdu     CC2B0008   1     LFDU      fp1,gr11=v1[](gr11,8)
   37| 000118 lfdu     CC4C0008   1     LFDU      fp2,gr12=v2[](gr12,8)
    0| 00011C bc       42400018   1     BCF       ctr=CL.105,taken=0%(0,100)
    0|                              CL.106:
   37| 000120 lfdu     CC6B0008   1     LFDU      fp3,gr11=v1[](gr11,8)
   37| 000124 fmadd    FC0100BA   1     FMA       fp0=fp0-fp2,fcr
   37| 000128 lfdu     CC4C0008   1     LFDU      fp2,gr12=v2[](gr12,8)
    0| 00012C fmr      FC201890   1     LRFL      fp1=fp3
    0| 000130 bc       4200FFF0   1     BCT       ctr=CL.106,taken=100%(100,0)
    0|                              CL.105:
   37| 000134 fmadd    FC0100BA   1     FMA       fp0=fp0-fp2,fcr
    0| 000138 bc       409E00A8   1     BF        CL.85,cr7,0x4/eq,taken=50%(0,0)
   40| 00013C addi     39290001   1     AI        gr9=gr9,1
    0| 000140 add      7FC7F214   1     A         gr30=gr7,gr30
   40| 000144 cmpld    7F293040   1     CL8       cr6=gr9,gr6
    0| 000148 add      7F67DA14   1     A         gr27=gr7,gr27
   40| 00014C bc       4198FFB8   1     BT        CL.20,cr6,0x8/llt,taken=80%(80,20)
    0| 000150 ori      60210000   1     XNOP      
    0| 000154 ori      60210000   1     XNOP      
   40|                              CL.19:
   41| 000158 addi     38A50001   1     AI        gr5=gr5,1
    0| 00015C add      7D485214   1     A         gr10=gr8,gr10
   41| 000160 cmpld    7C250040   1     CL8       cr0=gr5,gr0
    0| 000164 add      7FE8FA14   1     A         gr31=gr8,gr31
   41| 000168 bc       4180FF70   1     BT        CL.18,cr0,0x8/llt,taken=80%(80,20)
    0|                              CL.50:
   41| 00016C stfd     D8010090   1     STFL      psum(gr1,144)=fp0
   41|                              CL.17:
   43| 000170 ld       E8620000   1     L8        gr3=.&&N&&mpipar(gr2,0)
   43| 000174 addis    3C804C00   1     LIU       gr4=19456
   43| 000178 addis    3CA05800   1     LIU       gr5=22528
   43| 00017C addi     38000001   1     LI        gr0=1
   43| 000180 addi     3884081F   1     AI        gr4=gr4,2079
   43| 000184 stw      90010080   1     ST4Z      T_2(gr1,128)=gr0
   43| 000188 addi     38A50003   1     AI        gr5=gr5,3
   43| 00018C stw      90810084   1     ST4Z      T_3(gr1,132)=gr4
   43| 000190 stw      90A10088   1     ST4Z      T_4(gr1,136)=gr5
   43| 000194 addi     3921008C   1     AI        gr9=gr1,140
   43| 000198 addi     39030020   1     AI        gr8=gr3,32
   43| 00019C addi     38E10088   1     AI        gr7=gr1,136
   43| 0001A0 addi     38C10084   1     AI        gr6=gr1,132
   43| 0001A4 addi     38A10080   1     AI        gr5=gr1,128
   43| 0001A8 addi     38810098   1     AI        gr4=gr1,152
   43| 0001AC addi     38610090   1     AI        gr3=gr1,144
   43| 0001B0 bl       48000001   1     CALL      mpi_allreduce,7,psum",gr3,dotprd",gr4,T_2",gr5,T_3",gr6,T_4",gr7,comm3d",gr8,ierror",gr9,#ProcAlias",mpi_allreduce",fcr",#MX_TEMP1",gr1,cr[01567]",gr0",gr3"-gr12",fp0"-fp13",mq",lr",xer",fsr",ca",ctr"
   43| 0001B4 ori      60000000   1
   49| 0001B8 ld       E98100F0   1     L8        gr12=#stack(gr1,240)
   48| 0001BC lfd      C8210098   1     LFL       fp1=dotprd(gr1,152)
   49| 0001C0 addi     382100E0   1     AI        gr1=gr1,224
   49| 0001C4 ld       EB61FFD8   1     L8        gr27=#stack(gr1,-40)
   49| 0001C8 ld       EB81FFE0   1     L8        gr28=#stack(gr1,-32)
   49| 0001CC mtspr    7D8803A6   1     LLR       lr=gr12
   49| 0001D0 ld       EBA1FFE8   1     L8        gr29=#stack(gr1,-24)
   49| 0001D4 ld       EBC1FFF0   1     L8        gr30=#stack(gr1,-16)
   49| 0001D8 ld       EBE1FFF8   1     L8        gr31=#stack(gr1,-8)
   49| 0001DC bclr     4E800020   1     BA        lr
    0|                              CL.85:
   37| 0001E0 lfd      C82B0008   1     LFL       fp1=v1[](gr11,8)
   37| 0001E4 lfd      C84C0008   1     LFL       fp2=v2[](gr12,8)
   37| 0001E8 lfd      C86B0010   1     LFL       fp3=v1[](gr11,16)
   37| 0001EC lfd      C88C0010   1     LFL       fp4=v2[](gr12,16)
   37| 0001F0 lfd      C8AB0018   1     LFL       fp5=v1[](gr11,24)
   37| 0001F4 lfd      C8CC0018   1     LFL       fp6=v2[](gr12,24)
    0| 0001F8 mtspr    7FA903A6   1     LCTR      ctr=gr29
   37| 0001FC lfdu     CCEB0020   1     LFDU      fp7,gr11=v1[](gr11,32)
   37| 000200 fmadd    FC0100BA   1     FMA       fp0=fp0-fp2,fcr
   37| 000204 lfdu     CC2C0020   1     LFDU      fp1,gr12=v2[](gr12,32)
   37| 000208 fmadd    FC03013A   1     FMA       fp0=fp0,fp3,fp4,fcr
   37| 00020C fmadd    FC6501BA   2     FMA       fp3=fp0,fp5,fp6,fcr
    0| 000210 bc       42400038   1     BCF       ctr=CL.107,taken=0%(0,100)
    0|                              CL.108:
   37| 000214 lfd      C80B0008   1     LFL       fp0=v1[](gr11,8)
   37| 000218 lfd      C84C0008   1     LFL       fp2=v2[](gr12,8)
   37| 00021C fmadd    FC87187A   1     FMA       fp4=fp3,fp7,fp1,fcr
   37| 000220 lfd      C82B0010   1     LFL       fp1=v1[](gr11,16)
   37| 000224 lfd      C86C0010   1     LFL       fp3=v2[](gr12,16)
   37| 000228 fmadd    FC8020BA   1     FMA       fp4=fp4,fp0,fp2,fcr
   37| 00022C lfd      C80B0018   1     LFL       fp0=v1[](gr11,24)
   37| 000230 lfd      C84C0018   1     LFL       fp2=v2[](gr12,24)
   37| 000234 fmadd    FC6120FA   1     FMA       fp3=fp4,fp1,fp3,fcr
   37| 000238 lfdu     CCEB0020   1     LFDU      fp7,gr11=v1[](gr11,32)
   37| 00023C lfdu     CC2C0020   1     LFDU      fp1,gr12=v2[](gr12,32)
   37| 000240 fmadd    FC6018BA   1     FMA       fp3=fp3,fp0,fp2,fcr
    0| 000244 bc       4200FFD0   1     BCT       ctr=CL.108,taken=100%(100,0)
    0|                              CL.107:
   40| 000248 addi     39290001   1     AI        gr9=gr9,1
   37| 00024C fmadd    FC07187A   1     FMA       fp0=fp3,fp7,fp1,fcr
   40| 000250 cmpld    7F293040   1     CL8       cr6=gr9,gr6
    0| 000254 add      7FC7F214   1     A         gr30=gr7,gr30
    0| 000258 add      7F67DA14   1     A         gr27=gr7,gr27
   40| 00025C bc       4098FEFC   1     BF        CL.19,cr6,0x8/llt,taken=20%(20,80)
   40| 000260 b        4BFFFEA4   1     B         CL.20,-1
     |               Tag Table
     | 000264        00000000 00012201 80050000 00000264
     |               Instruction count          153
     |               Straight-line exec time    154
     |               Constant Area
     | 000000        00000000

 
 
>>>>> COMPILATION UNIT EPILOGUE SECTION <<<<<
 
 
TOTAL   UNRECOVERABLE  SEVERE       ERROR     WARNING    INFORMATIONAL
               (U)       (S)         (E)        (W)          (I)
    0           0         0           0          0            0
 
>>>>> OPTIONS SECTION <<<<<
***   Options In Effect   ***
  
         ==  On / Off Options  ==
         CR              NODIRECTSTORAG  ESCAPE          I4
         INLGLUE         NOLIBESSL       NOLIBPOSIX      OBJECT
         SWAPOMP         THREADED        UNWIND          ZEROSIZE
  
         ==  Options Of Integer Type ==
         ALIAS_SIZE(65536)     MAXMEM(-1)            OPTIMIZE(3)
         SPILLSIZE(512)        STACKTEMP(0)
  
         ==  Options of Integer and Character Type ==
         CACHE(LEVEL(1),TYPE(I),ASSOC(4),COST(6),LINE(64),SIZE(16))
         CACHE(LEVEL(2),TYPE(I),ASSOC(16),COST(80),LINE(128))
         CACHE(LEVEL(1),TYPE(D),ASSOC(8),COST(6),LINE(64),SIZE(16))
         CACHE(LEVEL(2),TYPE(D),ASSOC(16),COST(80),LINE(128))
         INLINE(NOAUTO,LEVEL(5))
         HOT(FASTMATH,LEVEL(0))
         SIMD(AUTO)
  
         ==  Options Of Character Type  ==
         64()                  ALIAS(STD,NOINTPTR)   ALIGN(BINDC(LINUXPPC),STRUCT(NATURAL))
         ARCH(QP)              AUTODBL(NONE)         DESCRIPTOR(V1)
         DIRECTIVE(IBM*,IBMT)  ENUM()                FLAG(I,I)
         FLOAT(MAF,FOLD,RSQRT,FLTINT)
         FREE(F90)             GNU_VERSION(DOT_TRIPLE)
         HALT(S)               IEEE(NEAR)            INTSIZE(4)
         LIST()                LANGLVL(EXTENDED)     REALSIZE(4)
         REPORT(HOTLIST)       STRICT(NONE,NOPRECISION,NOEXCEPTIONS,NOIEEEFP,NONANS,NOINFINITIES,NOSUBNORMALS,NOZEROSIGNS,NOOPERATIONPRECISION,ORDER,NOLIBRARY,NOCONSTRUCTCOPY,NOVECTORPRECISION)
         TUNE(QP)              UNROLL(AUTO)          XFLAG()
         XLF2003(NOPOLYMORPHIC,NOBOZLITARGS,NOSIGNDZEROINTR,NOSTOPEXCEPT,NOVOLATILE,NOAUTOREALLOC,OLDNANINF)
         XLF2008(NOCHECKPRESENCE)
         XLF77(LEADZERO,BLANKPAD)
         XLF90(SIGNEDZERO,AUTODEALLOC)
  
>>>>> SOURCE SECTION <<<<<
 
>>>>> FILE TABLE SECTION <<<<<
 
 
                                       FILE CREATION        FROM
FILE NO   FILENAME                    DATE       TIME       FILE    LINE
     0    dprd.f90                    07/08/15   15:47:34
 
 
>>>>> COMPILATION EPILOGUE SECTION <<<<<
 
 
FORTRAN Summary of Diagnosed Conditions
 
TOTAL   UNRECOVERABLE  SEVERE       ERROR     WARNING    INFORMATIONAL
               (U)       (S)         (E)        (W)          (I)
    0           0         0           0          0            0
 
 
    Source records read.......................................      54
1501-510  Compilation successful for file dprd.f90.
1501-543  Object file created.
