IBM XL Fortran for Blue Gene, V14.1 (5799-AH1) Version 14.01.0000.0012 --- eos.f90 07/08/15 15:47:35
 
>>>>> OPTIONS SECTION <<<<<
***   Options In Effect   ***
  
         ==  On / Off Options  ==
         CR              NODIRECTSTORAG  ESCAPE          I4
         INLGLUE         NOLIBESSL       NOLIBPOSIX      OBJECT
         SWAPOMP         THREADED        UNWIND          ZEROSIZE
  
         ==  Options Of Integer Type ==
         ALIAS_SIZE(65536)     MAXMEM(-1)            OPTIMIZE(3)
         SPILLSIZE(512)        STACKTEMP(0)
  
         ==  Options of Integer and Character Type ==
         CACHE(LEVEL(1),TYPE(I),ASSOC(4),COST(6),LINE(64),SIZE(16))
         CACHE(LEVEL(2),TYPE(I),ASSOC(16),COST(80),LINE(128))
         CACHE(LEVEL(1),TYPE(D),ASSOC(8),COST(6),LINE(64),SIZE(16))
         CACHE(LEVEL(2),TYPE(D),ASSOC(16),COST(80),LINE(128))
         INLINE(NOAUTO,LEVEL(5))
         HOT(FASTMATH,LEVEL(0))
         SIMD(AUTO)
  
         ==  Options Of Character Type  ==
         64()                  ALIAS(STD,NOINTPTR)   ALIGN(BINDC(LINUXPPC),STRUCT(NATURAL))
         ARCH(QP)              AUTODBL(NONE)         DESCRIPTOR(V1)
         DIRECTIVE(IBM*,IBMT)  ENUM()                FLAG(I,I)
         FLOAT(MAF,FOLD,RSQRT,FLTINT)
         FREE(F90)             GNU_VERSION(DOT_TRIPLE)
         HALT(S)               IEEE(NEAR)            INTSIZE(4)
         LIST()                LANGLVL(EXTENDED)     REALSIZE(4)
         REPORT(HOTLIST)       STRICT(NONE,NOPRECISION,NOEXCEPTIONS,NOIEEEFP,NONANS,NOINFINITIES,NOSUBNORMALS,NOZEROSIGNS,NOOPERATIONPRECISION,ORDER,NOLIBRARY,NOCONSTRUCTCOPY,NOVECTORPRECISION)
         TUNE(QP)              UNROLL(AUTO)          XFLAG()
         XLF2003(NOPOLYMORPHIC,NOBOZLITARGS,NOSIGNDZEROINTR,NOSTOPEXCEPT,NOVOLATILE,NOAUTOREALLOC,OLDNANINF)
         XLF2008(NOCHECKPRESENCE)
         XLF77(LEADZERO,BLANKPAD)
         XLF90(SIGNEDZERO,AUTODEALLOC)
  
>>>>> SOURCE SECTION <<<<<
** eos   === End of Compilation 1 ===
 
>>>>> LOOP TRANSFORMATION SECTION <<<<<

1586-534 (I) Loop (loop index 1) at eos.f90 <line 30> was not SIMD vectorized because the loop is not the innermost loop.
1586-534 (I) Loop (loop index 2) at eos.f90 <line 31> was not SIMD vectorized because the loop is not the innermost loop.
1586-538 (I) Loop (loop index 3) at eos.f90 <line 32> was not SIMD vectorized because it contains unsupported loop structure.
1586-552 (I) Loop (loop index 3) at eos.f90 <line 32> was not SIMD vectorized because it contains control flow.
1586-543 (I) <SIMD info> Total number of the innermost loops considered <"1">. Total number of the innermost loops SIMD vectorized <"0">.


    10|         SUBROUTINE eos (ibeg, iend, jbeg, jend, kbeg, kend)
    30|           IF ((1 + (int(kend) - int(kbeg)) > 0)) THEN
                    $$CIV2 = 0
       Id=1         DO $$CIV2 = $$CIV2, int((1 + (int(kend) - int(kbeg))))-1
    31|               IF ((1 + (int(jend) - int(jbeg)) > 0)) THEN
                        $$CIV1 = 0
       Id=2             DO $$CIV1 = $$CIV1, int((1 + (int(jend) - int(jbeg))))&
                &           -1
    32|                   IF ((1 + (int(iend) - int(ibeg)) > 0)) THEN
                            $$CIV0 = 0
       Id=3                 DO $$CIV0 = $$CIV0, int((1 + (int(iend) - int(&
                &               ibeg))))-1
    33|                       IF (.NOT.(leos == 1)) GOTO lab_4
    34|                       IF (.NOT.(0 <> ((xiso  .XOR.  1)  .AND.  1))) &
                &               GOTO lab_5
    35|                       IF (.NOT.(0 <> ((xtotnrg  .XOR.  1)  .AND.  1))) &
                &               GOTO lab_6
    36|                       d-p%addr%p(int(ibeg) + $$CIV0,int(jbeg) + $$CIV1,&
                &               int(kbeg) + $$CIV2) = gamm1 * d-e%addr%e(int(ibeg)&
                &                + $$CIV0,int(jbeg) + $$CIV1,int(kbeg) + $$CIV2)
    37|                       GOTO lab_8
                              lab_6
    38|                       d-p%addr%p(int(ibeg) + $$CIV0,int(jbeg) + $$CIV1,&
                &               int(kbeg) + $$CIV2) = gamm1 * (d-e%addr%e(int(&
                &               ibeg) + $$CIV0,int(jbeg) + $$CIV1,int(kbeg) + &
                &               $$CIV2) - ( 1.2500000000000000E-001 * d-d%addr%d(&
                &               int(ibeg) + $$CIV0,int(jbeg) + $$CIV1,int(kbeg) + &
                &               $$CIV2)) * (((d-v1%addr%v1(int(ibeg) + $$CIV0,int(&
                &               jbeg) + $$CIV1,int(kbeg) + $$CIV2) + d-v1%addr%v1(&
                &               1 + ($$CIV0 + int(ibeg)),int(jbeg) + $$CIV1,int(&
                &               kbeg) + $$CIV2)) * (d-v1%addr%v1(int(ibeg) + &
                &               $$CIV0,int(jbeg) + $$CIV1,int(kbeg) + $$CIV2) + &
                &               d-v1%addr%v1(1 + ($$CIV0 + int(ibeg)),int(jbeg) + &
                &               $$CIV1,int(kbeg) + $$CIV2)) + (d-v2%addr%v2(int(&
                &               ibeg) + $$CIV0,int(jbeg) + $$CIV1,int(kbeg) + &
                &               $$CIV2) + d-v2%addr%v2(int(ibeg) + $$CIV0,1 + (&
                &               $$CIV1 + int(jbeg)),int(kbeg) + $$CIV2)) * (&
                &               d-v2%addr%v2(int(ibeg) + $$CIV0,int(jbeg) + &
                &               $$CIV1,int(kbeg) + $$CIV2) + d-v2%addr%v2(int(&
                &               ibeg) + $$CIV0,1 + ($$CIV1 + int(jbeg)),int(kbeg) &
                &               + $$CIV2))) + (d-v3%addr%v3(int(ibeg) + $$CIV0,&
                &               int(jbeg) + $$CIV1,int(kbeg) + $$CIV2) + &
                &               d-v3%addr%v3(int(ibeg) + $$CIV0,int(jbeg) + &
                &               $$CIV1,1 + ($$CIV2 + int(kbeg)))) * (d-v3%addr%v3(&
                &               int(ibeg) + $$CIV0,int(jbeg) + $$CIV1,int(kbeg) + &
                &               $$CIV2) + d-v3%addr%v3(int(ibeg) + $$CIV0,int(&
                &               jbeg) + $$CIV1,1 + ($$CIV2 + int(kbeg))))))
    45|                       GOTO lab_8
                              lab_5
    46|                       d-p%addr%p(int(ibeg) + $$CIV0,int(jbeg) + $$CIV1,&
                &               int(kbeg) + $$CIV2) = (ciso * ciso) * d-d%addr%d(&
                &               int(ibeg) + $$CIV0,int(jbeg) + $$CIV1,int(kbeg) + &
                &               $$CIV2)
    47|                       lab_8
    48|                       lab_4
    49|                     ENDDO
                          ENDIF
    50|                 ENDDO
                      ENDIF
    51|             ENDDO
                  ENDIF
    54|           RETURN
                END SUBROUTINE eos


Source        Source        Loop Id       Action / Information                                      
File          Line                                                                                  
----------    ----------    ----------    ----------------------------------------------------------
         0            30             1    Loop was not SIMD vectorized because the loop is not 
                                          the innermost loop.
         0            31             2    Loop was not SIMD vectorized because the loop is not 
                                          the innermost loop.
         0            32             3    Loop was not SIMD vectorized because it contains 
                                          unsupported loop structure.
         0            32             3    Loop was not SIMD vectorized because it contains 
                                          control flow.


    10|         SUBROUTINE eos (ibeg, iend, jbeg, jend, kbeg, kend)
    30|           IF ((1 + (int(kend) - int(kbeg)) > 0)) THEN
                    $$CIV2 = 0
       Id=1         DO $$CIV2 = $$CIV2, int((1 + (int(kend) - int(kbeg))))-1
    31|               IF ((1 + (int(jend) - int(jbeg)) > 0)) THEN
                        $$CIV1 = 0
       Id=2             DO $$CIV1 = $$CIV1, int((1 + (int(jend) - int(jbeg))))&
                &           -1
    32|                   IF ((1 + (int(iend) - int(ibeg)) > 0)) THEN
                            $$CIV0 = 0
       Id=3                 DO $$CIV0 = $$CIV0, int((1 + (int(iend) - int(&
                &               ibeg))))-1
    33|                       IF (.NOT.(leos == 1)) GOTO lab_4
    34|                       IF (.NOT.(0 <> ((xiso  .XOR.  1)  .AND.  1))) &
                &               GOTO lab_5
    35|                       IF (.NOT.(0 <> ((xtotnrg  .XOR.  1)  .AND.  1))) &
                &               GOTO lab_6
    36|                       d-p%addr%p(int(ibeg) + $$CIV0,int(jbeg) + $$CIV1,&
                &               int(kbeg) + $$CIV2) = gamm1 * d-e%addr%e(int(ibeg)&
                &                + $$CIV0,int(jbeg) + $$CIV1,int(kbeg) + $$CIV2)
    37|                       GOTO lab_8
                              lab_6
    38|                       $$csx0 = d-v3%addr%v3(int(ibeg) + $$CIV0,int(jbeg)&
                &                + $$CIV1,int(kbeg) + $$CIV2) + d-v3%addr%v3(int(&
                &               ibeg) + $$CIV0,int(jbeg) + $$CIV1,1 + ($$CIV2 + &
                &               int(kbeg)))
                              $$csx1 = d-v2%addr%v2(int(ibeg) + $$CIV0,int(jbeg)&
                &                + $$CIV1,int(kbeg) + $$CIV2) + d-v2%addr%v2(int(&
                &               ibeg) + $$CIV0,1 + ($$CIV1 + int(jbeg)),int(kbeg) &
                &               + $$CIV2)
                              $$csx2 = d-v1%addr%v1(int(ibeg) + $$CIV0,int(jbeg)&
                &                + $$CIV1,int(kbeg) + $$CIV2) + d-v1%addr%v1(1 + (&
                &               $$CIV0 + int(ibeg)),int(jbeg) + $$CIV1,int(kbeg) &
                &               + $$CIV2)
                              d-p%addr%p(int(ibeg) + $$CIV0,int(jbeg) + $$CIV1,&
                &               int(kbeg) + $$CIV2) = gamm1 * (d-e%addr%e(int(&
                &               ibeg) + $$CIV0,int(jbeg) + $$CIV1,int(kbeg) + &
                &               $$CIV2) - ( 1.2500000000000000E-001 * d-d%addr%d(&
                &               int(ibeg) + $$CIV0,int(jbeg) + $$CIV1,int(kbeg) + &
                &               $$CIV2)) * (($$csx2 * $$csx2 + $$csx1 * $$csx1) + &
                &               $$csx0 * $$csx0))
    45|                       GOTO lab_8
                              lab_5
    46|                       d-p%addr%p(int(ibeg) + $$CIV0,int(jbeg) + $$CIV1,&
                &               int(kbeg) + $$CIV2) = (ciso * ciso) * d-d%addr%d(&
                &               int(ibeg) + $$CIV0,int(jbeg) + $$CIV1,int(kbeg) + &
                &               $$CIV2)
    47|                       lab_8
    48|                       lab_4
    49|                     ENDDO
                          ENDIF
    50|                 ENDDO
                      ENDIF
    51|             ENDDO
                  ENDIF
    54|           RETURN
                END SUBROUTINE eos

 
 
>>>>> OBJECT SECTION <<<<<
 GPR's set/used:   ssus ssss ssss s-ss  ssss ssss ssss ssss
 FPR's set/used:   ssss ssss sss- ----  ---- ---- ---- ----
 CCR's set/used:   ss-- -sss
     | 000000                           PDEF     eos
   10|                                  PROC      .ibeg,.iend,.jbeg,.jend,.kbeg,.kend,gr3-gr8
    0| 000000 std      FBE1FFF8   1     ST8       #stack(gr1,-8)=gr31
    0| 000004 std      FBC1FFF0   1     ST8       #stack(gr1,-16)=gr30
    0| 000008 std      FBA1FFE8   1     ST8       #stack(gr1,-24)=gr29
    0| 00000C std      FB81FFE0   1     ST8       #stack(gr1,-32)=gr28
    0| 000010 std      FB61FFD8   1     ST8       #stack(gr1,-40)=gr27
    0| 000014 std      FB41FFD0   1     ST8       #stack(gr1,-48)=gr26
    0| 000018 std      FB21FFC8   1     ST8       #stack(gr1,-56)=gr25
    0| 00001C std      FB01FFC0   1     ST8       #stack(gr1,-64)=gr24
    0| 000020 std      FAE1FFB8   1     ST8       #stack(gr1,-72)=gr23
    0| 000024 std      FAC1FFB0   1     ST8       #stack(gr1,-80)=gr22
    0| 000028 std      FAA1FFA8   1     ST8       #stack(gr1,-88)=gr21
    0| 00002C std      FA81FFA0   1     ST8       #stack(gr1,-96)=gr20
    0| 000030 std      FA61FF98   1     ST8       #stack(gr1,-104)=gr19
    0| 000034 std      FA41FF90   1     ST8       #stack(gr1,-112)=gr18
    0| 000038 std      FA21FF88   1     ST8       #stack(gr1,-120)=gr17
    0| 00003C std      FA01FF80   1     ST8       #stack(gr1,-128)=gr16
    0| 000040 std      F9E1FF78   1     ST8       #stack(gr1,-136)=gr15
    0| 000044 std      F9C1FF70   1     ST8       #stack(gr1,-144)=gr14
    0| 000048 stdu     F821FE01   1     ST8U      gr1,#stack(gr1,-512)=gr1
    0| 00004C lwa      E8E70002   1     L4A       gr7=kbeg(gr7,0)
    0| 000050 lwa      E8080002   1     L4A       gr0=kend(gr8,0)
    0| 000054 subf     7D070050   1     S         gr8=gr0,gr7
    0| 000058 addic.   35280001   1     AI_R      gr9,cr0=gr8,1,ca"
    0| 00005C std      F9210088   1     ST8       #SPILL0(gr1,136)=gr9
   30| 000060 bc       40810458   1     BF        CL.140,cr0,0x2/gt,taken=30%(30,70)
   38| 000064 ld       E9820000   1     L8        gr12=.&&N&field(gr2,0)
   30| 000068 lwa      E9650002   1     L4A       gr11=jbeg(gr5,0)
   30| 00006C lwa      E9060002   1     L4A       gr8=jend(gr6,0)
   33| 000070 ld       EBC20000   1     L8        gr30=.&&N&&config(gr2,0)
   36| 000074 ld       EB820000   1     L8        gr28=.&&N&&root(gr2,0)
   30| 000078 addi     3B400000   1     LI        gr26=0
   36| 00007C ld       E94C0118   1     L8        gr10=<s22:d280:l8>(gr12,280)
   30| 000080 std      FB410090   1     ST8       #SPILL1(gr1,144)=gr26
   36| 000084 ld       E92C0100   1     L8        gr9=<s22:d256:l8>(gr12,256)
   38| 000088 ld       EB0C01D0   1     L8        gr24=<s22:d464:l8>(gr12,464)
   34| 00008C lwa      EA7E0046   1     L4A       gr19=<s77:d68:l4>(gr30,68)
   36| 000090 ld       EBEC00B0   1     L8        gr31=<s22:d176:l8>(gr12,176)
   36| 000094 std      F94100C8   1     ST8       #SPILL8(gr1,200)=gr10
   30| 000098 subf     7D4B4050   1     S         gr10=gr8,gr11
   36| 00009C std      F92100C0   1     ST8       #SPILL7(gr1,192)=gr9
   38| 0000A0 ld       E90C0270   1     L8        gr8=<s22:d624:l8>(gr12,624)
   38| 0000A4 ld       E92C0288   1     L8        gr9=<s22:d648:l8>(gr12,648)
   34| 0000A8 std      FA6100F0   1     ST8       #SPILL13(gr1,240)=gr19
   30| 0000AC addic.   37AA0001   1     AI_R      gr29,cr0=gr10,1,ca"
   38| 0000B0 std      FB010098   1     ST8       #SPILL2(gr1,152)=gr24
   30| 0000B4 std      FBA100E0   1     ST8       #SPILL11(gr1,224)=gr29
   35| 0000B8 lwa      EBBE0042   1     L4A       gr29=<s77:d64:l4>(gr30,64)
   38| 0000BC ld       EACC0238   1     L8        gr22=<s22:d568:l8>(gr12,568)
   38| 0000C0 ld       EA8C0048   1     L8        gr20=<s22:d72:l8>(gr12,72)
   38| 0000C4 ld       EA4C02A0   1     L8        gr18=<s22:d672:l8>(gr12,672)
    0| 0000C8 add      7E684A14   1     A         gr19=gr8,gr9
    0| 0000CC mulld    7D07C1D2   1     M         gr8=gr7,gr24
    0| 0000D0 ld       EB0C0100   1     L8        gr24=<s22:d256:l8>(gr12,256)
   38| 0000D4 ld       EAAC0030   1     L8        gr21=<s22:d48:l8>(gr12,48)
   36| 0000D8 std      FBE100D8   1     ST8       #SPILL10(gr1,216)=gr31
   36| 0000DC ld       EBEC0068   1     L8        gr31=<s22:d104:l8>(gr12,104)
   33| 0000E0 lwa      EB3E0022   1     L4A       gr25=<s77:d32:l4>(gr30,32)
   36| 0000E4 ld       EBCC0080   1     L8        gr30=<s22:d128:l8>(gr12,128)
    0| 0000E8 rlwinm   57AE07FE   1     RN4       gr14=gr29,0,0x1
   38| 0000EC ld       E80C01E8   1     L8        gr0=<s22:d488:l8>(gr12,488)
   38| 0000F0 std      FAC100A0   1     ST8       #SPILL3(gr1,160)=gr22
   38| 0000F4 ld       E8AC0250   1     L8        gr5=<s22:d592:l8>(gr12,592)
   38| 0000F8 ld       E8CC02B8   1     L8        gr6=<s22:d696:l8>(gr12,696)
   38| 0000FC std      FAA100A8   1     ST8       #SPILL4(gr1,168)=gr21
   38| 000100 std      FA8100B0   1     ST8       #SPILL5(gr1,176)=gr20
   36| 000104 ld       E9EC0098   1     L8        gr15=<s22:d152:l8>(gr12,152)
   38| 000108 std      FA4100D0   1     ST8       #SPILL9(gr1,208)=gr18
    0| 00010C std      F9C100F8   1     ST8       #SPILL14(gr1,248)=gr14
    0| 000110 mulld    7DC791D2   1     M         gr14=gr7,gr18
    0| 000114 mulld    7D27B1D2   1     M         gr9=gr7,gr22
    0| 000118 add      7E5EFA14   1     A         gr18=gr30,gr31
    0| 00011C mulld    7FE7C1D2   1     M         gr31=gr7,gr24
    0| 000120 ld       EACC0118   1     L8        gr22=<s22:d280:l8>(gr12,280)
    0| 000124 mulld    7EABA1D2   1     M         gr21=gr11,gr20
    0| 000128 ld       EA8C0030   1     L8        gr20=<s22:d48:l8>(gr12,48)
    0| 00012C ld       EB0C00B0   1     L8        gr24=<s22:d176:l8>(gr12,176)
   36| 000130 std      F9E100B8   1     ST8       #SPILL6(gr1,184)=gr15
   38| 000134 ld       EB6C01A0   1     L8        gr27=<s22:d416:l8>(gr12,416)
   38| 000138 ld       E94C0208   1     L8        gr10=<s22:d520:l8>(gr12,520)
   36| 00013C lfd      C81C00E8   1     LFL       fp0=<s82:d232:l8>(gr28,232)
   46| 000140 lfd      C83C0018   1     LFL       fp1=<s82:d24:l8>(gr28,24)
    0| 000144 mulld    7FA059D2   1     M         gr29=gr0,gr11
    0| 000148 mulld    7F8559D2   1     M         gr28=gr5,gr11
    0| 00014C mulld    7F4659D2   1     M         gr26=gr6,gr11
    0| 000150 mulld    7FCBB1D2   1     M         gr30=gr11,gr22
    0| 000154 mulld    7EC7A1D2   1     M         gr22=gr7,gr20
    0| 000158 mulld    7E8779D2   1     M         gr20=gr7,gr15
   38| 00015C ld       E8EC01B8   1     L8        gr7=<s22:d440:l8>(gr12,440)
    0| 000160 mulld    7DEBC1D2   1     M         gr15=gr11,gr24
   38| 000164 ld       E96C0220   1     L8        gr11=<s22:d544:l8>(gr12,544)
   38| 000168 ld       EA0C0000   1     L8        gr16=<s22:d0:l8>(gr12,0)
   36| 00016C ld       EAEC00D0   1     L8        gr23=<s22:d208:l8>(gr12,208)
   33| 000170 std      FB2100E8   1     ST8       #SPILL12(gr1,232)=gr25
   36| 000174 ld       EB2C00E8   1     L8        gr25=<s22:d232:l8>(gr12,232)
   38| 000178 ld       EA2C0018   1     L8        gr17=<s22:d24:l8>(gr12,24)
    0| 00017C add      7F07DA14   1     A         gr24=gr7,gr27
   38| 000180 ld       E8EC0060   1     L8        gr7=<s22:d96:l8>(gr12,96)
    0| 000184 add      7FA8EA14   1     A         gr29=gr8,gr29
   36| 000188 ld       E90C00C8   1     L8        gr8=<s22:d200:l8>(gr12,200)
    0| 00018C add      7F69E214   1     A         gr27=gr9,gr28
   36| 000190 ld       E92C0130   1     L8        gr9=<s22:d304:l8>(gr12,304)
    0| 000194 add      7F8A5A14   1     A         gr28=gr10,gr11
   38| 000198 ld       E94C0200   1     L8        gr10=<s22:d512:l8>(gr12,512)
    0| 00019C add      7F5A9A14   1     A         gr26=gr26,gr19
   38| 0001A0 ld       E96C0268   1     L8        gr11=<s22:d616:l8>(gr12,616)
   38| 0001A4 ld       E98C02D0   1     L8        gr12=<s22:d720:l8>(gr12,720)
    0| 0001A8 bc       40810278   1     BF        CL.46,cr0,0x2/gt,taken=20%(20,80)
    0| 0001AC lwa      E8840002   1     L4A       gr4=iend(gr4,0)
    0| 0001B0 lwa      E8630002   1     L4A       gr3=ibeg(gr3,0)
    0| 0001B4 ld       EA620000   1     L8        gr19=.+CONSTANT_AREA(gr2,0)
    0| 0001B8 add      7EF7CA14   1     A         gr23=gr23,gr25
    0| 0001BC add      7F32A214   1     A         gr25=gr18,gr20
    0| 0001C0 std      F8810108   1     ST8       #SPILL16(gr1,264)=gr4
    0| 0001C4 add      7C9EFA14   1     A         gr4=gr30,gr31
    0| 0001C8 add      7FF5B214   1     A         gr31=gr21,gr22
    0| 0001CC std      F8610100   1     ST8       #SPILL15(gr1,256)=gr3
    0| 0001D0 add      7FD08A14   1     A         gr30=gr16,gr17
    0| 0001D4 add      7EB8EA14   1     A         gr21=gr24,gr29
    0| 0001D8 ld       EAC10108   1     L8        gr22=#SPILL16(gr1,264)
    0| 0001DC subf     7C63B050   1     S         gr3=gr22,gr3
    0| 0001E0 ld       EA2100D0   1     L8        gr17=#SPILL9(gr1,208)
    0| 0001E4 add      7FBBE214   1     A         gr29=gr27,gr28
    0| 0001E8 add      7F8ED214   1     A         gr28=gr14,gr26
    0| 0001EC std      FAA10110   1     ST8       #SPILL17(gr1,272)=gr21
    0| 0001F0 add      7F0FCA14   1     A         gr24=gr15,gr25
    0| 0001F4 ld       E9E100E8   1     L8        gr15=#SPILL12(gr1,232)
    0| 0001F8 std      FBA10118   1     ST8       #SPILL18(gr1,280)=gr29
    0| 0001FC lfs      C0530000   1     LFS       fp2=+CONSTANT_AREA(gr19,0)
    0| 000200 ld       E9C100F8   1     L8        gr14=#SPILL14(gr1,248)
    0| 000204 std      FB810120   1     ST8       #SPILL19(gr1,288)=gr28
    0| 000208 ld       EA6100F0   1     L8        gr19=#SPILL13(gr1,240)
    0| 00020C add      7E8AAA14   1     A         gr20=gr10,gr21
    0| 000210 std      FB010138   1     ST8       #SPILL22(gr1,312)=gr24
    0| 000214 add      7E45EA14   1     A         gr18=gr5,gr29
    0| 000218 add      7E11E214   1     A         gr16=gr17,gr28
    0| 00021C std      FA810140   1     ST8       #SPILL23(gr1,320)=gr20
    0| 000220 std      FA410148   1     ST8       #SPILL24(gr1,328)=gr18
    0| 000224 addic.   34630001   1     AI_R      gr3,cr0=gr3,1,ca"
    0| 000228 std      FA010150   1     ST8       #SPILL25(gr1,336)=gr16
    0| 00022C add      7F64BA14   1     A         gr27=gr4,gr23
    0| 000230 add      7F5EFA14   1     A         gr26=gr30,gr31
    0| 000234 std      FB610128   1     ST8       #SPILL20(gr1,296)=gr27
    0| 000238 std      FB410130   1     ST8       #SPILL21(gr1,304)=gr26
    0| 00023C mcrf     4C800000   1     LRCR      cr1=cr0
    0| 000240 cmpwi    2F0F0001   1     C4        cr6=gr15,1
    0| 000244 cmpdi    2EAE0000   1     C8        cr5=gr14,0
    0| 000248 andi.    72630001   1     RN4_R     gr3,cr0=gr19,0,0x1
    0| 00024C ori      60210000   1     XNOP      
   30|                              CL.19:
    0| 000250 ld       EB810100   1     L8        gr28=#SPILL15(gr1,256)
   31| 000254 addi     38600000   1     LI        gr3=0
    0| 000258 mulld    7FCCE1D2   1     M         gr30=gr12,gr28
    0| 00025C mulld    7FEBE1D2   1     M         gr31=gr11,gr28
    0| 000260 mulld    7C8AE1D2   1     M         gr4=gr10,gr28
    0| 000264 mulld    7FA8E1D2   1     M         gr29=gr8,gr28
    0| 000268 mulld    7F67E1D2   1     M         gr27=gr7,gr28
    0| 00026C mulld    7F49E1D2   1     M         gr26=gr9,gr28
    0| 000270 bc       40850114   1     BF        CL.20,cr1,0x2/gt,taken=20%(20,80)
    0| 000274 ld       EB010108   1     L8        gr24=#SPILL16(gr1,264)
    0| 000278 subfic   239C0001   1     SFI       gr28=1,gr28,ca"
    0| 00027C ld       EB210120   1     L8        gr25=#SPILL19(gr1,288)
    0| 000280 ld       EA410148   1     L8        gr18=#SPILL24(gr1,328)
    0| 000284 ld       EA010140   1     L8        gr16=#SPILL23(gr1,320)
    0| 000288 add      7ED8E214   1     A         gr22=gr24,gr28
    0| 00028C ld       EB810150   1     L8        gr28=#SPILL25(gr1,336)
    0| 000290 add      7EF9F214   1     A         gr23=gr25,gr30
    0| 000294 add      7E72FA14   1     A         gr19=gr18,gr31
    0| 000298 add      7E248214   1     A         gr17=gr4,gr16
    0| 00029C add      7EBCF214   1     A         gr21=gr28,gr30
    0| 0002A0 ld       EBC10118   1     L8        gr30=#SPILL18(gr1,280)
    0| 0002A4 add      7E9EFA14   1     A         gr20=gr30,gr31
    0| 0002A8 ld       EBE10110   1     L8        gr31=#SPILL17(gr1,272)
    0| 0002AC add      7E44FA14   1     A         gr18=gr4,gr31
    0| 0002B0 ld       E8810138   1     L8        gr4=#SPILL22(gr1,312)
    0| 0002B4 add      7E04EA14   1     A         gr16=gr4,gr29
    0| 0002B8 ld       EBA10130   1     L8        gr29=#SPILL21(gr1,304)
    0| 0002BC add      7DFBEA14   1     A         gr15=gr27,gr29
    0| 0002C0 ld       EB610128   1     L8        gr27=#SPILL20(gr1,296)
    0| 0002C4 add      7DDADA14   1     A         gr14=gr26,gr27
   31|                              CL.21:
    0| 0002C8 bc       409A007C   1     BF        CL.22,cr6,0x4/eq,taken=20%(20,80)
    0| 0002CC or       7DC47378   1     LR        gr4=gr14
    0| 0002D0 or       7DFF7B78   1     LR        gr31=gr15
    0| 0002D4 or       7E1E8378   1     LR        gr30=gr16
    0| 0002D8 or       7E3D8B78   1     LR        gr29=gr17
    0| 0002DC or       7E5C9378   1     LR        gr28=gr18
    0| 0002E0 or       7E7B9B78   1     LR        gr27=gr19
    0| 0002E4 or       7E9AA378   1     LR        gr26=gr20
    0| 0002E8 or       7EB9AB78   1     LR        gr25=gr21
    0| 0002EC or       7EF8BB78   1     LR        gr24=gr23
    0| 0002F0 mtspr    7EC903A6   1     LCTR      ctr=gr22
   32|                              CL.23:
   34| 0002F4 bc       40820018   1     BF        CL.5,cr0,0x4/eq,taken=50%(0,0)
    0| 0002F8 lfd      C87E0000   1     LFL       fp3=e(gr30,0)
   35| 0002FC bc       40960174   1     BF        CL.6,cr5,0x4/eq,taken=50%(0,0)
   36| 000300 fmul     FC6000F2   1     MFL       fp3=fp0,fp3,fcr
   36| 000304 stfd     D8640000   1     STFL      p(gr4,0)=fp3
    0| 000308 b        48000014   1     B         CL.4,-1
   45|                              CL.5:
   46| 00030C lfd      C87F0000   1     LFL       fp3=d(gr31,0)
   46| 000310 fmul     FC810072   1     MFL       fp4=fp1,fp1,fcr
   46| 000314 fmul     FC630132   2     MFL       fp3=fp3,fp4,fcr
   46| 000318 stfd     D8640000   1     STFL      p(gr4,0)=fp3
   48|                              CL.4:
    0| 00031C add      7C844A14   1     A         gr4=gr4,gr9
    0| 000320 add      7FE7FA14   1     A         gr31=gr7,gr31
    0| 000324 add      7FC8F214   1     A         gr30=gr8,gr30
    0| 000328 add      7FAAEA14   1     A         gr29=gr10,gr29
    0| 00032C add      7F8AE214   1     A         gr28=gr10,gr28
    0| 000330 add      7F6BDA14   1     A         gr27=gr11,gr27
    0| 000334 add      7F4BD214   1     A         gr26=gr11,gr26
    0| 000338 add      7F2CCA14   1     A         gr25=gr12,gr25
    0| 00033C add      7F0CC214   1     A         gr24=gr12,gr24
    0| 000340 bc       4200FFB4   1     BCT       ctr=CL.23,taken=100%(100,0)
   49|                              CL.22:
   50| 000344 ld       E88100E0   1     L8        gr4=#SPILL11(gr1,224)
    0| 000348 ld       EBE100D8   1     L8        gr31=#SPILL10(gr1,216)
    0| 00034C ld       EBC100B0   1     L8        gr30=#SPILL5(gr1,176)
    0| 000350 ld       EBA100C8   1     L8        gr29=#SPILL8(gr1,200)
   50| 000354 addi     38630001   1     AI        gr3=gr3,1
    0| 000358 add      7EE6BA14   1     A         gr23=gr6,gr23
   50| 00035C cmpld    7FA32040   1     CL8       cr7=gr3,gr4
    0| 000360 add      7EA6AA14   1     A         gr21=gr6,gr21
    0| 000364 add      7E85A214   1     A         gr20=gr5,gr20
    0| 000368 add      7E659A14   1     A         gr19=gr5,gr19
    0| 00036C add      7E409214   1     A         gr18=gr0,gr18
    0| 000370 add      7E208A14   1     A         gr17=gr0,gr17
    0| 000374 add      7E10FA14   1     A         gr16=gr16,gr31
    0| 000378 add      7DEFF214   1     A         gr15=gr15,gr30
    0| 00037C add      7DCEEA14   1     A         gr14=gr14,gr29
   50| 000380 bc       419CFF48   1     BT        CL.21,cr7,0x8/llt,taken=80%(80,20)
   50|                              CL.20:
   51| 000384 ld       E8610090   1     L8        gr3=#SPILL1(gr1,144)
    0| 000388 ld       E88100C0   1     L8        gr4=#SPILL7(gr1,192)
    0| 00038C ld       EBE10128   1     L8        gr31=#SPILL20(gr1,296)
   51| 000390 ld       EBC10088   1     L8        gr30=#SPILL0(gr1,136)
    0| 000394 ld       EBA100A8   1     L8        gr29=#SPILL4(gr1,168)
    0| 000398 ld       EB810130   1     L8        gr28=#SPILL21(gr1,304)
    0| 00039C ld       EB6100B8   1     L8        gr27=#SPILL6(gr1,184)
    0| 0003A0 ld       EB410138   1     L8        gr26=#SPILL22(gr1,312)
    0| 0003A4 ld       EB210098   1     L8        gr25=#SPILL2(gr1,152)
    0| 0003A8 ld       EB010140   1     L8        gr24=#SPILL23(gr1,320)
    0| 0003AC ld       EAE10110   1     L8        gr23=#SPILL17(gr1,272)
    0| 0003B0 ld       EAC100A0   1     L8        gr22=#SPILL3(gr1,160)
    0| 0003B4 ld       EAA10148   1     L8        gr21=#SPILL24(gr1,328)
    0| 0003B8 ld       EA810118   1     L8        gr20=#SPILL18(gr1,280)
    0| 0003BC ld       EA6100D0   1     L8        gr19=#SPILL9(gr1,208)
    0| 0003C0 ld       EA410120   1     L8        gr18=#SPILL19(gr1,288)
    0| 0003C4 ld       EA210150   1     L8        gr17=#SPILL25(gr1,336)
   51| 0003C8 addi     38630001   1     AI        gr3=gr3,1
    0| 0003CC add      7FE4FA14   1     A         gr31=gr4,gr31
   51| 0003D0 std      F8610090   1     ST8       #SPILL1(gr1,144)=gr3
    0| 0003D4 std      FBE10128   1     ST8       #SPILL20(gr1,296)=gr31
   51| 0003D8 cmpld    7FA3F040   1     CL8       cr7=gr3,gr30
    0| 0003DC add      7F9CEA14   1     A         gr28=gr28,gr29
    0| 0003E0 add      7F5ADA14   1     A         gr26=gr26,gr27
    0| 0003E4 std      FB810130   1     ST8       #SPILL21(gr1,304)=gr28
    0| 0003E8 std      FB410138   1     ST8       #SPILL22(gr1,312)=gr26
    0| 0003EC add      7F18CA14   1     A         gr24=gr24,gr25
    0| 0003F0 add      7EF7CA14   1     A         gr23=gr23,gr25
    0| 0003F4 std      FB010140   1     ST8       #SPILL23(gr1,320)=gr24
    0| 0003F8 std      FAE10110   1     ST8       #SPILL17(gr1,272)=gr23
    0| 0003FC add      7EB5B214   1     A         gr21=gr21,gr22
    0| 000400 add      7E94B214   1     A         gr20=gr20,gr22
    0| 000404 std      FAA10148   1     ST8       #SPILL24(gr1,328)=gr21
    0| 000408 std      FA810118   1     ST8       #SPILL18(gr1,280)=gr20
    0| 00040C add      7E529A14   1     A         gr18=gr18,gr19
    0| 000410 add      7E319A14   1     A         gr17=gr17,gr19
    0| 000414 std      FA410120   1     ST8       #SPILL19(gr1,288)=gr18
    0| 000418 std      FA210150   1     ST8       #SPILL25(gr1,336)=gr17
   51| 00041C bc       419CFE34   1     BT        CL.19,cr7,0x8/llt,taken=80%(80,20)
   54|                              CL.46:
   54| 000420 ld       E9C10170   1     L8        gr14=#stack(gr1,368)
   54| 000424 ld       E9E10178   1     L8        gr15=#stack(gr1,376)
   54| 000428 ld       EA010180   1     L8        gr16=#stack(gr1,384)
   54| 00042C ld       EA210188   1     L8        gr17=#stack(gr1,392)
   54| 000430 ld       EA410190   1     L8        gr18=#stack(gr1,400)
   54| 000434 ld       EA610198   1     L8        gr19=#stack(gr1,408)
   54| 000438 ld       EA8101A0   1     L8        gr20=#stack(gr1,416)
   54| 00043C ld       EAA101A8   1     L8        gr21=#stack(gr1,424)
   54| 000440 ld       EAC101B0   1     L8        gr22=#stack(gr1,432)
   54| 000444 ld       EAE101B8   1     L8        gr23=#stack(gr1,440)
   54| 000448 ld       EB0101C0   1     L8        gr24=#stack(gr1,448)
   54| 00044C ld       EB2101C8   1     L8        gr25=#stack(gr1,456)
   54| 000450 ld       EB4101D0   1     L8        gr26=#stack(gr1,464)
   54| 000454 ld       EB6101D8   1     L8        gr27=#stack(gr1,472)
   54| 000458 ld       EB8101E0   1     L8        gr28=#stack(gr1,480)
   54| 00045C ld       EBA101E8   1     L8        gr29=#stack(gr1,488)
   54| 000460 ld       EBC101F0   1     L8        gr30=#stack(gr1,496)
   54| 000464 ld       EBE101F8   1     L8        gr31=#stack(gr1,504)
   54| 000468 addi     38210200   1     AI        gr1=gr1,512
   54| 00046C bclr     4E800020   1     BA        lr
   37|                              CL.6:
   38| 000470 lfd      C89A0000   1     LFL       fp4=v2(gr26,0)
   38| 000474 lfd      C8BB0000   1     LFL       fp5=v2(gr27,0)
   38| 000478 lfd      C8DC0000   1     LFL       fp6=v1(gr28,0)
   38| 00047C lfd      C8FD0000   1     LFL       fp7=v1(gr29,0)
   38| 000480 lfd      C9180000   1     LFL       fp8=v3(gr24,0)
   38| 000484 lfd      C9390000   1     LFL       fp9=v3(gr25,0)
   38| 000488 lfd      C95F0000   1     LFL       fp10=d(gr31,0)
   38| 00048C fadd     FC84282A   1     AFL       fp4=fp4,fp5,fcr
   38| 000490 fadd     FCA6382A   2     AFL       fp5=fp6,fp7,fcr
   38| 000494 fadd     FCC8482A   2     AFL       fp6=fp8,fp9,fcr
   38| 000498 fmul     FCEA00B2   2     MFL       fp7=fp10,fp2,fcr
   38| 00049C fmul     FC840132   2     MFL       fp4=fp4,fp4,fcr
   38| 0004A0 fmadd    FC85217A   2     FMA       fp4=fp4,fp5,fp5,fcr
   38| 0004A4 fmadd    FC8621BA   2     FMA       fp4=fp4,fp6,fp6,fcr
   38| 0004A8 fnmsub   FC67193C   2     FNMS      fp3=fp3,fp7,fp4,fcr
   38| 0004AC fmul     FC6000F2   2     MFL       fp3=fp0,fp3,fcr
   38| 0004B0 stfd     D8640000   1     STFL      p(gr4,0)=fp3
   45| 0004B4 b        4BFFFE68   1     B         CL.4,-1
   30|                              CL.140:
   54| 0004B8 addi     38210200   1     AI        gr1=gr1,512
   54| 0004BC bclr     4E800020   1     BA        lr
     |               Tag Table
     | 0004C0        00000000 00012200 80120000 000004C0
     |               Instruction count          304
     |               Straight-line exec time    313
     |               Constant Area
     | 000000        3E000000

 
 
>>>>> FILE TABLE SECTION <<<<<
 
 
                                       FILE CREATION        FROM
FILE NO   FILENAME                    DATE       TIME       FILE    LINE
     0    eos.f90                     07/08/15   15:47:35
 
 
>>>>> COMPILATION EPILOGUE SECTION <<<<<
 
 
FORTRAN Summary of Diagnosed Conditions
 
TOTAL   UNRECOVERABLE  SEVERE       ERROR     WARNING    INFORMATIONAL
               (U)       (S)         (E)        (W)          (I)
    0           0         0           0          0            0
 
 
    Source records read.......................................      54
1501-510  Compilation successful for file eos.f90.
1501-543  Object file created.
