IBM XL Fortran for Blue Gene, V14.1 (5799-AH1) Version 14.01.0000.0012 --- gasdev.f90 07/08/15 15:48:55
 
>>>>> OPTIONS SECTION <<<<<
***   Options In Effect   ***
  
         ==  On / Off Options  ==
         CR              NODIRECTSTORAG  ESCAPE          I4
         INLGLUE         NOLIBESSL       NOLIBPOSIX      OBJECT
         SWAPOMP         THREADED        UNWIND          ZEROSIZE
  
         ==  Options Of Integer Type ==
         ALIAS_SIZE(65536)     MAXMEM(-1)            OPTIMIZE(3)
         SPILLSIZE(512)        STACKTEMP(0)
  
         ==  Options of Integer and Character Type ==
         CACHE(LEVEL(1),TYPE(I),ASSOC(4),COST(6),LINE(64),SIZE(16))
         CACHE(LEVEL(2),TYPE(I),ASSOC(16),COST(80),LINE(128))
         CACHE(LEVEL(1),TYPE(D),ASSOC(8),COST(6),LINE(64),SIZE(16))
         CACHE(LEVEL(2),TYPE(D),ASSOC(16),COST(80),LINE(128))
         INLINE(NOAUTO,LEVEL(5))
         HOT(FASTMATH,LEVEL(0))
         SIMD(AUTO)
  
         ==  Options Of Character Type  ==
         64()                  ALIAS(STD,NOINTPTR)   ALIGN(BINDC(LINUXPPC),STRUCT(NATURAL))
         ARCH(QP)              AUTODBL(NONE)         DESCRIPTOR(V1)
         DIRECTIVE(IBM*,IBMT)  ENUM()                FLAG(I,I)
         FLOAT(MAF,FOLD,RSQRT,FLTINT)
         FREE(F90)             GNU_VERSION(DOT_TRIPLE)
         HALT(S)               IEEE(NEAR)            INTSIZE(4)
         LIST()                LANGLVL(EXTENDED)     REALSIZE(4)
         REPORT(HOTLIST)       STRICT(NONE,NOPRECISION,NOEXCEPTIONS,NOIEEEFP,NONANS,NOINFINITIES,NOSUBNORMALS,NOZEROSIGNS,NOOPERATIONPRECISION,ORDER,NOLIBRARY,NOCONSTRUCTCOPY,NOVECTORPRECISION)
         TUNE(QP)              UNROLL(AUTO)          XFLAG()
         XLF2003(NOPOLYMORPHIC,NOBOZLITARGS,NOSIGNDZEROINTR,NOSTOPEXCEPT,NOVOLATILE,NOAUTOREALLOC,OLDNANINF)
         XLF2008(NOCHECKPRESENCE)
         XLF77(LEADZERO,BLANKPAD)
         XLF90(SIGNEDZERO,AUTODEALLOC)
  
>>>>> SOURCE SECTION <<<<<
** gasdev   === End of Compilation 1 ===
 
>>>>> LOOP TRANSFORMATION SECTION <<<<<

1586-538 (I) Loop (loop index 1) at gasdev.f90 <line 24> was not SIMD vectorized because it contains unsupported loop structure.
1586-552 (I) Loop (loop index 1) at gasdev.f90 <line 24> was not SIMD vectorized because it contains control flow.
1586-543 (I) <SIMD info> Total number of the innermost loops considered <"1">. Total number of the innermost loops SIMD vectorized <"0">.


     1|         SUBROUTINE gasdev (idum, vv)
    24|           lab_2 /* loopid=1 */
                  CALL ran1(idum,temp1)
    25|           CALL ran1(idum,temp2)
    32|           IF (.NOT.(( 2.0000000000000000E+000 * temp1 -  &
                &   1.0000000000000000E+000) * ( 2.0000000000000000E+000 * temp1 &
                &   -  1.0000000000000000E+000) + ( 2.0000000000000000E+000 * &
                &   temp2 -  1.0000000000000000E+000) * ( 2.0000000000000000E+000 &
                &   * temp2 -  1.0000000000000000E+000) >=  &
                &   1.0000000000000000E+000)) GOTO lab_3
    37|           GOTO lab_2
    38|           lab_3
    48|           vv = ( 2.0000000000000000E+000 * temp2 -  &
                &   1.0000000000000000E+000) * _sqrt(-(( 2.0000000000000000E+000 &
                &   * _log(( 2.0000000000000000E+000 * %VAL(temp1) -  &
                &   1.0000000000000000E+000) * ( 2.0000000000000000E+000 * %VAL(&
                &   temp1) -  1.0000000000000000E+000) + ( &
                &   2.0000000000000000E+000 * %VAL(temp2) -  &
                &   1.0000000000000000E+000) * ( 2.0000000000000000E+000 * %VAL(&
                &   temp2) -  1.0000000000000000E+000))) / (( &
                &   2.0000000000000000E+000 * temp1 -  1.0000000000000000E+000) * &
                &   ( 2.0000000000000000E+000 * temp1 -  1.0000000000000000E+000) &
                &   + ( 2.0000000000000000E+000 * temp2 -  &
                &   1.0000000000000000E+000) * ( 2.0000000000000000E+000 * temp2 &
                &   -  1.0000000000000000E+000))))
    51|           RETURN
                END SUBROUTINE gasdev


Source        Source        Loop Id       Action / Information                                      
File          Line                                                                                  
----------    ----------    ----------    ----------------------------------------------------------
         0            24                  Loop was not SIMD vectorized because it contains 
                                          unsupported loop structure.
         0            24                  Loop was not SIMD vectorized because it contains 
                                          control flow.


     1|         SUBROUTINE gasdev (idum, vv)
    24|           lab_2 /* loopid=1 */
                  CALL ran1(idum,temp1)
    25|           CALL ran1(idum,temp2)
    32|           IF (.NOT.(( 2.0000000000000000E+000 * temp1 -  &
                &   1.0000000000000000E+000) * ( 2.0000000000000000E+000 * temp1 &
                &   -  1.0000000000000000E+000) + ( 2.0000000000000000E+000 * &
                &   temp2 -  1.0000000000000000E+000) * ( 2.0000000000000000E+000 &
                &   * temp2 -  1.0000000000000000E+000) >=  &
                &   1.0000000000000000E+000)) GOTO lab_3
    37|           GOTO lab_2
    38|           lab_3
                  $$csx0 = ( 2.0000000000000000E+000 * _log(( &
                &   2.0000000000000000E+000 * %VAL(temp1) -  &
                &   1.0000000000000000E+000) * ( 2.0000000000000000E+000 * %VAL(&
                &   temp1) -  1.0000000000000000E+000) + ( &
                &   2.0000000000000000E+000 * %VAL(temp2) -  &
                &   1.0000000000000000E+000) * ( 2.0000000000000000E+000 * %VAL(&
                &   temp2) -  1.0000000000000000E+000))) / (( &
                &   2.0000000000000000E+000 * temp1 -  1.0000000000000000E+000) * &
                &   ( 2.0000000000000000E+000 * temp1 -  1.0000000000000000E+000) &
                &   + ( 2.0000000000000000E+000 * temp2 -  &
                &   1.0000000000000000E+000) * ( 2.0000000000000000E+000 * temp2 &
                &   -  1.0000000000000000E+000))
    48|           vv = ( 2.0000000000000000E+000 * temp2 -  &
                &   1.0000000000000000E+000) * _sqrt(-%VAL($$csx0))
    51|           RETURN
                END SUBROUTINE gasdev

 
 
>>>>> OBJECT SECTION <<<<<
 GPR's set/used:   ssus ssss ssss s---  ---- ---- ---- --ss
 FPR's set/used:   ssss ssss ssss ss--  ---- ---- ---s ssss
 CCR's set/used:   ss-- -sss
     | 000000                           PDEF     gasdev
    1|                                  PROC      .idum,.vv,gr3,gr4
    0| 000000 stfd     DBE1FFF8   1     STFL      #stack(gr1,-8)=fp31
    0| 000004 stfd     DBC1FFF0   1     STFL      #stack(gr1,-16)=fp30
    0| 000008 stfd     DBA1FFE8   1     STFL      #stack(gr1,-24)=fp29
    0| 00000C stfd     DB81FFE0   1     STFL      #stack(gr1,-32)=fp28
    0| 000010 stfd     DB61FFD8   1     STFL      #stack(gr1,-40)=fp27
    0| 000014 std      FBE1FFD0   1     ST8       #stack(gr1,-48)=gr31
    0| 000018 std      FBC1FFC8   1     ST8       #stack(gr1,-56)=gr30
    0| 00001C mfspr    7C0802A6   1     LFLR      gr0=lr
    0| 000020 std      F8010010   1     ST8       #stack(gr1,16)=gr0
    0| 000024 stdu     F821FF21   1     ST8U      gr1,#stack(gr1,-224)=gr1
    0| 000028 ld       E8A20000   1     L8        gr5=.+CONSTANT_AREA(gr2,0)
    0| 00002C or       7C7F1B78   1     LR        gr31=gr3
    0| 000030 or       7C9E2378   1     LR        gr30=gr4
   24| 000034 addi     38810080   1     AI        gr4=gr1,128
    0| 000038 lfs      C3E50000   1     LFS       fp31=+CONSTANT_AREA(gr5,0)
    0| 00003C lfs      C3C50004   1     LFS       fp30=+CONSTANT_AREA(gr5,4)
    0| 000040 lfs      C3A50008   1     LFS       fp29=+CONSTANT_AREA(gr5,8)
    0| 000044 ori      60210000   1     XNOP      
    0| 000048 ori      60210000   1     XNOP      
    0| 00004C ori      60210000   1     XNOP      
   24|                              CL.2:
   24| 000050 bl       48000001   1     CALL      ran1,2,idum",gr3,temp1",gr4,ran1",fcr",#MX_TEMP1",gr1,cr[01567]",gr0",gr3"-gr12",fp0"-fp13",mq",lr",xer",fsr",ca",ctr"
   24| 000054 ori      60000000   1
   25| 000058 or       7FE3FB78   1     LR        gr3=gr31
   25| 00005C addi     38810088   1     AI        gr4=gr1,136
   25| 000060 bl       48000001   1     CALL      ran1,2,idum",gr3,temp2",gr4,ran1",fcr",#MX_TEMP1",gr1,cr[01567]",gr0",gr3"-gr12",fp0"-fp13",mq",lr",xer",fsr",ca",ctr"
   25| 000064 ori      60000000   1
   32| 000068 lfd      C8210088   1     LFL       fp1=temp2(gr1,136)
   32| 00006C lfd      C8010080   1     LFL       fp0=temp1(gr1,128)
   24| 000070 or       7FE3FB78   1     LR        gr3=gr31
   24| 000074 addi     38810080   1     AI        gr4=gr1,128
   32| 000078 fmadd    FF61FFBA   1     FMA       fp27=fp31,fp1,fp30,fcr
   32| 00007C fmadd    FC00FFBA   2     FMA       fp0=fp31,fp0,fp30,fcr
   32| 000080 fmul     FC3B06F2   2     MFL       fp1=fp27,fp27,fcr
   32| 000084 fmadd    FF80083A   2     FMA       fp28=fp1,fp0,fp0,fcr
   32| 000088 fcmpu    FC1DE000   2     CFL       cr0=fp29,fp28
   32| 00008C bc       4081FFC4   1     BF        CL.2,cr0,0x40/fgt,taken=80%(80,20)
   38| 000090 fmr      FC20E090   1     LRFL      fp1=fp28
   38| 000094 bl       48000001   1     CALLN     fp1=__xl_log,1,fp1,__xl_log,#MX_TEMP1",__xl_log",gr1,cr[01567]",gr0",gr3"-gr12",fp0",fp2"-fp13",mq",lr",xer",fsr",ca",ctr"
   38| 000098 ori      60000000   1
   38| 00009C fadd     FC01082A   1     AFL       fp0=fp1,fp1,fcr
   51| 0000A0 ld       E98100F0   1     L8        gr12=#stack(gr1,240)
   51| 0000A4 lfd      CBE100D8   1     LFL       fp31=#stack(gr1,216)
   51| 0000A8 lfd      CBC100D0   1     LFL       fp30=#stack(gr1,208)
   51| 0000AC lfd      CBA100C8   1     LFL       fp29=#stack(gr1,200)
   38| 0000B0 fdiv     FC00E024   1     DFL       fp0=fp0,fp28,fcr
   51| 0000B4 mtspr    7D8803A6   1     LLR       lr=gr12
   51| 0000B8 lfd      CB8100C0   1     LFL       fp28=#stack(gr1,192)
   48| 0000BC fneg     FC000050   1     COMPFL    fp0=fp0
   48| 0000C0 fsqrt    FC00002C   2     SQRT      fp0=fp0,fcr
   48| 0000C4 fmul     FC1B0032   2     MFL       fp0=fp27,fp0,fcr
   51| 0000C8 lfd      CB6100B8   2     LFL       fp27=#stack(gr1,184)
   51| 0000CC addi     382100E0   1     AI        gr1=gr1,224
   51| 0000D0 ld       EBE1FFD0   1     L8        gr31=#stack(gr1,-48)
   48| 0000D4 stfd     D81E0000   1     STFL      vv(gr30,0)=fp0
   51| 0000D8 ld       EBC1FFC8   1     L8        gr30=#stack(gr1,-56)
   51| 0000DC bclr     4E800020   1     BA        lr
     |               Tag Table
     | 0000E0        00000000 00012201 85020000 000000E0
     |               Instruction count           56
     |               Straight-line exec time     63
     |               Constant Area
     | 000000        BF800000 40000000 3F800000

 
 
>>>>> FILE TABLE SECTION <<<<<
 
 
                                       FILE CREATION        FROM
FILE NO   FILENAME                    DATE       TIME       FILE    LINE
     0    gasdev.f90                  07/08/15   15:48:55
 
 
>>>>> COMPILATION EPILOGUE SECTION <<<<<
 
 
FORTRAN Summary of Diagnosed Conditions
 
TOTAL   UNRECOVERABLE  SEVERE       ERROR     WARNING    INFORMATIONAL
               (U)       (S)         (E)        (W)          (I)
    0           0         0           0          0            0
 
 
    Source records read.......................................      51
1501-510  Compilation successful for file gasdev.f90.
1501-543  Object file created.
