IBM XL Fortran for Blue Gene, V14.1 (5799-AH1) Version 14.01.0000.0012 --- mnmx.f90 07/08/15 15:48:15
 
>>>>> OPTIONS SECTION <<<<<
***   Options In Effect   ***
  
         ==  On / Off Options  ==
         CR              NODIRECTSTORAG  ESCAPE          I4
         INLGLUE         NOLIBESSL       NOLIBPOSIX      OBJECT
         SWAPOMP         THREADED        UNWIND          ZEROSIZE
  
         ==  Options Of Integer Type ==
         ALIAS_SIZE(65536)     MAXMEM(-1)            OPTIMIZE(3)
         SPILLSIZE(512)        STACKTEMP(0)
  
         ==  Options of Integer and Character Type ==
         CACHE(LEVEL(1),TYPE(I),ASSOC(4),COST(6),LINE(64),SIZE(16))
         CACHE(LEVEL(2),TYPE(I),ASSOC(16),COST(80),LINE(128))
         CACHE(LEVEL(1),TYPE(D),ASSOC(8),COST(6),LINE(64),SIZE(16))
         CACHE(LEVEL(2),TYPE(D),ASSOC(16),COST(80),LINE(128))
         INLINE(NOAUTO,LEVEL(5))
         HOT(FASTMATH,LEVEL(0))
         SIMD(AUTO)
  
         ==  Options Of Character Type  ==
         64()                  ALIAS(STD,NOINTPTR)   ALIGN(BINDC(LINUXPPC),STRUCT(NATURAL))
         ARCH(QP)              AUTODBL(NONE)         DESCRIPTOR(V1)
         DIRECTIVE(IBM*,IBMT)  ENUM()                FLAG(I,I)
         FLOAT(MAF,FOLD,RSQRT,FLTINT)
         FREE(F90)             GNU_VERSION(DOT_TRIPLE)
         HALT(S)               IEEE(NEAR)            INTSIZE(4)
         LIST()                LANGLVL(EXTENDED)     REALSIZE(4)
         REPORT(HOTLIST)       STRICT(NONE,NOPRECISION,NOEXCEPTIONS,NOIEEEFP,NONANS,NOINFINITIES,NOSUBNORMALS,NOZEROSIGNS,NOOPERATIONPRECISION,ORDER,NOLIBRARY,NOCONSTRUCTCOPY,NOVECTORPRECISION)
         TUNE(QP)              UNROLL(AUTO)          XFLAG()
         XLF2003(NOPOLYMORPHIC,NOBOZLITARGS,NOSIGNDZEROINTR,NOSTOPEXCEPT,NOVOLATILE,NOAUTOREALLOC,OLDNANINF)
         XLF2008(NOCHECKPRESENCE)
         XLF77(LEADZERO,BLANKPAD)
         XLF90(SIGNEDZERO,AUTODEALLOC)
  
>>>>> SOURCE SECTION <<<<<
** mnmx   === End of Compilation 1 ===
 
>>>>> LOOP TRANSFORMATION SECTION <<<<<

1586-534 (I) Loop (loop index 1) at mnmx.f90 <line 103> was not SIMD vectorized because the loop is not the innermost loop.
1586-534 (I) Loop (loop index 2) at mnmx.f90 <line 104> was not SIMD vectorized because the loop is not the innermost loop.
1586-549 (I) Loop (loop index 3) at mnmx.f90 <line 105> was not SIMD vectorized because a data dependence  prevents SIMD vectorization.
1586-554 (I) Loop (loop index 3) at mnmx.f90 <line 107> was not SIMD vectorized because the floating point operation is not vectorizable under -qstrict.
1586-543 (I) <SIMD info> Total number of the innermost loops considered <"1">. Total number of the innermost loops SIMD vectorized <"0">.


    11|         SUBROUTINE mnmx (qty, i1, j1, k1, i2, j2, k2, qmin, imin, jmin, kmin, qmax, imax, jmax, kmax)
    11|           _alloca((max(int(%VAL(ijkn)),0) * 4))
                  _alloca((max(int(%VAL(ijkn)),0) * 4))
                  _alloca((max(int(%VAL(ijkn)),0) * 4))
                  _alloca((max(int(%VAL(ijkn)),0) * 4))
                  _alloca((max(int(%VAL(ijkn)),0) * 4))
                  _alloca((max(int(%VAL(ijkn)),0) * 4))
                  _alloca((max(int(%VAL(ijkn)),0) * 8))
                  _alloca((max(int(%VAL(ijkn)),0) * 8))
                  _alloca((max(int(%VAL(ijkn)),0) * 8))
                  _alloca((max(int(%VAL(ijkn)),0) * 8))
                  d-q%addr = _alloca((max(int((%VAL(in) * (%VAL(jn) * %VAL(kn)))&
                &   ),0) * 8))
   103|           IF ((1 + (int(k2) - int(k1)) > 0)) THEN
   102|             ijkl = 0
   103|             $$CIV2 = 0
       Id=1         DO $$CIV2 = $$CIV2, int((1 + (int(k2) - int(k1))))-1
   104|               IF ((1 + (int(j2) - int(j1)) > 0)) THEN
                        $$CIV1 = 0
       Id=2             DO $$CIV1 = $$CIV1, int((1 + (int(j2) - int(j1))))-1
   105|                   IF ((1 + (int(i2) - int(i1)) > 0)) THEN
                            $$CIV0 = 0
       Id=3                 DO $$CIV0 = $$CIV0, int((1 + (int(i2) - int(i1))))&
                &               -1
   107|                       d-q%addr%q[].rns0.(int((1 + (int($$CIV0) + (int(&
                &               max(int((1 + (int(i2) - int(i1)))),0)) * int(&
                &               $$CIV1) + ijkl))))) = qty(int(i1) + $$CIV0,int(j1)&
                &                + $$CIV1,int(k1) + $$CIV2)
   108|                     ENDDO
                          ENDIF
   109|                 ENDDO
                        ijkl = ijkl + int(int((1 + (int(j2) - int(j1))))) * int(&
                &         max(int((1 + (int(i2) - int(i1)))),0))
                      ENDIF
   110|             ENDDO
                  ENDIF
   111|           ijkl = (1 + (i2 - i1)) * ((1 + (j2 - j1)) * (1 + (k2 - k1)))
   112|           T_2 = 1
                  ijkx = ismax(ijkl,d-q%addr,T_2)
   113|           qmax = d-q%addr%q[].rns0.(int(ijkx))
   114|           kmax = ijkx / ((1 + (i2 - i1)) * (1 + (j2 - j1))) + k1
   115|           jmax = (((j1 - j2) - 1) * ((ijkx / ((1 + (i2 - i1)) * (1 + (&
                &   j2 - j1)))) * (1 + (i2 - i1))) + ijkx) / (1 + (i2 - i1)) + j1
   116|           imax = (ijkx + ((i1 - i2) - 1) * (jmax - j1)) + (i1 + ((j1 - &
                &   j2) - 1) * ((ijkx / ((1 + (i2 - i1)) * (1 + (j2 - j1)))) * (1 &
                &   + (i2 - i1))))
   118|           T_3 = 1
                  ijks = ismin(ijkl,d-q%addr,T_3)
   119|           qmin = d-q%addr%q[].rns0.(int(ijks))
   120|           kmin = ijks / ((1 + (i2 - i1)) * (1 + (j2 - j1))) + k1
   121|           jmin = ((ijks / ((1 + (i2 - i1)) * (1 + (j2 - j1)))) * (((j1 &
                &   - j2) - 1) * (1 + (i2 - i1))) + ijks) / (1 + (i2 - i1)) + j1
   122|           imin = (ijks + (jmin - j1) * ((i1 - i2) - 1)) + (i1 + (ijks / &
                &   ((1 + (i2 - i1)) * (1 + (j2 - j1)))) * (((j1 - j2) - 1) * (1 &
                &   + (i2 - i1))))
   126|           RETURN
                END SUBROUTINE mnmx


Source        Source        Loop Id       Action / Information                                      
File          Line                                                                                  
----------    ----------    ----------    ----------------------------------------------------------
         0           103             1    Loop was not SIMD vectorized because the loop is not 
                                          the innermost loop.
         0           104             2    Loop was not SIMD vectorized because the loop is not 
                                          the innermost loop.
         0           105             3    Loop was not SIMD vectorized because a data 
                                          dependence  prevents SIMD  vectorization.
         0           107                  Loop was not SIMD vectorized because the floating 
                                          point operation is not  vectorizable under -qstrict.


    11|         SUBROUTINE mnmx (qty, i1, j1, k1, i2, j2, k2, qmin, imin, jmin, kmin, qmax, imax, jmax, kmax)
    11|           _alloca(max(int(%VAL(ijkn)),0) * 4)
                  _alloca(max(int(%VAL(ijkn)),0) * 4)
                  _alloca(max(int(%VAL(ijkn)),0) * 4)
                  _alloca(max(int(%VAL(ijkn)),0) * 4)
                  _alloca(max(int(%VAL(ijkn)),0) * 4)
                  _alloca(max(int(%VAL(ijkn)),0) * 4)
                  _alloca(max(int(%VAL(ijkn)),0) * 8)
                  _alloca(max(int(%VAL(ijkn)),0) * 8)
                  _alloca(max(int(%VAL(ijkn)),0) * 8)
                  _alloca(max(int(%VAL(ijkn)),0) * 8)
                  d-q%addr = _alloca(max(int((%VAL(in) * (%VAL(jn) * %VAL(kn))))&
                &   ,0) * 8)
   103|           IF ((1 + (int(k2) - int(k1)) > 0)) THEN
   102|             ijkl = 0
   103|             $$CIV2 = 0
       Id=1         DO $$CIV2 = $$CIV2, int((1 + (int(k2) - int(k1))))-1
   104|               IF ((1 + (int(j2) - int(j1)) > 0)) THEN
                        $$CIV1 = 0
       Id=2             DO $$CIV1 = $$CIV1, int((1 + (int(j2) - int(j1))))-1
   105|                   IF ((1 + (int(i2) - int(i1)) > 0)) THEN
                            $$CIV0 = 0
       Id=3                 DO $$CIV0 = $$CIV0, int((1 + (int(i2) - int(i1))))&
                &               -1
   107|                       d-q%addr%q[].rns0.(int((1 + (int($$CIV0) + (int(&
                &               max(int((1 + (int(i2) - int(i1)))),0)) * int(&
                &               $$CIV1) + ijkl))))) = qty(int(i1) + $$CIV0,int(j1)&
                &                + $$CIV1,int(k1) + $$CIV2)
   108|                     ENDDO
                          ENDIF
   109|                 ENDDO
                        ijkl = ijkl + int(int((1 + (int(j2) - int(j1))))) * int(&
                &         max(int((1 + (int(i2) - int(i1)))),0))
                      ENDIF
   110|             ENDDO
                  ENDIF
   111|           ijkl = (1 + (i2 - i1)) * ((1 + (j2 - j1)) * (1 + (k2 - k1)))
   112|           T_2 = 1
                  $$csx0 = d-q%addr
                  ijkx = ismax(ijkl,$$csx0,T_2)
   113|           qmax = $$csx0%q[].rns0.(int(ijkx))
   114|           kmax = ijkx / ((1 + (i2 - i1)) * (1 + (j2 - j1))) + k1
   115|           jmax = (((j1 - j2) - 1) * ((ijkx / ((1 + (i2 - i1)) * (1 + (&
                &   j2 - j1)))) * (1 + (i2 - i1))) + ijkx) / (1 + (i2 - i1)) + j1
   116|           imax = (ijkx + ((i1 - i2) - 1) * (jmax - j1)) + (i1 + ((j1 - &
                &   j2) - 1) * ((ijkx / ((1 + (i2 - i1)) * (1 + (j2 - j1)))) * (1 &
                &   + (i2 - i1))))
   118|           T_3 = 1
                  ijks = ismin(ijkl,$$csx0,T_3)
   119|           qmin = $$csx0%q[].rns0.(int(ijks))
   120|           kmin = ijks / ((1 + (i2 - i1)) * (1 + (j2 - j1))) + k1
   121|           jmin = ((ijks / ((1 + (i2 - i1)) * (1 + (j2 - j1)))) * (((j1 &
                &   - j2) - 1) * (1 + (i2 - i1))) + ijks) / (1 + (i2 - i1)) + j1
   122|           imin = (ijks + (jmin - j1) * ((i1 - i2) - 1)) + (i1 + (ijks / &
                &   ((1 + (i2 - i1)) * (1 + (j2 - j1)))) * (((j1 - j2) - 1) * (1 &
                &   + (i2 - i1))))
   126|           RETURN
                END SUBROUTINE mnmx

 
 
>>>>> OBJECT SECTION <<<<<
 GPR's set/used:   ssus ssss ssss s-ss  ssss ssss ssss ssss
 FPR's set/used:   ssss ssss ssss ss--  ---- ---- ---- ----
 CCR's set/used:   ss-- -sss
     | 000000                           PDEF     mnmx
   11|                                  PROC      .qty,.i1,.j1,.k1,.i2,.j2,.k2,.qmin,.imin,.jmin,.kmin,.qmax,.imax,.jmax,.kmax,gr3-gr10
    0| 000000 std      FBE1FFF8   1     ST8       #stack(gr1,-8)=gr31
    0| 000004 std      FBC1FFF0   1     ST8       #stack(gr1,-16)=gr30
    0| 000008 std      FBA1FFE8   1     ST8       #stack(gr1,-24)=gr29
    0| 00000C std      FB81FFE0   1     ST8       #stack(gr1,-32)=gr28
    0| 000010 std      FB61FFD8   1     ST8       #stack(gr1,-40)=gr27
    0| 000014 std      FB41FFD0   1     ST8       #stack(gr1,-48)=gr26
    0| 000018 std      FB21FFC8   1     ST8       #stack(gr1,-56)=gr25
    0| 00001C std      FB01FFC0   1     ST8       #stack(gr1,-64)=gr24
    0| 000020 std      FAE1FFB8   1     ST8       #stack(gr1,-72)=gr23
    0| 000024 std      FAC1FFB0   1     ST8       #stack(gr1,-80)=gr22
    0| 000028 std      FAA1FFA8   1     ST8       #stack(gr1,-88)=gr21
    0| 00002C std      FA81FFA0   1     ST8       #stack(gr1,-96)=gr20
    0| 000030 std      FA61FF98   1     ST8       #stack(gr1,-104)=gr19
    0| 000034 std      FA41FF90   1     ST8       #stack(gr1,-112)=gr18
    0| 000038 std      FA21FF88   1     ST8       #stack(gr1,-120)=gr17
    0| 00003C std      FA01FF80   1     ST8       #stack(gr1,-128)=gr16
    0| 000040 std      F9E1FF78   1     ST8       #stack(gr1,-136)=gr15
    0| 000044 std      F9C1FF70   1     ST8       #stack(gr1,-144)=gr14
    0| 000048 mfspr    7C0802A6   1     LFLR      gr0=lr
    0| 00004C std      F8010010   1     ST8       #stack(gr1,16)=gr0
    0| 000050 stdu     F821FEC1   1     ST8U      gr1,#stack(gr1,-320)=gr1
    0| 000054 or       7C3F0B78   1     LR        gr31=gr1
    0| 000058 std      F95F0098   1     ST8       #SPILL0(gr31,152)=gr10
    0| 00005C ld       EB620000   1     L8        gr27=.&&N&&param(gr2,0)
  102| 000060 lwz      83C60000   1     L4Z       gr30=k1(gr6,0)
  102| 000064 lwz      80090000   1     L4Z       gr0=k2(gr9,0)
    0| 000068 lwz      83880000   1     L4Z       gr28=j2(gr8,0)
    0| 00006C ld       E9810000   1     L8        gr12=#stack(gr1,0)
    0| 000070 lwz      83A50000   1     L4Z       gr29=j1(gr5,0)
    0| 000074 lwa      E8DB000E   1     L4A       gr6=<s24:d12:l4>(gr27,12)
    0| 000078 lwa      E97B0006   1     L4A       gr11=<s24:d4:l4>(gr27,4)
    0| 00007C lwa      E93B000A   1     L4A       gr9=<s24:d8:l4>(gr27,8)
    0| 000080 lwz      835B0000   1     L4Z       gr26=<s24:d0:l4>(gr27,0)
  102| 000084 extsw    7FD707B4   1     EXTS4     gr23=gr30
  102| 000088 extsw    7C0507B4   1     EXTS4     gr5=gr0
    0| 00008C sradi    7CC8FE76   1     SRA8      gr8=gr6,63,ca"
  102| 000090 subf     7CB72850   1     S         gr5=gr5,gr23
    0| 000094 andc     7CC84078   1     ANDC      gr8=gr6,gr8
    0| 000098 rldicr   79061764   1     SLL8      gr6=gr8,2
    0| 00009C mulld    7D2959D2   1     M         gr9=gr9,gr11
    0| 0000A0 neg      7CC600D0   1     COMP      gr6=gr6
    0| 0000A4 mulld    7D29D1D2   1     M         gr9=gr9,gr26
    0| 0000A8 rldicr   78C606A4   1     RN8       gr6=gr6,0,0xFFFFFFFFFFFFFFE0
    0| 0000AC rldicr   79081F24   1     SLL8      gr8=gr8,3
    0| 0000B0 stdux    7D81316A   1     ST8U      gr1,#stack(gr1,gr6,0)=gr12
    0| 0000B4 neg      7D0800D0   1     COMP      gr8=gr8
    0| 0000B8 ld       E9810000   1     L8        gr12=#stack(gr1,0)
    0| 0000BC rldicr   790806A4   1     RN8       gr8=gr8,0,0xFFFFFFFFFFFFFFE0
    0| 0000C0 extsw    7F5907B4   1     EXTS4     gr25=gr26
    0| 0000C4 extsw    7F9A07B4   1     EXTS4     gr26=gr28
    0| 0000C8 sradi    7D75FE76   1     SRA8      gr21=gr11,63,ca"
    0| 0000CC sradi    7F36FE76   1     SRA8      gr22=gr25,63,ca"
    0| 0000D0 stdux    7D81316A   1     ST8U      gr1,#stack(gr1,gr6,0)=gr12
    0| 0000D4 extsw    7D2C07B4   1     EXTS4     gr12=gr9
    0| 0000D8 ld       E9210000   1     L8        gr9=#stack(gr1,0)
    0| 0000DC sradi    7D9BFE76   1     SRA8      gr27=gr12,63,ca"
  102| 0000E0 addic.   34A50001   1     AI_R      gr5,cr0=gr5,1,ca"
    0| 0000E4 andc     7D8CD878   1     ANDC      gr12=gr12,gr27
    0| 0000E8 rldicr   798C1F24   1     SLL8      gr12=gr12,3
    0| 0000EC extsw    7FBB07B4   1     EXTS4     gr27=gr29
    0| 0000F0 stdux    7D21316A   1     ST8U      gr1,#stack(gr1,gr6,0)=gr9
    0| 0000F4 neg      7D2C00D0   1     COMP      gr9=gr12
    0| 0000F8 ld       E9810000   1     L8        gr12=#stack(gr1,0)
    0| 0000FC rldicr   792906A4   1     RN8       gr9=gr9,0,0xFFFFFFFFFFFFFFE0
    0| 000100 andc     7D6BA878   1     ANDC      gr11=gr11,gr21
    0| 000104 andc     7F35B078   1     ANDC      gr21=gr25,gr22
    0| 000108 stdux    7D81316A   1     ST8U      gr1,#stack(gr1,gr6,0)=gr12
    0| 00010C subf     7D9BD050   1     S         gr12=gr26,gr27
    0| 000110 ld       EB010000   1     L8        gr24=#stack(gr1,0)
    0| 000114 addi     3B2C0001   1     AI        gr25=gr12,1
    0| 000118 stdux    7F01316A   1     ST8U      gr1,#stack(gr1,gr6,0)=gr24
    0| 00011C ld       E9410000   1     L8        gr10=#stack(gr1,0)
    0| 000120 stdux    7D41316A   1     ST8U      gr1,#stack(gr1,gr6,0)=gr10
    0| 000124 ld       E8C10000   1     L8        gr6=#stack(gr1,0)
    0| 000128 stdux    7CC1416A   1     ST8U      gr1,#stack(gr1,gr8,0)=gr6
    0| 00012C ld       E8C10000   1     L8        gr6=#stack(gr1,0)
    0| 000130 stdux    7CC1416A   1     ST8U      gr1,#stack(gr1,gr8,0)=gr6
    0| 000134 ld       E8C10000   1     L8        gr6=#stack(gr1,0)
    0| 000138 stdux    7CC1416A   1     ST8U      gr1,#stack(gr1,gr8,0)=gr6
    0| 00013C ld       E8C10000   1     L8        gr6=#stack(gr1,0)
    0| 000140 stdux    7CC1416A   1     ST8U      gr1,#stack(gr1,gr8,0)=gr6
    0| 000144 ld       E8C10000   1     L8        gr6=#stack(gr1,0)
    0| 000148 stdux    7CC1496A   1     ST8U      gr1,#stack(gr1,gr9,0)=gr6
    0| 00014C addi     3B010080   1     AI        gr24=gr1,128
  103| 000150 bc       408101A0   1     BF        CL.13,cr0,0x2/gt,taken=50%(0,0)
    0| 000154 rldicr   79661F24   1     SLL8      gr6=gr11,3
    0| 000158 cmpdi    2C390000   1     C8        cr0=gr25,0
    0| 00015C mulld    7D06A9D2   1     M         gr8=gr6,gr21
    0| 000160 neg      7EC600D0   1     COMP      gr22=gr6
  102| 000164 addi     39200000   1     LI        gr9=0
  103| 000168 addi     38C00000   1     LI        gr6=0
    0| 00016C bc       40810184   1     BF        CL.13,cr0,0x2/gt,taken=20%(20,80)
    0| 000170 rldicr   7AAA1F24   1     SLL8      gr10=gr21,3
    0| 000174 lwz      81670000   1     L4Z       gr11=i2(gr7,0)
    0| 000178 lwz      81840000   1     L4Z       gr12=i1(gr4,0)
    0| 00017C mulld    7E55B1D2   1     M         gr18=gr21,gr22
    0| 000180 mulld    7EAAD9D2   1     M         gr21=gr10,gr27
    0| 000184 mulld    7E88B9D2   1     M         gr20=gr8,gr23
    0| 000188 subf     7EEC5850   1     S         gr23=gr11,gr12
    0| 00018C subf     7EDDE050   1     S         gr22=gr28,gr29
    0| 000190 extsw    7D6B07B4   1     EXTS4     gr11=gr11
    0| 000194 extsw    7D8C07B4   1     EXTS4     gr12=gr12
    0| 000198 addi     3A63FFF0   1     AI        gr19=gr3,-16
    0| 00019C addi     3AF70001   1     AI        gr23=gr23,1
    0| 0001A0 addi     3AD60001   1     AI        gr22=gr22,1
    0| 0001A4 subf     7E4A9050   1     S         gr18=gr18,gr10
    0| 0001A8 subf     7C6C5850   1     S         gr3=gr11,gr12
    0| 0001AC add      7E73AA14   1     A         gr19=gr19,gr21
    0| 0001B0 add      7E949214   1     A         gr20=gr20,gr18
    0| 0001B4 addic.   34630001   1     AI_R      gr3,cr0=gr3,1,ca"
    0| 0001B8 addi     3AA10078   1     AI        gr21=gr1,120
    0| 0001BC add      7E93A214   1     A         gr20=gr19,gr20
    0| 0001C0 mcrf     4F800000   1     LRCR      cr7=cr0
    0| 0001C4 mulld    7E76B9D2   1     M         gr19=gr22,gr23
  103|                              CL.14:
    0| 0001C8 extsw    7D2307B4   1     EXTS4     gr3=gr9
    0| 0001CC rldicr   79901F24   1     SLL8      gr16=gr12,3
    0| 0001D0 rldicr   79721F24   1     SLL8      gr18=gr11,3
    0| 0001D4 rldicr   78761F24   1     SLL8      gr22=gr3,3
  104| 0001D8 addi     38600000   1     LI        gr3=0
    0| 0001DC bc       409D0100   1     BF        CL.70,cr7,0x2/gt,taken=20%(20,80)
    0| 0001E0 subfic   22EC0001   1     SFI       gr23=1,gr12,ca"
    0| 0001E4 subfic   22300008   1     SFI       gr17=8,gr16,ca"
    0| 0001E8 add      7EEBBA14   1     A         gr23=gr11,gr23
    0| 0001EC add      7E528A14   1     A         gr18=gr18,gr17
    0| 0001F0 rldicl   7AF1E8C2   1     SRL8      gr17=gr23,3
    0| 0001F4 add      7E10A214   1     A         gr16=gr16,gr20
    0| 0001F8 add      7DF5B214   1     A         gr15=gr21,gr22
    0| 0001FC andi.    72EE0007   1     RN4_R     gr14,cr0=gr23,0,0x7
    0| 000200 cmpdi    2CB10000   1     C8        cr1=gr17,0
  104|                              CL.16:
  107| 000204 or       7E178378   1     LR        gr23=gr16
  107| 000208 or       7DF67B78   1     LR        gr22=gr15
    0| 00020C bc       4182002C   1     BT        CL.96,cr0,0x4/eq,taken=50%(0,0)
    0| 000210 mtspr    7DC903A6   1     LCTR      ctr=gr14
  107| 000214 lfdu     CC170008   1     LFDU      fp0,gr23=qty[](gr23,8)
    0| 000218 bc       42400018   1     BCF       ctr=CL.106,taken=0%(0,100)
    0| 00021C ori      60210000   1     XNOP      
    0|                              CL.107:
  107| 000220 lfdu     CC370008   1     LFDU      fp1,gr23=qty[](gr23,8)
  107| 000224 stfdu    DC160008   1     STFDU     gr22,q[].rns0.(gr22,8)=fp0
    0| 000228 fmr      FC000890   1     LRFL      fp0=fp1
    0| 00022C bc       4200FFF4   1     BCT       ctr=CL.107,taken=100%(100,0)
    0|                              CL.106:
  107| 000230 stfdu    DC160008   1     STFDU     gr22,q[].rns0.(gr22,8)=fp0
    0| 000234 bc       41860094   1     BT        CL.97,cr1,0x4/eq,taken=20%(20,80)
    0|                              CL.96:
  107| 000238 lfd      C8170008   1     LFL       fp0=qty[](gr23,8)
  107| 00023C lfd      C8370010   1     LFL       fp1=qty[](gr23,16)
  107| 000240 lfd      C8570018   1     LFL       fp2=qty[](gr23,24)
  107| 000244 lfd      C8770020   1     LFL       fp3=qty[](gr23,32)
  107| 000248 lfd      C8970028   1     LFL       fp4=qty[](gr23,40)
  107| 00024C lfd      C8B70030   1     LFL       fp5=qty[](gr23,48)
    0| 000250 mtspr    7E2903A6   1     LCTR      ctr=gr17
  107| 000254 lfd      C8D70038   1     LFL       fp6=qty[](gr23,56)
  107| 000258 stfd     D8160008   1     STFL      q[].rns0.(gr22,8)=fp0
  107| 00025C stfd     D8360010   1     STFL      q[].rns0.(gr22,16)=fp1
  107| 000260 stfd     D8560018   1     STFL      q[].rns0.(gr22,24)=fp2
  107| 000264 stfd     D8760020   1     STFL      q[].rns0.(gr22,32)=fp3
  107| 000268 stfd     D8960028   1     STFL      q[].rns0.(gr22,40)=fp4
  107| 00026C stfd     D8B60030   1     STFL      q[].rns0.(gr22,48)=fp5
  107| 000270 lfdu     CC170040   1     LFDU      fp0,gr23=qty[](gr23,64)
    0| 000274 bc       4240004C   1     BCF       ctr=CL.108,taken=0%(0,100)
    0| 000278 ori      60210000   1     XNOP      
    0|                              CL.109:
  107| 00027C lfd      C8370008   1     LFL       fp1=qty[](gr23,8)
  107| 000280 stfd     D8D60038   1     STFL      q[].rns0.(gr22,56)=fp6
  107| 000284 lfd      C8570010   1     LFL       fp2=qty[](gr23,16)
  107| 000288 stfdu    DC160040   1     STFDU     gr22,q[].rns0.(gr22,64)=fp0
  107| 00028C lfd      C8170018   1     LFL       fp0=qty[](gr23,24)
  107| 000290 stfd     D8360008   1     STFL      q[].rns0.(gr22,8)=fp1
  107| 000294 lfd      C8370020   1     LFL       fp1=qty[](gr23,32)
  107| 000298 stfd     D8560010   1     STFL      q[].rns0.(gr22,16)=fp2
  107| 00029C lfd      C8570028   1     LFL       fp2=qty[](gr23,40)
  107| 0002A0 stfd     D8160018   1     STFL      q[].rns0.(gr22,24)=fp0
  107| 0002A4 lfd      C8770030   1     LFL       fp3=qty[](gr23,48)
  107| 0002A8 stfd     D8360020   1     STFL      q[].rns0.(gr22,32)=fp1
  107| 0002AC lfd      C8D70038   1     LFL       fp6=qty[](gr23,56)
  107| 0002B0 stfd     D8560028   1     STFL      q[].rns0.(gr22,40)=fp2
  107| 0002B4 lfdu     CC170040   1     LFDU      fp0,gr23=qty[](gr23,64)
  107| 0002B8 stfd     D8760030   1     STFL      q[].rns0.(gr22,48)=fp3
    0| 0002BC bc       4200FFC0   1     BCT       ctr=CL.109,taken=100%(100,0)
    0|                              CL.108:
  107| 0002C0 stfd     D8D60038   1     STFL      q[].rns0.(gr22,56)=fp6
  107| 0002C4 stfdu    DC160040   1     STFDU     gr22,q[].rns0.(gr22,64)=fp0
    0|                              CL.97:
  109| 0002C8 addi     38630001   1     AI        gr3=gr3,1
    0| 0002CC add      7DEF9214   1     A         gr15=gr15,gr18
  109| 0002D0 cmpld    7F23C840   1     CL8       cr6=gr3,gr25
    0| 0002D4 add      7E0A8214   1     A         gr16=gr10,gr16
  109| 0002D8 bc       4198FF2C   1     BT        CL.16,cr6,0x8/llt,taken=80%(80,20)
    0|                              CL.70:
  110| 0002DC addi     38C60001   1     AI        gr6=gr6,1
  109| 0002E0 add      7D299A14   1     A         gr9=gr9,gr19
  110| 0002E4 cmpld    7C262840   1     CL8       cr0=gr6,gr5
    0| 0002E8 add      7E88A214   1     A         gr20=gr8,gr20
  110| 0002EC bc       4180FEDC   1     BT        CL.14,cr0,0x8/llt,taken=80%(80,20)
  110|                              CL.13:
  111| 0002F0 subf     7C7E0050   1     S         gr3=gr0,gr30
  111| 0002F4 subf     7CBDE050   1     S         gr5=gr28,gr29
  111| 0002F8 addi     38630001   1     AI        gr3=gr3,1
  111| 0002FC addi     38050001   1     AI        gr0=gr5,1
  111| 000300 lwz      82E70000   1     L4Z       gr23=i2(gr7,0)
  111| 000304 lwz      82C40000   1     L4Z       gr22=i1(gr4,0)
  111| 000308 mulld    7C0019D2   1     M         gr0=gr0,gr3
  111| 00030C subf     7C96B850   1     S         gr4=gr23,gr22
  111| 000310 extsw    7EE307B4   1     EXTS4     gr3=gr23
  111| 000314 addi     3AA40001   1     AI        gr21=gr4,1
  111| 000318 extsw    7EC407B4   1     EXTS4     gr4=gr22
  111| 00031C mulld    7C00A9D2   1     M         gr0=gr0,gr21
  111| 000320 subf     7C641850   1     S         gr3=gr3,gr4
  111| 000324 stw      901F0080   1     ST4Z      ijkl(gr31,128)=gr0
  112| 000328 addi     3A800001   1     LI        gr20=1
  111| 00032C addi     3A630001   1     AI        gr19=gr3,1
  112| 000330 stw      929F0084   1     ST4Z      T_2(gr31,132)=gr20
  112| 000334 addi     38BF0084   1     AI        gr5=gr31,132
  112| 000338 addi     387F0080   1     AI        gr3=gr31,128
  112| 00033C or       7F04C378   1     LR        gr4=gr24
  112| 000340 bl       48000001   1     CALL      gr3=ismax,3,ijkl",gr3,q[].rns0.",gr4,T_2",gr5,#ProcAlias",ismax",fcr",#MX_TEMP1",gr1,gr31,cr[01567]",gr0",gr4"-gr12",fp0"-fp13",mq",lr",xer",fsr",ca",ctr"
  112| 000344 ori      60000000   1
  114| 000348 mulld    7F3999D2   1     M         gr25=gr25,gr19
  115| 00034C subf     7C9AD850   1     S         gr4=gr27,gr26
  114| 000350 twi      0C990000   1     TCT4     *gr726=gr25,0,0x4/eq,1
  114| 000354 divw     7C03CBD6   1     DIVW      gr0=gr3,gr25,gr726
  115| 000358 addi     3B64FFFF   1     AI        gr27=gr4,-1
  115| 00035C mulld    7C8099D2   1     M         gr4=gr0,gr19
  118| 000360 stw      929F0088   1     ST4Z      T_3(gr31,136)=gr20
  115| 000364 mulld    7CA4D9D2   1     M         gr5=gr4,gr27
  115| 000368 twi      0C930000   1     TCT4     *gr737=gr19,0,0x4/eq,1
  115| 00036C add      7CC32A14   1     A         gr6=gr3,gr5
  116| 000370 subf     7CB7B050   1     S         gr5=gr22,gr23
  115| 000374 divw     7CE69BD6   1     DIVW      gr7=gr6,gr19,gr737
  116| 000378 mulld    7C80A9D2   1     M         gr4=gr0,gr21
  115| 00037C add      7D07EA14   1     A         gr8=gr7,gr29
  116| 000380 subf     7CDCE850   1     S         gr6=gr29,gr28
  116| 000384 addi     3B85FFFF   1     AI        gr28=gr5,-1
  115| 000388 rlwinm   5505003E   1     RN4       gr5=gr8,0,0xFFFFFFFF
  116| 00038C addi     3B46FFFF   1     AI        gr26=gr6,-1
  116| 000390 subf     7CBD2850   1     S         gr5=gr5,gr29
  116| 000394 mulld    7C84D1D2   1     M         gr4=gr4,gr26
  116| 000398 mulld    7D25E1D2   1     M         gr9=gr5,gr28
  113| 00039C rldicr   78661F24   1     SLL8      gr6=gr3,3
  113| 0003A0 addi     3AE10078   1     AI        gr23=gr1,120
  116| 0003A4 add      7C634A14   1     A         gr3=gr3,gr9
  116| 0003A8 add      7D24B214   1     A         gr9=gr4,gr22
  113| 0003AC lfdx     7C1734AE   1     LFL       fp0=q[].rns0.(gr23,gr6,0)
  113| 0003B0 ld       E8BF01C8   1     L8        gr5=.qmax(gr31,456)
  114| 0003B4 ld       E8DF01E0   1     L8        gr6=.kmax(gr31,480)
  115| 0003B8 ld       E8FF01D8   1     L8        gr7=.jmax(gr31,472)
  116| 0003BC add      7D434A14   1     A         gr10=gr3,gr9
  116| 0003C0 ld       E93F01D0   1     L8        gr9=.imax(gr31,464)
  114| 0003C4 add      7C00F214   1     A         gr0=gr0,gr30
  118| 0003C8 addi     387F0080   1     AI        gr3=gr31,128
  113| 0003CC stfd     D8050000   1     STFL      qmax(gr5,0)=fp0
  115| 0003D0 stw      91070000   1     ST4Z      jmax(gr7,0)=gr8
  114| 0003D4 stw      90060000   1     ST4Z      kmax(gr6,0)=gr0
  116| 0003D8 stw      91490000   1     ST4Z      imax(gr9,0)=gr10
  118| 0003DC or       7F04C378   1     LR        gr4=gr24
  118| 0003E0 addi     38BF0088   1     AI        gr5=gr31,136
  118| 0003E4 bl       48000001   1     CALL      gr3=ismin,3,ijkl",gr3,q[].rns0.",gr4,T_3",gr5,ismin",fcr",#MX_TEMP1",gr1,gr31,cr[01567]",gr0",gr4"-gr12",fp0"-fp13",mq",lr",xer",fsr",ca",ctr"
  118| 0003E8 ori      60000000   1
  120| 0003EC divw     7C03CBD6   1     DIVW      gr0=gr3,gr25,gr726
  121| 0003F0 mulld    7C93D9D2   1     M         gr4=gr19,gr27
  122| 0003F4 mulld    7CB5D1D2   1     M         gr5=gr21,gr26
  121| 0003F8 mulld    7C8021D2   1     M         gr4=gr0,gr4
  122| 0003FC mulld    7CA029D2   1     M         gr5=gr0,gr5
  121| 000400 add      7CC32214   1     A         gr6=gr3,gr4
  119| 000404 rldicr   78641F24   1     SLL8      gr4=gr3,3
  121| 000408 divw     7CC69BD6   1     DIVW      gr6=gr6,gr19,gr737
  119| 00040C lfdx     7C1724AE   1     LFL       fp0=q[].rns0.(gr23,gr4,0)
  121| 000410 add      7D06EA14   1     A         gr8=gr6,gr29
  120| 000414 ld       E89F01C0   1     L8        gr4=.kmin(gr31,448)
  121| 000418 rlwinm   5507003E   1     RN4       gr7=gr8,0,0xFFFFFFFF
  121| 00041C ld       E8DF01B8   1     L8        gr6=.jmin(gr31,440)
  122| 000420 subf     7D3D3850   1     S         gr9=gr7,gr29
  122| 000424 ld       E8FF01B0   1     L8        gr7=.imin(gr31,432)
  122| 000428 mulld    7D29E1D2   1     M         gr9=gr9,gr28
  121| 00042C stw      91060000   1     ST4Z      jmin(gr6,0)=gr8
  119| 000430 ld       EBBF0098   1     L8        gr29=#SPILL0(gr31,152)
  126| 000434 ld       E8210000   1     L8        gr1=#stack(gr1,0),gr31"
  122| 000438 add      7C634A14   1     A         gr3=gr3,gr9
  122| 00043C add      7CA5B214   1     A         gr5=gr5,gr22
  120| 000440 add      7C00F214   1     A         gr0=gr0,gr30
  122| 000444 add      7C632A14   1     A         gr3=gr3,gr5
  119| 000448 stfd     D81D0000   1     STFL      qmin(gr29,0)=fp0
  120| 00044C stw      90040000   1     ST4Z      kmin(gr4,0)=gr0
  122| 000450 stw      90670000   1     ST4Z      imin(gr7,0)=gr3
  126| 000454 ld       E9C1FF70   1     L8        gr14=#stack(gr1,-144)
  126| 000458 ld       E9E1FF78   1     L8        gr15=#stack(gr1,-136)
  126| 00045C ld       EA01FF80   1     L8        gr16=#stack(gr1,-128)
  126| 000460 ld       EA21FF88   1     L8        gr17=#stack(gr1,-120)
  126| 000464 ld       EA41FF90   1     L8        gr18=#stack(gr1,-112)
  126| 000468 ld       EA61FF98   1     L8        gr19=#stack(gr1,-104)
  126| 00046C ld       EA81FFA0   1     L8        gr20=#stack(gr1,-96)
  126| 000470 ld       EAA1FFA8   1     L8        gr21=#stack(gr1,-88)
  126| 000474 ld       EAC1FFB0   1     L8        gr22=#stack(gr1,-80)
  126| 000478 ld       EAE1FFB8   1     L8        gr23=#stack(gr1,-72)
  126| 00047C ld       EB01FFC0   1     L8        gr24=#stack(gr1,-64)
  126| 000480 ld       EB21FFC8   1     L8        gr25=#stack(gr1,-56)
  126| 000484 ld       EB41FFD0   1     L8        gr26=#stack(gr1,-48)
  126| 000488 ld       E9810010   1     L8        gr12=#stack(gr1,16)
  126| 00048C ld       EB61FFD8   1     L8        gr27=#stack(gr1,-40)
  126| 000490 ld       EB81FFE0   1     L8        gr28=#stack(gr1,-32)
  126| 000494 ld       EBA1FFE8   1     L8        gr29=#stack(gr1,-24)
  126| 000498 ld       EBC1FFF0   1     L8        gr30=#stack(gr1,-16)
  126| 00049C ld       EBE1FFF8   1     L8        gr31=#stack(gr1,-8)
  126| 0004A0 mtspr    7D8803A6   1     LLR       lr=gr12
  126| 0004A4 bclr     4E800020   1     BA        lr
     |               Tag Table
     | 0004A8        00000000 00012221 80120000 000004A8 1F
     |               Instruction count          298
     |               Straight-line exec time    294

 
 
>>>>> COMPILATION UNIT EPILOGUE SECTION <<<<<
 
 
TOTAL   UNRECOVERABLE  SEVERE       ERROR     WARNING    INFORMATIONAL
               (U)       (S)         (E)        (W)          (I)
    0           0         0           0          0            0
 
>>>>> OPTIONS SECTION <<<<<
***   Options In Effect   ***
  
         ==  On / Off Options  ==
         CR              NODIRECTSTORAG  ESCAPE          I4
         INLGLUE         NOLIBESSL       NOLIBPOSIX      OBJECT
         SWAPOMP         THREADED        UNWIND          ZEROSIZE
  
         ==  Options Of Integer Type ==
         ALIAS_SIZE(65536)     MAXMEM(-1)            OPTIMIZE(3)
         SPILLSIZE(512)        STACKTEMP(0)
  
         ==  Options of Integer and Character Type ==
         CACHE(LEVEL(1),TYPE(I),ASSOC(4),COST(6),LINE(64),SIZE(16))
         CACHE(LEVEL(2),TYPE(I),ASSOC(16),COST(80),LINE(128))
         CACHE(LEVEL(1),TYPE(D),ASSOC(8),COST(6),LINE(64),SIZE(16))
         CACHE(LEVEL(2),TYPE(D),ASSOC(16),COST(80),LINE(128))
         INLINE(NOAUTO,LEVEL(5))
         HOT(FASTMATH,LEVEL(0))
         SIMD(AUTO)
  
         ==  Options Of Character Type  ==
         64()                  ALIAS(STD,NOINTPTR)   ALIGN(BINDC(LINUXPPC),STRUCT(NATURAL))
         ARCH(QP)              AUTODBL(NONE)         DESCRIPTOR(V1)
         DIRECTIVE(IBM*,IBMT)  ENUM()                FLAG(I,I)
         FLOAT(MAF,FOLD,RSQRT,FLTINT)
         FREE(F90)             GNU_VERSION(DOT_TRIPLE)
         HALT(S)               IEEE(NEAR)            INTSIZE(4)
         LIST()                LANGLVL(EXTENDED)     REALSIZE(4)
         REPORT(HOTLIST)       STRICT(NONE,NOPRECISION,NOEXCEPTIONS,NOIEEEFP,NONANS,NOINFINITIES,NOSUBNORMALS,NOZEROSIGNS,NOOPERATIONPRECISION,ORDER,NOLIBRARY,NOCONSTRUCTCOPY,NOVECTORPRECISION)
         TUNE(QP)              UNROLL(AUTO)          XFLAG()
         XLF2003(NOPOLYMORPHIC,NOBOZLITARGS,NOSIGNDZEROINTR,NOSTOPEXCEPT,NOVOLATILE,NOAUTOREALLOC,OLDNANINF)
         XLF2008(NOCHECKPRESENCE)
         XLF77(LEADZERO,BLANKPAD)
         XLF90(SIGNEDZERO,AUTODEALLOC)
  
>>>>> SOURCE SECTION <<<<<
 
>>>>> FILE TABLE SECTION <<<<<
 
 
                                       FILE CREATION        FROM
FILE NO   FILENAME                    DATE       TIME       FILE    LINE
     0    mnmx.f90                    07/08/15   15:48:15
 
 
>>>>> COMPILATION EPILOGUE SECTION <<<<<
 
 
FORTRAN Summary of Diagnosed Conditions
 
TOTAL   UNRECOVERABLE  SEVERE       ERROR     WARNING    INFORMATIONAL
               (U)       (S)         (E)        (W)          (I)
    0           0         0           0          0            0
 
 
    Source records read.......................................     132
1501-510  Compilation successful for file mnmx.f90.
1501-543  Object file created.
