IBM XL Fortran for Blue Gene, V14.1 (5799-AH1) Version 14.01.0000.0012 --- modecount.f90 07/08/15 15:48:55
 
>>>>> OPTIONS SECTION <<<<<
***   Options In Effect   ***
  
         ==  On / Off Options  ==
         CR              NODIRECTSTORAG  ESCAPE          I4
         INLGLUE         NOLIBESSL       NOLIBPOSIX      OBJECT
         SWAPOMP         THREADED        UNWIND          ZEROSIZE
  
         ==  Options Of Integer Type ==
         ALIAS_SIZE(65536)     MAXMEM(-1)            OPTIMIZE(3)
         SPILLSIZE(512)        STACKTEMP(0)
  
         ==  Options of Integer and Character Type ==
         CACHE(LEVEL(1),TYPE(I),ASSOC(4),COST(6),LINE(64),SIZE(16))
         CACHE(LEVEL(2),TYPE(I),ASSOC(16),COST(80),LINE(128))
         CACHE(LEVEL(1),TYPE(D),ASSOC(8),COST(6),LINE(64),SIZE(16))
         CACHE(LEVEL(2),TYPE(D),ASSOC(16),COST(80),LINE(128))
         INLINE(NOAUTO,LEVEL(5))
         HOT(FASTMATH,LEVEL(0))
         SIMD(AUTO)
  
         ==  Options Of Character Type  ==
         64()                  ALIAS(STD,NOINTPTR)   ALIGN(BINDC(LINUXPPC),STRUCT(NATURAL))
         ARCH(QP)              AUTODBL(NONE)         DESCRIPTOR(V1)
         DIRECTIVE(IBM*,IBMT)  ENUM()                FLAG(I,I)
         FLOAT(MAF,FOLD,RSQRT,FLTINT)
         FREE(F90)             GNU_VERSION(DOT_TRIPLE)
         HALT(S)               IEEE(NEAR)            INTSIZE(4)
         LIST()                LANGLVL(EXTENDED)     REALSIZE(4)
         REPORT(HOTLIST)       STRICT(NONE,NOPRECISION,NOEXCEPTIONS,NOIEEEFP,NONANS,NOINFINITIES,NOSUBNORMALS,NOZEROSIGNS,NOOPERATIONPRECISION,ORDER,NOLIBRARY,NOCONSTRUCTCOPY,NOVECTORPRECISION)
         TUNE(QP)              UNROLL(AUTO)          XFLAG()
         XLF2003(NOPOLYMORPHIC,NOBOZLITARGS,NOSIGNDZEROINTR,NOSTOPEXCEPT,NOVOLATILE,NOAUTOREALLOC,OLDNANINF)
         XLF2008(NOCHECKPRESENCE)
         XLF77(LEADZERO,BLANKPAD)
         XLF90(SIGNEDZERO,AUTODEALLOC)
  
>>>>> SOURCE SECTION <<<<<
** modecount   === End of Compilation 1 ===
 
>>>>> LOOP TRANSFORMATION SECTION <<<<<

1586-534 (I) Loop (loop index 1) at modecount.f90 <line 20> was not SIMD vectorized because the loop is not the innermost loop.
1586-534 (I) Loop (loop index 2) at modecount.f90 <line 21> was not SIMD vectorized because the loop is not the innermost loop.
1586-534 (I) Loop (loop index 3) at modecount.f90 <line 22> was not SIMD vectorized because the loop is not the innermost loop.
1586-538 (I) Loop (loop index 4) at modecount.f90 <line 34> was not SIMD vectorized because it contains unsupported loop structure.
1586-552 (I) Loop (loop index 4) at modecount.f90 <line 34> was not SIMD vectorized because it contains control flow.
1586-543 (I) <SIMD info> Total number of the innermost loops considered <"1">. Total number of the innermost loops SIMD vectorized <"0">.


     1|         SUBROUTINE modecount (modeco, dd, nbox, norm, idx)
    18|           modeco =  0.0000000000000000E+000
    20|           IF ((1 + (int(((dd + ijkn / 2) - 1)) - int((ijkn / 2))) > 0)) &
                &   THEN
    17|             n = ijkn
    19|             box = real(((real(nbox) / real(ijkn)) *  5.00000000E-01))
    20|             $$CIVFINAL3 = int((1 + (int(((ijkn / 2 + dd) - 1)) - int((&
                &     ijkn / 2)))))
                    $$CIV3 = 0
       Id=1         DO $$CIV3 = $$CIV3, $$CIVFINAL3-1
    21|               IF ((1 + (int(((dd + n / 2) - 1)) - int((1 + (n / 2 - dd))&
                &       )) > 0)) THEN
                        $$CIV2 = 0
       Id=2             DO $$CIV2 = $$CIV2, int((1 + (int(((n / 2 + dd) - 1)) &
                &           - int((1 + (n / 2 - dd))))))-1
    22|                   IF ((1 + (int(((dd + n / 2) - 1)) - int((1 + (n / 2 - &
                &           dd)))) > 0)) THEN
    21|                     iy.rnn2 = 1 + (int($$CIV2) + (n / 2 - dd))
    22|                     $$CIV1 = 0
       Id=3                 DO $$CIV1 = $$CIV1, int((1 + (int(((n / 2 + dd) - &
                &               1)) - int((1 + (n / 2 - dd))))))-1
    23|                       IF (.NOT.(0 == int($$CIV3))) GOTO lab_4
    24|                       IF (iy.rnn2 > n / 2) GOTO lab_6
    25|                       IF (.NOT.(iy.rnn2 == n / 2)) GOTO lab_10
                              IF (.NOT.(1 + (int($$CIV1) + (n / 2 - dd)) > n / &
                &               2)) GOTO lab_10
    27|                       lab_4
    28|                       lab_6
    29|                       k[].off0 =  6.2831854820251464E+000 * real(real((&
                &               1 + (int($$CIV1) - dd))))
    30|                       k[].off8 =  6.2831854820251464E+000 * real(real((&
                &               iy.rnn2 - n / 2)))
    31|                       k[].off16 =  6.2831854820251464E+000 * real(real(&
                &               int($$CIV3)))
    32|                       kmag =  6.2831854820251464E+000 * real(_sqrtfs((&
                &               real((1 + (int(%VAL($$CIV1)) - dd))) * real((1 + (&
                &               int(%VAL($$CIV1)) - dd))) + real((%VAL(iy.rnn2) - &
                &               %VAL(n) / 2)) * real((%VAL(iy.rnn2) - %VAL(n) / 2)&
                &               )) + real(int(%VAL($$CIV3))) * real(int(%VAL(&
                &               $$CIV3)))))
    34|                       IF (.FALSE.) GOTO lab_32
                              $$CIV0 = 0
       Id=4                   DO $$CIV0 = $$CIV0, 2
    35|                         IF ((k($$CIV0 + 1) <>  0.0000000000000000E+000))&
                &                  THEN
    36|                           help($$CIV0 + 1) = _sin(k(%VAL($$CIV0) + 1) * &
                &                   %VAL(box)) / (k($$CIV0 + 1) * box)
    37|                         ELSE
    38|                           help($$CIV0 + 1) =  1.0000000000000000E+000
    39|                         ENDIF
    40|                       ENDDO
                              lab_32
    41|                       $$RET0 = sigma(kmag,idx)
    42|                       modeco = modeco + ((($$RET0 / norm) * kmag) * ((&
                &               help[].off0 * help[].off8) * help[].off16)) * (((&
                &               $$RET0 / norm) * kmag) * ((help[].off0 * &
                &               help[].off8) * help[].off16))
    43|                       lab_10
    44|                     ENDDO
                          ENDIF
    45|                 ENDDO
                      ENDIF
    46|             ENDDO
                  ENDIF
    47|           modeco = _sqrt( 2.0000000000000000E+000 * modeco)
    49|           RETURN
                END SUBROUTINE modecount


Source        Source        Loop Id       Action / Information                                      
File          Line                                                                                  
----------    ----------    ----------    ----------------------------------------------------------
         0            20             1    Loop was not SIMD vectorized because the loop is not 
                                          the innermost loop.
         0            21             2    Loop was not SIMD vectorized because the loop is not 
                                          the innermost loop.
         0            22             3    Loop was not SIMD vectorized because the loop is not 
                                          the innermost loop.
         0            34             4    Loop was not SIMD vectorized because it contains 
                                          unsupported loop structure.
         0            34             4    Loop was not SIMD vectorized because it contains 
                                          control flow.


     1|         SUBROUTINE modecount (modeco, dd, nbox, norm, idx)
    18|           modeco =  0.0000000000000000E+000
    19|           $$csx1 = int(((dd + ijkn / 2) - 1))
                  $$csx2 = ijkn / 2
                  $$csx0 = 1 + ($$csx1 - int($$csx2))
    20|           IF (($$csx0 > 0)) THEN
    17|             n = ijkn
    19|             box = real(((real(nbox) / real(ijkn)) *  5.00000000E-01))
    20|             $$CIVFINAL3 = int($$csx0)
                    $$CIV3 = 0
                    $$ICM0 = ($$csx2 + dd) - 1
                    $$ICM1 = 1 + ($$csx1 - int((1 + ($$csx2 - dd))))
       Id=1         DO $$CIV3 = $$CIV3, $$CIVFINAL3-1
    21|               IF (($$ICM1 > 0)) THEN
                        $$CIV2 = 0
       Id=2             DO $$CIV2 = $$CIV2, int($$ICM1)-1
    22|                   IF (($$ICM1 > 0)) THEN
    21|                     iy.rnn2 = 1 + (int($$CIV2) + ($$csx2 - dd))
    22|                     $$CIV1 = 0
       Id=3                 DO $$CIV1 = $$CIV1, int((1 + ($$csx1 - int((1 + (&
                &               $$csx2 - dd))))))-1
    23|                       IF (.NOT.(0 == int($$CIV3))) GOTO lab_4
    24|                       IF (iy.rnn2 > $$csx2) GOTO lab_6
    25|                       IF (.NOT.(iy.rnn2 == $$csx2)) GOTO lab_10
                              IF (.NOT.(1 + (int($$CIV1) + ($$csx2 - dd)) > &
                &               $$csx2)) GOTO lab_10
    27|                       lab_4
    28|                       lab_6
    29|                       k[].off0 =  6.2831854820251464E+000 * real(real((&
                &               1 + (int($$CIV1) - dd))))
    30|                       k[].off8 =  6.2831854820251464E+000 * real(real((&
                &               iy.rnn2 - $$csx2)))
    31|                       k[].off16 =  6.2831854820251464E+000 * real(real(&
                &               int($$CIV3)))
    32|                       kmag =  6.2831854820251464E+000 * real(_sqrtfs((&
                &               real((1 + (int(%VAL($$CIV1)) - dd))) * real((1 + (&
                &               int(%VAL($$CIV1)) - dd))) + real((%VAL(iy.rnn2) - &
                &               %VAL($$csx2))) * real((%VAL(iy.rnn2) - %VAL(&
                &               $$csx2)))) + real(int(%VAL($$CIV3))) * real(int(&
                &               %VAL($$CIV3)))))
    34|                       IF (.FALSE.) GOTO lab_32
                              $$CIV0 = 0
       Id=4                   DO $$CIV0 = $$CIV0, 2
    35|                         $$csx3 = k($$CIV0 + 1)
                                IF (($$csx3 <>  0.0000000000000000E+000)) THEN
    36|                           help($$CIV0 + 1) = _sin(%VAL($$csx3) * %VAL(&
                &                   box)) / ($$csx3 * box)
    37|                         ELSE
    38|                           help($$CIV0 + 1) =  1.0000000000000000E+000
    39|                         ENDIF
    40|                       ENDDO
                              lab_32
    41|                       $$RET0 = sigma(kmag,idx)
    42|                       modeco = modeco + ((($$RET0 / norm) * kmag) * ((&
                &               help[].off0 * help[].off8) * help[].off16)) * (((&
                &               $$RET0 / norm) * kmag) * ((help[].off0 * &
                &               help[].off8) * help[].off16))
    43|                       lab_10
    44|                     ENDDO
                          ENDIF
    45|                 ENDDO
                      ENDIF
    46|             ENDDO
                  ENDIF
    47|           modeco = _sqrt( 2.0000000000000000E+000 * modeco)
    49|           RETURN
                END SUBROUTINE modecount

 
 
>>>>> OBJECT SECTION <<<<<
 GPR's set/used:   ssus ssss ssss s---  ---- ---- ---- ----
 FPR's set/used:   ssss ssss ssss ss--  ---- ---- ---- ----
 CCR's set/used:   ss-- -sss
     | 000000                           PDEF     modecount
    1|                                  PROC      .modeco_2_1,.dd_2_1,.nbox_2_1,.norm_2_1,.idx_2_1,gr3-gr7
    0| 000000 stdu     F821FF81   1     ST8U      gr1,#stack(gr1,-128)=gr1
    0| 000004 mfspr    7C0802A6   1     LFLR      gr0=lr
    0| 000008 std      F8010090   1     ST8       #stack(gr1,144)=gr0
   18| 00000C ld       E9020000   1     L8        gr8=.&&N&&param(gr2,0)
   19| 000010 lwa      E8040002   1     L4A       gr0=dd(gr4,0)
   18| 000014 addi     39200000   1     LI        gr9=0
   18| 000018 std      F9230000   1     ST8       modeco(gr3,0)=gr9
   18| 00001C lwz      8108000C   1     L4Z       gr8=<s19:d12:l4>(gr8,12)
   19| 000020 srawi    7D080E70   1     SRA4CA    gr8,ca=gr8,1
   19| 000024 addze    7D280194   1     ADDE      gr9,ca=gr8,0,ca
   19| 000028 add      7D004A14   1     A         gr8=gr0,gr9
   19| 00002C extsw    7D2007B4   1     EXTS4     gr0=gr9
   19| 000030 addi     3908FFFF   1     AI        gr8=gr8,-1
   19| 000034 rlwinm   5529003E   1     RN4       gr9=gr9,0,0xFFFFFFFF
   19| 000038 extsw    7D0807B4   1     EXTS4     gr8=gr8
   19| 00003C subf     7D404050   1     S         gr10=gr8,gr0
   19| 000040 addic.   354A0001   1     AI_R      gr10,cr0=gr10,1,ca"
   20| 000044 bc       4081000C   1     BF        CL.192,cr0,0x2/gt,taken=60%(60,40)
   49| 000048 addi     38210080   1     AI        gr1=gr1,128
   49| 00004C b        48000024   1     CALLF     modecount$AF2_1,8,gr3-gr10,fcr",#MX_TEMP1",modecount$AF2_1",gr1,cr[01567]",gr0",gr3"-gr12",fp0"-fp13",mq",lr",xer",fsr",ca",ctr"
   49|                              CL.61:
   20|                              CL.192:
   49| 000050 addi     38210080   1     AI        gr1=gr1,128
   49| 000054 bclr     4E800020   1     BA        lr
     |               Tag Table
     | 000058        00000000 00012001 80000000 00000058
     |               Instruction count           22
     |               Straight-line exec time     22
 GPR's set/used:   ssus ssss ssss s-ss  ssss ssss ssss ssss
 FPR's set/used:   ssss ssss ssss ss--  ---- ---- --ss ssss
 CCR's set/used:   ssss ssss
     | 000000                           PDEF     modecount$AF2_1
    1|                                  PROC      gr3-gr10=.modeco,.dd,.nbox,.norm,.idx,$$csx1,$$csx2,$$csx0
    0| 000070 stfd     DBE1FFF8   1     STFL      #stack(gr1,-8)=fp31
    0| 000074 stfd     DBC1FFF0   1     STFL      #stack(gr1,-16)=fp30
    0| 000078 stfd     DBA1FFE8   1     STFL      #stack(gr1,-24)=fp29
    0| 00007C stfd     DB81FFE0   1     STFL      #stack(gr1,-32)=fp28
    0| 000080 stfd     DB61FFD8   1     STFL      #stack(gr1,-40)=fp27
    0| 000084 stfd     DB41FFD0   1     STFL      #stack(gr1,-48)=fp26
    0| 000088 std      FBE1FFC8   1     ST8       #stack(gr1,-56)=gr31
    0| 00008C std      FBC1FFC0   1     ST8       #stack(gr1,-64)=gr30
    0| 000090 std      FBA1FFB8   1     ST8       #stack(gr1,-72)=gr29
    0| 000094 std      FB81FFB0   1     ST8       #stack(gr1,-80)=gr28
    0| 000098 std      FB61FFA8   1     ST8       #stack(gr1,-88)=gr27
    0| 00009C std      FB41FFA0   1     ST8       #stack(gr1,-96)=gr26
    0| 0000A0 std      FB21FF98   1     ST8       #stack(gr1,-104)=gr25
    0| 0000A4 std      FB01FF90   1     ST8       #stack(gr1,-112)=gr24
    0| 0000A8 std      FAE1FF88   1     ST8       #stack(gr1,-120)=gr23
    0| 0000AC std      FAC1FF80   1     ST8       #stack(gr1,-128)=gr22
    0| 0000B0 std      FAA1FF78   1     ST8       #stack(gr1,-136)=gr21
    0| 0000B4 std      FA81FF70   1     ST8       #stack(gr1,-144)=gr20
    0| 0000B8 std      FA61FF68   1     ST8       #stack(gr1,-152)=gr19
    0| 0000BC std      FA41FF60   1     ST8       #stack(gr1,-160)=gr18
    0| 0000C0 std      FA21FF58   1     ST8       #stack(gr1,-168)=gr17
    0| 0000C4 std      FA01FF50   1     ST8       #stack(gr1,-176)=gr16
    0| 0000C8 std      F9E1FF48   1     ST8       #stack(gr1,-184)=gr15
    0| 0000CC std      F9C1FF40   1     ST8       #stack(gr1,-192)=gr14
    0| 0000D0 mfspr    7C0802A6   1     LFLR      gr0=lr
    0| 0000D4 mfcr     7D800026   1     LFCR      gr12=cr[234],2
    0| 0000D8 stw      91810008   1     ST4A      #stack(gr1,8)=gr12
    0| 0000DC std      F8010010   1     ST8       #stack(gr1,16)=gr0
    0| 0000E0 stdu     F821FDC1   1     ST8U      gr1,#stack(gr1,-576)=gr1
   20| 0000E4 std      F9410160   1     ST8       #SPILL0(gr1,352)=gr10
   17| 0000E8 ld       E9620000   1     L8        gr11=.&&N&&param(gr2,0)
   19| 0000EC lwa      E8A50002   1     L4A       gr5=nbox(gr5,0)
    0| 0000F0 or       7D3E4B78   1     LR        gr30=gr9
   20| 0000F4 lwz      83E40000   1     L4Z       gr31=dd(gr4,0)
   19| 0000F8 ld       E8820000   1     L8        gr4=.+CONSTANT_AREA(gr2,0)
    0| 0000FC or       7C7C1B78   1     LR        gr28=gr3
   17| 000100 lwa      E92B000E   1     L4A       gr9=<s19:d12:l4>(gr11,12)
   19| 000104 std      F8A100D8   1     ST8       #MX_CONVF2_0(gr1,216)=gr5
    0| 000108 addi     380003FF   1     LI        gr0=1023
   21| 00010C subf     7FBFF050   1     S         gr29=gr30,gr31
   19| 000110 lfs      C0040000   1     LFS       fp0=+CONSTANT_AREA(gr4,0)
   20| 000114 addi     387D0001   1     AI        gr3=gr29,1
   19| 000118 std      F92100E8   1     ST8       #MX_CONVF2_1(gr1,232)=gr9
   20| 00011C extsw    7C6307B4   1     EXTS4     gr3=gr3
    0| 000120 or       7CDB3378   1     LR        gr27=gr6
   20| 000124 subf     7C634050   1     S         gr3=gr8,gr3
   19| 000128 lfd      C84100D8   1     LFL       fp2=#MX_CONVF2_0(gr1,216)
   20| 00012C addic.   37430001   1     AI_R      gr26,cr0=gr3,1,ca"
    0| 000130 or       7CF93B78   1     LR        gr25=gr7
   20| 000134 addi     3B000000   1     LI        gr24=0
    0| 000138 mcrf     4E000000   1     LRCR      cr4=cr0
   19| 00013C lfd      C82100E8   1     LFL       fp1=#MX_CONVF2_1(gr1,232)
    0| 000140 subfic   22FF0001   1     SFI       gr23=1,gr31,ca"
   19| 000144 fcfid    FC40169C   1     FCFID     fp2=fp2,fcr
    0| 000148 lfs      C3E40004   1     LFS       fp31=+CONSTANT_AREA(gr4,4)
    0| 00014C lfs      C3C40008   1     LFS       fp30=+CONSTANT_AREA(gr4,8)
    0| 000150 rldicr   7816A2C6   1     SLL8      gr22=gr0,52
    0| 000154 lfs      C3A4000C   1     LFS       fp29=+CONSTANT_AREA(gr4,12)
   19| 000158 fcfid    FC200E9C   1     FCFID     fp1=fp1,fcr
   19| 00015C frsp     FC401018   2     CVLS      fp2=fp2,fcr
   19| 000160 frsp     FC200818   2     CVLS      fp1=fp1,fcr
   19| 000164 fdivs    EC220824   1     DFS       fp1=fp2,fp1,fcr
   19| 000168 fmuls    EF810032   1     MFS       fp28=fp1,fp0,fcr
   20|                              CL.27:
   21| 00016C bc       40910194   1     BF        CL.28,cr4,0x2/gt,taken=20%(20,80)
   21| 000170 addi     3AA00000   1     LI        gr21=0
    0| 000174 or       7EF4BB78   1     LR        gr20=gr23
    0| 000178 extsw    7F1307B4   1     EXTS4     gr19=gr24
    0| 00017C cmpwi    2D180000   1     C4        cr2=gr24,0
   21|                              CL.29:
   22| 000180 bc       40910170   1     BF        CL.30,cr4,0x2/gt,taken=50%(0,0)
   21| 000184 subf     7C1FF050   1     S         gr0=gr30,gr31
   22| 000188 addi     39C00000   1     LI        gr14=0
   21| 00018C add      7C60AA14   1     A         gr3=gr0,gr21
   21| 000190 addi     38030001   1     AI        gr0=gr3,1
    0| 000194 bc       408A0214   1     BF        CL.98,cr2,0x4/eq,taken=50%(0,0)
    0| 000198 extsw    7EE307B4   1     EXTS4     gr3=gr23
    0| 00019C cmpw     7D9E0000   1     C4        cr3=gr30,gr0
    0| 0001A0 std      F86100F8   1     ST8       #MX_CONVF2_2(gr1,248)=gr3
    0| 0001A4 extsw    7E9207B4   1     EXTS4     gr18=gr20
    0| 0001A8 lfd      C80100F8   1     LFL       fp0=#MX_CONVF2_2(gr1,248)
    0| 0001AC fcfid    FF40069C   1     FCFID     fp26=fp0,fcr
   22|                              CL.31:
   24| 0001B0 bc       418C0018   1     BT        CL.4,cr3,0x1/lt,taken=50%(0,0)
   25| 0001B4 bc       408E0120   1     BF        CL.10,cr3,0x4/eq,taken=50%(0,0)
   25| 0001B8 add      7C6EEA14   1     A         gr3=gr14,gr29
   25| 0001BC addi     38030001   1     AI        gr0=gr3,1
   25| 0001C0 cmpw     7C1E0000   1     C4        cr0=gr30,gr0
   25| 0001C4 bc       40800110   1     BF        CL.10,cr0,0x1/lt,taken=20%(20,80)
   27|                              CL.4:
   30| 0001C8 std      FA410108   1     ST8       #MX_CONVF2_3(gr1,264)=gr18
   29| 0001CC frsp     FC00D018   1     CVLS      fp0=fp26,fcr
   31| 0001D0 std      FA610118   1     ST8       #MX_CONVF2_4(gr1,280)=gr19
   34| 0001D4 addi     3A200000   1     LI        gr17=0
   35| 0001D8 addi     3A010098   1     AI        gr16=gr1,152
   29| 0001DC fmul     FC2007F2   1     MFL       fp1=fp0,fp31,fcr
   30| 0001E0 lfd      C8410108   2     LFL       fp2=#MX_CONVF2_3(gr1,264)
   31| 0001E4 lfd      C8610118   1     LFL       fp3=#MX_CONVF2_4(gr1,280)
   29| 0001E8 stfd     D82100A0   1     STFL      <a2:d160:l8>(gr1,160)=fp1
   30| 0001EC fcfid    FC20169C   1     FCFID     fp1=fp2,fcr
   31| 0001F0 fcfid    FC601E9C   2     FCFID     fp3=fp3,fcr
   30| 0001F4 frsp     FC400818   2     CVLS      fp2=fp1,fcr
   31| 0001F8 frsp     FC201818   2     CVLS      fp1=fp3,fcr
   32| 0001FC fmuls    EC8200B2   1     MFS       fp4=fp2,fp2,fcr
   30| 000200 fmul     FC4207F2   1     MFL       fp2=fp2,fp31,fcr
   31| 000204 fmul     FC6107F2   2     MFL       fp3=fp1,fp31,fcr
   32| 000208 fmadds   EC00203A   1     FMAS      fp0=fp4,fp0,fp0,fcr
   30| 00020C stfd     D84100A8   1     STFL      <a2:d168:l8>(gr1,168)=fp2
   31| 000210 stfd     D86100B0   1     STFL      <a2:d176:l8>(gr1,176)=fp3
   32| 000214 fmadds   EC01007A   1     FMAS      fp0=fp0,fp1,fp1,fcr
   32| 000218 fsqrts   EC00002C   1     SQRTFS    fp0=fp0,fcr
   32| 00021C fmul     FC0007F2   1     MFL       fp0=fp0,fp31,fcr
   32| 000220 stfd     D8010080   1     STFL      kmag(gr1,128)=fp0
    0| 000224 ori      60210000   1     XNOP      
   34|                              CL.33:
   35| 000228 lfdu     CC100008   1     LFDU      fp0,gr16=k[](gr16,8)
   35| 00022C addi     39F10001   1     AI        gr15=gr17,1
   35| 000230 fcmpu    FC1E0000   1     CFL       cr0=fp30,fp0
   35| 000234 bc       41820020   1     BT        CL.12,cr0,0x80/feq,taken=40%(40,60)
   36| 000238 fmul     FF600732   1     MFL       fp27=fp0,fp28,fcr
   36| 00023C fmr      FC20D890   2     LRFL      fp1=fp27
   36| 000240 bl       48000001   1     CALLN     fp1=__xl_sin,1,fp1,__xl_sin,#MX_TEMP2",__xl_sin",gr1,cr[01567]",gr0",gr3"-gr12",fp0",fp2"-fp13",mq",lr",xer",fsr",ca",ctr"
   36| 000244 ori      60000000   1
   36| 000248 fdiv     FC01D824   1     DFL       fp0=fp1,fp27,fcr
   36| 00024C stfd     D8100020   1     STFL      help[](gr16,32)=fp0
    0| 000250 b        48000008   1     B         CL.13,-1
   37|                              CL.12:
   38| 000254 std      FAD00020   1     ST8       help[](gr16,32)=gr22
   39|                              CL.13:
   40| 000258 cmpldi   282F0003   1     CL8       cr0=gr15,3
   35| 00025C addi     3A310002   1     AI        gr17=gr17,2
   40| 000260 bc       40800030   1     BF        CL.122,cr0,0x8/llt,taken=20%(20,80)
   35| 000264 lfdu     CC100008   1     LFDU      fp0,gr16=k[](gr16,8)
   35| 000268 fcmpu    FC1E0000   1     CFL       cr0=fp30,fp0
   35| 00026C bc       41820134   1     BT        CL.120,cr0,0x80/feq,taken=40%(40,60)
   36| 000270 fmul     FF600732   1     MFL       fp27=fp0,fp28,fcr
   36| 000274 fmr      FC20D890   2     LRFL      fp1=fp27
   36| 000278 bl       48000001   1     CALLN     fp1=__xl_sin,1,fp1,__xl_sin,#MX_TEMP2",__xl_sin",gr1,cr[01567]",gr0",gr3"-gr12",fp0",fp2"-fp13",mq",lr",xer",fsr",ca",ctr"
   36| 00027C ori      60000000   1
   36| 000280 fdiv     FC01D824   1     DFL       fp0=fp1,fp27,fcr
   36| 000284 stfd     D8100020   1     STFL      help[](gr16,32)=fp0
   39|                              CL.121:
   40| 000288 cmpldi   28310003   1     CL8       cr0=gr17,3
   40| 00028C bc       4180FF9C   1     BT        CL.33,cr0,0x8/llt,taken=80%(80,20)
    0|                              CL.122:
   41| 000290 addi     38610080   1     AI        gr3=gr1,128
   41| 000294 or       7F24CB78   1     LR        gr4=gr25
   41| 000298 bl       48000001   1     CALL      fp1=sigma,2,kmag",gr3,idx",gr4,#ProcAlias",sigma",fcr",#MX_TEMP2",gr1,cr[01567]",gr0",gr3"-gr12",fp0",fp2"-fp13",mq",lr",xer",fsr",ca",ctr"
   41| 00029C ori      60000000   1
   42| 0002A0 lfd      C81B0000   1     LFL       fp0=norm(gr27,0)
   42| 0002A4 lfd      C84100C0   1     LFL       fp2=<a2:d192:l8>(gr1,192)
   42| 0002A8 lfd      C86100C8   1     LFL       fp3=<a2:d200:l8>(gr1,200)
   42| 0002AC lfd      C88100D0   1     LFL       fp4=<a2:d208:l8>(gr1,208)
   42| 0002B0 lfd      C8A10080   1     LFL       fp5=kmag(gr1,128)
   42| 0002B4 lfd      C8DC0000   1     LFL       fp6=modeco(gr28,0)
   42| 0002B8 fdiv     FC010024   1     DFL       fp0=fp1,fp0,fcr
   42| 0002BC fmul     FC2200F2   2     MFL       fp1=fp2,fp3,fcr
   42| 0002C0 fmul     FC000172   2     MFL       fp0=fp0,fp5,fcr
   42| 0002C4 fmul     FC210132   2     MFL       fp1=fp1,fp4,fcr
   42| 0002C8 fmul     FC000072   2     MFL       fp0=fp0,fp1,fcr
   42| 0002CC fmadd    FC00303A   2     FMA       fp0=fp6,fp0,fp0,fcr
   42| 0002D0 stfd     D81C0000   1     STFL      modeco(gr28,0)=fp0
   43|                              CL.10:
   44| 0002D4 addi     39CE0001   1     AI        gr14=gr14,1
    0| 0002D8 fadd     FF5AE82A   1     AFL       fp26=fp26,fp29,fcr
   44| 0002DC cmpld    7C2ED040   1     CL8       cr0=gr14,gr26
   44| 0002E0 bc       4180FED0   1     BT        CL.31,cr0,0x8/llt,taken=80%(80,20)
    0| 0002E4 ori      60210000   1     XNOP      
    0| 0002E8 ori      60210000   1     XNOP      
    0| 0002EC ori      60210000   1     XNOP      
   44|                              CL.30:
   45| 0002F0 addi     3AB50001   1     AI        gr21=gr21,1
    0| 0002F4 addi     3A940001   1     AI        gr20=gr20,1
   45| 0002F8 cmpld    7C35D040   1     CL8       cr0=gr21,gr26
   45| 0002FC bc       4180FE84   1     BT        CL.29,cr0,0x8/llt,taken=80%(80,20)
   45|                              CL.28:
   46| 000300 ld       E8010160   1     L8        gr0=#SPILL0(gr1,352)
   46| 000304 addi     3B180001   1     AI        gr24=gr24,1
   46| 000308 cmpld    7C380040   1     CL8       cr0=gr24,gr0
   46| 00030C bc       4180FE60   1     BT        CL.27,cr0,0x8/llt,taken=80%(80,20)
   47| 000310 lfd      C81C0000   1     LFL       fp0=modeco(gr28,0)
   49| 000314 ld       E8010250   1     L8        gr0=#stack(gr1,592)
   49| 000318 lwa      E981024A   1     L4A       gr12=#stack(gr1,584)
   49| 00031C lfd      CBE10238   1     LFL       fp31=#stack(gr1,568)
   49| 000320 lfd      CBC10230   1     LFL       fp30=#stack(gr1,560)
   49| 000324 lfd      CBA10228   1     LFL       fp29=#stack(gr1,552)
   49| 000328 lfd      CB810220   1     LFL       fp28=#stack(gr1,544)
   47| 00032C fadd     FC00002A   1     AFL       fp0=fp0,fp0,fcr
   49| 000330 lfd      CB610218   2     LFL       fp27=#stack(gr1,536)
   49| 000334 lfd      CB410210   1     LFL       fp26=#stack(gr1,528)
   49| 000338 addi     38210240   1     AI        gr1=gr1,576
   49| 00033C mtspr    7C0803A6   1     LLR       lr=gr0
   49| 000340 mtcrf    7D820120   1     MTCRF     cr2=gr12
   47| 000344 fsqrt    FC00002C   1     SQRT      fp0=fp0,fcr
   49| 000348 mtcrf    7D810120   1     MTCRF     cr3=gr12
   49| 00034C mtcrf    7D808120   1     MTCRF     cr4=gr12
   49| 000350 ld       E9C1FF40   1     L8        gr14=#stack(gr1,-192)
   49| 000354 ld       E9E1FF48   1     L8        gr15=#stack(gr1,-184)
   49| 000358 ld       EA01FF50   1     L8        gr16=#stack(gr1,-176)
   49| 00035C ld       EA21FF58   1     L8        gr17=#stack(gr1,-168)
   49| 000360 ld       EA41FF60   1     L8        gr18=#stack(gr1,-160)
   49| 000364 ld       EA61FF68   1     L8        gr19=#stack(gr1,-152)
   49| 000368 ld       EA81FF70   1     L8        gr20=#stack(gr1,-144)
   49| 00036C ld       EAA1FF78   1     L8        gr21=#stack(gr1,-136)
   49| 000370 ld       EAC1FF80   1     L8        gr22=#stack(gr1,-128)
   49| 000374 ld       EAE1FF88   1     L8        gr23=#stack(gr1,-120)
   49| 000378 ld       EB01FF90   1     L8        gr24=#stack(gr1,-112)
   49| 00037C ld       EB21FF98   1     L8        gr25=#stack(gr1,-104)
   49| 000380 ld       EB41FFA0   1     L8        gr26=#stack(gr1,-96)
   49| 000384 ld       EB61FFA8   1     L8        gr27=#stack(gr1,-88)
   49| 000388 ld       EBA1FFB8   1     L8        gr29=#stack(gr1,-72)
   49| 00038C ld       EBC1FFC0   1     L8        gr30=#stack(gr1,-64)
   49| 000390 ld       EBE1FFC8   1     L8        gr31=#stack(gr1,-56)
   47| 000394 stfd     D81C0000   1     STFL      modeco(gr28,0)=fp0
   49| 000398 ld       EB81FFB0   1     L8        gr28=#stack(gr1,-80)
   49| 00039C bclr     4E800020   1     BA        lr
   37|                              CL.120:
   38| 0003A0 std      FAD00020   1     ST8       help[](gr16,32)=gr22
    0| 0003A4 b        4BFFFEE4   1     B         CL.121,-1
    0|                              CL.98:
    0| 0003A8 extsw    7EE007B4   1     EXTS4     gr0=gr23
    0| 0003AC extsw    7E9207B4   1     EXTS4     gr18=gr20
    0| 0003B0 std      F8010128   1     ST8       #MX_CONVF2_5(gr1,296)=gr0
    0| 0003B4 lfd      C8010128   1     LFL       fp0=#MX_CONVF2_5(gr1,296)
    0| 0003B8 fcfid    FF40069C   1     FCFID     fp26=fp0,fcr
   22|                              CL.87:
   30| 0003BC std      FA410138   1     ST8       #MX_CONVF2_6(gr1,312)=gr18
   29| 0003C0 frsp     FC00D018   1     CVLS      fp0=fp26,fcr
   31| 0003C4 std      FA610148   1     ST8       #MX_CONVF2_7(gr1,328)=gr19
   34| 0003C8 addi     3A200000   1     LI        gr17=0
   35| 0003CC addi     3A010098   1     AI        gr16=gr1,152
   35| 0003D0 addi     39E00001   1     LI        gr15=1
   29| 0003D4 fmul     FC2007F2   1     MFL       fp1=fp0,fp31,fcr
   30| 0003D8 lfd      C8410138   2     LFL       fp2=#MX_CONVF2_6(gr1,312)
   31| 0003DC lfd      C8610148   1     LFL       fp3=#MX_CONVF2_7(gr1,328)
   29| 0003E0 stfd     D82100A0   1     STFL      <a2:d160:l8>(gr1,160)=fp1
   30| 0003E4 fcfid    FC20169C   1     FCFID     fp1=fp2,fcr
   31| 0003E8 fcfid    FC601E9C   2     FCFID     fp3=fp3,fcr
   30| 0003EC frsp     FC400818   2     CVLS      fp2=fp1,fcr
   31| 0003F0 frsp     FC201818   2     CVLS      fp1=fp3,fcr
   32| 0003F4 fmuls    EC8200B2   1     MFS       fp4=fp2,fp2,fcr
   30| 0003F8 fmul     FC4207F2   1     MFL       fp2=fp2,fp31,fcr
   31| 0003FC fmul     FC6107F2   2     MFL       fp3=fp1,fp31,fcr
   32| 000400 fmadds   EC00203A   1     FMAS      fp0=fp4,fp0,fp0,fcr
   30| 000404 stfd     D84100A8   1     STFL      <a2:d168:l8>(gr1,168)=fp2
   31| 000408 stfd     D86100B0   1     STFL      <a2:d176:l8>(gr1,176)=fp3
   32| 00040C fmadds   EC01007A   1     FMAS      fp0=fp0,fp1,fp1,fcr
   32| 000410 fsqrts   EC00002C   1     SQRTFS    fp0=fp0,fcr
   32| 000414 fmul     FC0007F2   1     MFL       fp0=fp0,fp31,fcr
   32| 000418 stfd     D8010080   1     STFL      kmag(gr1,128)=fp0
   34|                              CL.91:
   35| 00041C lfd      C8100008   1     LFL       fp0=k[](gr16,8)
   35| 000420 fcmpu    FC1E0000   1     CFL       cr0=fp30,fp0
   35| 000424 bc       41820020   1     BT        CL.92,cr0,0x80/feq,taken=40%(40,60)
   36| 000428 fmul     FF600732   1     MFL       fp27=fp0,fp28,fcr
   36| 00042C fmr      FC20D890   2     LRFL      fp1=fp27
   36| 000430 bl       48000001   1     CALLN     fp1=__xl_sin,1,fp1,__xl_sin,#MX_TEMP2",__xl_sin",gr1,cr[01567]",gr0",gr3"-gr12",fp0",fp2"-fp13",mq",lr",xer",fsr",ca",ctr"
   36| 000434 ori      60000000   1
   36| 000438 fdiv     FC01D824   1     DFL       fp0=fp1,fp27,fcr
   36| 00043C stfd     D8100028   1     STFL      help[](gr16,40)=fp0
    0| 000440 b        48000008   1     B         CL.93,-1
   37|                              CL.92:
   38| 000444 std      FAD00028   1     ST8       help[](gr16,40)=gr22
   39|                              CL.93:
   40| 000448 cmpldi   282F0003   1     CL8       cr0=gr15,3
   35| 00044C addi     3A310002   1     AI        gr17=gr17,2
   40| 000450 bc       4080003C   1     BF        CL.126,cr0,0x8/llt,taken=20%(20,80)
   35| 000454 lfdu     CC100010   1     LFDU      fp0,gr16=k[](gr16,16)
   35| 000458 fcmpu    FC1E0000   1     CFL       cr0=fp30,fp0
   35| 00045C bc       41820020   1     BT        CL.124,cr0,0x80/feq,taken=40%(40,60)
   36| 000460 fmul     FF600732   1     MFL       fp27=fp0,fp28,fcr
   36| 000464 fmr      FC20D890   2     LRFL      fp1=fp27
   36| 000468 bl       48000001   1     CALLN     fp1=__xl_sin,1,fp1,__xl_sin,#MX_TEMP2",__xl_sin",gr1,cr[01567]",gr0",gr3"-gr12",fp0",fp2"-fp13",mq",lr",xer",fsr",ca",ctr"
   36| 00046C ori      60000000   1
   36| 000470 fdiv     FC01D824   1     DFL       fp0=fp1,fp27,fcr
   36| 000474 stfd     D8100020   1     STFL      help[](gr16,32)=fp0
    0| 000478 b        48000008   1     B         CL.125,-1
   37|                              CL.124:
   38| 00047C std      FAD00020   1     ST8       help[](gr16,32)=gr22
   39|                              CL.125:
   40| 000480 cmpldi   28310003   1     CL8       cr0=gr17,3
   35| 000484 addi     39F10001   1     AI        gr15=gr17,1
   40| 000488 bc       4180FF94   1     BT        CL.91,cr0,0x8/llt,taken=80%(80,20)
    0|                              CL.126:
   41| 00048C addi     38610080   1     AI        gr3=gr1,128
   41| 000490 or       7F24CB78   1     LR        gr4=gr25
   41| 000494 bl       48000001   1     CALL      fp1=sigma,2,kmag",gr3,idx",gr4,#ProcAlias",sigma",fcr",#MX_TEMP2",gr1,cr[01567]",gr0",gr3"-gr12",fp0",fp2"-fp13",mq",lr",xer",fsr",ca",ctr"
   41| 000498 ori      60000000   1
    0| 00049C fadd     FF5AE82A   1     AFL       fp26=fp26,fp29,fcr
   42| 0004A0 lfd      C81B0000   1     LFL       fp0=norm(gr27,0)
   42| 0004A4 lfd      C84100C0   1     LFL       fp2=<a2:d192:l8>(gr1,192)
   42| 0004A8 lfd      C86100C8   1     LFL       fp3=<a2:d200:l8>(gr1,200)
   42| 0004AC lfd      C88100D0   1     LFL       fp4=<a2:d208:l8>(gr1,208)
   42| 0004B0 lfd      C8A10080   1     LFL       fp5=kmag(gr1,128)
   42| 0004B4 lfd      C8DC0000   1     LFL       fp6=modeco(gr28,0)
   44| 0004B8 addi     39CE0001   1     AI        gr14=gr14,1
   42| 0004BC fdiv     FC010024   1     DFL       fp0=fp1,fp0,fcr
   44| 0004C0 cmpld    7C2ED040   1     CL8       cr0=gr14,gr26
   42| 0004C4 fmul     FC2200F2   1     MFL       fp1=fp2,fp3,fcr
   42| 0004C8 fmul     FC000172   2     MFL       fp0=fp0,fp5,fcr
   42| 0004CC fmul     FC210132   2     MFL       fp1=fp1,fp4,fcr
   42| 0004D0 fmul     FC000072   2     MFL       fp0=fp0,fp1,fcr
   42| 0004D4 fmadd    FC00303A   2     FMA       fp0=fp6,fp0,fp0,fcr
   42| 0004D8 stfd     D81C0000   1     STFL      modeco(gr28,0)=fp0
   44| 0004DC bc       4080FE14   1     BF        CL.30,cr0,0x8/llt,taken=20%(20,80)
   44| 0004E0 b        4BFFFEDC   1     B         CL.87,-1
     |               Tag Table
     | 0004E4        00000000 00012203 86120000 00000474
     |               Instruction count          285
     |               Straight-line exec time    311
     |               Constant Area
     | 000000        3F000000 40C90FDB 00000000 3F800000

 
 
>>>>> FILE TABLE SECTION <<<<<
 
 
                                       FILE CREATION        FROM
FILE NO   FILENAME                    DATE       TIME       FILE    LINE
     0    modecount.f90               07/08/15   15:48:55
 
 
>>>>> COMPILATION EPILOGUE SECTION <<<<<
 
 
FORTRAN Summary of Diagnosed Conditions
 
TOTAL   UNRECOVERABLE  SEVERE       ERROR     WARNING    INFORMATIONAL
               (U)       (S)         (E)        (W)          (I)
    0           0         0           0          0            0
 
 
    Source records read.......................................      49
1501-510  Compilation successful for file modecount.f90.
1501-543  Object file created.
