IBM XL Fortran for Blue Gene, V14.1 (5799-AH1) Version 14.01.0000.0012 --- sigma.f90 07/08/15 15:48:56
 
>>>>> OPTIONS SECTION <<<<<
***   Options In Effect   ***
  
         ==  On / Off Options  ==
         CR              NODIRECTSTORAG  ESCAPE          I4
         INLGLUE         NOLIBESSL       NOLIBPOSIX      OBJECT
         SWAPOMP         THREADED        UNWIND          ZEROSIZE
  
         ==  Options Of Integer Type ==
         ALIAS_SIZE(65536)     MAXMEM(-1)            OPTIMIZE(3)
         SPILLSIZE(512)        STACKTEMP(0)
  
         ==  Options of Integer and Character Type ==
         CACHE(LEVEL(1),TYPE(I),ASSOC(4),COST(6),LINE(64),SIZE(16))
         CACHE(LEVEL(2),TYPE(I),ASSOC(16),COST(80),LINE(128))
         CACHE(LEVEL(1),TYPE(D),ASSOC(8),COST(6),LINE(64),SIZE(16))
         CACHE(LEVEL(2),TYPE(D),ASSOC(16),COST(80),LINE(128))
         INLINE(NOAUTO,LEVEL(5))
         HOT(FASTMATH,LEVEL(0))
         SIMD(AUTO)
  
         ==  Options Of Character Type  ==
         64()                  ALIAS(STD,NOINTPTR)   ALIGN(BINDC(LINUXPPC),STRUCT(NATURAL))
         ARCH(QP)              AUTODBL(NONE)         DESCRIPTOR(V1)
         DIRECTIVE(IBM*,IBMT)  ENUM()                FLAG(I,I)
         FLOAT(MAF,FOLD,RSQRT,FLTINT)
         FREE(F90)             GNU_VERSION(DOT_TRIPLE)
         HALT(S)               IEEE(NEAR)            INTSIZE(4)
         LIST()                LANGLVL(EXTENDED)     REALSIZE(4)
         REPORT(HOTLIST)       STRICT(NONE,NOPRECISION,NOEXCEPTIONS,NOIEEEFP,NONANS,NOINFINITIES,NOSUBNORMALS,NOZEROSIGNS,NOOPERATIONPRECISION,ORDER,NOLIBRARY,NOCONSTRUCTCOPY,NOVECTORPRECISION)
         TUNE(QP)              UNROLL(AUTO)          XFLAG()
         XLF2003(NOPOLYMORPHIC,NOBOZLITARGS,NOSIGNDZEROINTR,NOSTOPEXCEPT,NOVOLATILE,NOAUTOREALLOC,OLDNANINF)
         XLF2008(NOCHECKPRESENCE)
         XLF77(LEADZERO,BLANKPAD)
         XLF90(SIGNEDZERO,AUTODEALLOC)
  
>>>>> SOURCE SECTION <<<<<
** sigma   === End of Compilation 1 ===
 
>>>>> LOOP TRANSFORMATION SECTION <<<<<



    25|         REAL*8 FUNCTION sigma (k, idx)
    32|           IF ((idx ==  0.0000000000000000E+000)) THEN
    33|             sigma =  1.0000000000000000E+000
    34|           ELSE
    35|             sigma = (k +  1.0000000000000000E-099 ** idx)
    36|           ENDIF
    37|           RETURN
    38|         END FUNCTION sigma


    25|         REAL*8 FUNCTION sigma (k, idx)
    32|           IF ((idx ==  0.0000000000000000E+000)) THEN
    33|             sigma =  1.0000000000000000E+000
    34|           ELSE
    35|             sigma = (k +  1.0000000000000000E-099 ** idx)
    36|           ENDIF
    37|           RETURN
    38|         END FUNCTION sigma

 
 
>>>>> OBJECT SECTION <<<<<
 GPR's set/used:   ssus ssss ssss s---  ---- ---- ---- ----
 FPR's set/used:   ssss ssss ssss ss--  ---- ---- ---- ----
 CCR's set/used:   ss-- -sss
     | 000000                           PDEF     sigma
   25|                                  PROC      .k,.idx,gr3,gr4
    0| 000000 stdu     F821FF81   1     ST8U      gr1,#stack(gr1,-128)=gr1
    0| 000004 mfspr    7C0802A6   1     LFLR      gr0=lr
    0| 000008 std      F8010090   1     ST8       #stack(gr1,144)=gr0
   32| 00000C ld       E8A20000   1     L8        gr5=.+CONSTANT_AREA(gr2,0)
   32| 000010 lfd      C8440000   1     LFL       fp2=idx(gr4,0)
   32| 000014 lfs      C0050000   1     LFS       fp0=+CONSTANT_AREA(gr5,0)
   35| 000018 lfd      C8250008   1     LFL       fp1=+CONSTANT_AREA(gr5,8)
   32| 00001C fcmpu    FC001000   1     CFL       cr0=fp0,fp2
   32| 000020 bc       40820010   1     BF        CL.1,cr0,0x80/feq,taken=60%(60,40)
   33| 000024 lfs      C0250004   1     LFS       fp1=+CONSTANT_AREA(gr5,4)
   38| 000028 addi     38210080   1     AI        gr1=gr1,128
   38| 00002C bclr     4E800020   1     BA        lr
   34|                              CL.1:
   35| 000030 lfd      C8030000   1     LFL       fp0=k(gr3,0)
   35| 000034 fadd     FC20082A   1     AFL       fp1=fp0,fp1,fcr
   35| 000038 bl       48000001   1     CALLN     fp1=__xl_pow,2,fp1,fp2,#MX_TEMP1",__xl_pow",gr1,cr[01567]",gr0",gr3"-gr12",fp0",fp2"-fp13",mq",lr",xer",fsr",ca",ctr"
   35| 00003C ori      60000000   1
   38| 000040 ld       E9810090   1     L8        gr12=#stack(gr1,144)
   38| 000044 addi     38210080   1     AI        gr1=gr1,128
   38| 000048 mtspr    7D8803A6   1     LLR       lr=gr12
   38| 00004C bclr     4E800020   1     BA        lr
     |               Tag Table
     | 000050        00000000 00012201 80000000 00000050
     |               Instruction count           20
     |               Straight-line exec time     20
     |               Constant Area
     | 000000        00000000 3F800000 2B617F7D 4ED8C33E

 
 
>>>>> FILE TABLE SECTION <<<<<
 
 
                                       FILE CREATION        FROM
FILE NO   FILENAME                    DATE       TIME       FILE    LINE
     0    sigma.f90                   07/08/15   15:48:56
 
 
>>>>> COMPILATION EPILOGUE SECTION <<<<<
 
 
FORTRAN Summary of Diagnosed Conditions
 
TOTAL   UNRECOVERABLE  SEVERE       ERROR     WARNING    INFORMATIONAL
               (U)       (S)         (E)        (W)          (I)
    0           0         0           0          0            0
 
 
    Source records read.......................................      38
1501-510  Compilation successful for file sigma.f90.
1501-543  Object file created.
