IBM XL Fortran for Blue Gene, V14.1 (5799-AH1) Version 14.01.0000.0012 --- strtoi.f90 07/08/15 15:48:36
 
>>>>> OPTIONS SECTION <<<<<
***   Options In Effect   ***
  
         ==  On / Off Options  ==
         CR              NODIRECTSTORAG  ESCAPE          I4
         INLGLUE         NOLIBESSL       NOLIBPOSIX      OBJECT
         SWAPOMP         THREADED        UNWIND          ZEROSIZE
  
         ==  Options Of Integer Type ==
         ALIAS_SIZE(65536)     MAXMEM(-1)            OPTIMIZE(3)
         SPILLSIZE(512)        STACKTEMP(0)
  
         ==  Options of Integer and Character Type ==
         CACHE(LEVEL(1),TYPE(I),ASSOC(4),COST(6),LINE(64),SIZE(16))
         CACHE(LEVEL(2),TYPE(I),ASSOC(16),COST(80),LINE(128))
         CACHE(LEVEL(1),TYPE(D),ASSOC(8),COST(6),LINE(64),SIZE(16))
         CACHE(LEVEL(2),TYPE(D),ASSOC(16),COST(80),LINE(128))
         INLINE(NOAUTO,LEVEL(5))
         HOT(FASTMATH,LEVEL(0))
         SIMD(AUTO)
  
         ==  Options Of Character Type  ==
         64()                  ALIAS(STD,NOINTPTR)   ALIGN(BINDC(LINUXPPC),STRUCT(NATURAL))
         ARCH(QP)              AUTODBL(NONE)         DESCRIPTOR(V1)
         DIRECTIVE(IBM*,IBMT)  ENUM()                FLAG(I,I)
         FLOAT(MAF,FOLD,RSQRT,FLTINT)
         FREE(F90)             GNU_VERSION(DOT_TRIPLE)
         HALT(S)               IEEE(NEAR)            INTSIZE(4)
         LIST()                LANGLVL(EXTENDED)     REALSIZE(4)
         REPORT(HOTLIST)       STRICT(NONE,NOPRECISION,NOEXCEPTIONS,NOIEEEFP,NONANS,NOINFINITIES,NOSUBNORMALS,NOZEROSIGNS,NOOPERATIONPRECISION,ORDER,NOLIBRARY,NOCONSTRUCTCOPY,NOVECTORPRECISION)
         TUNE(QP)              UNROLL(AUTO)          XFLAG()
         XLF2003(NOPOLYMORPHIC,NOBOZLITARGS,NOSIGNDZEROINTR,NOSTOPEXCEPT,NOVOLATILE,NOAUTOREALLOC,OLDNANINF)
         XLF2008(NOCHECKPRESENCE)
         XLF77(LEADZERO,BLANKPAD)
         XLF90(SIGNEDZERO,AUTODEALLOC)
  
>>>>> SOURCE SECTION <<<<<
** strtoi   === End of Compilation 1 ===
 
>>>>> LOOP TRANSFORMATION SECTION <<<<<

1586-532 (I) Loop (loop index 1) at strtoi.f90 <line 23> was not SIMD vectorized because it contains non-vectorizable reductions.
1586-540 (I) Loop (loop index 1) at strtoi.f90 <line 23> was not SIMD vectorized because it contains memory references ival = ival + ((int *)((char *)&asciic  + -192ll))->asciic[][(long long) ((int) tmp.18)] * ishift; with non-vectorizable strides.
1586-537 (I) Loop (loop index 1) at strtoi.f90 <line 25> was not SIMD vectorized because it contains operation in ishift * 10 which is not suitable for SIMD vectorization.
1586-549 (I) Loop (loop index 1) at strtoi.f90 <line 25> was not SIMD vectorized because a data dependence  prevents SIMD vectorization.
1586-551 (I) Loop (loop index 1) at strtoi.f90 <line 25> was not SIMD vectorized because it contains unsupported vector data types.
1586-537 (I) Loop (loop index 1) at strtoi.f90 <line 24> was not SIMD vectorized because it contains operation in ival + ((int *)((char *)&asciic  + -192ll))->asciic[][(long long) ((int) tmp.18)] * ishift which is not suitable for SIMD vectorization.
1586-540 (I) Loop (loop index 1) at strtoi.f90 <line 24> was not SIMD vectorized because it contains memory references ((char *)&asciic  + -192ll + (4ll)*((long long) ((int) tmp.18))) with non-vectorizable strides.
1586-549 (I) Loop (loop index 1) at strtoi.f90 <line 24> was not SIMD vectorized because a data dependence  prevents SIMD vectorization.
1586-551 (I) Loop (loop index 1) at strtoi.f90 <line 24> was not SIMD vectorized because it contains unsupported vector data types.
1586-543 (I) <SIMD info> Total number of the innermost loops considered <"1">. Total number of the innermost loops SIMD vectorized <"0">.


     7|         INTEGER*4 FUNCTION strtoi (string, istrt, iend, %string)
    22|           ival = 0
    23|           IF ((1 + (int(iend) - int(istrt)) > 0)) THEN
    21|             ishift = 1
    23|             $$CIV0 = 0
       Id=1         DO $$CIV0 = $$CIV0, int((1 + (int(iend) - int(istrt))))-1
    24|               CALL _dconcat((string + (-1) + (1)*(int(iend) - %VAL(&
                &       $$CIV0))),1,tmp.18,1)
                      ival = ival + asciic(int(int(tmp.18))) * ishift
    25|               ishift = ishift * 10
    26|             ENDDO
                  ENDIF
    29|           RETURN
    30|         END FUNCTION strtoi


Source        Source        Loop Id       Action / Information                                      
File          Line                                                                                  
----------    ----------    ----------    ----------------------------------------------------------
         0            23             1    Loop was not SIMD vectorized because it contains 
                                          non-vectorizable reductions.
         0            24                  Loop was not SIMD vectorized because it contains 
                                          operation in ival + ((int *)((char *)&asciic  + 
                                          -192ll))->asciic[][(long long) ((int) tmp.18)] * 
                                          ishift which is not  suitable for SIMD vectorization.
         0            24                  Loop was not SIMD vectorized because it contains 
                                          memory references ((char *)&asciic  + -192ll + 
                                          (4ll)*((long long) ((int) tmp.18))) with  
                                          non-vectorizable strides.
         0            24                  Loop was not SIMD vectorized because a data 
                                          dependence  prevents SIMD  vectorization.
         0            24                  Loop was not SIMD vectorized because it contains 
                                          unsupported vector data types.
         0            25                  Loop was not SIMD vectorized because it contains 
                                          operation in ishift * 10 which is not  suitable for 
                                          SIMD vectorization.
         0            25                  Loop was not SIMD vectorized because a data 
                                          dependence  prevents SIMD  vectorization.
         0            25                  Loop was not SIMD vectorized because it contains 
                                          unsupported vector data types.


     7|         INTEGER*4 FUNCTION strtoi (string, istrt, iend, %string)
    22|           ival = 0
    23|           IF ((1 + (int(iend) - int(istrt)) > 0)) THEN
    21|             ishift = 1
    23|             $$CIV0 = 0
       Id=1         DO $$CIV0 = $$CIV0, int((1 + (int(iend) - int(istrt))))-1
    24|               CALL _dconcat((string + (-1) + (1)*(int(iend) - %VAL(&
                &       $$CIV0))),1,tmp.18,1)
                      ival = ival + asciic(int(int(tmp.18))) * ishift
    25|               ishift = ishift * 10
    26|             ENDDO
                  ENDIF
    29|           RETURN
    30|         END FUNCTION strtoi

 
 
>>>>> OBJECT SECTION <<<<<
 GPR's set/used:   s-us ssss ss-- ----  ---- ---- ---- ----
 FPR's set/used:   ---- ---- ---- ----  ---- ---- ---- ----
 CCR's set/used:   ss-- ----
     | 000000                           PDEF     strtoi
    7|                                  PROC      .string,.istrt,.iend,%string,gr3-gr6
   22| 000000 lwa      E8A50002   1     L4A       gr5=iend(gr5,0)
   22| 000004 lwa      E8E40002   1     L4A       gr7=istrt(gr4,0)
    0| 000008 ld       E8C20000   1     L8        gr6=.$STATIC(gr2,0)
   22| 00000C addi     38000000   1     LI        gr0=0
   21| 000010 addi     38800001   1     LI        gr4=1
   24| 000014 add      7C632A14   1     A         gr3=gr3,gr5
   22| 000018 subf     7D072850   1     S         gr8=gr5,gr7
    0| 00001C subfic   20E70001   1     SFI       gr7=1,gr7,ca"
   22| 000020 addic.   35080001   1     AI_R      gr8,cr0=gr8,1,ca"
   23| 000024 bc       408100B8   1     BF        CL.30,cr0,0x2/gt,taken=30%(30,70)
    0| 000028 add      7CE53A14   1     A         gr7=gr5,gr7
   24| 00002C addi     38A6FF40   1     AI        gr5=gr6,-192
    0| 000030 rldicl   78E6F842   1     SRL8      gr6=gr7,1
    0| 000034 andi.    70E70001   1     RN4_R     gr7,cr0=gr7,0,0x1
    0| 000038 cmpdi    2CA60000   1     C8        cr1=gr6,0
    0| 00003C mtspr    7CC903A6   1     LCTR      ctr=gr6
    0| 000040 bc       41820018   1     BT        CL.40,cr0,0x4/eq,taken=50%(0,0)
   24| 000044 lbzu     8C03FFFF   1     L1ZU      gr0,gr3=string(gr3,-1)
   25| 000048 addi     3880000A   1     LI        gr4=10
   24| 00004C rlwinm   5406103A   1     SLL4      gr6=gr0,2
   24| 000050 lwzx     7C05302E   1     L4Z       gr0=asciic[](gr5,gr6,0)
    0| 000054 bc       41860088   1     BT        CL.30,cr1,0x4/eq,taken=30%(30,70)
    0|                              CL.40:
   24| 000058 lbz      88C3FFFF   1     L1Z       gr6=string(gr3,-1)
   24| 00005C lbzu     8CE3FFFE   1     L1ZU      gr7,gr3=string(gr3,-2)
    0| 000060 bc       42400050   1     BCF       ctr=CL.46,taken=0%(0,100)
    0| 000064 ori      60210000   1     XNOP      
    0| 000068 ori      60210000   1     XNOP      
   23|                              CL.6:
   24| 00006C rlwinm   54C6103A   1     SLL4      gr6=gr6,2
   24| 000070 rlwinm   54E8103A   1     SLL4      gr8=gr7,2
   24| 000074 lwzx     7CE5302E   1     L4Z       gr7=asciic[](gr5,gr6,0)
   25| 000078 rldicr   78861764   1     SLL8      gr6=gr4,2
   24| 00007C lwzx     7D25402E   1     L4Z       gr9=asciic[](gr5,gr8,0)
   25| 000080 add      7D043214   1     A         gr8=gr4,gr6
   24| 000084 lbz      88C3FFFF   1     L1Z       gr6=string(gr3,-1)
   25| 000088 rlwinm   5508083C   1     RN4       gr8=gr8,1,0xFFFFFFFE
   24| 00008C mulld    7C8439D2   1     M         gr4=gr4,gr7
   24| 000090 mulld    7D2849D2   1     M         gr9=gr8,gr9
   25| 000094 rldicr   79071764   1     SLL8      gr7=gr8,2
   24| 000098 add      7C002214   1     A         gr0=gr0,gr4
   25| 00009C add      7C874214   1     A         gr4=gr7,gr8
   24| 0000A0 lbzu     8CE3FFFE   1     L1ZU      gr7,gr3=string(gr3,-2)
   24| 0000A4 add      7C004A14   1     A         gr0=gr0,gr9
   25| 0000A8 rlwinm   5484083C   1     RN4       gr4=gr4,1,0xFFFFFFFE
    0| 0000AC bc       4200FFC0   1     BCT       ctr=CL.6,taken=100%(100,0)
    0|                              CL.46:
   24| 0000B0 rlwinm   54C3103A   1     SLL4      gr3=gr6,2
   24| 0000B4 rlwinm   54E6103A   1     SLL4      gr6=gr7,2
   24| 0000B8 lwzx     7C65182E   1     L4Z       gr3=asciic[](gr5,gr3,0)
   25| 0000BC rldicr   78871764   1     SLL8      gr7=gr4,2
   24| 0000C0 lwzx     7CA5302E   1     L4Z       gr5=asciic[](gr5,gr6,0)
   25| 0000C4 add      7CC43A14   1     A         gr6=gr4,gr7
   25| 0000C8 rlwinm   54C6083C   1     RN4       gr6=gr6,1,0xFFFFFFFE
   24| 0000CC mulld    7C6321D2   1     M         gr3=gr3,gr4
   24| 0000D0 mulld    7C8531D2   1     M         gr4=gr5,gr6
   24| 0000D4 add      7C001A14   1     A         gr0=gr0,gr3
   24| 0000D8 add      7C002214   1     A         gr0=gr0,gr4
    0|                              CL.30:
   29| 0000DC extsw    7C0307B4   1     EXTS4     gr3=gr0
    0| 0000E0 bclr     4E800020   1     BA        lr
     |               Tag Table
     | 0000E4        00000000 00012000 00000000 000000E4
     |               Instruction count           57
     |               Straight-line exec time     57

 
 
>>>>> FILE TABLE SECTION <<<<<
 
 
                                       FILE CREATION        FROM
FILE NO   FILENAME                    DATE       TIME       FILE    LINE
     0    strtoi.f90                  07/08/15   15:48:36
 
 
>>>>> COMPILATION EPILOGUE SECTION <<<<<
 
 
FORTRAN Summary of Diagnosed Conditions
 
TOTAL   UNRECOVERABLE  SEVERE       ERROR     WARNING    INFORMATIONAL
               (U)       (S)         (E)        (W)          (I)
    0           0         0           0          0            0
 
 
    Source records read.......................................      30
1501-510  Compilation successful for file strtoi.f90.
1501-543  Object file created.
