IBM XL Fortran for Blue Gene, V14.1 (5799-AH1) Version 14.01.0000.0012 --- sym_prcn.f90 07/08/15 15:48:38
 
>>>>> OPTIONS SECTION <<<<<
***   Options In Effect   ***
  
         ==  On / Off Options  ==
         CR              NODIRECTSTORAG  ESCAPE          I4
         INLGLUE         NOLIBESSL       NOLIBPOSIX      OBJECT
         SWAPOMP         THREADED        UNWIND          ZEROSIZE
  
         ==  Options Of Integer Type ==
         ALIAS_SIZE(65536)     MAXMEM(-1)            OPTIMIZE(3)
         SPILLSIZE(512)        STACKTEMP(0)
  
         ==  Options of Integer and Character Type ==
         CACHE(LEVEL(1),TYPE(I),ASSOC(4),COST(6),LINE(64),SIZE(16))
         CACHE(LEVEL(2),TYPE(I),ASSOC(16),COST(80),LINE(128))
         CACHE(LEVEL(1),TYPE(D),ASSOC(8),COST(6),LINE(64),SIZE(16))
         CACHE(LEVEL(2),TYPE(D),ASSOC(16),COST(80),LINE(128))
         INLINE(NOAUTO,LEVEL(5))
         HOT(FASTMATH,LEVEL(0))
         SIMD(AUTO)
  
         ==  Options Of Character Type  ==
         64()                  ALIAS(STD,NOINTPTR)   ALIGN(BINDC(LINUXPPC),STRUCT(NATURAL))
         ARCH(QP)              AUTODBL(NONE)         DESCRIPTOR(V1)
         DIRECTIVE(IBM*,IBMT)  ENUM()                FLAG(I,I)
         FLOAT(MAF,FOLD,RSQRT,FLTINT)
         FREE(F90)             GNU_VERSION(DOT_TRIPLE)
         HALT(S)               IEEE(NEAR)            INTSIZE(4)
         LIST()                LANGLVL(EXTENDED)     REALSIZE(4)
         REPORT(HOTLIST)       STRICT(NONE,NOPRECISION,NOEXCEPTIONS,NOIEEEFP,NONANS,NOINFINITIES,NOSUBNORMALS,NOZEROSIGNS,NOOPERATIONPRECISION,ORDER,NOLIBRARY,NOCONSTRUCTCOPY,NOVECTORPRECISION)
         TUNE(QP)              UNROLL(AUTO)          XFLAG()
         XLF2003(NOPOLYMORPHIC,NOBOZLITARGS,NOSIGNDZEROINTR,NOSTOPEXCEPT,NOVOLATILE,NOAUTOREALLOC,OLDNANINF)
         XLF2008(NOCHECKPRESENCE)
         XLF77(LEADZERO,BLANKPAD)
         XLF90(SIGNEDZERO,AUTODEALLOC)
  
>>>>> SOURCE SECTION <<<<<
** sym_prcn_bnd   === End of Compilation 1 ===
 
>>>>> LOOP TRANSFORMATION SECTION <<<<<



    14|         SUBROUTINE sym_prcn_bnd (isx, iex, isy, iey, isz, iez, ipcflag, itrn, d, dp1, dp2, dp3, x, rhs)
    47|           IF (.NOT.ipcflag == 2) THEN
                    IF (.NOT.(ipcflag == 0)) GOTO lab_2
    50|             lab_2
    51|             #44 = _xlfBeginIO(6,257,#43,32768,NULL,0,NULL)
                    CALL _xlfWriteLDChar(%VAL(#44)," ls_prcn: precon. flag ",23,&
                &     1)
                    CALL _xlfWriteLDInt(%VAL(#44),ipcflag,4,4)
                    CALL _xlfWriteLDChar(%VAL(#44),"not supported",13,1)
                    _xlfEndIO(%VAL(#44))
    52|             #46 = _xlfBeginIO(6,257,#45,32768,NULL,0,NULL)
                    CALL _xlfWriteLDChar(%VAL(#46)," ls_prcn: i am stopping ",&
                &     24,1)
                    _xlfEndIO(%VAL(#46))
    53|             CALL _xlfStop(NULL,0)
                    RETURN
    47|           ENDIF
    48|           CALL sym_diag_bnd(isx,iex,isy,iey,isz,iez,ipcflag,itrn,d,dp1,&
                &   dp2,dp3,x,rhs)
    57|           GOTO lab_5
    53|           lab_5
                  RETURN
    57|         END SUBROUTINE sym_prcn_bnd


    14|         SUBROUTINE sym_prcn_bnd (isx, iex, isy, iey, isz, iez, ipcflag, itrn, d, dp1, dp2, dp3, x, rhs)
    47|           IF (.NOT.ipcflag == 2) THEN
                    IF (.NOT.(ipcflag == 0)) GOTO lab_2
    50|             lab_2
    51|             #44 = _xlfBeginIO(6,257,#43,32768,NULL,0,NULL)
                    CALL _xlfWriteLDChar(%VAL(#44)," ls_prcn: precon. flag ",23,&
                &     1)
                    CALL _xlfWriteLDInt(%VAL(#44),ipcflag,4,4)
                    CALL _xlfWriteLDChar(%VAL(#44),"not supported",13,1)
                    _xlfEndIO(%VAL(#44))
    52|             #46 = _xlfBeginIO(6,257,#45,32768,NULL,0,NULL)
                    CALL _xlfWriteLDChar(%VAL(#46)," ls_prcn: i am stopping ",&
                &     24,1)
                    _xlfEndIO(%VAL(#46))
    53|             CALL _xlfStop(NULL,0)
                    RETURN
    47|           ENDIF
    48|           CALL sym_diag_bnd(isx,iex,isy,iey,isz,iez,ipcflag,itrn,d,dp1,&
                &   dp2,dp3,x,rhs)
    57|           GOTO lab_5
    53|           lab_5
                  RETURN
    57|         END SUBROUTINE sym_prcn_bnd

 
 
>>>>> OBJECT SECTION <<<<<
 GPR's set/used:   ssus ssss ssss s---  ---- ---- ---s ssss
 FPR's set/used:   ssss ssss ssss ss--  ---- ---- ---- ----
 CCR's set/used:   ss-- -sss
     | 000000                           PDEF     sym_prcn_bnd
   14|                                  PROC      .isx,.iex,.isy,.iey,.isz,.iez,.ipcflag,.itrn,.d,.dp1,.dp2,.dp3,.x,.rhs,gr3-gr10
    0| 000000 std      FBE1FFF8   1     ST8       #stack(gr1,-8)=gr31
    0| 000004 std      FBC1FFF0   1     ST8       #stack(gr1,-16)=gr30
    0| 000008 std      FBA1FFE8   1     ST8       #stack(gr1,-24)=gr29
    0| 00000C std      FB81FFE0   1     ST8       #stack(gr1,-32)=gr28
    0| 000010 std      FB61FFD8   1     ST8       #stack(gr1,-40)=gr27
    0| 000014 mfspr    7C0802A6   1     LFLR      gr0=lr
    0| 000018 std      F8010010   1     ST8       #stack(gr1,16)=gr0
    0| 00001C stdu     F821FF21   1     ST8U      gr1,#stack(gr1,-224)=gr1
   47| 000020 lwz      80090000   1     L4Z       gr0=ipcflag(gr9,0)
    0| 000024 or       7D3B4B78   1     LR        gr27=gr9
   47| 000028 cmpwi    2C000002   1     C4        cr0=gr0,2
   47| 00002C bc       4182000C   1     BT        CL.1,cr0,0x4/eq,taken=30%(30,70)
   47| 000030 cmpdi    2C200000   1     C8        cr0=gr0,0
   47| 000034 bc       4082005C   1     BF        CL.2,cr0,0x4/eq,taken=10%(10,90)
   47|                              CL.1:
   48| 000038 ld       E8010150   1     L8        gr0=.d(gr1,336)
   48| 00003C ld       E9610158   1     L8        gr11=.dp1(gr1,344)
   48| 000040 ld       E9810160   1     L8        gr12=.dp2(gr1,352)
   48| 000044 ld       EBE10168   1     L8        gr31=.dp3(gr1,360)
   48| 000048 ld       EBC10170   1     L8        gr30=.x(gr1,368)
   48| 00004C ld       EBA10178   1     L8        gr29=.rhs(gr1,376)
   48| 000050 std      F8010070   1     ST8       #MX_TEMP1(gr1,112)=gr0
   48| 000054 std      F9610078   1     ST8       #MX_TEMP1(gr1,120)=gr11
   48| 000058 std      F9810080   1     ST8       #MX_TEMP1(gr1,128)=gr12
   48| 00005C std      FBE10088   1     ST8       #MX_TEMP1(gr1,136)=gr31
   48| 000060 std      FBC10090   1     ST8       #MX_TEMP1(gr1,144)=gr30
   48| 000064 std      FBA10098   1     ST8       #MX_TEMP1(gr1,152)=gr29
   48| 000068 bl       48000001   1     CALL      sym_diag_bnd,14,isx",gr3,iex",gr4,isy",gr5,iey",gr6,isz",gr7,iez",gr8,ipcflag",gr9,itrn",gr10,d[]",dp1[]",dp2[]",dp3[]",x[]",rhs[]",sym_diag_bnd",fcr",#MX_TEMP1",gr1,cr[01567]",gr0",gr3"-gr12",fp0"-fp13",mq",lr",xer",fsr",ca",ctr"
   48| 00006C ori      60000000   1
   57| 000070 ld       E98100F0   1     L8        gr12=#stack(gr1,240)
   57| 000074 ld       EB6100B8   1     L8        gr27=#stack(gr1,184)
   57| 000078 addi     382100E0   1     AI        gr1=gr1,224
   57| 00007C ld       EBA1FFE8   1     L8        gr29=#stack(gr1,-24)
   57| 000080 ld       EBC1FFF0   1     L8        gr30=#stack(gr1,-16)
   57| 000084 mtspr    7D8803A6   1     LLR       lr=gr12
   57| 000088 ld       EBE1FFF8   1     L8        gr31=#stack(gr1,-8)
   57| 00008C bclr     4E800020   1     BA        lr
   50|                              CL.2:
   51| 000090 ld       EBE20000   1     L8        gr31=.$STATIC(gr2,0)
   51| 000094 addi     38000000   1     LI        gr0=0
   51| 000098 addi     38600006   1     LI        gr3=6
   51| 00009C ori      601E8000   1     OIL       gr30=gr0,0x8000
   51| 0000A0 addi     38800101   1     LI        gr4=257
   51| 0000A4 or       7FC6F378   1     LR        gr6=gr30
   51| 0000A8 or       7FE5FB78   1     LR        gr5=gr31
   51| 0000AC addi     38E00000   1     LI        gr7=0
   51| 0000B0 addi     39000000   1     LI        gr8=0
   51| 0000B4 addi     39200000   1     LI        gr9=0
   51| 0000B8 bl       48000001   1     CALL      gr3=_xlfBeginIO,7,gr3,gr4,#43",gr5,gr6,@PALI_SHADOW_CONST.rns0.,gr7,gr8,@PALI_SHADOW_CONST.rns0.,gr9,_xlfBeginIO",fcr",#MX_TEMP1",gr1,cr[01567]",gr0",gr4"-gr12",fp0"-fp13",mq",lr",xer",fsr",ca",ctr"
   51| 0000BC ori      60000000   1
   51| 0000C0 ld       EBA20000   1     L8        gr29=.+CONSTANT_AREA(gr2,0)
   51| 0000C4 or       7C7C1B78   1     LR        gr28=gr3
   51| 0000C8 addi     38A00017   1     LI        gr5=23
   51| 0000CC addi     38C00001   1     LI        gr6=1
   51| 0000D0 addi     389D000C   1     AI        gr4=gr29,12
   51| 0000D4 bl       48000001   1     CALL      _xlfWriteLDChar,4,gr3-gr6,_xlfWriteLDChar",fcr",#MX_TEMP1",gr1,cr[01567]",gr0",gr3"-gr12",fp0"-fp13",mq",lr",xer",fsr",ca",ctr"
   51| 0000D8 ori      60000000   1
   51| 0000DC or       7F83E378   1     LR        gr3=gr28
   51| 0000E0 or       7F64DB78   1     LR        gr4=gr27
   51| 0000E4 addi     38A00004   1     LI        gr5=4
   51| 0000E8 addi     38C00004   1     LI        gr6=4
   51| 0000EC bl       48000001   1     CALL      _xlfWriteLDInt,4,gr3,ipcflag,gr4-gr6,_xlfWriteLDInt",fcr",#MX_TEMP1",gr1,cr[01567]",gr0",gr3"-gr12",fp0"-fp13",mq",lr",xer",fsr",ca",ctr"
   51| 0000F0 ori      60000000   1
   51| 0000F4 or       7F83E378   1     LR        gr3=gr28
   51| 0000F8 addi     389D0024   1     AI        gr4=gr29,36
   51| 0000FC addi     38A0000D   1     LI        gr5=13
   51| 000100 addi     38C00001   1     LI        gr6=1
   51| 000104 bl       48000001   1     CALL      _xlfWriteLDChar,4,gr3-gr6,_xlfWriteLDChar",fcr",#MX_TEMP1",gr1,cr[01567]",gr0",gr3"-gr12",fp0"-fp13",mq",lr",xer",fsr",ca",ctr"
   51| 000108 ori      60000000   1
   51| 00010C or       7F83E378   1     LR        gr3=gr28
   51| 000110 bl       48000001   1     CALL      gr3=_xlfEndIO,1,gr3,_xlfEndIO",fcr",#MX_TEMP1",gr1,cr[01567]",gr0",gr4"-gr12",fp0"-fp13",mq",lr",xer",fsr",ca",ctr"
   51| 000114 ori      60000000   1
   52| 000118 addi     38BF0040   1     AI        gr5=gr31,64
   52| 00011C addi     38600006   1     LI        gr3=6
   52| 000120 addi     38800101   1     LI        gr4=257
   52| 000124 or       7FC6F378   1     LR        gr6=gr30
   52| 000128 addi     38E00000   1     LI        gr7=0
   52| 00012C addi     39000000   1     LI        gr8=0
   52| 000130 addi     39200000   1     LI        gr9=0
   52| 000134 bl       48000001   1     CALL      gr3=_xlfBeginIO,7,gr3,gr4,#45",gr5,gr6,@PALI_SHADOW_CONST.rns0.,gr7,gr8,@PALI_SHADOW_CONST.rns0.,gr9,_xlfBeginIO",fcr",#MX_TEMP1",gr1,cr[01567]",gr0",gr4"-gr12",fp0"-fp13",mq",lr",xer",fsr",ca",ctr"
   52| 000138 ori      60000000   1
   52| 00013C addi     389D0034   1     AI        gr4=gr29,52
   52| 000140 or       7C7F1B78   1     LR        gr31=gr3
   52| 000144 addi     38A00018   1     LI        gr5=24
   52| 000148 addi     38C00001   1     LI        gr6=1
   52| 00014C bl       48000001   1     CALL      _xlfWriteLDChar,4,gr3-gr6,_xlfWriteLDChar",fcr",#MX_TEMP1",gr1,cr[01567]",gr0",gr3"-gr12",fp0"-fp13",mq",lr",xer",fsr",ca",ctr"
   52| 000150 ori      60000000   1
   52| 000154 or       7FE3FB78   1     LR        gr3=gr31
   52| 000158 bl       48000001   1     CALL      gr3=_xlfEndIO,1,gr3,_xlfEndIO",fcr",#MX_TEMP1",gr1,cr[01567]",gr0",gr4"-gr12",fp0"-fp13",mq",lr",xer",fsr",ca",ctr"
   52| 00015C ori      60000000   1
   53| 000160 addi     38600000   1     LI        gr3=0
   53| 000164 addi     38800000   1     LI        gr4=0
   53| 000168 bl       48000001   1     CALL      _xlfStop,2,@PALI_SHADOW_CONST.rns0.,gr3,gr4,_xlfStop",fcr",#MX_TEMP1",gr1,cr[01567]",gr0",gr3"-gr12",fp0"-fp13",mq",lr",xer",fsr",ca",ctr"
   53| 00016C ori      60000000   1
   53| 000170 tw       7C8E7008   1     TRAP      9
   53|                              CL.6:
     | 000174 b        48000000   1
     |               Tag Table
     | 000178        00000000 00012001 80050000 00000178
     |               Instruction count           94
     |               Straight-line exec time     94
     |               Constant Area
     | 000000        73796D5F 7072636E 2E663930 206C735F 7072636E 3A207072
     | 000018        65636F6E 2E20666C 61672049 6E6F7420 73757070 6F727465
     | 000030        6449424D 206C735F 7072636E 3A206920 616D2073 746F7070
     | 000048        696E6720

 
 
>>>>> COMPILATION UNIT EPILOGUE SECTION <<<<<
 
 
TOTAL   UNRECOVERABLE  SEVERE       ERROR     WARNING    INFORMATIONAL
               (U)       (S)         (E)        (W)          (I)
    0           0         0           0          0            0
 
>>>>> OPTIONS SECTION <<<<<
***   Options In Effect   ***
  
         ==  On / Off Options  ==
         CR              NODIRECTSTORAG  ESCAPE          I4
         INLGLUE         NOLIBESSL       NOLIBPOSIX      OBJECT
         SWAPOMP         THREADED        UNWIND          ZEROSIZE
  
         ==  Options Of Integer Type ==
         ALIAS_SIZE(65536)     MAXMEM(-1)            OPTIMIZE(3)
         SPILLSIZE(512)        STACKTEMP(0)
  
         ==  Options of Integer and Character Type ==
         CACHE(LEVEL(1),TYPE(I),ASSOC(4),COST(6),LINE(64),SIZE(16))
         CACHE(LEVEL(2),TYPE(I),ASSOC(16),COST(80),LINE(128))
         CACHE(LEVEL(1),TYPE(D),ASSOC(8),COST(6),LINE(64),SIZE(16))
         CACHE(LEVEL(2),TYPE(D),ASSOC(16),COST(80),LINE(128))
         INLINE(NOAUTO,LEVEL(5))
         HOT(FASTMATH,LEVEL(0))
         SIMD(AUTO)
  
         ==  Options Of Character Type  ==
         64()                  ALIAS(STD,NOINTPTR)   ALIGN(BINDC(LINUXPPC),STRUCT(NATURAL))
         ARCH(QP)              AUTODBL(NONE)         DESCRIPTOR(V1)
         DIRECTIVE(IBM*,IBMT)  ENUM()                FLAG(I,I)
         FLOAT(MAF,FOLD,RSQRT,FLTINT)
         FREE(F90)             GNU_VERSION(DOT_TRIPLE)
         HALT(S)               IEEE(NEAR)            INTSIZE(4)
         LIST()                LANGLVL(EXTENDED)     REALSIZE(4)
         REPORT(HOTLIST)       STRICT(NONE,NOPRECISION,NOEXCEPTIONS,NOIEEEFP,NONANS,NOINFINITIES,NOSUBNORMALS,NOZEROSIGNS,NOOPERATIONPRECISION,ORDER,NOLIBRARY,NOCONSTRUCTCOPY,NOVECTORPRECISION)
         TUNE(QP)              UNROLL(AUTO)          XFLAG()
         XLF2003(NOPOLYMORPHIC,NOBOZLITARGS,NOSIGNDZEROINTR,NOSTOPEXCEPT,NOVOLATILE,NOAUTOREALLOC,OLDNANINF)
         XLF2008(NOCHECKPRESENCE)
         XLF77(LEADZERO,BLANKPAD)
         XLF90(SIGNEDZERO,AUTODEALLOC)
  
>>>>> SOURCE SECTION <<<<<
** sym_prcn_int   === End of Compilation 2 ===
 
>>>>> LOOP TRANSFORMATION SECTION <<<<<




    68|         SUBROUTINE sym_prcn_int (isx, iex, isy, iey, isz, iez, ipcflag, itrn, d, dp1, dp2, dp3, x, rhs)
    99|           IF (.NOT.ipcflag == 0) THEN
                    IF (.NOT.(ipcflag == 2)) GOTO lab_2
   102|             lab_2
   103|             #44 = _xlfBeginIO(6,257,#43,32768,NULL,0,NULL)
                    CALL _xlfWriteLDChar(%VAL(#44)," ls_prcn: precon. flag ",23,&
                &     1)
                    CALL _xlfWriteLDInt(%VAL(#44),ipcflag,4,4)
                    CALL _xlfWriteLDChar(%VAL(#44),"not supported",13,1)
                    _xlfEndIO(%VAL(#44))
   104|             #46 = _xlfBeginIO(6,257,#45,32768,NULL,0,NULL)
                    CALL _xlfWriteLDChar(%VAL(#46)," ls_prcn: i am stopping ",&
                &     24,1)
                    _xlfEndIO(%VAL(#46))
   105|             CALL _xlfStop(NULL,0)
                    RETURN
    99|           ENDIF
   100|           CALL sym_diag_int(isx,iex,isy,iey,isz,iez,ipcflag,itrn,d,dp1,&
                &   dp2,dp3,x,rhs)
   109|           GOTO lab_5
   105|           lab_5
                  RETURN
   109|         END SUBROUTINE sym_prcn_int


    68|         SUBROUTINE sym_prcn_int (isx, iex, isy, iey, isz, iez, ipcflag, itrn, d, dp1, dp2, dp3, x, rhs)
    99|           IF (.NOT.ipcflag == 0) THEN
                    IF (.NOT.(ipcflag == 2)) GOTO lab_2
   102|             lab_2
   103|             #44 = _xlfBeginIO(6,257,#43,32768,NULL,0,NULL)
                    CALL _xlfWriteLDChar(%VAL(#44)," ls_prcn: precon. flag ",23,&
                &     1)
                    CALL _xlfWriteLDInt(%VAL(#44),ipcflag,4,4)
                    CALL _xlfWriteLDChar(%VAL(#44),"not supported",13,1)
                    _xlfEndIO(%VAL(#44))
   104|             #46 = _xlfBeginIO(6,257,#45,32768,NULL,0,NULL)
                    CALL _xlfWriteLDChar(%VAL(#46)," ls_prcn: i am stopping ",&
                &     24,1)
                    _xlfEndIO(%VAL(#46))
   105|             CALL _xlfStop(NULL,0)
                    RETURN
    99|           ENDIF
   100|           CALL sym_diag_int(isx,iex,isy,iey,isz,iez,ipcflag,itrn,d,dp1,&
                &   dp2,dp3,x,rhs)
   109|           GOTO lab_5
   105|           lab_5
                  RETURN
   109|         END SUBROUTINE sym_prcn_int

 
 
>>>>> OBJECT SECTION <<<<<
 GPR's set/used:   ssus ssss ssss s---  ---- ---- ---s ssss
 FPR's set/used:   ssss ssss ssss ss--  ---- ---- ---- ----
 CCR's set/used:   ss-- -sss
     | 000000                           PDEF     sym_prcn_int
   68|                                  PROC      .isx,.iex,.isy,.iey,.isz,.iez,.ipcflag,.itrn,.d,.dp1,.dp2,.dp3,.x,.rhs,gr3-gr10
    0| 000000 std      FBE1FFF8   1     ST8       #stack(gr1,-8)=gr31
    0| 000004 std      FBC1FFF0   1     ST8       #stack(gr1,-16)=gr30
    0| 000008 std      FBA1FFE8   1     ST8       #stack(gr1,-24)=gr29
    0| 00000C std      FB81FFE0   1     ST8       #stack(gr1,-32)=gr28
    0| 000010 std      FB61FFD8   1     ST8       #stack(gr1,-40)=gr27
    0| 000014 mfspr    7C0802A6   1     LFLR      gr0=lr
    0| 000018 std      F8010010   1     ST8       #stack(gr1,16)=gr0
    0| 00001C stdu     F821FF21   1     ST8U      gr1,#stack(gr1,-224)=gr1
   99| 000020 lwz      80090000   1     L4Z       gr0=ipcflag(gr9,0)
    0| 000024 or       7D3B4B78   1     LR        gr27=gr9
   99| 000028 cmpdi    2C200000   1     C8        cr0=gr0,0
   99| 00002C bc       4182000C   1     BT        CL.1,cr0,0x4/eq,taken=30%(30,70)
   99| 000030 cmpwi    2C000002   1     C4        cr0=gr0,2
   99| 000034 bc       4082005C   1     BF        CL.2,cr0,0x4/eq,taken=10%(10,90)
   99|                              CL.1:
  100| 000038 ld       E8010150   1     L8        gr0=.d(gr1,336)
  100| 00003C ld       E9610158   1     L8        gr11=.dp1(gr1,344)
  100| 000040 ld       E9810160   1     L8        gr12=.dp2(gr1,352)
  100| 000044 ld       EBE10168   1     L8        gr31=.dp3(gr1,360)
  100| 000048 ld       EBC10170   1     L8        gr30=.x(gr1,368)
  100| 00004C ld       EBA10178   1     L8        gr29=.rhs(gr1,376)
  100| 000050 std      F8010070   1     ST8       #MX_TEMP1(gr1,112)=gr0
  100| 000054 std      F9610078   1     ST8       #MX_TEMP1(gr1,120)=gr11
  100| 000058 std      F9810080   1     ST8       #MX_TEMP1(gr1,128)=gr12
  100| 00005C std      FBE10088   1     ST8       #MX_TEMP1(gr1,136)=gr31
  100| 000060 std      FBC10090   1     ST8       #MX_TEMP1(gr1,144)=gr30
  100| 000064 std      FBA10098   1     ST8       #MX_TEMP1(gr1,152)=gr29
  100| 000068 bl       48000001   1     CALL      sym_diag_int,14,isx",gr3,iex",gr4,isy",gr5,iey",gr6,isz",gr7,iez",gr8,ipcflag",gr9,itrn",gr10,d[]",dp1[]",dp2[]",dp3[]",x[]",rhs[]",sym_diag_int",fcr",#MX_TEMP1",gr1,cr[01567]",gr0",gr3"-gr12",fp0"-fp13",mq",lr",xer",fsr",ca",ctr"
  100| 00006C ori      60000000   1
  109| 000070 ld       E98100F0   1     L8        gr12=#stack(gr1,240)
  109| 000074 ld       EB6100B8   1     L8        gr27=#stack(gr1,184)
  109| 000078 addi     382100E0   1     AI        gr1=gr1,224
  109| 00007C ld       EBA1FFE8   1     L8        gr29=#stack(gr1,-24)
  109| 000080 ld       EBC1FFF0   1     L8        gr30=#stack(gr1,-16)
  109| 000084 mtspr    7D8803A6   1     LLR       lr=gr12
  109| 000088 ld       EBE1FFF8   1     L8        gr31=#stack(gr1,-8)
  109| 00008C bclr     4E800020   1     BA        lr
  102|                              CL.2:
  103| 000090 ld       EBE20000   1     L8        gr31=.$STATIC(gr2,0)
  103| 000094 addi     38000000   1     LI        gr0=0
  103| 000098 addi     38600006   1     LI        gr3=6
  103| 00009C ori      601E8000   1     OIL       gr30=gr0,0x8000
  103| 0000A0 addi     38800101   1     LI        gr4=257
  103| 0000A4 or       7FC6F378   1     LR        gr6=gr30
  103| 0000A8 or       7FE5FB78   1     LR        gr5=gr31
  103| 0000AC addi     38E00000   1     LI        gr7=0
  103| 0000B0 addi     39000000   1     LI        gr8=0
  103| 0000B4 addi     39200000   1     LI        gr9=0
  103| 0000B8 bl       48000001   1     CALL      gr3=_xlfBeginIO,7,gr3,gr4,#43",gr5,gr6,@PALI_SHADOW_CONST.rns2.,gr7,gr8,@PALI_SHADOW_CONST.rns2.,gr9,_xlfBeginIO",fcr",#MX_TEMP1",gr1,cr[01567]",gr0",gr4"-gr12",fp0"-fp13",mq",lr",xer",fsr",ca",ctr"
  103| 0000BC ori      60000000   1
  103| 0000C0 ld       EBA20000   1     L8        gr29=.+CONSTANT_AREA(gr2,0)
  103| 0000C4 or       7C7C1B78   1     LR        gr28=gr3
  103| 0000C8 addi     38A00017   1     LI        gr5=23
  103| 0000CC addi     38C00001   1     LI        gr6=1
  103| 0000D0 addi     389D000C   1     AI        gr4=gr29,12
  103| 0000D4 bl       48000001   1     CALL      _xlfWriteLDChar,4,gr3-gr6,_xlfWriteLDChar",fcr",#MX_TEMP1",gr1,cr[01567]",gr0",gr3"-gr12",fp0"-fp13",mq",lr",xer",fsr",ca",ctr"
  103| 0000D8 ori      60000000   1
  103| 0000DC or       7F83E378   1     LR        gr3=gr28
  103| 0000E0 or       7F64DB78   1     LR        gr4=gr27
  103| 0000E4 addi     38A00004   1     LI        gr5=4
  103| 0000E8 addi     38C00004   1     LI        gr6=4
  103| 0000EC bl       48000001   1     CALL      _xlfWriteLDInt,4,gr3,ipcflag,gr4-gr6,_xlfWriteLDInt",fcr",#MX_TEMP1",gr1,cr[01567]",gr0",gr3"-gr12",fp0"-fp13",mq",lr",xer",fsr",ca",ctr"
  103| 0000F0 ori      60000000   1
  103| 0000F4 or       7F83E378   1     LR        gr3=gr28
  103| 0000F8 addi     389D0024   1     AI        gr4=gr29,36
  103| 0000FC addi     38A0000D   1     LI        gr5=13
  103| 000100 addi     38C00001   1     LI        gr6=1
  103| 000104 bl       48000001   1     CALL      _xlfWriteLDChar,4,gr3-gr6,_xlfWriteLDChar",fcr",#MX_TEMP1",gr1,cr[01567]",gr0",gr3"-gr12",fp0"-fp13",mq",lr",xer",fsr",ca",ctr"
  103| 000108 ori      60000000   1
  103| 00010C or       7F83E378   1     LR        gr3=gr28
  103| 000110 bl       48000001   1     CALL      gr3=_xlfEndIO,1,gr3,_xlfEndIO",fcr",#MX_TEMP1",gr1,cr[01567]",gr0",gr4"-gr12",fp0"-fp13",mq",lr",xer",fsr",ca",ctr"
  103| 000114 ori      60000000   1
  104| 000118 addi     38BF0040   1     AI        gr5=gr31,64
  104| 00011C addi     38600006   1     LI        gr3=6
  104| 000120 addi     38800101   1     LI        gr4=257
  104| 000124 or       7FC6F378   1     LR        gr6=gr30
  104| 000128 addi     38E00000   1     LI        gr7=0
  104| 00012C addi     39000000   1     LI        gr8=0
  104| 000130 addi     39200000   1     LI        gr9=0
  104| 000134 bl       48000001   1     CALL      gr3=_xlfBeginIO,7,gr3,gr4,#45",gr5,gr6,@PALI_SHADOW_CONST.rns2.,gr7,gr8,@PALI_SHADOW_CONST.rns2.,gr9,_xlfBeginIO",fcr",#MX_TEMP1",gr1,cr[01567]",gr0",gr4"-gr12",fp0"-fp13",mq",lr",xer",fsr",ca",ctr"
  104| 000138 ori      60000000   1
  104| 00013C addi     389D0034   1     AI        gr4=gr29,52
  104| 000140 or       7C7F1B78   1     LR        gr31=gr3
  104| 000144 addi     38A00018   1     LI        gr5=24
  104| 000148 addi     38C00001   1     LI        gr6=1
  104| 00014C bl       48000001   1     CALL      _xlfWriteLDChar,4,gr3-gr6,_xlfWriteLDChar",fcr",#MX_TEMP1",gr1,cr[01567]",gr0",gr3"-gr12",fp0"-fp13",mq",lr",xer",fsr",ca",ctr"
  104| 000150 ori      60000000   1
  104| 000154 or       7FE3FB78   1     LR        gr3=gr31
  104| 000158 bl       48000001   1     CALL      gr3=_xlfEndIO,1,gr3,_xlfEndIO",fcr",#MX_TEMP1",gr1,cr[01567]",gr0",gr4"-gr12",fp0"-fp13",mq",lr",xer",fsr",ca",ctr"
  104| 00015C ori      60000000   1
  105| 000160 addi     38600000   1     LI        gr3=0
  105| 000164 addi     38800000   1     LI        gr4=0
  105| 000168 bl       48000001   1     CALL      _xlfStop,2,@PALI_SHADOW_CONST.rns2.,gr3,gr4,_xlfStop",fcr",#MX_TEMP1",gr1,cr[01567]",gr0",gr3"-gr12",fp0"-fp13",mq",lr",xer",fsr",ca",ctr"
  105| 00016C ori      60000000   1
  105| 000170 tw       7C8E7008   1     TRAP      9
  105|                              CL.6:
     | 000174 b        48000000   1
     |               Tag Table
     | 000178        00000000 00012001 80050000 00000178
     |               Instruction count           94
     |               Straight-line exec time     94
     |               Constant Area
     | 000000        73796D5F 7072636E 2E663930 206C735F 7072636E 3A207072
     | 000018        65636F6E 2E20666C 61672049 6E6F7420 73757070 6F727465
     | 000030        6449424D 206C735F 7072636E 3A206920 616D2073 746F7070
     | 000048        696E6720

 
 
>>>>> COMPILATION UNIT EPILOGUE SECTION <<<<<
 
 
TOTAL   UNRECOVERABLE  SEVERE       ERROR     WARNING    INFORMATIONAL
               (U)       (S)         (E)        (W)          (I)
    0           0         0           0          0            0
 
>>>>> OPTIONS SECTION <<<<<
***   Options In Effect   ***
  
         ==  On / Off Options  ==
         CR              NODIRECTSTORAG  ESCAPE          I4
         INLGLUE         NOLIBESSL       NOLIBPOSIX      OBJECT
         SWAPOMP         THREADED        UNWIND          ZEROSIZE
  
         ==  Options Of Integer Type ==
         ALIAS_SIZE(65536)     MAXMEM(-1)            OPTIMIZE(3)
         SPILLSIZE(512)        STACKTEMP(0)
  
         ==  Options of Integer and Character Type ==
         CACHE(LEVEL(1),TYPE(I),ASSOC(4),COST(6),LINE(64),SIZE(16))
         CACHE(LEVEL(2),TYPE(I),ASSOC(16),COST(80),LINE(128))
         CACHE(LEVEL(1),TYPE(D),ASSOC(8),COST(6),LINE(64),SIZE(16))
         CACHE(LEVEL(2),TYPE(D),ASSOC(16),COST(80),LINE(128))
         INLINE(NOAUTO,LEVEL(5))
         HOT(FASTMATH,LEVEL(0))
         SIMD(AUTO)
  
         ==  Options Of Character Type  ==
         64()                  ALIAS(STD,NOINTPTR)   ALIGN(BINDC(LINUXPPC),STRUCT(NATURAL))
         ARCH(QP)              AUTODBL(NONE)         DESCRIPTOR(V1)
         DIRECTIVE(IBM*,IBMT)  ENUM()                FLAG(I,I)
         FLOAT(MAF,FOLD,RSQRT,FLTINT)
         FREE(F90)             GNU_VERSION(DOT_TRIPLE)
         HALT(S)               IEEE(NEAR)            INTSIZE(4)
         LIST()                LANGLVL(EXTENDED)     REALSIZE(4)
         REPORT(HOTLIST)       STRICT(NONE,NOPRECISION,NOEXCEPTIONS,NOIEEEFP,NONANS,NOINFINITIES,NOSUBNORMALS,NOZEROSIGNS,NOOPERATIONPRECISION,ORDER,NOLIBRARY,NOCONSTRUCTCOPY,NOVECTORPRECISION)
         TUNE(QP)              UNROLL(AUTO)          XFLAG()
         XLF2003(NOPOLYMORPHIC,NOBOZLITARGS,NOSIGNDZEROINTR,NOSTOPEXCEPT,NOVOLATILE,NOAUTOREALLOC,OLDNANINF)
         XLF2008(NOCHECKPRESENCE)
         XLF77(LEADZERO,BLANKPAD)
         XLF90(SIGNEDZERO,AUTODEALLOC)
  
>>>>> SOURCE SECTION <<<<<
 
>>>>> FILE TABLE SECTION <<<<<
 
 
                                       FILE CREATION        FROM
FILE NO   FILENAME                    DATE       TIME       FILE    LINE
     0    sym_prcn.f90                07/08/15   15:48:38
 
 
>>>>> COMPILATION EPILOGUE SECTION <<<<<
 
 
FORTRAN Summary of Diagnosed Conditions
 
TOTAL   UNRECOVERABLE  SEVERE       ERROR     WARNING    INFORMATIONAL
               (U)       (S)         (E)        (W)          (I)
    0           0         0           0          0            0
 
 
    Source records read.......................................     114
1501-510  Compilation successful for file sym_prcn.f90.
1501-543  Object file created.
