IBM XL Fortran for Blue Gene, V14.1 (5799-AH1) Version 14.01.0000.0012 --- zeusmp.f90 07/08/15 15:48:44
 
>>>>> OPTIONS SECTION <<<<<
***   Options In Effect   ***
  
         ==  On / Off Options  ==
         CR              NODIRECTSTORAG  ESCAPE          I4
         INLGLUE         NOLIBESSL       NOLIBPOSIX      OBJECT
         SWAPOMP         THREADED        UNWIND          ZEROSIZE
  
         ==  Options Of Integer Type ==
         ALIAS_SIZE(65536)     MAXMEM(-1)            OPTIMIZE(3)
         SPILLSIZE(512)        STACKTEMP(0)
  
         ==  Options of Integer and Character Type ==
         CACHE(LEVEL(1),TYPE(I),ASSOC(4),COST(6),LINE(64),SIZE(16))
         CACHE(LEVEL(2),TYPE(I),ASSOC(16),COST(80),LINE(128))
         CACHE(LEVEL(1),TYPE(D),ASSOC(8),COST(6),LINE(64),SIZE(16))
         CACHE(LEVEL(2),TYPE(D),ASSOC(16),COST(80),LINE(128))
         INLINE(NOAUTO,LEVEL(5))
         HOT(FASTMATH,LEVEL(0))
         SIMD(AUTO)
  
         ==  Options Of Character Type  ==
         64()                  ALIAS(STD,NOINTPTR)   ALIGN(BINDC(LINUXPPC),STRUCT(NATURAL))
         ARCH(QP)              AUTODBL(NONE)         DESCRIPTOR(V1)
         DIRECTIVE(IBM*,IBMT)  ENUM()                FLAG(I,I)
         FLOAT(MAF,FOLD,RSQRT,FLTINT)
         FREE(F90)             GNU_VERSION(DOT_TRIPLE)
         HALT(S)               IEEE(NEAR)            INTSIZE(4)
         LIST()                LANGLVL(EXTENDED)     REALSIZE(4)
         REPORT(HOTLIST)       STRICT(NONE,NOPRECISION,NOEXCEPTIONS,NOIEEEFP,NONANS,NOINFINITIES,NOSUBNORMALS,NOZEROSIGNS,NOOPERATIONPRECISION,ORDER,NOLIBRARY,NOCONSTRUCTCOPY,NOVECTORPRECISION)
         TUNE(QP)              UNROLL(AUTO)          XFLAG()
         XLF2003(NOPOLYMORPHIC,NOBOZLITARGS,NOSIGNDZEROINTR,NOSTOPEXCEPT,NOVOLATILE,NOAUTOREALLOC,OLDNANINF)
         XLF2008(NOCHECKPRESENCE)
         XLF77(LEADZERO,BLANKPAD)
         XLF90(SIGNEDZERO,AUTODEALLOC)
  
>>>>> SOURCE SECTION <<<<<
 "zeusmp.f90", line 104.1: 1515-021 (E) Syntax error: Token " & " is expected.
 "zeusmp.f90", line 293.1: 1515-021 (E) Syntax error: Token " & " is expected.
 "zeusmp.f90", line 295.1: 1515-021 (E) Syntax error: Token " & " is expected.
 "zeusmp.f90", line 301.1: 1515-021 (E) Syntax error: Token " & " is expected.
 "zeusmp.f90", line 303.1: 1515-021 (E) Syntax error: Token " & " is expected.
** zeusmp   === End of Compilation 1 ===
 
>>>>> LOOP TRANSFORMATION SECTION <<<<<



    11|         PROGRAM zeusmp ()
    53|           ifsen[].off632 = 0
    54|           ifsen[].off636 = 0
    55|           ifsen[].off640 = 1
    56|           ifsen[].off644 = 1
    57|           ifsen[].off648 = 1
    59|           myid_w = 0
    60|           myid = 0
    61|           nprocs_w = 1
    62|           nprocs = 1
    63|           coords[].off120 = 0
    64|           coords[].off124 = 0
    65|           coords[].off128 = 0
    66|           reorder = 0
    67|           totcgit = 0
    68|           ncgcall = 0
    72|           CALL configure()
    76|           IF ((myid_w == 0)) THEN
    77|             CALL options()
    78|           ENDIF
    82|           CALL mstart()
    86|           CALL dataio((ifsen + (-4) + (4)*(2)),(ifsen + (-4) + (4)*(3)),&
                &   (ifsen + (-4) + (4)*(4)),(ifsen + (-4) + (4)*(5)),(ifsen + (&
                &   -4) + (4)*(6)))
    96|           wclock0 =  0.00000000E+00
    97|           cputime0 =  0.00000000E+00
    98|           CALL clocks(cputime,wclock)
    99|           wclock0 = wclock
   100|           cputime0 = cputime
   102|           IF ((myid == 0)) THEN
   103|             |fmt_args%version = 129
                    |fmt_args%fmt_string_addr = NULL
                    |fmt_args%fmt_string_len = int(")
                    |fmt_args%stack_frame = NULL
                    |fmt_args%call_back = NULL
                    #2 = _xlfBeginIO(6,259,#1,32772,NULL,0,|fmt_args)
                    CALL _xlfWriteFmt(%VAL(#2),nwarn,4,4,0)
                    _xlfEndIO(%VAL(#2))
                  ENDIF
                  nwrite = MERGE(1, nwrite, ldimen == 1)
                  nwrite = MERGE(1, nwrite, ldimen == 2)
                  nwrite = MERGE(1, nwrite, ldimen == 3)
   116|           ie_orig = ie
   118|           lab_6 /* loopid=2 */
   119|           IF ((1 + (int(ie) - int(is)) > 0)) THEN
                    $$CIV0 = 0
       Id=1         DO $$CIV0 = $$CIV0, int((1 + (int(ie) - int(is))))-1
   121|               IF (.NOT.(d-v1%addr%v1(int(is) + $$CIV0,int(js),int(ks)) &
                &       > d-v1%addr%v1(($$CIV0 + int(is)) - 1,int(js),int(ks)))) &
                &       GOTO lab_10
                      IF (.NOT.(d-v1%addr%v1(int(is) + $$CIV0,int(js),int(ks)) &
                &       > vshkmax)) GOTO lab_10
   124|               vshkmax = d-v1%addr%v1(int(is) + $$CIV0,int(js),int(ks))
   125|               lab_10
   126|             ENDDO
                  ENDIF
   128|           nsub = 1
   164|           ibuf_in[].off144 = ie
   165|           T_2 = 1
                  T_3 = 1275070496
                  T_4 = 1476395020
                  CALL mpi_allreduce((ibuf_in + (-4) + (4)*(1)),(ibuf_out + (-4)&
                &    + (4)*(1)),T_2,T_3,T_4,comm3d,ierr)
   168|           ie = ibuf_out[].off944
   177|           IF ((ispct >= 4)) THEN
                    CALL spectrum()
                  ENDIF
   187|           IF ((0 <> ((xgrvfft  .OR.  xgrav)  .AND.  1))) THEN
   188|             CALL gravity()
   189|           ENDIF
   199|           IF ((lrad == 0)) THEN
   200|             IF ((myid_w == 0)) THEN
   201|               IF (.NOT.(0 == MOD(nhy, nwrite))) GOTO lab_19
   202|               |fmt_args%version = 129
                      |fmt_args%fmt_string_addr = NULL
                      |fmt_args%fmt_string_len = int((" + 226))
                      |fmt_args%stack_frame = NULL
                      |fmt_args%call_back = NULL
                      #4 = _xlfBeginIO(6,259,#3,32772,NULL,0,|fmt_args)
                      CALL _xlfWriteFmt(%VAL(#4),nhy,4,4,0)
                      CALL _xlfWriteFmt(%VAL(#4),time,8,8,4)
                      CALL _xlfWriteFmt(%VAL(#4),dt,8,8,4)
                      _xlfEndIO(%VAL(#4))
   204|               lab_19
   205|               lab_18
   206|               lab_17
   208|               CALL srcstep()
   213|               IF ((ldimen == 3)) THEN
                        CALL transprt()
                      ENDIF
   214|               IF ((ldimen == 2)) THEN
                        CALL transprt_2d()
                      ENDIF
   215|               IF ((ldimen == 1)) THEN
                        CALL transprt_1d()
                      ENDIF
   221|               nhy = nhy + 1
   222|               time = time + dt
   228|               CALL intchk((ifsen + (-4) + (4)*(2)),(ifsen + (-4) + (4)*(&
                &       3)),(ifsen + (-4) + (4)*(4)),(ifsen + (-4) + (4)*(5)),(&
                &       ifsen + (-4) + (4)*(6)))
   232|               CALL nudt()
   237|               IF ((0 <> (xvgrid  .AND.  1))) THEN
                        CALL newgrid()
                      ENDIF
   243|               ie = ie_orig
   244|               IF (ifsen[].off632 == 1) GOTO lab_33
   245|               CALL dataio((ifsen + (-4) + (4)*(2)),(ifsen + (-4) + (4)*(&
                &       3)),(ifsen + (-4) + (4)*(4)),(ifsen + (-4) + (4)*(5)),(&
                &       ifsen + (-4) + (4)*(6)))
   247|               GOTO lab_6
   244|               lab_33
   255|               CALL clocks(cputime,wclock)
   256|               tused = real(cputime)
   257|               ifsen[].off636 = 1
   258|               ifsen[].off640 = 1
   259|               ifsen[].off644 = 1
   260|               ifsen[].off648 = 1
   261|               ifsen[].off652 = 1
   262|               CALL dataio((ifsen + (-4) + (4)*(2)),(ifsen + (-4) + (4)*(&
                &       3)),(ifsen + (-4) + (4)*(4)),(ifsen + (-4) + (4)*(5)),(&
                &       ifsen + (-4) + (4)*(6)))
   268|               T_5 = 1
                      T_6 = 1275070495
                      T_7 = 1476395011
                      T_8 = 0
                      CALL mpi_reduce(tused,cpuall,T_5,T_6,T_7,T_8,comm3d,ierr)
   270|               IF ((myid == 0)) THEN
   277|                 |fmt_args%version = 129
                        |fmt_args%fmt_string_addr = NULL
                        |fmt_args%fmt_string_len = int((" + 394))
                        |fmt_args%stack_frame = NULL
                        |fmt_args%call_back = NULL
                        #6 = _xlfBeginIO(6,259,#5,32772,NULL,0,|fmt_args)
                        CALL _xlfWriteFmt(%VAL(#6),nwarn,4,4,0)
                        _xlfEndIO(%VAL(#6))
   279|                 |fmt_args%version = 129
                        |fmt_args%fmt_string_addr = NULL
                        |fmt_args%fmt_string_len = int((" + 570))
                        |fmt_args%stack_frame = NULL
                        |fmt_args%call_back = NULL
                        #8 = _xlfBeginIO(6,259,#7,32772,NULL,0,|fmt_args)
                        _xlfEndIO(%VAL(#8))
   280|                 |fmt_args%version = 129
                        |fmt_args%fmt_string_addr = NULL
                        |fmt_args%fmt_string_len = int((" + 682))
                        |fmt_args%stack_frame = NULL
                        |fmt_args%call_back = NULL
                        #10 = _xlfBeginIO(6,259,#9,32772,NULL,0,|fmt_args)
                        #11 = real(real(((nx2z * nhy) * (nx3z * (nx1z * &
                &         nprocs_w))))) / (tused +  1.0000000000000000E-099)
                        CALL _xlfWriteFmt(%VAL(#10),#11,8,8,4)
                        _xlfEndIO(%VAL(#10))
   281|                 |fmt_args%version = 129
                        |fmt_args%fmt_string_addr = NULL
                        |fmt_args%fmt_string_len = int((" + 834))
                        |fmt_args%stack_frame = NULL
                        |fmt_args%call_back = NULL
                        #13 = _xlfBeginIO(6,259,#12,32772,NULL,0,|fmt_args)
                        CALL _xlfWriteFmt(%VAL(#13),tused,8,8,4)
                        _xlfEndIO(%VAL(#13))
   283|                 |fmt_args%version = 129
                        |fmt_args%fmt_string_addr = NULL
                        |fmt_args%fmt_string_len = int((" + 1018))
                        |fmt_args%stack_frame = NULL
                        |fmt_args%call_back = NULL
                        #15 = _xlfBeginIO(6,259,#14,32772,NULL,0,|fmt_args)
                        T_9 = cpuall / real(real(nprocs_w))
                        CALL _xlfWriteFmt(%VAL(#15),T_9,8,8,4)
                        _xlfEndIO(%VAL(#15))
   285|                 |fmt_args%version = 129
                        |fmt_args%fmt_string_addr = NULL
                        |fmt_args%fmt_string_len = int((" + 1202))
                        |fmt_args%stack_frame = NULL
                        |fmt_args%call_back = NULL
                        #17 = _xlfBeginIO(6,259,#16,32772,NULL,0,|fmt_args)
                        CALL _xlfWriteFmt(%VAL(#17),wclock,4,4,4)
                        _xlfEndIO(%VAL(#17))
   287|                 |fmt_args%version = 129
                        |fmt_args%fmt_string_addr = NULL
                        |fmt_args%fmt_string_len = int((" + 1386))
                        |fmt_args%stack_frame = NULL
                        |fmt_args%call_back = NULL
                        #19 = _xlfBeginIO(6,259,#18,32772,NULL,0,|fmt_args)
                        _xlfEndIO(%VAL(#19))
   289|                 IF ((0 <> (1  .AND.  ((xsphgrv  .XOR.  1)  .AND.  xgrav)&
                &         ))) THEN
   290|                   IF (.NOT.(lgeom <> 1)) GOTO lab_28
   291|                   |fmt_args%version = 129
                          |fmt_args%fmt_string_addr = NULL
                          |fmt_args%fmt_string_len = int((" + 1442))
                          |fmt_args%stack_frame = NULL
                          |fmt_args%call_back = NULL
                          #21 = _xlfBeginIO(6,259,#20,32772,NULL,0,|fmt_args)
                          _xlfEndIO(%VAL(#21))
   292|                   |fmt_args%version = 129
                          |fmt_args%fmt_string_addr = NULL
                          |fmt_args%fmt_string_len = int((" + 1554))
                          |fmt_args%stack_frame = NULL
                          |fmt_args%call_back = NULL
                          #23 = _xlfBeginIO(6,259,#22,32772,NULL,0,|fmt_args)
                          T_10 = int((( 1.00000000E+02 * real(ncgcall)) / real(&
                &           nhy)))
                          CALL _xlfWriteFmt(%VAL(#23),T_10,4,4,0)
                          _xlfEndIO(%VAL(#23))
   294|                   |fmt_args%version = 129
                          |fmt_args%fmt_string_addr = NULL
                          |fmt_args%fmt_string_len = int((" + 1730))
                          |fmt_args%stack_frame = NULL
                          |fmt_args%call_back = NULL
                          #25 = _xlfBeginIO(6,259,#24,32772,NULL,0,|fmt_args)
                          T_11 = real(totcgit) / real(ncgcall)
                          CALL _xlfWriteFmt(%VAL(#25),T_11,4,4,4)
                          _xlfEndIO(%VAL(#25))
   296|                   lab_28
   297|                   lab_27
   298|                   IF ((lrad <> 0)) THEN
   299|                     |fmt_args%version = 129
                            |fmt_args%fmt_string_addr = NULL
                            |fmt_args%fmt_string_len = int((" + 1898))
                            |fmt_args%stack_frame = NULL
                            |fmt_args%call_back = NULL
                            #27 = _xlfBeginIO(6,259,#26,32772,NULL,0,|fmt_args)
                            _xlfEndIO(%VAL(#27))
   300|                     |fmt_args%version = 129
                            |fmt_args%fmt_string_addr = NULL
                            |fmt_args%fmt_string_len = int((" + 2010))
                            |fmt_args%stack_frame = NULL
                            |fmt_args%call_back = NULL
                            #29 = _xlfBeginIO(6,259,#28,32772,NULL,0,|fmt_args)
                            T_12 = totnrit / real(real(nhy))
                            CALL _xlfWriteFmt(%VAL(#29),T_12,8,8,4)
                            _xlfEndIO(%VAL(#29))
   302|                     |fmt_args%version = 129
                            |fmt_args%fmt_string_addr = NULL
                            |fmt_args%fmt_string_len = int((" + 2178))
                            |fmt_args%stack_frame = NULL
                            |fmt_args%call_back = NULL
                            #31 = _xlfBeginIO(6,259,#30,32772,NULL,0,|fmt_args)
                            T_13 = totlsit / real(real(nhy))
                            CALL _xlfWriteFmt(%VAL(#31),T_13,8,8,4)
                            _xlfEndIO(%VAL(#31))
   304|                   ENDIF
   306|                   _xlfIOCmd(2,1,#32,0,NULL)
   308|                   _xlfIOCmd(30,1,#33,0,NULL)
   309|                   IF (.NOT.(0 <> (xtsl  .AND.  1))) GOTO lab_30
   310|                   _xlfIOCmd(31,1,#34,0,NULL)
   311|                   lab_30
   312|                   lab_26
   316|                   CALL mpi_finalize(ierr)
   324|                   CALL _xlfExit(0)
                        END PROGRAM zeusmp


    11|         PROGRAM zeusmp ()
    53|           ifsen[].off632 = 0
    54|           ifsen[].off636 = 0
    55|           ifsen[].off640 = 1
    56|           ifsen[].off644 = 1
    57|           ifsen[].off648 = 1
    59|           myid_w = 0
    60|           myid = 0
    61|           nprocs_w = 1
    62|           nprocs = 1
    63|           coords[].off120 = 0
    64|           coords[].off124 = 0
    65|           coords[].off128 = 0
    66|           reorder = 0
    67|           totcgit = 0
    68|           ncgcall = 0
    72|           CALL configure()
    76|           IF ((myid_w == 0)) THEN
    77|             CALL options()
    78|           ENDIF
    82|           CALL mstart()
    86|           CALL dataio((ifsen + (-4) + (4)*(2)),(ifsen + (-4) + (4)*(3)),&
                &   (ifsen + (-4) + (4)*(4)),(ifsen + (-4) + (4)*(5)),(ifsen + (&
                &   -4) + (4)*(6)))
    96|           wclock0 =  0.00000000E+00
    97|           cputime0 =  0.00000000E+00
    98|           CALL clocks(cputime,wclock)
    99|           wclock0 = wclock
   100|           cputime0 = cputime
   102|           IF ((myid == 0)) THEN
   103|             |fmt_args%version = 129
                    |fmt_args%fmt_string_addr = NULL
                    |fmt_args%fmt_string_len = int(")
                    |fmt_args%stack_frame = NULL
                    |fmt_args%call_back = NULL
                    #2 = _xlfBeginIO(6,259,#1,32772,NULL,0,|fmt_args)
                    CALL _xlfWriteFmt(%VAL(#2),nwarn,4,4,0)
                    _xlfEndIO(%VAL(#2))
                  ENDIF
   106|           $$csx0 = ldimen
                  nwrite = MERGE(1, nwrite, $$csx0 == 1)
                  nwrite = MERGE(1, nwrite, $$csx0 == 2)
                  nwrite = MERGE(1, nwrite, $$csx0 == 3)
   116|           ie_orig = ie
   118|           lab_6 /* loopid=2 */
   119|           IF ((1 + (int(ie) - int(is)) > 0)) THEN
                    $$CIV0 = 0
       Id=1         DO $$CIV0 = $$CIV0, int((1 + (int(ie) - int(is))))-1
   121|               $$csx1 = $$CIV0 + int(is)
                      IF (.NOT.(d-v1%addr%v1($$csx1,int(js),int(ks)) > &
                &       d-v1%addr%v1($$csx1 - 1,int(js),int(ks)))) GOTO lab_10
                      IF (.NOT.(d-v1%addr%v1($$csx1,int(js),int(ks)) > vshkmax))&
                &        GOTO lab_10
   124|               vshkmax = d-v1%addr%v1($$csx1,int(js),int(ks))
   125|               lab_10
   126|             ENDDO
                  ENDIF
   128|           nsub = 1
   164|           ibuf_in[].off144 = ie
   165|           T_2 = 1
                  T_3 = 1275070496
                  T_4 = 1476395020
                  CALL mpi_allreduce((ibuf_in + (-4) + (4)*(1)),(ibuf_out + (-4)&
                &    + (4)*(1)),T_2,T_3,T_4,comm3d,ierr)
   168|           ie = ibuf_out[].off944
   177|           IF ((ispct >= 4)) THEN
                    CALL spectrum()
                  ENDIF
   187|           IF ((0 <> ((xgrvfft  .OR.  xgrav)  .AND.  1))) THEN
   188|             CALL gravity()
   189|           ENDIF
   199|           IF ((lrad == 0)) THEN
   200|             IF ((myid_w == 0)) THEN
   201|               IF (.NOT.(0 == MOD(nhy, nwrite))) GOTO lab_19
   202|               |fmt_args%version = 129
                      |fmt_args%fmt_string_addr = NULL
                      |fmt_args%fmt_string_len = int((" + 226))
                      |fmt_args%stack_frame = NULL
                      |fmt_args%call_back = NULL
                      #4 = _xlfBeginIO(6,259,#3,32772,NULL,0,|fmt_args)
                      CALL _xlfWriteFmt(%VAL(#4),nhy,4,4,0)
                      CALL _xlfWriteFmt(%VAL(#4),time,8,8,4)
                      CALL _xlfWriteFmt(%VAL(#4),dt,8,8,4)
                      _xlfEndIO(%VAL(#4))
   204|               lab_19
   205|               lab_18
   206|               lab_17
   208|               CALL srcstep()
   213|               IF ((ldimen == 3)) THEN
                        CALL transprt()
                      ENDIF
   214|               IF ((ldimen == 2)) THEN
                        CALL transprt_2d()
                      ENDIF
   215|               IF ((ldimen == 1)) THEN
                        CALL transprt_1d()
                      ENDIF
   221|               nhy = nhy + 1
   222|               time = time + dt
   228|               CALL intchk((ifsen + (-4) + (4)*(2)),(ifsen + (-4) + (4)*(&
                &       3)),(ifsen + (-4) + (4)*(4)),(ifsen + (-4) + (4)*(5)),(&
                &       ifsen + (-4) + (4)*(6)))
   232|               CALL nudt()
   237|               IF ((0 <> (xvgrid  .AND.  1))) THEN
                        CALL newgrid()
                      ENDIF
   243|               ie = ie_orig
   244|               IF (ifsen[].off632 == 1) GOTO lab_33
   245|               CALL dataio((ifsen + (-4) + (4)*(2)),(ifsen + (-4) + (4)*(&
                &       3)),(ifsen + (-4) + (4)*(4)),(ifsen + (-4) + (4)*(5)),(&
                &       ifsen + (-4) + (4)*(6)))
   247|               GOTO lab_6
   244|               lab_33
   255|               CALL clocks(cputime,wclock)
   256|               tused = real(cputime)
   257|               ifsen[].off636 = 1
   258|               ifsen[].off640 = 1
   259|               ifsen[].off644 = 1
   260|               ifsen[].off648 = 1
   261|               ifsen[].off652 = 1
   262|               CALL dataio((ifsen + (-4) + (4)*(2)),(ifsen + (-4) + (4)*(&
                &       3)),(ifsen + (-4) + (4)*(4)),(ifsen + (-4) + (4)*(5)),(&
                &       ifsen + (-4) + (4)*(6)))
   268|               T_5 = 1
                      T_6 = 1275070495
                      T_7 = 1476395011
                      T_8 = 0
                      CALL mpi_reduce(tused,cpuall,T_5,T_6,T_7,T_8,comm3d,ierr)
   270|               IF ((myid == 0)) THEN
   277|                 |fmt_args%version = 129
                        |fmt_args%fmt_string_addr = NULL
                        |fmt_args%fmt_string_len = int((" + 394))
                        |fmt_args%stack_frame = NULL
                        |fmt_args%call_back = NULL
                        #6 = _xlfBeginIO(6,259,#5,32772,NULL,0,|fmt_args)
                        CALL _xlfWriteFmt(%VAL(#6),nwarn,4,4,0)
                        _xlfEndIO(%VAL(#6))
   279|                 |fmt_args%version = 129
                        |fmt_args%fmt_string_addr = NULL
                        |fmt_args%fmt_string_len = int((" + 570))
                        |fmt_args%stack_frame = NULL
                        |fmt_args%call_back = NULL
                        #8 = _xlfBeginIO(6,259,#7,32772,NULL,0,|fmt_args)
                        _xlfEndIO(%VAL(#8))
   280|                 |fmt_args%version = 129
                        |fmt_args%fmt_string_addr = NULL
                        |fmt_args%fmt_string_len = int((" + 682))
                        |fmt_args%stack_frame = NULL
                        |fmt_args%call_back = NULL
                        #10 = _xlfBeginIO(6,259,#9,32772,NULL,0,|fmt_args)
                        #11 = real(real(((nx2z * nhy) * (nx3z * (nx1z * &
                &         nprocs_w))))) / (tused +  1.0000000000000000E-099)
                        CALL _xlfWriteFmt(%VAL(#10),#11,8,8,4)
                        _xlfEndIO(%VAL(#10))
   281|                 |fmt_args%version = 129
                        |fmt_args%fmt_string_addr = NULL
                        |fmt_args%fmt_string_len = int((" + 834))
                        |fmt_args%stack_frame = NULL
                        |fmt_args%call_back = NULL
                        #13 = _xlfBeginIO(6,259,#12,32772,NULL,0,|fmt_args)
                        CALL _xlfWriteFmt(%VAL(#13),tused,8,8,4)
                        _xlfEndIO(%VAL(#13))
   283|                 |fmt_args%version = 129
                        |fmt_args%fmt_string_addr = NULL
                        |fmt_args%fmt_string_len = int((" + 1018))
                        |fmt_args%stack_frame = NULL
                        |fmt_args%call_back = NULL
                        #15 = _xlfBeginIO(6,259,#14,32772,NULL,0,|fmt_args)
                        T_9 = cpuall / real(real(nprocs_w))
                        CALL _xlfWriteFmt(%VAL(#15),T_9,8,8,4)
                        _xlfEndIO(%VAL(#15))
   285|                 |fmt_args%version = 129
                        |fmt_args%fmt_string_addr = NULL
                        |fmt_args%fmt_string_len = int((" + 1202))
                        |fmt_args%stack_frame = NULL
                        |fmt_args%call_back = NULL
                        #17 = _xlfBeginIO(6,259,#16,32772,NULL,0,|fmt_args)
                        CALL _xlfWriteFmt(%VAL(#17),wclock,4,4,4)
                        _xlfEndIO(%VAL(#17))
   287|                 |fmt_args%version = 129
                        |fmt_args%fmt_string_addr = NULL
                        |fmt_args%fmt_string_len = int((" + 1386))
                        |fmt_args%stack_frame = NULL
                        |fmt_args%call_back = NULL
                        #19 = _xlfBeginIO(6,259,#18,32772,NULL,0,|fmt_args)
                        _xlfEndIO(%VAL(#19))
   289|                 IF ((0 <> (1  .AND.  ((xsphgrv  .XOR.  1)  .AND.  xgrav)&
                &         ))) THEN
   290|                   IF (.NOT.(lgeom <> 1)) GOTO lab_28
   291|                   |fmt_args%version = 129
                          |fmt_args%fmt_string_addr = NULL
                          |fmt_args%fmt_string_len = int((" + 1442))
                          |fmt_args%stack_frame = NULL
                          |fmt_args%call_back = NULL
                          #21 = _xlfBeginIO(6,259,#20,32772,NULL,0,|fmt_args)
                          _xlfEndIO(%VAL(#21))
   292|                   |fmt_args%version = 129
                          |fmt_args%fmt_string_addr = NULL
                          |fmt_args%fmt_string_len = int((" + 1554))
                          |fmt_args%stack_frame = NULL
                          |fmt_args%call_back = NULL
                          #23 = _xlfBeginIO(6,259,#22,32772,NULL,0,|fmt_args)
                          T_10 = int((( 1.00000000E+02 * real(ncgcall)) / real(&
                &           nhy)))
                          CALL _xlfWriteFmt(%VAL(#23),T_10,4,4,0)
                          _xlfEndIO(%VAL(#23))
   294|                   |fmt_args%version = 129
                          |fmt_args%fmt_string_addr = NULL
                          |fmt_args%fmt_string_len = int((" + 1730))
                          |fmt_args%stack_frame = NULL
                          |fmt_args%call_back = NULL
                          #25 = _xlfBeginIO(6,259,#24,32772,NULL,0,|fmt_args)
                          T_11 = real(totcgit) / real(ncgcall)
                          CALL _xlfWriteFmt(%VAL(#25),T_11,4,4,4)
                          _xlfEndIO(%VAL(#25))
   296|                   lab_28
   297|                   lab_27
   298|                   IF ((lrad <> 0)) THEN
   299|                     |fmt_args%version = 129
                            |fmt_args%fmt_string_addr = NULL
                            |fmt_args%fmt_string_len = int((" + 1898))
                            |fmt_args%stack_frame = NULL
                            |fmt_args%call_back = NULL
                            #27 = _xlfBeginIO(6,259,#26,32772,NULL,0,|fmt_args)
                            _xlfEndIO(%VAL(#27))
   300|                     |fmt_args%version = 129
                            |fmt_args%fmt_string_addr = NULL
                            |fmt_args%fmt_string_len = int((" + 2010))
                            |fmt_args%stack_frame = NULL
                            |fmt_args%call_back = NULL
                            #29 = _xlfBeginIO(6,259,#28,32772,NULL,0,|fmt_args)
                            T_12 = totnrit / real(real(nhy))
                            CALL _xlfWriteFmt(%VAL(#29),T_12,8,8,4)
                            _xlfEndIO(%VAL(#29))
   302|                     |fmt_args%version = 129
                            |fmt_args%fmt_string_addr = NULL
                            |fmt_args%fmt_string_len = int((" + 2178))
                            |fmt_args%stack_frame = NULL
                            |fmt_args%call_back = NULL
                            #31 = _xlfBeginIO(6,259,#30,32772,NULL,0,|fmt_args)
                            T_13 = totlsit / real(real(nhy))
                            CALL _xlfWriteFmt(%VAL(#31),T_13,8,8,4)
                            _xlfEndIO(%VAL(#31))
   304|                   ENDIF
   306|                   _xlfIOCmd(2,1,#32,0,NULL)
   308|                   _xlfIOCmd(30,1,#33,0,NULL)
   309|                   IF (.NOT.(0 <> (xtsl  .AND.  1))) GOTO lab_30
   310|                   _xlfIOCmd(31,1,#34,0,NULL)
   311|                   lab_30
   312|                   lab_26
   316|                   CALL mpi_finalize(ierr)
   324|                   CALL _xlfExit(0)
                        END PROGRAM zeusmp

 
 
>>>>> OBJECT SECTION <<<<<
 GPR's set/used:   ssus ssss ssss s-ss  ssss ssss ssss ssss
 FPR's set/used:   ssss ssss ssss ss--  ---- ---- ---- ---s
 CCR's set/used:   ss-- -sss
     | 000000                           PDEF     zeusmp
   11|                                  PROC      
    0| 000000 stfd     DBE1FFF8   1     STFL      #stack(gr1,-8)=fp31
    0| 000004 std      FBE1FFF0   1     ST8       #stack(gr1,-16)=gr31
    0| 000008 std      FBC1FFE8   1     ST8       #stack(gr1,-24)=gr30
    0| 00000C std      FBA1FFE0   1     ST8       #stack(gr1,-32)=gr29
    0| 000010 std      FB81FFD8   1     ST8       #stack(gr1,-40)=gr28
    0| 000014 std      FB61FFD0   1     ST8       #stack(gr1,-48)=gr27
    0| 000018 std      FB41FFC8   1     ST8       #stack(gr1,-56)=gr26
    0| 00001C std      FB21FFC0   1     ST8       #stack(gr1,-64)=gr25
    0| 000020 std      FB01FFB8   1     ST8       #stack(gr1,-72)=gr24
    0| 000024 std      FAE1FFB0   1     ST8       #stack(gr1,-80)=gr23
    0| 000028 std      FAC1FFA8   1     ST8       #stack(gr1,-88)=gr22
    0| 00002C std      FAA1FFA0   1     ST8       #stack(gr1,-96)=gr21
    0| 000030 std      FA81FF98   1     ST8       #stack(gr1,-104)=gr20
    0| 000034 std      FA61FF90   1     ST8       #stack(gr1,-112)=gr19
    0| 000038 std      FA41FF88   1     ST8       #stack(gr1,-120)=gr18
    0| 00003C std      FA21FF80   1     ST8       #stack(gr1,-128)=gr17
    0| 000040 std      FA01FF78   1     ST8       #stack(gr1,-136)=gr16
    0| 000044 std      F9E1FF70   1     ST8       #stack(gr1,-144)=gr15
    0| 000048 std      F9C1FF68   1     ST8       #stack(gr1,-152)=gr14
    0| 00004C mfspr    7C0802A6   1     LFLR      gr0=lr
    0| 000050 std      F8010010   1     ST8       #stack(gr1,16)=gr0
    0| 000054 stdu     F821FDC1   1     ST8U      gr1,#stack(gr1,-576)=gr1
   59| 000058 ld       EBE20000   1     L8        gr31=.&&N&&mpipar(gr2,0)
   56| 00005C ld       EB620000   1     L8        gr27=.+CONSTANT_AREA(gr2,0)
   54| 000060 addi     3BC00000   1     LI        gr30=0
   53| 000064 ld       EBA20000   1     L8        gr29=.&&N&&root(gr2,0)
   67| 000068 ld       EB220000   1     L8        gr25=.&&N&&impsoln(gr2,0)
   57| 00006C addi     3B800001   1     LI        gr28=1
   60| 000070 std      FBDF0004   1     ST8       myid|#49|_w#48_1(gr31,4)=gr30
   64| 000074 std      FBDF0078   1     ST8       coords[].off12|0#232|4#231_1(gr31,120)=gr30
   65| 000078 stw      93DF0080   1     ST4Z      <s46:d128:l4>(gr31,128)=gr30
   54| 00007C std      FBDD0278   1     ST8       ifsen[].off63|2#229|6#228_1(gr29,632)=gr30
   57| 000080 stw      939D0288   1     ST4Z      <s42:d648:l4>(gr29,648)=gr28
   56| 000084 ld       EB1B0938   1     L8        gr24=+CONSTANT_AREA(gr27,2360)
   66| 000088 stw      93DF0000   1     ST4Z      <s46:d0:l4>(gr31,0)=gr30
   68| 00008C std      FBD90058   1     ST8       |totcgit#55|ncgcall#56_1(gr25,88)=gr30
   56| 000090 std      FB010190   1     ST8       #SPILL0(gr1,400)=gr24
   56| 000094 std      FB1D0280   1     ST8       ifsen[].off64|0#227|4#226_1(gr29,640)=gr24
   62| 000098 std      FB1F000C   1     ST8       nprocs|#51|_w#50_1(gr31,12)=gr24
   72| 00009C bl       48000001   1     CALL      configure,0,configure",fcr",gr1,cr[01567]",gr0",gr3"-gr12",fp0"-fp13",mq",lr",xer",fsr",ca",ctr"
   72| 0000A0 ori      60000000   1
   76| 0000A4 lwz      801F0008   1     L4Z       gr0=<s46:d8:l4>(gr31,8)
   76| 0000A8 cmpdi    2C200000   1     C8        cr0=gr0,0
   76| 0000AC bc       4082000C   1     BF        CL.1,cr0,0x4/eq,taken=60%(60,40)
   77| 0000B0 bl       48000001   1     CALL      options,0,options",fcr",gr1,cr[01567]",gr0",gr3"-gr12",fp0"-fp13",mq",lr",xer",fsr",ca",ctr"
   77| 0000B4 ori      60000000   1
   78|                              CL.1:
   82| 0000B8 bl       48000001   1     CALL      mstart,0,mstart",fcr",gr1,cr[01567]",gr0",gr3"-gr12",fp0"-fp13",mq",lr",xer",fsr",ca",ctr"
   82| 0000BC ori      60000000   1
   86| 0000C0 addi     387D027C   1     AI        gr3=gr29,636
   86| 0000C4 addi     389D0280   1     AI        gr4=gr29,640
   86| 0000C8 addi     38BD0284   1     AI        gr5=gr29,644
   86| 0000CC addi     38DD0288   1     AI        gr6=gr29,648
   86| 0000D0 addi     38FD028C   1     AI        gr7=gr29,652
   86| 0000D4 bl       48000001   1     CALL      dataio,5,ifsen[]",gr3,ifsen[]",gr4,ifsen[]",gr5,ifsen[]",gr6,ifsen[]",gr7,dataio",fcr",#MX_TEMP1",gr1,cr[01567]",gr0",gr3"-gr12",fp0"-fp13",mq",lr",xer",fsr",ca",ctr"
   86| 0000D8 ori      60000000   1
   96| 0000DC ld       EB620000   1     L8        gr27=.&&N&&clockmod(gr2,0)
   98| 0000E0 addi     38610084   1     AI        gr3=gr1,132
   98| 0000E4 addi     38810080   1     AI        gr4=gr1,128
   97| 0000E8 std      FBDB0000   1     ST8       |cputime0#68|wclock0#67_1(gr27,0)=gr30
   98| 0000EC bl       48000001   1     CALL      clocks,2,cputime",gr3,wclock",gr4,clocks",fcr",#MX_TEMP1",gr1,cr[01567]",gr0",gr3"-gr12",fp0"-fp13",mq",lr",xer",fsr",ca",ctr"
   98| 0000F0 ori      60000000   1
  102| 0000F4 lwz      801F0004   1     L4Z       gr0=<s46:d4:l4>(gr31,4)
   99| 0000F8 lfs      C0010080   1     LFS       fp0=wclock(gr1,128)
  100| 0000FC lfs      C0210084   1     LFS       fp1=cputime(gr1,132)
  102| 000100 cmpdi    2C200000   1     C8        cr0=gr0,0
   99| 000104 stfs     D01B0004   1     STFS      <s65:d4:l4>(gr27,4)=fp0
  100| 000108 stfs     D03B0000   1     STFS      <s65:d0:l4>(gr27,0)=fp1
  102| 00010C bc       40820070   1     BF        CL.2,cr0,0x4/eq,taken=60%(60,40)
  103| 000110 std      FBC100E8   1     ST8       <a1:d232:l8>(gr1,232)=gr30
  103| 000114 ld       EAE20000   1     L8        gr23=.+CONSTANT_AREA(gr2,0)
  103| 000118 addi     38000081   1     LI        gr0=129
  103| 00011C std      FBC100F8   1     ST8       <a1:d248:l8>(gr1,248)=gr30
  103| 000120 std      FBC10100   1     ST8       <a1:d256:l8>(gr1,256)=gr30
  103| 000124 stw      900100E0   1     ST4Z      <a1:d224:l4>(gr1,224)=gr0
  103| 000128 ld       E8A20000   1     L8        gr5=.$STATIC(gr2,0)
  103| 00012C addi     3877000C   1     AI        gr3=gr23,12
  103| 000130 addi     392100E0   1     AI        gr9=gr1,224
  103| 000134 std      F86100F0   1     ST8       <a1:d240:l8>(gr1,240)=gr3
  103| 000138 addi     38600006   1     LI        gr3=6
  103| 00013C addi     38800103   1     LI        gr4=259
  103| 000140 ori      63C68004   1     OIL       gr6=gr30,0x8004
  103| 000144 addi     38E00000   1     LI        gr7=0
  103| 000148 addi     39000000   1     LI        gr8=0
  103| 00014C bl       48000001   1     CALL      gr3=_xlfBeginIO,7,gr3,gr4,#1",gr5,gr6,@PALI_SHADOW_CONST.rns0.,gr7,gr8,|fmt_args,gr9,_xlfBeginIO",fcr",#MX_TEMP1",gr1,cr[01567]",gr0",gr4"-gr12",fp0"-fp13",mq",lr",xer",fsr",ca",ctr"
  103| 000150 ori      60000000   1
  103| 000154 or       7C7B1B78   1     LR        gr27=gr3
  103| 000158 addi     389D01F8   1     AI        gr4=gr29,504
  103| 00015C addi     38A00004   1     LI        gr5=4
  103| 000160 addi     38C00004   1     LI        gr6=4
  103| 000164 addi     38E00000   1     LI        gr7=0
  103| 000168 bl       48000001   1     CALL      _xlfWriteFmt,5,gr3,nwarn,gr4-gr7,_xlfWriteFmt",fcr",#MX_TEMP1",gr1,cr[01567]",gr0",gr3"-gr12",fp0"-fp13",mq",lr",xer",fsr",ca",ctr"
  103| 00016C ori      60000000   1
  103| 000170 or       7F63DB78   1     LR        gr3=gr27
  103| 000174 bl       48000001   1     CALL      gr3=_xlfEndIO,1,gr3,_xlfEndIO",fcr",#MX_TEMP1",gr1,cr[01567]",gr0",gr4"-gr12",fp0"-fp13",mq",lr",xer",fsr",ca",ctr"
  103| 000178 ori      60000000   1
  103|                              CL.2:
  106| 00017C ld       EB620000   1     L8        gr27=.&&N&&config(gr2,0)
  106| 000180 lwz      807B0004   1     L4Z       gr3=<s88:d4:l4>(gr27,4)
  106| 000184 cmpwi    2C030001   1     C4        cr0=gr3,1
  106| 000188 bc       40820008   1     BF        CL.62,cr0,0x4/eq,taken=50%(0,0)
  106| 00018C addi     3B400001   1     LI        gr26=1
  106|                              CL.62:
  107| 000190 cmpwi    2C030002   1     C4        cr0=gr3,2
  107| 000194 extsw    7F4007B4   1     EXTS4     gr0=gr26
  107| 000198 bc       40820008   1     BF        CL.63,cr0,0x4/eq,taken=50%(0,0)
  107| 00019C addi     38000001   1     LI        gr0=1
  107|                              CL.63:
  108| 0001A0 cmpwi    2C030003   1     C4        cr0=gr3,3
  108| 0001A4 bc       40820008   1     BF        CL.64,cr0,0x4/eq,taken=50%(0,0)
  108| 0001A8 addi     38000001   1     LI        gr0=1
  108|                              CL.64:
  116| 0001AC ld       EB420000   1     L8        gr26=.&&N&&grid(gr2,0)
    0| 0001B0 ld       EB220000   1     L8        gr25=.$STATIC_BSS(gr2,0)
    0| 0001B4 ld       E8C20000   1     L8        gr6=.+CONSTANT_AREA(gr2,0)
    0| 0001B8 addis    3C804C00   1     LIU       gr4=19456
    0| 0001BC addis    3CA05800   1     LIU       gr5=22528
  108| 0001C0 rlwinm   5418003E   1     RN4       gr24=gr0,0,0xFFFFFFFF
  116| 0001C4 lwa      E87A0006   1     L4A       gr3=<s92:d4:l4>(gr26,4)
  121| 0001C8 ld       EAE20000   1     L8        gr23=.&&N&field(gr2,0)
  177| 0001CC ld       EAC20000   1     L8        gr22=.&&N&&chem(gr2,0)
  202| 0001D0 ld       EAA20000   1     L8        gr21=.$STATIC(gr2,0)
    0| 0001D4 lfd      CBF90000   1     LFL       fp31=vshkmax(gr25,0)
    0| 0001D8 addi     3A800081   1     LI        gr20=129
    0| 0001DC ori      63D38004   1     OIL       gr19=gr30,0x8004
  116| 0001E0 or       7C721B78   1     LR        gr18=gr3
    0| 0001E4 addi     3A240820   1     AI        gr17=gr4,2080
    0| 0001E8 addi     3A05000C   1     AI        gr16=gr5,12
    0| 0001EC addi     39E600EE   1     AI        gr15=gr6,238
  118|                              CL.6:
  119| 0001F0 lwa      E81A0002   1     L4A       gr0=<s92:d0:l4>(gr26,0)
    0| 0001F4 addi     38A30001   1     AI        gr5=gr3,1
  119| 0001F8 subf     7C801850   1     S         gr4=gr3,gr0
    0| 0001FC subf     7CA02850   1     S         gr5=gr5,gr0
  119| 000200 addic.   34840001   1     AI_R      gr4,cr0=gr4,1,ca"
  119| 000204 bc       408100E4   1     BF        CL.31,cr0,0x2/gt,taken=50%(0,0)
  121| 000208 lwa      E8DA0012   1     L4A       gr6=<s92:d16:l4>(gr26,16)
  121| 00020C lwa      E8FA000A   1     L4A       gr7=<s92:d8:l4>(gr26,8)
  121| 000210 ld       E91701D0   1     L8        gr8=<s12:d464:l8>(gr23,464)
  121| 000214 ld       E93701E8   1     L8        gr9=<s12:d488:l8>(gr23,488)
  121| 000218 ld       E8970200   1     L8        gr4=<s12:d512:l8>(gr23,512)
  121| 00021C ld       E95701A0   1     L8        gr10=<s12:d416:l8>(gr23,416)
  121| 000220 ld       E97701B8   1     L8        gr11=<s12:d440:l8>(gr23,440)
    0| 000224 rldicl   78ACF842   1     SRL8      gr12=gr5,1
  121| 000228 mulld    7CC641D2   1     M         gr6=gr6,gr8
  121| 00022C mulld    7CE749D2   1     M         gr7=gr7,gr9
  121| 000230 mulld    7C0021D2   1     M         gr0=gr0,gr4
  121| 000234 add      7D0A5A14   1     A         gr8=gr10,gr11
  121| 000238 add      7C003214   1     A         gr0=gr0,gr6
  121| 00023C add      7CC74214   1     A         gr6=gr7,gr8
    0| 000240 andi.    70A50001   1     RN4_R     gr5,cr0=gr5,0,0x1
  121| 000244 add      7C003214   1     A         gr0=gr0,gr6
  121| 000248 rldicr   78870FA4   1     SLL8      gr7=gr4,1
  121| 00024C subf     7CA40050   1     S         gr5=gr0,gr4
    0| 000250 cmpdi    2CAC0000   1     C8        cr1=gr12,0
  121| 000254 subf     7CC70050   1     S         gr6=gr0,gr7
    0| 000258 mtspr    7D8903A6   1     LCTR      ctr=gr12
    0| 00025C bc       41820020   1     BT        CL.92,cr0,0x4/eq,taken=50%(0,0)
  121| 000260 lfdux    7C0524EE   1     LFDU      fp0,gr5=v1(gr5,gr4,0)
  121| 000264 lfdux    7C2624EE   1     LFDU      fp1,gr6=v1(gr6,gr4,0)
  121| 000268 fsub     FC5F0028   1     SFL       fp2=fp31,fp0,fcr
  121| 00026C fsub     FC210028   2     SFL       fp1=fp1,fp0,fcr
  121| 000270 fsel     FC0207EE   2     FSEL      fp0=fp2,fp0,fp31
  121| 000274 fsel     FFE107EE   2     FSEL      fp31=fp1,fp0,fp31
    0| 000278 bc       4186006C   1     BT        CL.55,cr1,0x4/eq,taken=20%(20,80)
    0|                              CL.92:
  121| 00027C lfdux    7C6524EE   1     LFDU      fp3,gr5=v1(gr5,gr4,0)
  121| 000280 lfdux    7C2624EE   1     LFDU      fp1,gr6=v1(gr6,gr4,0)
  121| 000284 fsub     FC9F1828   1     SFL       fp4=fp31,fp3,fcr
  121| 000288 lfdux    7C0524EE   1     LFDU      fp0,gr5=v1(gr5,gr4,0)
  121| 00028C fsub     FC411828   1     SFL       fp2=fp1,fp3,fcr
  121| 000290 lfdux    7C2624EE   1     LFDU      fp1,gr6=v1(gr6,gr4,0)
  121| 000294 fsel     FC641FEE   1     FSEL      fp3=fp4,fp3,fp31
  121| 000298 fsub     FC210028   2     SFL       fp1=fp1,fp0,fcr
  121| 00029C fsel     FC421FEE   2     FSEL      fp2=fp2,fp3,fp31
  121| 0002A0 fsub     FC620028   2     SFL       fp3=fp2,fp0,fcr
  121| 0002A4 fsel     FC6300AE   2     FSEL      fp3=fp3,fp0,fp2
    0| 0002A8 bc       42400038   1     BCF       ctr=CL.95,taken=0%(0,100)
    0|                              CL.96:
  121| 0002AC lfdux    7C0524EE   1     LFDU      fp0,gr5=v1(gr5,gr4,0)
  121| 0002B0 fsel     FC2118AE   1     FSEL      fp1=fp1,fp3,fp2
  121| 0002B4 lfdux    7C4624EE   1     LFDU      fp2,gr6=v1(gr6,gr4,0)
  121| 0002B8 fsub     FC610028   1     SFL       fp3=fp1,fp0,fcr
  121| 0002BC lfdux    7C8624EE   1     LFDU      fp4,gr6=v1(gr6,gr4,0)
  121| 0002C0 lfdux    7CA524EE   1     LFDU      fp5,gr5=v1(gr5,gr4,0)
  121| 0002C4 fsub     FC420028   1     SFL       fp2=fp2,fp0,fcr
  121| 0002C8 fsel     FC03006E   2     FSEL      fp0=fp3,fp0,fp1
  121| 0002CC fsel     FC42006E   2     FSEL      fp2=fp2,fp0,fp1
  121| 0002D0 fsub     FC242828   2     SFL       fp1=fp4,fp5,fcr
  121| 0002D4 fsub     FC022828   2     SFL       fp0=fp2,fp5,fcr
  121| 0002D8 fsel     FC6028AE   2     FSEL      fp3=fp0,fp5,fp2
    0| 0002DC bc       4200FFD0   1     BCT       ctr=CL.96,taken=100%(100,0)
    0|                              CL.95:
  121| 0002E0 fsel     FFE118AE   1     FSEL      fp31=fp1,fp3,fp2
  126|                              CL.55:
  121| 0002E4 stfd     DBF90000   1     STFL      vshkmax(gr25,0)=fp31
  126|                              CL.31:
  128| 0002E8 stw      939F001C   1     ST4Z      <s46:d28:l4>(gr31,28)=gr28
  164| 0002EC stw      907F0090   1     ST4Z      <s46:d144:l4>(gr31,144)=gr3
  165| 0002F0 stw      93810088   1     ST4Z      T_2(gr1,136)=gr28
  165| 0002F4 stw      9221008C   1     ST4Z      T_3(gr1,140)=gr17
  165| 0002F8 stw      92010090   1     ST4Z      T_4(gr1,144)=gr16
  165| 0002FC addi     387F0090   1     AI        gr3=gr31,144
  165| 000300 addi     389F03B0   1     AI        gr4=gr31,944
  165| 000304 addi     38A10088   1     AI        gr5=gr1,136
  165| 000308 addi     38C1008C   1     AI        gr6=gr1,140
  165| 00030C addi     38E10090   1     AI        gr7=gr1,144
  165| 000310 addi     391F0020   1     AI        gr8=gr31,32
  165| 000314 addi     393F0014   1     AI        gr9=gr31,20
  165| 000318 bl       48000001   1     CALL      mpi_allreduce,7,ibuf_in[]",gr3,ibuf_out[]",gr4,T_2",gr5,T_3",gr6,T_4",gr7,comm3d",gr8,ierr",gr9,mpi_allreduce",fcr",#MX_TEMP1",gr1,cr[01567]",gr0",gr3"-gr12",fp0"-fp13",mq",lr",xer",fsr",ca",ctr"
  165| 00031C ori      60000000   1
  177| 000320 lwz      80160114   1     L4Z       gr0=<s113:d276:l4>(gr22,276)
  168| 000324 lwz      807F03B0   1     L4Z       gr3=<s46:d944:l4>(gr31,944)
  177| 000328 cmpwi    2C000004   1     C4        cr0=gr0,4
  168| 00032C stw      907A0004   1     ST4Z      <s92:d4:l4>(gr26,4)=gr3
  177| 000330 bc       4180000C   1     BT        CL.15,cr0,0x1/lt,taken=60%(60,40)
  177| 000334 bl       48000001   1     CALL      spectrum,0,spectrum",fcr",gr1,cr[01567]",gr0",gr3"-gr12",fp0"-fp13",mq",lr",xer",fsr",ca",ctr"
  177| 000338 ori      60000000   1
  177|                              CL.15:
  187| 00033C lwz      801B0030   1     L4Z       gr0=<s88:d48:l4>(gr27,48)
  187| 000340 lwz      807B002C   1     L4Z       gr3=<s88:d44:l4>(gr27,44)
  187| 000344 or       7C001B78   1     O         gr0=gr0,gr3
  187| 000348 rldicl   780007E1   1     RN8_R     gr0,cr0=gr0,0,0x1
  187| 00034C bc       4182000C   1     BT        CL.16,cr0,0x4/eq,taken=60%(60,40)
  188| 000350 bl       48000001   1     CALL      gravity,0,gravity",fcr",gr1,cr[01567]",gr0",gr3"-gr12",fp0"-fp13",mq",lr",xer",fsr",ca",ctr"
  188| 000354 ori      60000000   1
  189|                              CL.16:
  199| 000358 lwz      801B0018   1     L4Z       gr0=<s88:d24:l4>(gr27,24)
  199| 00035C cmpdi    2C200000   1     C8        cr0=gr0,0
  199| 000360 bc       408200C4   1     BF        CL.17,cr0,0x4/eq,taken=50%(0,0)
  200| 000364 lwz      801F0008   1     L4Z       gr0=<s46:d8:l4>(gr31,8)
  200| 000368 cmpdi    2C200000   1     C8        cr0=gr0,0
  200| 00036C bc       408200B8   1     BF        CL.17,cr0,0x4/eq,taken=50%(0,0)
  201| 000370 lwz      807D01E8   1     L4Z       gr3=<s42:d488:l4>(gr29,488)
  201| 000374 twi      0C980000   1     TCT4     *gr722=gr24,0,0x4/eq,1
  201| 000378 divw     7C03C3D6   1     DIVW      gr0=gr3,gr24,gr722
  201| 00037C mulld    7C00C1D2   1     M         gr0=gr0,gr24
  201| 000380 subf     7C001850   1     S         gr0=gr3,gr0
  201| 000384 cmpwi    2C000000   1     C4        cr0=gr0,0
  201| 000388 bc       4082009C   1     BF        CL.17,cr0,0x4/eq,taken=60%(60,40)
  202| 00038C stw      928100E0   1     ST4Z      <a1:d224:l4>(gr1,224)=gr20
  202| 000390 std      FBC100E8   1     ST8       <a1:d232:l8>(gr1,232)=gr30
  202| 000394 addi     38600006   1     LI        gr3=6
  202| 000398 std      F9E100F0   1     ST8       <a1:d240:l8>(gr1,240)=gr15
  202| 00039C std      FBC100F8   1     ST8       <a1:d248:l8>(gr1,248)=gr30
  202| 0003A0 std      FBC10100   1     ST8       <a1:d256:l8>(gr1,256)=gr30
  202| 0003A4 addi     38800103   1     LI        gr4=259
  202| 0003A8 addi     38B50040   1     AI        gr5=gr21,64
  202| 0003AC or       7E669B78   1     LR        gr6=gr19
  202| 0003B0 addi     38E00000   1     LI        gr7=0
  202| 0003B4 addi     39000000   1     LI        gr8=0
  202| 0003B8 addi     392100E0   1     AI        gr9=gr1,224
  202| 0003BC bl       48000001   1     CALL      gr3=_xlfBeginIO,7,gr3,gr4,#3",gr5,gr6,@PALI_SHADOW_CONST.rns0.,gr7,gr8,|fmt_args,gr9,_xlfBeginIO",fcr",#MX_TEMP1",gr1,cr[01567]",gr0",gr4"-gr12",fp0"-fp13",mq",lr",xer",fsr",ca",ctr"
  202| 0003C0 ori      60000000   1
  202| 0003C4 or       7C6E1B78   1     LR        gr14=gr3
  202| 0003C8 addi     389D01E8   1     AI        gr4=gr29,488
  202| 0003CC addi     38A00004   1     LI        gr5=4
  202| 0003D0 addi     38C00004   1     LI        gr6=4
  202| 0003D4 addi     38E00000   1     LI        gr7=0
  202| 0003D8 bl       48000001   1     CALL      _xlfWriteFmt,5,gr3,nhy,gr4-gr7,_xlfWriteFmt",fcr",#MX_TEMP1",gr1,cr[01567]",gr0",gr3"-gr12",fp0"-fp13",mq",lr",xer",fsr",ca",ctr"
  202| 0003DC ori      60000000   1
  202| 0003E0 or       7DC37378   1     LR        gr3=gr14
  202| 0003E4 addi     389D0118   1     AI        gr4=gr29,280
  202| 0003E8 addi     38A00008   1     LI        gr5=8
  202| 0003EC addi     38C00008   1     LI        gr6=8
  202| 0003F0 addi     38E00004   1     LI        gr7=4
  202| 0003F4 bl       48000001   1     CALL      _xlfWriteFmt,5,gr3,time,gr4-gr7,_xlfWriteFmt",fcr",#MX_TEMP1",gr1,cr[01567]",gr0",gr3"-gr12",fp0"-fp13",mq",lr",xer",fsr",ca",ctr"
  202| 0003F8 ori      60000000   1
  202| 0003FC or       7DC37378   1     LR        gr3=gr14
  202| 000400 addi     389D0078   1     AI        gr4=gr29,120
  202| 000404 addi     38A00008   1     LI        gr5=8
  202| 000408 addi     38C00008   1     LI        gr6=8
  202| 00040C addi     38E00004   1     LI        gr7=4
  202| 000410 bl       48000001   1     CALL      _xlfWriteFmt,5,gr3,dt,gr4-gr7,_xlfWriteFmt",fcr",#MX_TEMP1",gr1,cr[01567]",gr0",gr3"-gr12",fp0"-fp13",mq",lr",xer",fsr",ca",ctr"
  202| 000414 ori      60000000   1
  202| 000418 or       7DC37378   1     LR        gr3=gr14
  202| 00041C bl       48000001   1     CALL      gr3=_xlfEndIO,1,gr3,_xlfEndIO",fcr",#MX_TEMP1",gr1,cr[01567]",gr0",gr4"-gr12",fp0"-fp13",mq",lr",xer",fsr",ca",ctr"
  202| 000420 ori      60000000   1
  206|                              CL.17:
  208| 000424 bl       48000001   1     CALL      srcstep,0,srcstep",fcr",gr1,cr[01567]",gr0",gr3"-gr12",fp0"-fp13",mq",lr",xer",fsr",ca",ctr"
  208| 000428 ori      60000000   1
  213| 00042C lwa      E81B0006   1     L4A       gr0=<s88:d4:l4>(gr27,4)
  213| 000430 cmpwi    2C000003   1     C4        cr0=gr0,3
  213| 000434 bc       40820010   1     BF        CL.20,cr0,0x4/eq,taken=60%(60,40)
  213| 000438 bl       48000001   1     CALL      transprt,0,transprt",fcr",gr1,cr[01567]",gr0",gr3"-gr12",fp0"-fp13",mq",lr",xer",fsr",ca",ctr"
  213| 00043C ori      60000000   1
    0| 000440 lwa      E81B0006   1     L4A       gr0=<s88:d4:l4>(gr27,4)
  213|                              CL.20:
  214| 000444 cmpwi    2C000002   1     C4        cr0=gr0,2
  214| 000448 bc       40820010   1     BF        CL.21,cr0,0x4/eq,taken=60%(60,40)
  214| 00044C bl       48000001   1     CALL      transprt_2d,0,transprt_2d",fcr",gr1,cr[01567]",gr0",gr3"-gr12",fp0"-fp13",mq",lr",xer",fsr",ca",ctr"
  214| 000450 ori      60000000   1
    0| 000454 lwa      E81B0006   1     L4A       gr0=<s88:d4:l4>(gr27,4)
  214|                              CL.21:
  215| 000458 cmpwi    2C000001   1     C4        cr0=gr0,1
  215| 00045C bc       4082000C   1     BF        CL.22,cr0,0x4/eq,taken=60%(60,40)
  215| 000460 bl       48000001   1     CALL      transprt_1d,0,transprt_1d",fcr",gr1,cr[01567]",gr0",gr3"-gr12",fp0"-fp13",mq",lr",xer",fsr",ca",ctr"
  215| 000464 ori      60000000   1
  215|                              CL.22:
  222| 000468 lfd      C81D0118   1     LFL       fp0=<s42:d280:l8>(gr29,280)
  222| 00046C lfd      C83D0078   1     LFL       fp1=<s42:d120:l8>(gr29,120)
  221| 000470 lwz      811D01E8   1     L4Z       gr8=<s42:d488:l4>(gr29,488)
  228| 000474 addi     387D027C   1     AI        gr3=gr29,636
  228| 000478 addi     389D0280   1     AI        gr4=gr29,640
  228| 00047C addi     38BD0284   1     AI        gr5=gr29,644
  228| 000480 addi     38DD0288   1     AI        gr6=gr29,648
  228| 000484 addi     38FD028C   1     AI        gr7=gr29,652
  222| 000488 fadd     FC00082A   1     AFL       fp0=fp0,fp1,fcr
  221| 00048C addi     38080001   1     AI        gr0=gr8,1
  221| 000490 stw      901D01E8   1     ST4Z      <s42:d488:l4>(gr29,488)=gr0
  222| 000494 stfd     D81D0118   1     STFL      <s42:d280:l8>(gr29,280)=fp0
  228| 000498 bl       48000001   1     CALL      intchk,5,ifsen[]",gr3,ifsen[]",gr4,ifsen[]",gr5,ifsen[]",gr6,ifsen[]",gr7,intchk",fcr",#MX_TEMP1",gr1,cr[01567]",gr0",gr3"-gr12",fp0"-fp13",mq",lr",xer",fsr",ca",ctr"
  228| 00049C ori      60000000   1
  232| 0004A0 bl       48000001   1     CALL      nudt,0,nudt",fcr",gr1,cr[01567]",gr0",gr3"-gr12",fp0"-fp13",mq",lr",xer",fsr",ca",ctr"
  232| 0004A4 ori      60000000   1
  237| 0004A8 lwz      801B0048   1     L4Z       gr0=<s88:d72:l4>(gr27,72)
  237| 0004AC andi.    70000001   1     RN4_R     gr0,cr0=gr0,0,0x1
  237| 0004B0 bc       4182000C   1     BT        CL.23,cr0,0x4/eq,taken=60%(60,40)
  237| 0004B4 bl       48000001   1     CALL      newgrid,0,newgrid",fcr",gr1,cr[01567]",gr0",gr3"-gr12",fp0"-fp13",mq",lr",xer",fsr",ca",ctr"
  237| 0004B8 ori      60000000   1
  237|                              CL.23:
  243| 0004BC stw      925A0004   1     ST4Z      <s92:d4:l4>(gr26,4)=gr18
  244| 0004C0 lwz      801D0278   1     L4Z       gr0=<s42:d632:l4>(gr29,632)
  245| 0004C4 addi     387D027C   1     AI        gr3=gr29,636
  245| 0004C8 addi     389D0280   1     AI        gr4=gr29,640
  245| 0004CC addi     38BD0284   1     AI        gr5=gr29,644
  245| 0004D0 addi     38DD0288   1     AI        gr6=gr29,648
  245| 0004D4 addi     38FD028C   1     AI        gr7=gr29,652
  244| 0004D8 cmpwi    2C000001   1     C4        cr0=gr0,1
  244| 0004DC bc       41820014   1     BT        CL.33,cr0,0x4/eq,taken=20%(20,80)
  245| 0004E0 bl       48000001   1     CALL      dataio,5,ifsen[]",gr3,ifsen[]",gr4,ifsen[]",gr5,ifsen[]",gr6,ifsen[]",gr7,dataio",fcr",#MX_TEMP1",gr1,cr[01567]",gr0",gr3"-gr12",fp0"-fp13",mq",lr",xer",fsr",ca",ctr"
  245| 0004E4 ori      60000000   1
    0| 0004E8 lwa      E87A0006   1     L4A       gr3=<s92:d4:l4>(gr26,4)
  247| 0004EC b        4BFFFD04   1     B         CL.6,-1
  244|                              CL.33:
  255| 0004F0 addi     38610084   1     AI        gr3=gr1,132
  255| 0004F4 addi     38810080   1     AI        gr4=gr1,128
  255| 0004F8 bl       48000001   1     CALL      clocks,2,cputime",gr3,wclock",gr4,clocks",fcr",#MX_TEMP1",gr1,cr[01567]",gr0",gr3"-gr12",fp0"-fp13",mq",lr",xer",fsr",ca",ctr"
  255| 0004FC ori      60000000   1
  261| 000500 stw      939D028C   1     ST4Z      <s42:d652:l4>(gr29,652)=gr28
  256| 000504 lfs      C0010084   1     LFS       fp0=cputime(gr1,132)
  258| 000508 ld       EB210190   1     L8        gr25=#SPILL0(gr1,400)
  262| 00050C addi     387D027C   1     AI        gr3=gr29,636
  262| 000510 addi     389D0280   1     AI        gr4=gr29,640
  262| 000514 addi     38BD0284   1     AI        gr5=gr29,644
  262| 000518 addi     38DD0288   1     AI        gr6=gr29,648
  262| 00051C addi     38FD028C   1     AI        gr7=gr29,652
  258| 000520 std      FB3D027C   1     ST8       ifsen[].off6|36#228|40#227_1(gr29,636)=gr25
  260| 000524 std      FB3D0284   1     ST8       ifsen[].off64|4#226|8#225_1(gr29,644)=gr25
  256| 000528 stfd     D81D0148   1     STFL      <s42:d328:l8>(gr29,328)=fp0
  262| 00052C bl       48000001   1     CALL      dataio,5,ifsen[]",gr3,ifsen[]",gr4,ifsen[]",gr5,ifsen[]",gr6,ifsen[]",gr7,dataio",fcr",#MX_TEMP1",gr1,cr[01567]",gr0",gr3"-gr12",fp0"-fp13",mq",lr",xer",fsr",ca",ctr"
  262| 000530 ori      60000000   1
  268| 000534 addis    3F004C00   1     LIU       gr24=19456
  268| 000538 stw      93810094   1     ST4Z      T_5(gr1,148)=gr28
  268| 00053C addis    3EE05800   1     LIU       gr23=22528
  268| 000540 addi     3818081F   1     AI        gr0=gr24,2079
  268| 000544 addi     38770003   1     AI        gr3=gr23,3
  268| 000548 stw      90010098   1     ST4Z      T_6(gr1,152)=gr0
  268| 00054C stw      9061009C   1     ST4Z      T_7(gr1,156)=gr3
  268| 000550 stw      93C100A0   1     ST4Z      T_8(gr1,160)=gr30
  268| 000554 addi     390100A0   1     AI        gr8=gr1,160
  268| 000558 addi     38E1009C   1     AI        gr7=gr1,156
  268| 00055C addi     38C10098   1     AI        gr6=gr1,152
  268| 000560 addi     38A10094   1     AI        gr5=gr1,148
  268| 000564 addi     388100B0   1     AI        gr4=gr1,176
  268| 000568 addi     387D0148   1     AI        gr3=gr29,328
  268| 00056C addi     393F0020   1     AI        gr9=gr31,32
  268| 000570 addi     395F0014   1     AI        gr10=gr31,20
  268| 000574 bl       48000001   1     CALL      mpi_reduce,8,tused",gr3,cpuall",gr4,T_5",gr5,T_6",gr6,T_7",gr7,T_8",gr8,comm3d",gr9,ierr",gr10,mpi_reduce",fcr",#MX_TEMP1",gr1,cr[01567]",gr0",gr3"-gr12",fp0"-fp13",mq",lr",xer",fsr",ca",ctr"
  268| 000578 ori      60000000   1
  270| 00057C lwz      801F0004   1     L4Z       gr0=<s46:d4:l4>(gr31,4)
  270| 000580 cmpdi    2C200000   1     C8        cr0=gr0,0
  270| 000584 bc       41820028   1     BT        CL.128,cr0,0x4/eq,taken=40%(40,60)
    0| 000588 ori      60210000   1     XNOP      
    0| 00058C ori      60210000   1     XNOP      
  312|                              CL.26:
  316| 000590 addi     387F0014   1     AI        gr3=gr31,20
  316| 000594 bl       48000001   1     CALL      mpi_finalize,1,ierr",gr3,mpi_finalize",fcr",#MX_TEMP1",gr1,cr[01567]",gr0",gr3"-gr12",fp0"-fp13",mq",lr",xer",fsr",ca",ctr"
  316| 000598 ori      60000000   1
  324| 00059C addi     38600000   1     LI        gr3=0
  324| 0005A0 bl       48000001   1     CALL      _xlfExit,1,gr3,_xlfExit",fcr",#MX_TEMP1",gr1,cr[01567]",gr0",gr3"-gr12",fp0"-fp13",mq",lr",xer",fsr",ca",ctr"
  324| 0005A4 ori      60000000   1
  324| 0005A8 tw       7C8E7008   1     TRAP      9
    0|                              CL.128:
  277| 0005AC std      FBC100E8   1     ST8       <a1:d232:l8>(gr1,232)=gr30
  277| 0005B0 ld       EB220000   1     L8        gr25=.+CONSTANT_AREA(gr2,0)
  277| 0005B4 addi     38000081   1     LI        gr0=129
  277| 0005B8 ori      63DC8004   1     OIL       gr28=gr30,0x8004
  277| 0005BC stw      900100E0   1     ST4Z      <a1:d224:l4>(gr1,224)=gr0
  277| 0005C0 std      FBC100F8   1     ST8       <a1:d248:l8>(gr1,248)=gr30
  277| 0005C4 std      FBC10100   1     ST8       <a1:d256:l8>(gr1,256)=gr30
  277| 0005C8 addi     38790196   1     AI        gr3=gr25,406
  277| 0005CC addi     38B50080   1     AI        gr5=gr21,128
  277| 0005D0 std      F86100F0   1     ST8       <a1:d240:l8>(gr1,240)=gr3
  277| 0005D4 addi     38600006   1     LI        gr3=6
  277| 0005D8 addi     38800103   1     LI        gr4=259
  277| 0005DC or       7F86E378   1     LR        gr6=gr28
  277| 0005E0 addi     38E00000   1     LI        gr7=0
  277| 0005E4 addi     39000000   1     LI        gr8=0
  277| 0005E8 addi     392100E0   1     AI        gr9=gr1,224
  277| 0005EC bl       48000001   1     CALL      gr3=_xlfBeginIO,7,gr3,gr4,#5",gr5,gr6,@PALI_SHADOW_CONST.rns0.,gr7,gr8,|fmt_args,gr9,_xlfBeginIO",fcr",#MX_TEMP1",gr1,cr[01567]",gr0",gr4"-gr12",fp0"-fp13",mq",lr",xer",fsr",ca",ctr"
  277| 0005F0 ori      60000000   1
  277| 0005F4 or       7C7E1B78   1     LR        gr30=gr3
  277| 0005F8 addi     389D01F8   1     AI        gr4=gr29,504
  277| 0005FC addi     38A00004   1     LI        gr5=4
  277| 000600 addi     38C00004   1     LI        gr6=4
  277| 000604 addi     38E00000   1     LI        gr7=0
  277| 000608 bl       48000001   1     CALL      _xlfWriteFmt,5,gr3,nwarn,gr4-gr7,_xlfWriteFmt",fcr",#MX_TEMP1",gr1,cr[01567]",gr0",gr3"-gr12",fp0"-fp13",mq",lr",xer",fsr",ca",ctr"
  277| 00060C ori      60000000   1
  277| 000610 or       7FC3F378   1     LR        gr3=gr30
  277| 000614 bl       48000001   1     CALL      gr3=_xlfEndIO,1,gr3,_xlfEndIO",fcr",#MX_TEMP1",gr1,cr[01567]",gr0",gr4"-gr12",fp0"-fp13",mq",lr",xer",fsr",ca",ctr"
  277| 000618 ori      60000000   1
  279| 00061C addi     38190246   1     AI        gr0=gr25,582
  279| 000620 addi     38B500C0   1     AI        gr5=gr21,192
  279| 000624 std      F80100F0   1     ST8       <a1:d240:l8>(gr1,240)=gr0
  279| 000628 addi     38600006   1     LI        gr3=6
  279| 00062C addi     38800103   1     LI        gr4=259
  279| 000630 or       7F86E378   1     LR        gr6=gr28
  279| 000634 addi     38E00000   1     LI        gr7=0
  279| 000638 addi     39000000   1     LI        gr8=0
  279| 00063C addi     392100E0   1     AI        gr9=gr1,224
  279| 000640 bl       48000001   1     CALL      gr3=_xlfBeginIO,7,gr3,gr4,#7",gr5,gr6,@PALI_SHADOW_CONST.rns0.,gr7,gr8,|fmt_args,gr9,_xlfBeginIO",fcr",#MX_TEMP1",gr1,cr[01567]",gr0",gr4"-gr12",fp0"-fp13",mq",lr",xer",fsr",ca",ctr"
  279| 000644 ori      60000000   1
  279| 000648 bl       48000001   1     CALL      gr3=_xlfEndIO,1,gr3,_xlfEndIO",fcr",#MX_TEMP1",gr1,cr[01567]",gr0",gr4"-gr12",fp0"-fp13",mq",lr",xer",fsr",ca",ctr"
  279| 00064C ori      60000000   1
  280| 000650 addi     381902B6   1     AI        gr0=gr25,694
  280| 000654 addi     38B50100   1     AI        gr5=gr21,256
  280| 000658 std      F80100F0   1     ST8       <a1:d240:l8>(gr1,240)=gr0
  280| 00065C addi     38600006   1     LI        gr3=6
  280| 000660 addi     38800103   1     LI        gr4=259
  280| 000664 or       7F86E378   1     LR        gr6=gr28
  280| 000668 addi     38E00000   1     LI        gr7=0
  280| 00066C addi     39000000   1     LI        gr8=0
  280| 000670 addi     392100E0   1     AI        gr9=gr1,224
  280| 000674 bl       48000001   1     CALL      gr3=_xlfBeginIO,7,gr3,gr4,#9",gr5,gr6,@PALI_SHADOW_CONST.rns0.,gr7,gr8,|fmt_args,gr9,_xlfBeginIO",fcr",#MX_TEMP1",gr1,cr[01567]",gr0",gr4"-gr12",fp0"-fp13",mq",lr",xer",fsr",ca",ctr"
  280| 000678 ori      60000000   1
  280| 00067C lfd      C8390940   1     LFL       fp1=+CONSTANT_AREA(gr25,2368)
  280| 000680 lwa      E8BA002A   1     L4A       gr5=<s92:d40:l4>(gr26,40)
  280| 000684 lwa      EB3F0012   1     L4A       gr25=<s46:d16:l4>(gr31,16)
  280| 000688 lwa      E81A002E   1     L4A       gr0=<s92:d44:l4>(gr26,44)
  280| 00068C lwa      EBDD01EA   1     L4A       gr30=<s42:d488:l4>(gr29,488)
  280| 000690 lwa      E8DA0032   1     L4A       gr6=<s92:d48:l4>(gr26,48)
  280| 000694 lfd      C81D0148   1     LFL       fp0=<s42:d328:l8>(gr29,328)
  280| 000698 or       7C7A1B78   1     LR        gr26=gr3
  280| 00069C mulld    7CE5C9D2   1     M         gr7=gr5,gr25
  280| 0006A0 fadd     FC20082A   1     AFL       fp1=fp0,fp1,fcr
  280| 0006A4 mulld    7C00F1D2   1     M         gr0=gr0,gr30
  280| 0006A8 mulld    7CE639D2   1     M         gr7=gr6,gr7
  280| 0006AC addi     388100B8   1     AI        gr4=gr1,184
  280| 0006B0 mulld    7C0039D2   1     M         gr0=gr0,gr7
  280| 0006B4 addi     38A00008   1     LI        gr5=8
  280| 0006B8 extsw    7C0007B4   1     EXTS4     gr0=gr0
  280| 0006BC addi     38C00008   1     LI        gr6=8
  280| 0006C0 std      F8010108   1     ST8       #MX_CONVF1_0(gr1,264)=gr0
  280| 0006C4 addi     38E00004   1     LI        gr7=4
  280| 0006C8 lfd      C8010108   1     LFL       fp0=#MX_CONVF1_0(gr1,264)
  280| 0006CC fcfid    FC00069C   1     FCFID     fp0=fp0,fcr
  280| 0006D0 frsp     FC000018   2     CVLS      fp0=fp0,fcr
  280| 0006D4 fdiv     FC000824   2     DFL       fp0=fp0,fp1,fcr
  280| 0006D8 stfd     D80100B8   1     STFL      #11(gr1,184)=fp0
  280| 0006DC bl       48000001   1     CALL      _xlfWriteFmt,5,gr3,#11,gr4-gr7,_xlfWriteFmt",fcr",#MX_TEMP1",gr1,cr[01567]",gr0",gr3"-gr12",fp0"-fp13",mq",lr",xer",fsr",ca",ctr"
  280| 0006E0 ori      60000000   1
  280| 0006E4 or       7F43D378   1     LR        gr3=gr26
  280| 0006E8 bl       48000001   1     CALL      gr3=_xlfEndIO,1,gr3,_xlfEndIO",fcr",#MX_TEMP1",gr1,cr[01567]",gr0",gr4"-gr12",fp0"-fp13",mq",lr",xer",fsr",ca",ctr"
  280| 0006EC ori      60000000   1
  281| 0006F0 ld       EB020000   1     L8        gr24=.+CONSTANT_AREA(gr2,0)
  281| 0006F4 addi     38B50140   1     AI        gr5=gr21,320
  281| 0006F8 addi     38600006   1     LI        gr3=6
  281| 0006FC addi     38800103   1     LI        gr4=259
  281| 000700 or       7F86E378   1     LR        gr6=gr28
  281| 000704 addi     38E00000   1     LI        gr7=0
  281| 000708 addi     3818034E   1     AI        gr0=gr24,846
  281| 00070C addi     39000000   1     LI        gr8=0
  281| 000710 std      F80100F0   1     ST8       <a1:d240:l8>(gr1,240)=gr0
  281| 000714 addi     392100E0   1     AI        gr9=gr1,224
  281| 000718 bl       48000001   1     CALL      gr3=_xlfBeginIO,7,gr3,gr4,#12",gr5,gr6,@PALI_SHADOW_CONST.rns0.,gr7,gr8,|fmt_args,gr9,_xlfBeginIO",fcr",#MX_TEMP1",gr1,cr[01567]",gr0",gr4"-gr12",fp0"-fp13",mq",lr",xer",fsr",ca",ctr"
  281| 00071C ori      60000000   1
  281| 000720 addi     389D0148   1     AI        gr4=gr29,328
  281| 000724 or       7C7D1B78   1     LR        gr29=gr3
  281| 000728 addi     38A00008   1     LI        gr5=8
  281| 00072C addi     38C00008   1     LI        gr6=8
  281| 000730 addi     38E00004   1     LI        gr7=4
  281| 000734 bl       48000001   1     CALL      _xlfWriteFmt,5,gr3,tused,gr4-gr7,_xlfWriteFmt",fcr",#MX_TEMP1",gr1,cr[01567]",gr0",gr3"-gr12",fp0"-fp13",mq",lr",xer",fsr",ca",ctr"
  281| 000738 ori      60000000   1
  281| 00073C or       7FA3EB78   1     LR        gr3=gr29
  281| 000740 bl       48000001   1     CALL      gr3=_xlfEndIO,1,gr3,_xlfEndIO",fcr",#MX_TEMP1",gr1,cr[01567]",gr0",gr4"-gr12",fp0"-fp13",mq",lr",xer",fsr",ca",ctr"
  281| 000744 ori      60000000   1
  283| 000748 addi     38180406   1     AI        gr0=gr24,1030
  283| 00074C addi     38B50180   1     AI        gr5=gr21,384
  283| 000750 std      F80100F0   1     ST8       <a1:d240:l8>(gr1,240)=gr0
  283| 000754 addi     38600006   1     LI        gr3=6
  283| 000758 addi     38800103   1     LI        gr4=259
  283| 00075C or       7F86E378   1     LR        gr6=gr28
  283| 000760 addi     38E00000   1     LI        gr7=0
  283| 000764 addi     39000000   1     LI        gr8=0
  283| 000768 addi     392100E0   1     AI        gr9=gr1,224
  283| 00076C bl       48000001   1     CALL      gr3=_xlfBeginIO,7,gr3,gr4,#14",gr5,gr6,@PALI_SHADOW_CONST.rns0.,gr7,gr8,|fmt_args,gr9,_xlfBeginIO",fcr",#MX_TEMP1",gr1,cr[01567]",gr0",gr4"-gr12",fp0"-fp13",mq",lr",xer",fsr",ca",ctr"
  283| 000770 ori      60000000   1
  283| 000774 std      FB210118   1     ST8       #MX_CONVF1_1(gr1,280)=gr25
  283| 000778 lfd      C82100B0   1     LFL       fp1=cpuall(gr1,176)
  283| 00077C or       7C7D1B78   1     LR        gr29=gr3
  283| 000780 addi     388100C0   1     AI        gr4=gr1,192
  283| 000784 addi     38A00008   1     LI        gr5=8
  283| 000788 addi     38C00008   1     LI        gr6=8
  283| 00078C addi     38E00004   1     LI        gr7=4
  283| 000790 lfd      C8010118   1     LFL       fp0=#MX_CONVF1_1(gr1,280)
  283| 000794 fcfid    FC00069C   1     FCFID     fp0=fp0,fcr
  283| 000798 frsp     FC000018   2     CVLS      fp0=fp0,fcr
  283| 00079C fdiv     FC010024   2     DFL       fp0=fp1,fp0,fcr
  283| 0007A0 stfd     D80100C0   1     STFL      T_9(gr1,192)=fp0
  283| 0007A4 bl       48000001   1     CALL      _xlfWriteFmt,5,gr3,T_9,gr4-gr7,_xlfWriteFmt",fcr",#MX_TEMP1",gr1,cr[01567]",gr0",gr3"-gr12",fp0"-fp13",mq",lr",xer",fsr",ca",ctr"
  283| 0007A8 ori      60000000   1
  283| 0007AC or       7FA3EB78   1     LR        gr3=gr29
  283| 0007B0 bl       48000001   1     CALL      gr3=_xlfEndIO,1,gr3,_xlfEndIO",fcr",#MX_TEMP1",gr1,cr[01567]",gr0",gr4"-gr12",fp0"-fp13",mq",lr",xer",fsr",ca",ctr"
  283| 0007B4 ori      60000000   1
  285| 0007B8 addi     381804BE   1     AI        gr0=gr24,1214
  285| 0007BC addi     38B501C0   1     AI        gr5=gr21,448
  285| 0007C0 std      F80100F0   1     ST8       <a1:d240:l8>(gr1,240)=gr0
  285| 0007C4 addi     38600006   1     LI        gr3=6
  285| 0007C8 addi     38800103   1     LI        gr4=259
  285| 0007CC or       7F86E378   1     LR        gr6=gr28
  285| 0007D0 addi     38E00000   1     LI        gr7=0
  285| 0007D4 addi     39000000   1     LI        gr8=0
  285| 0007D8 addi     392100E0   1     AI        gr9=gr1,224
  285| 0007DC bl       48000001   1     CALL      gr3=_xlfBeginIO,7,gr3,gr4,#16",gr5,gr6,@PALI_SHADOW_CONST.rns0.,gr7,gr8,|fmt_args,gr9,_xlfBeginIO",fcr",#MX_TEMP1",gr1,cr[01567]",gr0",gr4"-gr12",fp0"-fp13",mq",lr",xer",fsr",ca",ctr"
  285| 0007E0 ori      60000000   1
  285| 0007E4 or       7C7D1B78   1     LR        gr29=gr3
  285| 0007E8 addi     38810080   1     AI        gr4=gr1,128
  285| 0007EC addi     38A00004   1     LI        gr5=4
  285| 0007F0 addi     38C00004   1     LI        gr6=4
  285| 0007F4 addi     38E00004   1     LI        gr7=4
  285| 0007F8 bl       48000001   1     CALL      _xlfWriteFmt,5,gr3,wclock,gr4-gr7,_xlfWriteFmt",fcr",#MX_TEMP1",gr1,cr[01567]",gr0",gr3"-gr12",fp0"-fp13",mq",lr",xer",fsr",ca",ctr"
  285| 0007FC ori      60000000   1
  285| 000800 or       7FA3EB78   1     LR        gr3=gr29
  285| 000804 bl       48000001   1     CALL      gr3=_xlfEndIO,1,gr3,_xlfEndIO",fcr",#MX_TEMP1",gr1,cr[01567]",gr0",gr4"-gr12",fp0"-fp13",mq",lr",xer",fsr",ca",ctr"
  285| 000808 ori      60000000   1
  287| 00080C addi     38180576   1     AI        gr0=gr24,1398
  287| 000810 addi     38B50200   1     AI        gr5=gr21,512
  287| 000814 std      F80100F0   1     ST8       <a1:d240:l8>(gr1,240)=gr0
  287| 000818 addi     38600006   1     LI        gr3=6
  287| 00081C addi     38800103   1     LI        gr4=259
  287| 000820 or       7F86E378   1     LR        gr6=gr28
  287| 000824 addi     38E00000   1     LI        gr7=0
  287| 000828 addi     39000000   1     LI        gr8=0
  287| 00082C addi     392100E0   1     AI        gr9=gr1,224
  287| 000830 bl       48000001   1     CALL      gr3=_xlfBeginIO,7,gr3,gr4,#18",gr5,gr6,@PALI_SHADOW_CONST.rns0.,gr7,gr8,|fmt_args,gr9,_xlfBeginIO",fcr",#MX_TEMP1",gr1,cr[01567]",gr0",gr4"-gr12",fp0"-fp13",mq",lr",xer",fsr",ca",ctr"
  287| 000834 ori      60000000   1
  287| 000838 bl       48000001   1     CALL      gr3=_xlfEndIO,1,gr3,_xlfEndIO",fcr",#MX_TEMP1",gr1,cr[01567]",gr0",gr4"-gr12",fp0"-fp13",mq",lr",xer",fsr",ca",ctr"
  287| 00083C ori      60000000   1
  289| 000840 lwa      E81B003E   1     L4A       gr0=<s88:d60:l4>(gr27,60)
  289| 000844 lwz      807B002C   1     L4Z       gr3=<s88:d44:l4>(gr27,44)
  289| 000848 xori     68000001   1     XIL       gr0=gr0,0x1
  289| 00084C and      7C001838   1     N         gr0=gr0,gr3
  289| 000850 andi.    70000001   1     RN4_R     gr0,cr0=gr0,0,0x1
  289| 000854 bc       4182015C   1     BT        CL.27,cr0,0x4/eq,taken=50%(0,0)
  290| 000858 lwz      801B0000   1     L4Z       gr0=<s88:d0:l4>(gr27,0)
  290| 00085C cmpwi    2C000001   1     C4        cr0=gr0,1
  290| 000860 bc       41820150   1     BT        CL.27,cr0,0x4/eq,taken=60%(60,40)
  291| 000864 addi     381805AE   1     AI        gr0=gr24,1454
  291| 000868 addi     38B50240   1     AI        gr5=gr21,576
  291| 00086C std      F80100F0   1     ST8       <a1:d240:l8>(gr1,240)=gr0
  291| 000870 addi     38600006   1     LI        gr3=6
  291| 000874 addi     38800103   1     LI        gr4=259
  291| 000878 or       7F86E378   1     LR        gr6=gr28
  291| 00087C addi     38E00000   1     LI        gr7=0
  291| 000880 addi     39000000   1     LI        gr8=0
  291| 000884 addi     392100E0   1     AI        gr9=gr1,224
  291| 000888 bl       48000001   1     CALL      gr3=_xlfBeginIO,7,gr3,gr4,#20",gr5,gr6,@PALI_SHADOW_CONST.rns0.,gr7,gr8,|fmt_args,gr9,_xlfBeginIO",fcr",#MX_TEMP1",gr1,cr[01567]",gr0",gr4"-gr12",fp0"-fp13",mq",lr",xer",fsr",ca",ctr"
  291| 00088C ori      60000000   1
  291| 000890 bl       48000001   1     CALL      gr3=_xlfEndIO,1,gr3,_xlfEndIO",fcr",#MX_TEMP1",gr1,cr[01567]",gr0",gr4"-gr12",fp0"-fp13",mq",lr",xer",fsr",ca",ctr"
  291| 000894 ori      60000000   1
  292| 000898 addi     3818061E   1     AI        gr0=gr24,1566
  292| 00089C addi     38B50280   1     AI        gr5=gr21,640
  292| 0008A0 std      F80100F0   1     ST8       <a1:d240:l8>(gr1,240)=gr0
  292| 0008A4 addi     38600006   1     LI        gr3=6
  292| 0008A8 addi     38800103   1     LI        gr4=259
  292| 0008AC or       7F86E378   1     LR        gr6=gr28
  292| 0008B0 addi     38E00000   1     LI        gr7=0
  292| 0008B4 addi     39000000   1     LI        gr8=0
  292| 0008B8 addi     392100E0   1     AI        gr9=gr1,224
  292| 0008BC bl       48000001   1     CALL      gr3=_xlfBeginIO,7,gr3,gr4,#22",gr5,gr6,@PALI_SHADOW_CONST.rns0.,gr7,gr8,|fmt_args,gr9,_xlfBeginIO",fcr",#MX_TEMP1",gr1,cr[01567]",gr0",gr4"-gr12",fp0"-fp13",mq",lr",xer",fsr",ca",ctr"
  292| 0008C0 ori      60000000   1
  292| 0008C4 std      FBC10138   1     ST8       #MX_CONVF1_3(gr1,312)=gr30
  292| 0008C8 ld       EB220000   1     L8        gr25=.&&N&&impsoln(gr2,0)
  292| 0008CC lfs      C0180948   1     LFS       fp0=+CONSTANT_AREA(gr24,2376)
  292| 0008D0 or       7C7D1B78   1     LR        gr29=gr3
  292| 0008D4 addi     388100A4   1     AI        gr4=gr1,164
  292| 0008D8 addi     38A00004   1     LI        gr5=4
  292| 0008DC addi     38C00004   1     LI        gr6=4
  292| 0008E0 lwa      EB59005E   1     L4A       gr26=<s53:d92:l4>(gr25,92)
  292| 0008E4 addi     38E00000   1     LI        gr7=0
  292| 0008E8 lfd      C8210138   1     LFL       fp1=#MX_CONVF1_3(gr1,312)
  292| 0008EC std      FB410128   1     ST8       #MX_CONVF1_2(gr1,296)=gr26
  292| 0008F0 fcfid    FC200E9C   1     FCFID     fp1=fp1,fcr
  292| 0008F4 lfd      C8410128   2     LFL       fp2=#MX_CONVF1_2(gr1,296)
  292| 0008F8 frsp     FC200818   1     CVLS      fp1=fp1,fcr
  292| 0008FC fcfid    FC40169C   2     FCFID     fp2=fp2,fcr
  292| 000900 frsp     FC401018   2     CVLS      fp2=fp2,fcr
  292| 000904 fmuls    EC020032   1     MFS       fp0=fp2,fp0,fcr
  292| 000908 fdivs    EC000824   1     DFS       fp0=fp0,fp1,fcr
  292| 00090C fctiwz   FC00001E   1     FCTIWZ    fp0=fp0
  292| 000910 stfd     D8010148   1     STFL      #MX_CONVF1_4(gr1,328)=fp0
  292| 000914 lwa      E801014E   1     L4A       gr0=#MX_CONVF1_4(gr1,332)
  292| 000918 stw      900100A4   1     ST4Z      T_10(gr1,164)=gr0
  292| 00091C bl       48000001   1     CALL      _xlfWriteFmt,5,gr3,T_10,gr4-gr7,_xlfWriteFmt",fcr",#MX_TEMP1",gr1,cr[01567]",gr0",gr3"-gr12",fp0"-fp13",mq",lr",xer",fsr",ca",ctr"
  292| 000920 ori      60000000   1
  292| 000924 or       7FA3EB78   1     LR        gr3=gr29
  292| 000928 bl       48000001   1     CALL      gr3=_xlfEndIO,1,gr3,_xlfEndIO",fcr",#MX_TEMP1",gr1,cr[01567]",gr0",gr4"-gr12",fp0"-fp13",mq",lr",xer",fsr",ca",ctr"
  292| 00092C ori      60000000   1
  294| 000930 addi     381806CE   1     AI        gr0=gr24,1742
  294| 000934 std      F80100F0   1     ST8       <a1:d240:l8>(gr1,240)=gr0
  294| 000938 addi     38B502C0   1     AI        gr5=gr21,704
  294| 00093C addi     38600006   1     LI        gr3=6
  294| 000940 addi     38800103   1     LI        gr4=259
  294| 000944 or       7F86E378   1     LR        gr6=gr28
  294| 000948 addi     38E00000   1     LI        gr7=0
  294| 00094C addi     39000000   1     LI        gr8=0
  294| 000950 addi     392100E0   1     AI        gr9=gr1,224
  294| 000954 bl       48000001   1     CALL      gr3=_xlfBeginIO,7,gr3,gr4,#24",gr5,gr6,@PALI_SHADOW_CONST.rns0.,gr7,gr8,|fmt_args,gr9,_xlfBeginIO",fcr",#MX_TEMP1",gr1,cr[01567]",gr0",gr4"-gr12",fp0"-fp13",mq",lr",xer",fsr",ca",ctr"
  294| 000958 ori      60000000   1
  294| 00095C lwa      E819005A   1     L4A       gr0=<s53:d88:l4>(gr25,88)
  294| 000960 std      FB410168   1     ST8       #MX_CONVF1_6(gr1,360)=gr26
  294| 000964 or       7C7D1B78   1     LR        gr29=gr3
  294| 000968 addi     388100A8   1     AI        gr4=gr1,168
  294| 00096C addi     38A00004   1     LI        gr5=4
  294| 000970 addi     38C00004   1     LI        gr6=4
  294| 000974 std      F8010158   1     ST8       #MX_CONVF1_5(gr1,344)=gr0
  294| 000978 addi     38E00004   1     LI        gr7=4
  294| 00097C lfd      C8010168   1     LFL       fp0=#MX_CONVF1_6(gr1,360)
  294| 000980 lfd      C8210158   1     LFL       fp1=#MX_CONVF1_5(gr1,344)
  294| 000984 fcfid    FC00069C   1     FCFID     fp0=fp0,fcr
  294| 000988 fcfid    FC200E9C   2     FCFID     fp1=fp1,fcr
  294| 00098C frsp     FC000018   2     CVLS      fp0=fp0,fcr
  294| 000990 frsp     FC200818   2     CVLS      fp1=fp1,fcr
  294| 000994 fdivs    EC010024   1     DFS       fp0=fp1,fp0,fcr
  294| 000998 stfs     D00100A8   1     STFS      T_11(gr1,168)=fp0
  294| 00099C bl       48000001   1     CALL      _xlfWriteFmt,5,gr3,T_11,gr4-gr7,_xlfWriteFmt",fcr",#MX_TEMP1",gr1,cr[01567]",gr0",gr3"-gr12",fp0"-fp13",mq",lr",xer",fsr",ca",ctr"
  294| 0009A0 ori      60000000   1
  294| 0009A4 or       7FA3EB78   1     LR        gr3=gr29
  294| 0009A8 bl       48000001   1     CALL      gr3=_xlfEndIO,1,gr3,_xlfEndIO",fcr",#MX_TEMP1",gr1,cr[01567]",gr0",gr4"-gr12",fp0"-fp13",mq",lr",xer",fsr",ca",ctr"
  294| 0009AC ori      60000000   1
  297|                              CL.27:
  298| 0009B0 lwz      801B0018   1     L4Z       gr0=<s88:d24:l4>(gr27,24)
  298| 0009B4 cmpdi    2C200000   1     C8        cr0=gr0,0
  298| 0009B8 bc       41820114   1     BT        CL.29,cr0,0x4/eq,taken=60%(60,40)
  299| 0009BC addi     38180776   1     AI        gr0=gr24,1910
  299| 0009C0 addi     38B50300   1     AI        gr5=gr21,768
  299| 0009C4 std      F80100F0   1     ST8       <a1:d240:l8>(gr1,240)=gr0
  299| 0009C8 addi     38600006   1     LI        gr3=6
  299| 0009CC addi     38800103   1     LI        gr4=259
  299| 0009D0 or       7F86E378   1     LR        gr6=gr28
  299| 0009D4 addi     38E00000   1     LI        gr7=0
  299| 0009D8 addi     39000000   1     LI        gr8=0
  299| 0009DC addi     392100E0   1     AI        gr9=gr1,224
  299| 0009E0 bl       48000001   1     CALL      gr3=_xlfBeginIO,7,gr3,gr4,#26",gr5,gr6,@PALI_SHADOW_CONST.rns0.,gr7,gr8,|fmt_args,gr9,_xlfBeginIO",fcr",#MX_TEMP1",gr1,cr[01567]",gr0",gr4"-gr12",fp0"-fp13",mq",lr",xer",fsr",ca",ctr"
  299| 0009E4 ori      60000000   1
  299| 0009E8 bl       48000001   1     CALL      gr3=_xlfEndIO,1,gr3,_xlfEndIO",fcr",#MX_TEMP1",gr1,cr[01567]",gr0",gr4"-gr12",fp0"-fp13",mq",lr",xer",fsr",ca",ctr"
  299| 0009EC ori      60000000   1
  300| 0009F0 addi     381807E6   1     AI        gr0=gr24,2022
  300| 0009F4 addi     38B50340   1     AI        gr5=gr21,832
  300| 0009F8 std      F80100F0   1     ST8       <a1:d240:l8>(gr1,240)=gr0
  300| 0009FC addi     38600006   1     LI        gr3=6
  300| 000A00 addi     38800103   1     LI        gr4=259
  300| 000A04 or       7F86E378   1     LR        gr6=gr28
  300| 000A08 addi     38E00000   1     LI        gr7=0
  300| 000A0C addi     39000000   1     LI        gr8=0
  300| 000A10 addi     392100E0   1     AI        gr9=gr1,224
  300| 000A14 bl       48000001   1     CALL      gr3=_xlfBeginIO,7,gr3,gr4,#28",gr5,gr6,@PALI_SHADOW_CONST.rns0.,gr7,gr8,|fmt_args,gr9,_xlfBeginIO",fcr",#MX_TEMP1",gr1,cr[01567]",gr0",gr4"-gr12",fp0"-fp13",mq",lr",xer",fsr",ca",ctr"
  300| 000A18 ori      60000000   1
  300| 000A1C std      FBC10178   1     ST8       #MX_CONVF1_7(gr1,376)=gr30
  300| 000A20 ld       EBA20000   1     L8        gr29=.&&N&&impsoln(gr2,0)
  300| 000A24 or       7C7E1B78   1     LR        gr30=gr3
  300| 000A28 addi     388100C8   1     AI        gr4=gr1,200
  300| 000A2C addi     38A00008   1     LI        gr5=8
  300| 000A30 addi     38C00008   1     LI        gr6=8
  300| 000A34 addi     38E00004   1     LI        gr7=4
  300| 000A38 lfd      C83D0008   1     LFL       fp1=<s53:d8:l8>(gr29,8)
  300| 000A3C lfd      CBE10178   1     LFL       fp31=#MX_CONVF1_7(gr1,376)
  300| 000A40 fcfid    FC00FE9C   1     FCFID     fp0=fp31,fcr
  300| 000A44 frsp     FC000018   2     CVLS      fp0=fp0,fcr
  300| 000A48 fdiv     FC010024   2     DFL       fp0=fp1,fp0,fcr
  300| 000A4C stfd     D80100C8   1     STFL      T_12(gr1,200)=fp0
  300| 000A50 bl       48000001   1     CALL      _xlfWriteFmt,5,gr3,T_12,gr4-gr7,_xlfWriteFmt",fcr",#MX_TEMP1",gr1,cr[01567]",gr0",gr3"-gr12",fp0"-fp13",mq",lr",xer",fsr",ca",ctr"
  300| 000A54 ori      60000000   1
  300| 000A58 or       7FC3F378   1     LR        gr3=gr30
  300| 000A5C bl       48000001   1     CALL      gr3=_xlfEndIO,1,gr3,_xlfEndIO",fcr",#MX_TEMP1",gr1,cr[01567]",gr0",gr4"-gr12",fp0"-fp13",mq",lr",xer",fsr",ca",ctr"
  300| 000A60 ori      60000000   1
  302| 000A64 addi     3818088E   1     AI        gr0=gr24,2190
  302| 000A68 or       7F86E378   1     LR        gr6=gr28
  302| 000A6C std      F80100F0   1     ST8       <a1:d240:l8>(gr1,240)=gr0
  302| 000A70 addi     38B50380   1     AI        gr5=gr21,896
  302| 000A74 addi     38600006   1     LI        gr3=6
  302| 000A78 addi     38800103   1     LI        gr4=259
  302| 000A7C addi     38E00000   1     LI        gr7=0
  302| 000A80 addi     39000000   1     LI        gr8=0
  302| 000A84 addi     392100E0   1     AI        gr9=gr1,224
  302| 000A88 bl       48000001   1     CALL      gr3=_xlfBeginIO,7,gr3,gr4,#30",gr5,gr6,@PALI_SHADOW_CONST.rns0.,gr7,gr8,|fmt_args,gr9,_xlfBeginIO",fcr",#MX_TEMP1",gr1,cr[01567]",gr0",gr4"-gr12",fp0"-fp13",mq",lr",xer",fsr",ca",ctr"
  302| 000A8C ori      60000000   1
  302| 000A90 fcfid    FC00FE9C   1     FCFID     fp0=fp31,fcr
  302| 000A94 lfd      C83D0000   1     LFL       fp1=<s53:d0:l8>(gr29,0)
  302| 000A98 or       7C7E1B78   1     LR        gr30=gr3
  302| 000A9C addi     388100D0   1     AI        gr4=gr1,208
  302| 000AA0 addi     38A00008   1     LI        gr5=8
  302| 000AA4 addi     38C00008   1     LI        gr6=8
  302| 000AA8 frsp     FC000018   1     CVLS      fp0=fp0,fcr
  302| 000AAC addi     38E00004   1     LI        gr7=4
  302| 000AB0 fdiv     FC010024   1     DFL       fp0=fp1,fp0,fcr
  302| 000AB4 stfd     D80100D0   1     STFL      T_13(gr1,208)=fp0
  302| 000AB8 bl       48000001   1     CALL      _xlfWriteFmt,5,gr3,T_13,gr4-gr7,_xlfWriteFmt",fcr",#MX_TEMP1",gr1,cr[01567]",gr0",gr3"-gr12",fp0"-fp13",mq",lr",xer",fsr",ca",ctr"
  302| 000ABC ori      60000000   1
  302| 000AC0 or       7FC3F378   1     LR        gr3=gr30
  302| 000AC4 bl       48000001   1     CALL      gr3=_xlfEndIO,1,gr3,_xlfEndIO",fcr",#MX_TEMP1",gr1,cr[01567]",gr0",gr4"-gr12",fp0"-fp13",mq",lr",xer",fsr",ca",ctr"
  302| 000AC8 ori      60000000   1
  304|                              CL.29:
  306| 000ACC addi     38B503C0   1     AI        gr5=gr21,960
  306| 000AD0 addi     38600002   1     LI        gr3=2
  306| 000AD4 addi     38800001   1     LI        gr4=1
  306| 000AD8 addi     38C00000   1     LI        gr6=0
  306| 000ADC addi     38E00000   1     LI        gr7=0
  306| 000AE0 bl       48000001   1     CALL      gr3=_xlfIOCmd,5,gr3,gr4,#32",gr5,gr6,@PALI_SHADOW_CONST.rns0.,gr7,_xlfIOCmd",fcr",#MX_TEMP1",gr1,cr[01567]",gr0",gr4"-gr12",fp0"-fp13",mq",lr",xer",fsr",ca",ctr"
  306| 000AE4 ori      60000000   1
  308| 000AE8 addi     38B50400   1     AI        gr5=gr21,1024
  308| 000AEC addi     3860001E   1     LI        gr3=30
  308| 000AF0 addi     38800001   1     LI        gr4=1
  308| 000AF4 addi     38C00000   1     LI        gr6=0
  308| 000AF8 addi     38E00000   1     LI        gr7=0
  308| 000AFC bl       48000001   1     CALL      gr3=_xlfIOCmd,5,gr3,gr4,#33",gr5,gr6,@PALI_SHADOW_CONST.rns0.,gr7,_xlfIOCmd",fcr",#MX_TEMP1",gr1,cr[01567]",gr0",gr4"-gr12",fp0"-fp13",mq",lr",xer",fsr",ca",ctr"
  308| 000B00 ori      60000000   1
  309| 000B04 lwz      801B0068   1     L4Z       gr0=<s88:d104:l4>(gr27,104)
  309| 000B08 andi.    70000001   1     RN4_R     gr0,cr0=gr0,0,0x1
  309| 000B0C bc       4182FA84   1     BT        CL.26,cr0,0x4/eq,taken=60%(60,40)
  310| 000B10 addi     38B50440   1     AI        gr5=gr21,1088
  310| 000B14 addi     3860001F   1     LI        gr3=31
  310| 000B18 addi     38800001   1     LI        gr4=1
  310| 000B1C addi     38C00000   1     LI        gr6=0
  310| 000B20 addi     38E00000   1     LI        gr7=0
  310| 000B24 bl       48000001   1     CALL      gr3=_xlfIOCmd,5,gr3,gr4,#34",gr5,gr6,@PALI_SHADOW_CONST.rns0.,gr7,_xlfIOCmd",fcr",#MX_TEMP1",gr1,cr[01567]",gr0",gr4"-gr12",fp0"-fp13",mq",lr",xer",fsr",ca",ctr"
  310| 000B28 ori      60000000   1
    0| 000B2C b        4BFFFA64   1     B         CL.26,-1
  324|                              CL.35:
     |               Tag Table
     | 000B30        00000000 00012201 81120000 00000B30
     |               Instruction count          716
     |               Straight-line exec time    739
     |               Constant Area
     | 000000        7A657573 6D702E66 39300000 00000000 80010000 00000000
     | 000018        0000001B 00000000 00000001 00000000 00000006 00000000
     | 000030        00000000 00000000 80020000 00000000 80070000 00000000
     | 000048        802F0011 00000000 00000016 00000000 00000006 20536574
     | 000060        2D757020 636F6D70 6C657465 20776974 68200005 00000000
     | 000078        00140001 00000000 00000002 00000000 802F0011 00000000
     | 000090        0000000C 00000000 00000005 20776172 6E696E67 2873293A
     | 0000A8        80000000 0040002E 802F0011 00000000 00000016 00000000
     | 0000C0        00000006 20656E74 6572696E 67206D61 696E206C 6F6F702E
     | 0000D8        2E2E0000 00000000 80050000 7A657573 6D702E66 39300000
     | 0000F0        00008001 00000000 00000000 00150000 00000000 00010000
     | 000108        00000000 00060000 00000000 00000000 00008002 00000000
     | 000120        0000802F 00110000 00000000 00100000 00000000 00056E68
     | 000138        792C2074 696D652C 20647420 3D200000 00000014 00010000
     | 000150        00000000 00060000 0000800B 00010000 00000000 00010000
     | 000168        00008004 00010000 00000000 00020000 0000001C 00110000
     | 000180        00000000 000C0000 00000000 00040000 00008005 00000000
     | 000198        00008001 00000000 00000000 00160000 00000000 00010000
     | 0001B0        00000000 00060000 00000000 00000000 00008002 00000000
     | 0001C8        00008007 00000000 0000802F 00110000 00000000 001B0000
     | 0001E0        00000000 00072045 78656375 74696F6E 20746572 6D696E61
     | 0001F8        74656420 77697468 2000800B 00010000 00000014 00010000
     | 000210        00000000 00040000 0000802F 00110000 00000000 000B0000
     | 000228        00000000 00052077 61726E69 6E672873 29008005 00000000
     | 000240        00008005 00000000 00008001 00000000 00000000 000E0000
     | 000258        00000000 00010000 00000000 00060000 00000000 00000000
     | 000270        00008002 00000000 00008007 00000000 0000802F 00110000
     | 000288        00000000 00150000 00000000 00062050 6572666F 726D616E
     | 0002A0        63652073 756D6D61 72793A20 77690000 00008005 00000000
     | 0002B8        00008001 00000000 00000000 00130000 00000000 00010000
     | 0002D0        00000000 00060000 00000000 00000000 00008002 00000000
     | 0002E8        0000802F 00110000 00000000 001E0000 00000000 00072020
     | 000300        7A6F6E65 2D637963 6C657320 70657220 63707520 7365636F
     | 000318        6E64203D 77690000 0000800B 00010000 00000000 00010000
     | 000330        0000001F 00110000 00000000 000C0000 00000000 00050000
     | 000348        00008005 00000000 00008001 00000000 00000000 00170000
     | 000360        00000000 00010000 00000000 00060000 00000000 00000000
     | 000378        00008002 00000000 0000802F 00110000 00000000 001E0000
     | 000390        00000000 00072020 4D617374 65722043 50552020 20202020
     | 0003A8        20202020 20202020 2020203D 77690000 0000800B 00010000
     | 0003C0        00000000 00010000 0000001F 00110000 00000000 000C0000
     | 0003D8        00000000 00050000 0000802F 00110000 00000000 00040000
     | 0003F0        00000000 00042073 65630000 00000000 00008005 00000000
     | 000408        00008001 00000000 00000000 00170000 00000000 00010000
     | 000420        00000000 00060000 00000000 00000000 00008002 00000000
     | 000438        0000802F 00110000 00000000 001E0000 00000000 00072020
     | 000450        41766572 61676520 4350552F 6E6F6465 20202020 20202020
     | 000468        2020203D 77690000 0000800B 00010000 00000000 00010000
     | 000480        0000001F 00110000 00000000 000C0000 00000000 00050000
     | 000498        0000802F 00110000 00000000 00040000 00000000 00042073
     | 0004B0        65630000 00000000 00008005 00000000 00008001 00000000
     | 0004C8        00000000 00170000 00000000 00010000 00000000 00060000
     | 0004E0        00000000 00000000 00008002 00000000 0000802F 00110000
     | 0004F8        00000000 001E0000 00000000 00072020 57616C6C 20436C6F
     | 000510        636B2020 20202020 20202020 20202020 2020203D 77690000
     | 000528        0000800B 00010000 00000000 00010000 0000001F 00110000
     | 000540        00000000 000C0000 00000000 00050000 0000802F 00110000
     | 000558        00000000 00040000 00000000 00042073 65630000 00000000
     | 000570        00008005 00000000 00008001 00000000 00000000 00070000
     | 000588        00000000 00010000 00000000 00060000 00000000 00000000
     | 0005A0        00008002 00000000 00008005 00000000 00008001 00000000
     | 0005B8        00000000 000E0000 00000000 00010000 00000000 00060000
     | 0005D0        00000000 00000000 00008002 00000000 00008007 00000000
     | 0005E8        0000802F 00110000 00000000 00110000 00000000 00062047
     | 000600        52415649 54592053 554D4D41 52593A20 2020203D 77690000
     | 000618        00008005 00000000 00008001 00000000 00000000 00160000
     | 000630        00000000 00010000 00000000 00060000 00000000 00000000
     | 000648        00008002 00000000 0000802F 00110000 00000000 00290000
     | 000660        00000000 00092020 50657263 656E7461 6765206F 66206379
     | 000678        636C6573 20776974 68205068 69207570 64617465 733A2000
     | 000690        00008006 00110000 00000014 00010000 00000000 00030000
     | 0006A8        0000802F 00110000 00000000 00010000 00000000 00042500
     | 0006C0        00000000 00040000 00008005 00000000 00008001 00000000
     | 0006D8        00000000 00150000 00000000 00010000 00000000 00060000
     | 0006F0        00000000 00000000 00008002 00000000 0000802F 00110000
     | 000708        00000000 00290000 00000000 00092020 41766572 61676520
     | 000720        6E756D62 6572206F 66206974 65726174 696F6E73 2F757064
     | 000738        61746520 203A2000 00008006 00110000 0000800B 00010000
     | 000750        00000000 00010000 0000001C 00110000 00000000 000C0000
     | 000768        00000000 00040000 00008005 00000000 00008001 00000000
     | 000780        00000000 000E0000 00000000 00010000 00000000 00060000
     | 000798        00000000 00000000 00008002 00000000 00008007 00000000
     | 0007B0        0000802F 00110000 00000000 00130000 00000000 00062052
     | 0007C8        41444941 54494F4E 2053554D 4D415259 3A6F6E73 2F750000
     | 0007E0        00008005 00000000 00008001 00000000 00000000 00150000
     | 0007F8        00000000 00010000 00000000 00060000 00000000 00000000
     | 000810        00008002 00000000 0000802F 00110000 00000000 002A0000
     | 000828        00000000 00092020 41766572 61676520 6E756D62 6572206F
     | 000840        66204E2D 52206974 65726174 696F6E73 2F637963 6C653A20
     | 000858        00008006 00110000 0000800B 00010000 00000000 00010000
     | 000870        0000001C 00110000 00000000 000C0000 00000000 00040000
     | 000888        00008005 00000000 00008001 00000000 00000000 00150000
     | 0008A0        00000000 00010000 00000000 00060000 00000000 00000000
     | 0008B8        00008002 00000000 0000802F 00110000 00000000 002A0000
     | 0008D0        00000000 00092020 41766572 61676520 6E756D62 6572206F
     | 0008E8        66204347 20206974 65726174 696F6E73 2F637963 6C653A20
     | 000900        00008006 00110000 0000800B 00010000 00000000 00010000
     | 000918        0000001C 00110000 00000000 000C0000 00000000 00040000
     | 000930        00008005 00004942 00000001 00000001 2B617F7D 4ED8C33E
     | 000948        42C80000

 
 
>>>>> FILE TABLE SECTION <<<<<
 
 
                                       FILE CREATION        FROM
FILE NO   FILENAME                    DATE       TIME       FILE    LINE
     0    zeusmp.f90                  07/08/15   15:48:44
 
 
>>>>> COMPILATION EPILOGUE SECTION <<<<<
 
 
FORTRAN Summary of Diagnosed Conditions
 
TOTAL   UNRECOVERABLE  SEVERE       ERROR     WARNING    INFORMATIONAL
               (U)       (S)         (E)        (W)          (I)
    5           0         0           5          0            0
 
 
    Source records read.......................................     324
1501-510  Compilation successful for file zeusmp.f90.
1501-543  Object file created.
